1 1849
2 1578
3 1742
4 2045
5 2017
6 2158
7 1913
8 1735
9 1817
10 2075
11 2032
12 2099
13 1805
14 1935
15 1881
16 1835
17 2021
18 1823
19 1803
20 1826
21 1708
22 1971
23 1884
24 1933
25 1987
26 1816
27 1530
28 1702
29 1795
30 1833
31 1876
32 1754
33 1929
34 1536
35 1910
36 1882
37 1801
38 1854
39 1676
40 1704
41 1746
42 1960
43 1877
44 1786
45 1750
46 1535
47 2106
48 1941
49 1574
50 1827
51 1486
52 1739
53 1941
54 1881
55 1779
56 1694
57 1909
58 1754
59 1521
60 1825
61 1485
62 2036
63 1824
64 1625
65 1635
66 2125
67 1819
68 1810
69 1736
70 1771
71 1844
72 1539
73 1728
74 1733
75 1876
76 1916
77 1846
78 1974
79 1837
80 1937
81 1927
82 2069
83 1672
84 1936
85 1646
86 2121
87 1686
88 1367
89 1712
90 1772
91 1806
92 1796
93 1990
94 1930
95 1871
96 1757
97 1814
98 1936
99 2024
100 1895
101 2010
102 1964
103 1913
104 1717
105 1701
106 1712
107 1987
108 1648
109 2058
110 2133
111 1800
112 2157
113 1919
114 2067
115 1806
116 2015
117 1860
118 1582
119 1714
120 1857
121 1975
122 1646
123 1702
124 1837
125 1840
126 1644
127 1688
128 1823
129 1676
130 1742
131 1815
132 1700
133 1669
134 1833
135 2021
136 1824
137 1900
138 1732
139 1902
140 1835
141 1976
142 1801
143 1605
144 1871
145 1953
146 1881
147 1734
148 1816
149 1792
150 1423
151 1848
152 1790
153 1780
154 1911
155 1763
156 1876
157 1822
158 1664
159 1655
160 1550
161 1845
162 2026
163 1774
164 1895
165 1737
166 1933
167 1784
168 1769
169 1858
170 1676
171 1825
172 1955
173 1908
174 2086
175 1722
176 2164
177 1637
178 1945
179 1877
180 1772
181 2011
182 1884
183 1765
184 2025
185 1925
186 1727
187 2014
188 1838
189 1990
190 1748
191 1974
192 1856
193 1892
194 1949
195 1845
196 1973
197 1978
198 1977
199 1698
200 2076
201 1833
202 1737
203 1627
204 1927
205 1798
206 1957
207 1942
208 1796
209 1814
210 1793
211 1895
212 1937
213 1689
214 1825
215 1925
216 1968
217 2112
218 1726
219 1694
220 1992
221 1791
222 1776
223 2061
224 1811
225 1687
226 1785
227 1832
228 2089
229 1851
230 1635
231 2115
232 1739
233 1921
234 2087
235 1928
236 1749
237 1901
238 1796
239 2080
240 1854
241 1711
242 1721
243 1981
244 1885
245 2047
246 1770
247 2043
248 1867
249 1693
250 1983
251 1894
252 1821
253 1807
254 1743
255 1657
256 1739
257 1837
258 1892
259 2152
260 1977
261 1610
262 2040
263 1954
264 1889
265 1569
266 1678
267 1894
268 1854
269 1674
270 1741
271 1664
272 1647
273 2004
274 1686
275 1904
276 1765
277 1990
278 1838
279 2032
280 1918
281 1983
282 1889
283 1899
284 1903
285 1624
286 1866
287 2110
288 1971
289 1960
290 2167
291 2112
292 1717
293 1880
294 1908
295 1827
296 1633
297 1933
298 1821
299 1983
300 2050
301 1775
302 2077
303 1867
304 1750
305 1729
306 2101
307 1684
308 2147
309 1991
310 1769
311 1743
312 2028
313 1645
314 1636
315 2010
316 1618
317 2069
318 2012
319 1841
320 1821
321 1841
322 1788
323 1916
324 1919
325 1785
326 1505
327 1641
328 1819
329 1959
330 1804
331 1764
332 1783
333 1965
334 1983
335 1719
336 1942
337 1690
338 1914
339 1896
340 1887
341 1822
342 1911
343 1971
344 1662
345 1992
346 1687
347 1811
348 1945
349 1590
350 2007
351 1666
352 1702
353 1820
354 2038
355 2078
356 2154
357 1880
358 1606
359 1427
360 1851
361 1897
362 1674
363 1794
364 1997
365 1756
366 1632
367 1729
368 1653
369 1952
370 1869
371 1694
372 1817
373 1972
374 1944
375 1982
376 2058
377 2032
378 1798
379 2007
380 1603
381 1755
382 2046
383 1849
384 1917
385 1671
386 1767
387 1974
388 1767
389 1812
390 2103
391 1928
392 1500
393 1833
394 1985
395 1866
396 1878
397 1560
398 1901
399 1778
400 1954
401 1821
402 1805
403 1980
404 2086
405 1982
406 1768
407 1890
408 1940
409 1743
410 1591
411 1756
412 1838
413 1858
414 1797
415 2045
416 1943
417 1623
418 1573
419 1809
420 1873
421 1785
422 1783
423 1828
424 1880
425 1994
426 1803
427 1987
428 1833
429 1603
430 1841
431 2080
432 1908
433 1871
434 1651
435 1949
436 2002
437 1466
438 1493
439 1622
440 1813
441 1497
442 1594
443 2008
444 1891
445 1840
446 1907
447 1749
448 1832
449 2049
450 1517
451 2096
452 1933
453 1889
454 1886
455 1855
456 1738
457 1744
458 1707
459 1881
460 1914
461 1874
462 1650
463 1861
464 1828
465 1814
466 1837
467 1907
468 1942
469 1984
470 1957
471 1866
472 1799
473 1749
474 1980
475 1811
476 1698
477 1974
478 1767
479 1764
480 1501
481 1708
482 1714
483 1681
484 1751
485 1952
486 1970
487 1692
488 2163
489 2033
490 1776
491 1479
492 1892
493 1746
494 1649
495 1888
496 1920
497 1763
498 1689
499 1852
500 1750
501 1809
502 1663
503 1441
504 2021
505 1828
506 2095
507 1897
508 1684
509 1865
510 2180
511 2000
512 1740
513 1828
514 2032
515 1914
516 2064
517 1628
518 1879
519 1791
520 1973
521 2094
522 2033
523 1860
524 1649
525 1613
526 1909
527 1763
528 1821
529 1839
530 2012
531 1872
532 1980
533 1929
534 1386
535 1716
536 1882
537 1822
538 1854
539 1845
540 1941
541 1876
542 1801
543 1967
544 2085
545 1785
546 1801
547 1832
548 1727
549 1814
550 1810
551 1631
552 1755
553 1701
554 1727
555 1824
556 1842
557 1791
558 1907
559 1857
560 1715
561 1693
562 1705
563 1542
564 1719
565 1723
566 1727
567 2003
568 1959
569 1621
570 1890
571 1850
572 1826
573 1837
574 1984
575 1470
576 1908
577 1836
578 2134
579 2007
580 1826
581 1773
582 1864
583 1840
584 1865
585 1715
586 1902
587 1648
588 1670
589 1434
590 1578
591 1901
592 1703
593 1948
594 2110
595 1814
596 1752
597 1659
598 1679
599 1534
600 1982
601 2022
602 1865
603 1938
604 1561
605 1602
606 2093
607 1739
608 1931
609 1725
610 1712
611 1857
612 1944
613 2003
614 1930
615 1671
616 1954
617 1656
618 1586
619 1784
620 1677
621 1794
622 1793
623 1672
624 1476
625 1537
626 1719
627 1830
628 1614
629 1858
630 1681
631 1861
632 1848
633 1655
634 1937
635 1991
636 1727
637 1932
638 1988
639 1910
640 1959
641 1883
642 1745
643 1972
644 1423
645 1726
646 1749
647 2081
648 1900
649 1923
650 1715
651 1710
652 1486
653 1733
654 2057
655 2005
656 1881
657 1924
658 1946
659 1965
660 1784
661 1756
662 2079
663 1920
664 2072
665 1858
666 2007
667 1951
668 1999
669 1838
670 1637
671 1662
672 1804
673 1948
674 1694
675 1823
676 1663
677 1639
678 1873
679 1936
680 1829
681 1454
682 1800
683 1734
684 1970
685 1903
686 1882
687 1996
688 1956
689 1867
690 1840
691 1741
692 2048
693 1782
694 1750
695 1926
696 1902
697 1945
698 1791
699 1775
700 2040
701 1574
702 1865
703 1927
704 1784
705 1766
706 1834
707 1794
708 1965
709 1831
710 1835
711 1779
712 2045
713 1871
714 1899
715 1921
716 2095
717 1868
718 1762
719 1902
720 1908
721 1931
722 1936
723 2087
724 1846
725 2113
726 1840
727 2091
728 2017
729 2033
730 1720
731 1926
732 1875
733 1874
734 1763
735 1861
736 1634
737 1723
738 1491
739 1640
740 1811
741 1831
742 1957
743 1688
744 1824
745 2022
746 1965
747 2012
748 1879
749 1904
750 1824
751 1778
752 1692
753 1608
754 1915
755 1924
756 1454
757 1808
758 2003
759 1691
760 2118
761 1545
762 1649
763 1747
764 1963
765 1536
766 2045
767 1834
768 1872
769 1830
770 1875
771 1792
772 2051
773 1564
774 2204
775 1535
776 1861
777 1827
778 1821
779 1846
780 1901
781 1951
782 1965
783 1807
784 1848
785 1932
786 1732
787 1676
788 1716
789 2145
790 1644
791 2054
792 2177
793 1882
794 1877
795 1637
796 1890
797 1891
798 1766
799 1560
800 1695
801 1828
802 1788
803 1811
804 1859
805 1890
806 1969
807 1806
808 1772
809 1953
810 1931
811 2105
812 1781
813 1897
814 1833
815 1927
816 1914
817 1828
818 1790
819 1934
820 2125
821 1954
822 1779
823 1958
824 1967
825 1686
826 1577
827 1922
828 1915
829 1883
830 1773
831 1685
832 1888
833 1689
834 1837
835 1834
836 1637
837 1908
838 2003
839 1840
840 2066
841 1665
842 2049
843 1652
844 1896
845 1689
846 1793
847 1772
848 1699
849 1666
850 1576
851 1945
852 1805
853 1825
854 1909
855 1822
856 1755
857 1749
858 2014
859 1850
860 1665
861 1966
862 1982
863 1819
864 1835
865 1931
866 1823
867 1895
868 2074
869 1742
870 1806
871 1884
872 1953
873 1757
874 1776
875 1855
876 1746
877 1909
878 1892
879 1963
880 1793
881 1915
882 1820
883 1818
884 1905
885 1830
886 1735
887 1539
888 1742
889 1854
890 1838
891 1778
892 1916
893 1216
894 1771
895 1524
896 2029
897 1967
898 1879
899 1957
900 1712
901 1727
902 1971
903 1639
904 2273
905 1874
906 2000
907 1757
908 1685
909 1855
910 1992
911 1845
912 1829
913 1858
914 1744
915 1870
916 2054
917 1764
918 2209
919 1993
920 1873
921 1794
922 1851
923 1793
924 1845
925 1962
926 1618
927 1479
928 1807
929 1983
930 1920
931 2132
932 1713
933 1850
934 1781
935 1420
936 1699
937 1885
938 2094
939 1891
940 1987
941 1957
942 1852
943 1770
944 1634
945 2030
946 1490
947 1916
948 2018
949 2169
950 1860
951 1684
952 1578
953 1551
954 1733
955 1889
956 1816
957 1967
958 1830
959 1723
960 1676
961 1728
962 1763
963 1777
964 1775
965 2081
966 1754
967 1959
968 1731
969 1908
970 1811
971 1859
972 1692
973 1952
974 1908
975 1716
976 1941
977 1817
978 1777
979 1958
980 1959
981 1652
982 1949
983 2195
984 2033
985 1678
986 1983
987 1755
988 1749
989 1733
990 1776
991 1823
992 1932
993 2100
994 1632
995 1885
996 1589
997 1833
998 1376
999 1844
1000 1810
1001 1733
1002 1453
1003 1853
1004 1689
1005 2000
1006 2014
1007 1901
1008 1577
1009 2093
1010 1736
1011 1809
1012 1953
1013 1767
1014 1912
1015 1864
1016 1876
1017 1879
1018 1926
1019 1997
1020 1703
1021 1918
1022 1878
1023 1504
1024 1768
1025 1817
1026 1779
1027 1831
1028 1763
1029 1612
1030 1775
1031 1705
1032 1849
1033 1707
1034 1905
1035 1861
1036 1616
1037 1907
1038 1734
1039 1773
1040 1894
1041 1948
1042 1994
1043 1860
1044 1965
1045 1837
1046 1580
1047 1983
1048 1797
1049 2041
1050 1766
1051 1811
1052 1734
1053 1985
1054 1605
1055 1873
1056 1881
1057 2058
1058 1365
1059 1587
1060 1653
1061 1744
1062 1915
1063 1793
1064 1868
1065 1783
1066 1752
1067 1682
1068 1933
1069 1842
1070 2086
1071 1751
1072 1774
1073 1928
1074 2029
1075 1856
1076 2023
1077 2091
1078 1778
1079 1956
1080 1777
1081 1889
1082 2033
1083 1601
1084 1747
1085 1790
1086 1817
1087 1775
1088 1666
1089 1991
1090 1666
1091 1742
1092 2005
1093 1884
1094 2148
1095 1850
1096 1838
1097 1946
1098 1780
1099 1774
1100 1842
1101 1545
1102 1816
1103 1735
1104 1970
1105 1558
1106 1661
1107 1653
1108 1955
1109 1928
1110 1794
1111 1937
1112 2015
1113 1837
1114 1897
1115 1904
1116 1501
1117 1933
1118 1880
1119 1712
1120 1950
1121 1930
1122 2046
1123 1319
1124 1700
1125 1645
1126 1675
1127 1708
1128 1794
1129 1705
1130 1986
1131 1514
1132 1766
1133 1995
1134 2039
1135 1943
1136 2030
1137 1342
1138 1634
1139 1879
1140 1657
1141 1801
1142 1865
1143 1820
1144 1991
1145 1850
1146 1842
1147 1892
1148 1769
1149 1949
1150 2000
1151 1938
1152 1871
1153 1739
1154 1818
1155 1986
1156 2053
1157 1849
1158 1922
1159 2020
1160 1856
1161 1915
1162 1801
1163 1717
1164 1963
1165 1878
1166 2088
1167 1801
1168 2093
1169 1926
1170 1852
1171 2028
1172 1799
1173 2003
1174 2031
1175 1632
1176 1766
1177 1709
1178 2005
1179 2143
1180 1749
1181 1697
1182 1662
1183 1816
1184 1822
1185 1725
1186 1826
1187 1917
1188 1967
1189 1367
1190 1737
1191 1806
1192 1755
1193 2109
1194 1857
1195 1762
1196 1896
1197 1860
1198 2071
1199 1777
1200 1748
1201 1947
1202 1831
1203 1684
1204 2013
1205 1881
1206 1767
1207 2022
1208 1496
1209 1771
1210 1834
1211 1608
1212 1702
1213 1582
1214 1582
1215 1740
1216 1995
1217 1654
1218 1875
1219 1872
1220 1787
1221 1822
1222 1870
1223 1895
1224 1731
1225 2053
1226 1757
1227 1915
1228 1886
1229 1650
1230 1775
1231 1910
1232 1758
1233 1654
1234 1658
1235 1972
1236 1728
1237 2026
1238 1768
1239 1851
1240 1825
1241 1635
1242 1525
1243 2011
1244 1713
1245 1800
1246 1576
1247 1569
1248 1947
1249 2127
1250 2009
1251 1602
1252 1773
1253 1860
1254 1975
1255 1521
1256 1870
1257 1928
1258 1939
1259 1864
1260 1573
1261 1883
1262 1783
1263 1911
1264 1741
1265 1901
1266 1894
1267 1861
1268 1913
1269 1851
1270 1906
1271 2000
1272 1757
1273 1878
1274 1933
1275 1756
1276 1772
1277 1983
1278 1911
1279 2075
1280 1902
1281 1648
1282 1867
1283 2016
1284 1714
1285 1702
1286 1645
1287 1928
1288 1716
1289 1754
1290 1864
1291 1945
1292 1977
1293 1992
1294 1574
1295 1832
1296 1868
1297 1825
1298 1953
1299 1937
1300 1674
1301 1951
1302 1738
1303 1838
1304 1887
1305 1790
1306 1769
1307 1831
1308 1925
1309 1830
1310 2099
1311 1875
1312 1956
1313 1559
1314 2033
1315 1865
1316 1836
1317 1860
1318 1995
1319 2242
1320 1572
1321 1328
1322 1725
1323 1884
1324 1544
1325 1903
1326 1683
1327 1724
1328 1909
1329 1969
1330 1722
1331 1946
1332 1892
1333 1855
1334 1540
1335 1439
1336 1756
1337 1892
1338 1882
1339 1951
1340 1872
1341 1803
1342 1758
1343 1869
1344 1560
1345 1871
1346 2001
1347 1740
1348 1988
1349 2109
1350 2023
1351 1953
1352 1992
1353 1729
1354 1765
1355 1627
1356 1679
1357 1733
1358 1763
1359 2117
1360 1784
1361 1985
1362 1624
1363 1979
1364 1905
1365 2091
1366 1873
1367 1615
1368 1734
1369 1746
1370 1957
1371 1474
1372 1728
1373 1861
1374 1832
1375 1999
1376 1674
1377 1588
1378 1925
1379 1971
1380 1839
1381 1528
1382 1968
1383 1743
1384 1829
1385 1839
1386 1939
1387 1880
1388 2009
1389 1724
1390 1894
1391 1942
1392 2036
1393 1821
1394 1729
1395 1751
1396 2156
1397 1637
1398 1868
1399 2060
1400 2144
1401 1612
1402 1968
1403 2024
1404 1658
1405 1685
1406 1799
1407 1895
1408 1722
1409 1916
1410 1968
1411 1756
1412 1651
1413 1700
1414 1949
1415 1867
1416 1876
1417 2139
1418 1701
1419 1799
1420 2068
1421 1754
1422 1932
1423 1969
1424 1898
1425 1979
1426 1637
1427 1668
1428 1915
1429 1879
1430 1768
1431 1637
1432 1801
1433 2096
1434 1788
1435 1844
1436 1851
1437 1830
1438 2013
1439 1466
1440 1659
1441 1518
1442 2064
1443 1732
1444 1833
1445 1742
1446 1744
1447 1912
1448 1791
1449 1900
1450 1825
1451 1831
1452 1830
1453 1828
1454 2056
1455 1774
1456 1757
1457 1580
1458 1857
1459 2236
1460 1897
1461 1942
1462 1923
1463 1598
1464 1788
1465 1837
1466 1986
1467 1630
1468 1984
1469 1955
1470 1748
1471 1899
1472 1826
1473 1920
1474 1700
1475 1686
1476 1868
1477 1994
1478 1899
1479 1758
1480 1991
1481 1759
1482 1830
1483 1528
1484 1954
1485 1879
1486 1689
1487 1919
1488 2093
1489 1890
1490 1586
1491 1724
1492 1970
1493 1852
1494 1814
1495 2045
1496 2016
1497 1905
1498 2070
1499 1751
1500 1811
1501 2153
1502 1657
1503 1870
1504 1709
1505 1777
1506 1783
1507 1931
1508 1848
1509 1807
1510 1782
1511 1793
1512 1865
1513 1946
1514 1774
1515 1990
1516 1469
1517 1854
1518 2109
1519 1871
1520 1896
1521 1996
1522 1801
1523 1858
1524 1662
1525 1724
1526 1816
1527 1853
1528 1728
1529 1770
1530 1486
1531 1837
1532 1608
1533 2033
1534 1711
1535 1692
1536 1828
1537 1978
1538 1700
1539 1915
1540 1720
1541 1635
1542 1657
1543 1588
1544 1884
1545 1923
1546 1792
1547 1875
1548 1532
1549 1753
1550 1895
1551 2139
1552 1981
1553 1871
1554 1764
1555 2024
1556 1580
1557 1754
1558 1962
1559 2111
1560 1782
1561 1639
1562 1824
1563 2009
1564 1820
1565 1848
1566 1727
1567 1824
1568 1795
1569 1656
1570 1607
1571 2145
1572 1682
1573 1838
1574 1959
1575 1846
1576 1860
1577 1767
1578 1990
1579 2052
1580 1960
1581 2047
1582 1755
1583 1702
1584 1886
1585 1869
1586 1569
1587 1656
1588 1751
1589 1911
1590 1822
1591 1713
1592 1937
1593 1563
1594 1756
1595 1834
1596 1697
1597 2031
1598 1955
1599 1704
1600 1959
1601 1858
1602 1873
1603 1570
1604 1777
1605 1863
1606 2018
1607 1801
1608 1735
1609 1602
1610 1769
1611 1824
1612 1972
1613 1608
1614 1741
1615 1789
1616 1611
1617 1829
1618 1676
1619 1804
1620 1974
1621 1657
1622 1885
1623 1746
1624 1832
1625 1664
1626 1694
1627 1884
1628 2117
1629 2077
1630 2062
1631 1657
1632 1936
1633 1446
1634 1619
1635 1991
1636 1980
1637 1766
1638 1986
1639 1878
1640 1818
1641 1650
1642 1778
1643 1747
1644 1953
1645 2124
1646 1663
1647 1883
1648 1760
1649 1971
1650 1902
1651 2012
1652 1833
1653 1706
1654 1607
1655 1548
1656 1854
1657 1802
1658 1685
1659 1441
1660 1905
1661 1958
1662 1788
1663 1866
1664 1858
1665 1420
1666 1809
1667 1693
1668 1811
1669 1886
1670 1639
1671 1945
1672 2235
1673 2017
1674 1976
1675 1774
1676 2078
1677 2077
1678 1711
1679 1680
1680 1968
1681 1505
1682 1795
1683 1947
1684 1517
1685 1909
1686 2149
1687 1761
1688 1853
1689 1810
1690 2031
1691 1828
1692 1760
1693 1778
1694 1702
1695 1373
1696 1854
1697 2086
1698 1851
1699 1503
1700 1908
1701 1825
1702 1991
1703 1669
1704 1970
1705 1963
1706 1681
1707 1966
1708 1925
1709 1912
1710 2040
1711 1899
1712 1742
1713 1827
1714 1970
1715 1943
1716 1928
1717 2084
1718 1966
1719 1840
1720 1819
1721 2064
1722 1747
1723 1902
1724 1826
1725 1830
1726 1828
1727 1639
1728 2083
1729 2097
1730 1999
1731 1817
1732 1716
1733 1769
1734 1727
1735 1985
1736 1959
1737 2081
1738 1728
1739 1753
1740 1754
1741 2101
1742 1847
1743 1602
1744 1754
1745 1942
1746 1978
1747 1598
1748 1918
1749 2128
1750 1931
1751 2017
1752 1631
1753 2040
1754 1912
1755 1820
1756 1979
1757 2016
1758 1900
1759 1953
1760 1912
1761 2026
1762 1441
1763 1828
1764 1620
1765 1968
1766 1781
1767 1972
1768 1702
1769 1713
1770 1961
1771 2037
1772 1922
1773 1849
1774 1570
1775 1974
1776 1538
1777 1918
1778 1623
1779 1759
1780 1877
1781 1689
1782 1909
1783 1351
1784 2036
1785 1784
1786 1857
1787 2119
1788 1892
1789 2004
1790 1649
1791 1821
1792 1735
1793 1859
1794 1787
1795 1889
1796 1904
1797 1752
1798 1693
1799 2024
1800 1865
1801 1753
1802 1797
1803 1881
1804 1793
1805 2021
1806 1970
1807 1956
1808 1607
1809 1855
1810 1790
1811 1749
1812 1842
1813 1882
1814 1812
1815 1557
1816 1692
1817 1604
1818 1791
1819 1762
1820 2073
1821 1709
1822 1941
1823 1861
1824 2048
1825 1597
1826 1697
1827 1662
1828 1891
1829 1607
1830 1797
1831 1783
1832 1813
1833 1854
1834 1765
1835 1910
1836 1875
1837 1569
1838 1619
1839 1410
1840 1704
1841 1821
1842 1911
1843 1968
1844 1877
1845 1843
1846 2070
1847 1936
1848 2156
1849 2027
1850 1949
1851 1738
1852 1700
1853 1621
1854 1781
1855 1733
1856 1767
1857 2172
1858 2083
1859 1757
1860 1779
1861 1602
1862 1821
1863 2009
1864 1598
1865 1847
1866 1775
1867 2016
1868 1907
1869 1946
1870 1574
1871 1773
1872 1767
1873 1981
1874 1750
1875 1834
1876 2095
1877 1698
1878 1977
1879 1612
1880 1778
1881 1727
1882 1729
1883 1689
1884 1684
1885 1786
1886 1734
1887 2009
1888 1998
1889 1889
1890 1863
1891 1908
1892 1945
1893 1750
1894 1957
1895 2171
1896 1827
1897 1864
1898 1736
1899 1920
1900 1637
1901 1969
1902 1863
1903 2215
1904 2048
1905 1931
1906 1777
1907 1743
1908 1940
1909 1745
1910 1756
1911 2000
1912 1713
1913 1891
1914 1766
1915 1682
1916 1957
1917 1939
1918 1843
1919 1790
1920 2020
1921 1950
1922 1936
1923 1957
1924 1742
1925 1843
1926 1951
1927 1800
1928 1903
1929 1957
1930 1995
1931 1908
1932 2085
1933 2068
1934 1882
1935 2044
1936 1694
1937 1943
1938 1767
1939 1961
1940 2014
1941 1767
1942 1825
1943 1397
1944 1558
1945 1987
1946 1524
1947 1715
1948 1831
1949 1803
1950 1956
1951 2140
1952 2196
1953 1933
1954 1880
1955 2026
1956 1715
1957 1899
1958 1974
1959 2114
1960 1578
1961 1419
1962 1951
1963 1769
1964 1617
1965 1623
1966 1893
1967 1820
1968 1820
1969 1883
1970 1715
1971 1944
1972 1845
1973 2028
1974 1875
1975 1880
1976 1831
1977 1666
1978 1607
1979 1862
1980 2099
1981 1650
1982 1882
1983 1666
1984 2065
1985 1824
1986 1290
1987 1774
1988 1906
1989 1621
1990 2105
1991 1957
1992 1920
1993 1841
1994 1684
1995 1790
1996 1471
1997 1899
1998 1712
1999 1883
2000 1230
2001 1850
2002 1949
2003 1948
2004 1970
2005 1959
2006 2017
2007 1664
2008 1639
2009 1940
2010 1865
2011 1733
2012 1857
2013 2001
2014 1905
2015 1943
2016 1976
2017 1986
2018 2075
2019 1665
2020 1809
2021 1742
2022 1905
2023 2059
2024 1789
2025 1615
2026 1613
2027 1755
2028 1853
2029 2003
2030 1981
2031 1735
2032 1923
2033 1943
2034 1866
2035 1672
2036 1723
2037 1996
2038 2036
2039 1908
2040 1994
2041 1981
2042 1661
2043 1617
2044 1716
2045 1925
2046 2205
2047 1590
2048 1774
2049 1632
2050 1984
2051 1746
2052 1960
2053 1720
2054 1716
2055 1669
2056 1893
2057 2049
2058 1999
2059 1609
2060 1800
2061 1820
2062 1993
2063 1664
2064 1947
2065 1770
2066 1637
2067 1732
2068 1795
2069 1721
2070 1900
2071 1691
2072 1904
2073 1518
2074 1874
2075 1916
2076 1684
2077 1689
2078 1899
2079 1706
2080 1870
2081 1842
2082 1943
2083 1883
2084 2019
2085 1792
2086 2036
2087 2070
2088 1952
2089 1986
2090 1923
2091 1968
2092 1842
2093 1881
2094 1722
2095 1790
2096 2004
2097 1811
2098 1900
2099 1825
2100 1751
2101 2136
2102 1849
2103 1985
2104 1710
2105 1679
2106 1664
2107 1716
2108 2091
2109 1814
2110 1709
2111 1703
2112 2142
2113 2115
2114 1782
2115 2087
2116 1687
2117 2026
2118 1555
2119 1821
2120 1664
2121 1850
2122 1956
2123 1881
2124 1733
2125 1900
2126 1629
2127 1675
2128 1579
2129 1750
2130 1784
2131 1899
2132 1911
2133 1652
2134 1848
2135 1850
2136 1539
2137 1991
2138 1880
2139 1875
2140 2010
2141 1895
2142 2098
2143 1658
2144 1815
2145 2006
2146 1613
2147 1870
2148 1910
2149 1632
2150 1844
2151 1590
2152 1713
2153 1781
2154 1704
2155 2005
2156 1715
2157 1750
2158 1881
2159 1935
2160 1881
2161 1818
2162 1714
2163 1983
2164 1798
2165 1981
2166 1696
2167 1625
2168 1753
2169 1976
2170 1940
2171 1335
2172 1679
2173 1681
2174 1801
2175 1792
2176 1885
2177 1751
2178 1650
2179 1899
2180 2144
2181 1825
2182 2058
2183 1772
2184 1744
2185 1665
2186 1791
2187 1597
2188 2111
2189 1832
2190 1748
2191 2003
2192 2042
2193 1577
2194 1890
2195 1688
2196 1682
2197 1776
2198 1422
2199 1741
2200 1880
2201 1844
2202 1654
2203 1836
2204 1996
2205 1734
2206 2068
2207 1888
2208 1844
2209 1776
2210 1979
2211 1772
2212 1755
2213 1782
2214 1688
2215 1675
2216 1703
2217 1732
2218 1680
2219 1726
2220 1797
2221 1768
2222 1695
2223 1862
2224 1706
2225 1862
2226 1712
2227 1634
2228 1684
2229 1868
2230 2202
2231 1963
2232 1977
2233 1751
2234 1845
2235 1908
2236 1462
2237 1908
2238 2004
2239 2090
2240 1709
2241 1767
2242 1613
2243 1733
2244 1683
2245 1772
2246 1725
2247 2006
2248 1595
2249 1628
2250 2035
2251 1772
2252 1889
2253 1912
2254 1371
2255 1932
2256 1773
2257 1537
2258 1709
2259 1605
2260 1576
2261 1837
2262 1934
2263 1800
2264 2149
2265 1646
2266 1978
2267 1926
2268 1945
2269 2043
2270 1875
2271 1919
2272 1874
2273 1867
2274 2014
2275 1800
2276 1851
2277 1857
2278 1918
2279 1967
2280 1904
2281 1712
2282 1801
2283 1609
2284 1879
2285 1650
2286 1814
2287 1912
2288 1914
2289 1606
2290 1919
2291 1745
2292 1847
2293 1774
2294 1881
2295 1976
2296 1975
2297 1695
2298 1816
2299 1896
2300 1948
2301 2092
2302 1887
2303 1704
2304 1853
2305 1558
2306 1699
2307 1698
2308 1940
2309 1969
2310 2096
2311 1723
2312 1845
2313 1725
2314 1939
2315 1660
2316 1581
2317 1748
2318 1812
2319 2144
2320 1986
2321 1802
2322 1635
2323 1746
2324 2010
2325 2094
2326 1972
2327 1884
2328 1562
2329 2036
2330 1803
2331 1343
2332 1689
2333 1903
2334 1906
2335 2056
2336 1863
2337 1592
2338 1561
2339 878
2340 1480
2341 1472
2342 1891
2343 1932
2344 1994
2345 1978
2346 1720
2347 1662
2348 1929
2349 1725
2350 1952
2351 1695
2352 1823
2353 1937
2354 1821
2355 1778
2356 1795
2357 1977
2358 1902
2359 1879
2360 1730
2361 1908
2362 1651
2363 1662
2364 1884
2365 1690
2366 1893
2367 2032
2368 1774
2369 1954
2370 2088
2371 1441
2372 1896
2373 1979
2374 2052
2375 1838
2376 1911
2377 1972
2378 1854
2379 1727
2380 2040
2381 1811
2382 1786
2383 1652
2384 1691
2385 1871
2386 1671
2387 1660
2388 1708
2389 2063
2390 1907
2391 1778
2392 1622
2393 1780
2394 1928
2395 1814
2396 1918
2397 1748
2398 2091
2399 1846
2400 1917
2401 2064
2402 1938
2403 1875
2404 1580
2405 1684
2406 1774
2407 1820
2408 1896
2409 1956
2410 1674
2411 2007
2412 1924
2413 1938
2414 1975
2415 1674
2416 2107
2417 1641
2418 1836
2419 1864
2420 1927
2421 1901
2422 1832
2423 1923
2424 1754
2425 1975
2426 2016
2427 1635
2428 2183
2429 1752
2430 1663
2431 1610
2432 1730
2433 1812
2434 1855
2435 1787
2436 1914
2437 1776
2438 1617
2439 1571
2440 1809
2441 1902
2442 2007
2443 1894
2444 1967
2445 1960
2446 1894
2447 1862
2448 1896
2449 1857
2450 2244
2451 1911
2452 1711
2453 1802
2454 1805
2455 1720
2456 1777
2457 1741
2458 1735
2459 1900
2460 1640
2461 1901
2462 1787
2463 1508
2464 1804
2465 1719
2466 1947
2467 1724
2468 1817
2469 1831
2470 1807
2471 1861
2472 2169
2473 1812
2474 1780
2475 1853
2476 1743
2477 2018
2478 1971
2479 1862
2480 1758
2481 1969
2482 2065
2483 1776
2484 2077
2485 1826
2486 1685
2487 1657
2488 1526
2489 1818
2490 1957
2491 2105
2492 1818
2493 1787
2494 2075
2495 1667
2496 1899
2497 1769
2498 1560
2499 1549
2500 1810
2501 1951
2502 1965
2503 1853
2504 1942
2505 1851
2506 1863
2507 1750
2508 1888
2509 1781
2510 1592
2511 1760
2512 1673
2513 2063
2514 1854
2515 1887
2516 1807
2517 1935
2518 1708
2519 1881
2520 1904
2521 1917
2522 2053
2523 1820
2524 1783
2525 1789
2526 1844
2527 1771
2528 1369
2529 1898
2530 1811
2531 1880
2532 1967
2533 1655
2534 1870
2535 1728
2536 2002
2537 1877
2538 1797
2539 1956
2540 1766
2541 1857
2542 1995
2543 1902
2544 1692
2545 1884
2546 1816
2547 1829
2548 1437
2549 1525
2550 1955
2551 1787
2552 1787
2553 2042
2554 1468
2555 1843
2556 1993
2557 2068
2558 1920
2559 1970
2560 1832
2561 1785
2562 1713
2563 1729
2564 1658
2565 1707
2566 1741
2567 1951
2568 1956
2569 1844
2570 1373
2571 1787
2572 2094
2573 1675
2574 1906
2575 1986
2576 2052
2577 1781
2578 2021
2579 1682
2580 1826
2581 1713
2582 2052
2583 1889
2584 1928
2585 2023
2586 1597
2587 1983
2588 1651
2589 2127
2590 1734
2591 2110
2592 1776
2593 1814
2594 1954
2595 1658
2596 2027
2597 1919
2598 1684
2599 1899
2600 1614
2601 1760
2602 1906
2603 1913
2604 1778
2605 1735
2606 1765
2607 1424
2608 1926
2609 2045
2610 1927
2611 1847
2612 1579
2613 1750
2614 1736
2615 1806
2616 1797
2617 2160
2618 1995
2619 1808
2620 1739
2621 1997
2622 1935
2623 1559
2624 1350
2625 1809
2626 1606
2627 1867
2628 2068
2629 1895
2630 1702
2631 1984
2632 1927
2633 1789
2634 1615
2635 1642
2636 1757
2637 2045
2638 1816
2639 1909
2640 1872
2641 1659
2642 2074
2643 1932
2644 1836
2645 1901
2646 1723
2647 2086
2648 2033
2649 1879
2650 1985
2651 1588
2652 1947
2653 2031
2654 1851
2655 1791
2656 2191
2657 2001
2658 1994
2659 1708
2660 1712
2661 1925
2662 1767
2663 1674
2664 1893
2665 1786
2666 1795
2667 1692
2668 1841
2669 1772
2670 1946
2671 1716
2672 1732
2673 1837
2674 1872
2675 1768
2676 1839
2677 1722
2678 1868
2679 1915
2680 2163
2681 1967
2682 1722
2683 1631
2684 1719
2685 1913
2686 1527
2687 1566
2688 1795
2689 2162
2690 2037
2691 1688
2692 1649
2693 1844
2694 1742
2695 1768
2696 1824
2697 2097
2698 1702
2699 1630
2700 2003
2701 1709
2702 1777
2703 2143
2704 1984
2705 1711
2706 1610
2707 1689
2708 1665
2709 1868
2710 1910
2711 1994
2712 1818
2713 1925
2714 1693
2715 1775
2716 2053
2717 1773
2718 1882
2719 1848
2720 1827
2721 1936
2722 1876
2723 1897
2724 1679
2725 1801
2726 1734
2727 1900
2728 1908
2729 2091
2730 1667
2731 1624
2732 1827
2733 1786
2734 2018
2735 1834
2736 1768
2737 1898
2738 1665
2739 1850
2740 1705
2741 1996
2742 1646
2743 1831
2744 1715
2745 1824
2746 1727
2747 1651
2748 1905
2749 1871
2750 1805
2751 2058
2752 1906
2753 1562
2754 1955
2755 1611
2756 1795
2757 1922
2758 1448
2759 2104
2760 1833
2761 1747
2762 1848
2763 1676
2764 1728
2765 1733
2766 1967
2767 1763
2768 2035
2769 1722
2770 1785
2771 1979
2772 1793
2773 2014
2774 1762
2775 1896
2776 1805
2777 2038
2778 1742
2779 1845
2780 1888
2781 1937
2782 1753
2783 1924
2784 2151
2785 1861
2786 1815
2787 1625
2788 1911
2789 1627
2790 1891
2791 1666
2792 1675
2793 1851
2794 1879
2795 1985
2796 1739
2797 1837
2798 2069
2799 1932
2800 1810
2801 1881
2802 1706
2803 1835
2804 1959
2805 1844
2806 1937
2807 1700
2808 2015
2809 2055
2810 2043
2811 1782
2812 1426
2813 2091
2814 1716
2815 2131
2816 1718
2817 1510
2818 1805
2819 1580
2820 2099
2821 1928
2822 1901
2823 1755
2824 1745
2825 2017
2826 1953
2827 1625
2828 1682
2829 2024
2830 1925
2831 1915
2832 1705
2833 1907
2834 2077
2835 1775
2836 1811
2837 1750
2838 1844
2839 1770
2840 2075
2841 1770
2842 1957
2843 1771
2844 1815
2845 1762
2846 1606
2847 1935
2848 1752
2849 1915
2850 1852
2851 2030
2852 1848
2853 1818
2854 1677
2855 1764
2856 1825
2857 1707
2858 1817
2859 1753
2860 1870
2861 1591
2862 1944
2863 1923
2864 1734
2865 2028
2866 1900
2867 1424
2868 1988
2869 1769
2870 1757
2871 1744
2872 1886
2873 1947
2874 1861
2875 1959
2876 1909
2877 1668
2878 2097
2879 1522
2880 1942
2881 1740
2882 1818
2883 1442
2884 1743
2885 1923
2886 2083
2887 2046
2888 2145
2889 1974
2890 1718
2891 1682
2892 1679
2893 1763
2894 2030
2895 1887
2896 1938
2897 1715
2898 2153
2899 1561
2900 1929
2901 1774
2902 1724
2903 2118
2904 1550
2905 1960
2906 2007
2907 1944
2908 1790
2909 1827
2910 1820
2911 1982
2912 2168
2913 1935
2914 1684
2915 1901
2916 1926
2917 1631
2918 1835
2919 2027
2920 1665
2921 2040
2922 1781
2923 2131
2924 1926
2925 1754
2926 1755
2927 1786
2928 1872
2929 1938
2930 1757
2931 1858
2932 1753
2933 1890
2934 1684
2935 2054
2936 1902
2937 1642
2938 1698
2939 1713
2940 1971
2941 1834
2942 1836
2943 1829
2944 1995
2945 1860
2946 1457
2947 1809
2948 1872
2949 1993
2950 1959
2951 1723
2952 1692
2953 1770
2954 1557
2955 1350
2956 1886
2957 1775
2958 1674
2959 1697
2960 1888
2961 1623
2962 1716
2963 1748
2964 2017
2965 1942
2966 1854
2967 1985
2968 2004
2969 1756
2970 1898
2971 2092
2972 1683
2973 1720
2974 1939
2975 2057
2976 1720
2977 1713
2978 1577
2979 1892
2980 1863
2981 2039
2982 1955
2983 1998
2984 1802
2985 1717
2986 1627
2987 1870
2988 1926
2989 1965
2990 2047
2991 1754
2992 1725
2993 1947
2994 1681
2995 1733
2996 1625
2997 2008
2998 1504
2999 1842
3000 1915
3001 1943
3002 1645
3003 1672
3004 1879
3005 2010
3006 1792
3007 1889
3008 1898
3009 1753
3010 1582
3011 1808
3012 1774
3013 1943
3014 1725
3015 1926
3016 1905
3017 2171
3018 2052
3019 1759
3020 1823
3021 1625
3022 1667
3023 1739
3024 1610
3025 1879
3026 1875
3027 2003
3028 1839
3029 1759
3030 1562
3031 1946
3032 1937
3033 2050
3034 1511
3035 1655
3036 2004
3037 1950
3038 1766
3039 1907
3040 2134
3041 2062
3042 1569
3043 1582
3044 1740
3045 1816
3046 1894
3047 1951
3048 2020
3049 1952
3050 1587
3051 1592
3052 1954
3053 1821
3054 2070
3055 1895
3056 1825
3057 1660
3058 1791
3059 1634
3060 1712
3061 1577
3062 1979
3063 1869
3064 1913
3065 1778
3066 1767
3067 1867
3068 1691
3069 1929
3070 1735
3071 1803
3072 1891
3073 1940
3074 1922
3075 1811
3076 2083
3077 1660
3078 1846
3079 1934
3080 1725
3081 1968
3082 1455
3083 1552
3084 1731
3085 1793
3086 1686
3087 1743
3088 1826
3089 1889
3090 1995
3091 2116
3092 1603
3093 2063
3094 1894
3095 1922
3096 1853
3097 1712
3098 1821
3099 1809
3100 1741
3101 1830
3102 2001
3103 1597
3104 1825
3105 2018
3106 1821
3107 1982
3108 2051
3109 1904
3110 1874
3111 1734
3112 1981
3113 1848
3114 1857
3115 1850
3116 1619
3117 1920
3118 1952
3119 1743
3120 1790
3121 1642
3122 1665
3123 1927
3124 1832
3125 2013
3126 1791
3127 2026
3128 1601
3129 1993
3130 1688
3131 1743
3132 2024
3133 1704
3134 1814
3135 1912
3136 2245
3137 1717
3138 1575
3139 2092
3140 1851
3141 1986
3142 1812
3143 1676
3144 1927
3145 2175
3146 1841
3147 2085
3148 1952
3149 1816
3150 2002
3151 1993
3152 1717
3153 1987
3154 1916
3155 2146
3156 1821
3157 1877
3158 1828
3159 1715
3160 1840
3161 1520
3162 1603
3163 1897
3164 1870
3165 1899
3166 1565
3167 1727
3168 1699
3169 1535
3170 1647
3171 1873
3172 1639
3173 1742
3174 1865
3175 1671
3176 1695
3177 1800
3178 1715
3179 1968
3180 1659
3181 1834
3182 1906
3183 1842
3184 1690
3185 1890
3186 2010
3187 1752
3188 1780
3189 1941
3190 1622
3191 2036
3192 1923
3193 1808
3194 1636
3195 1821
3196 1821
3197 1588
3198 1707
3199 1729
3200 1716
3201 2112
3202 1855
3203 1979
3204 1860
3205 1449
3206 1400
3207 2171
3208 1969
3209 1697
3210 1952
3211 1745
3212 1963
3213 2025
3214 1665
3215 1886
3216 1816
3217 1657
3218 1813
3219 1468
3220 1701
3221 1951
3222 1684
3223 2150
3224 1661
3225 1751
3226 1889
3227 1988
3228 1863
3229 2019
3230 1528
3231 1831
3232 1802
3233 1807
3234 1761
3235 2062
3236 1789
3237 1568
3238 1825
3239 1737
3240 1823
3241 1757
3242 1768
3243 1888
3244 1664
3245 1837
3246 1714
3247 1919
3248 1859
3249 1742
3250 1992
3251 1922
3252 1680
3253 1788
3254 1740
3255 1747
3256 1900
3257 1950
3258 1669
3259 1845
3260 2011
3261 1912
3262 1954
3263 1913
3264 1804
3265 2019
3266 1873
3267 1813
3268 1759
3269 1955
3270 1788
3271 1766
3272 1819
3273 1616
3274 1798
3275 1894
3276 1721
3277 1650
3278 1776
3279 1786
3280 2034
3281 1824
3282 1901
3283 1910
3284 1950
3285 1944
3286 1860
3287 1917
3288 1918
3289 1888
3290 1899
3291 1641
3292 1685
3293 1872
3294 1742
3295 1931
3296 1712
3297 1824
3298 1910
3299 1722
3300 1870
3301 1649
3302 1781
3303 1830
3304 1671
3305 1738
3306 1908
3307 1896
3308 1599
3309 1685
3310 1855
3311 1848
3312 1626
3313 2091
3314 1782
3315 1821
3316 1547
3317 1941
3318 2004
3319 1921
3320 1741
3321 1343
3322 1490
3323 1791
3324 1686
3325 1993
3326 1673
3327 1819
3328 1865
3329 2106
3330 1680
3331 2005
3332 1822
3333 1851
3334 1732
3335 1837
3336 1902
3337 2172
3338 1668
3339 1818
3340 1664
3341 1760
3342 1803
3343 1811
3344 1899
3345 1869
3346 1949
3347 1900
3348 1774
3349 1625
3350 1692
3351 1783
3352 1993
3353 1539
3354 2020
3355 1837
3356 1837
3357 1533
3358 1792
3359 1906
3360 2156
3361 1640
3362 1965
3363 1846
3364 1771
3365 1995
3366 1806
3367 1711
3368 1846
3369 1707
3370 1899
3371 1804
3372 1732
3373 1947
3374 1788
3375 1998
3376 1936
3377 1686
3378 1778
3379 1701
3380 1932
3381 1750
3382 1527
3383 1838
3384 1364
3385 1782
3386 1120
3387 1739
3388 1526
3389 1720
3390 1305
3391 1873
3392 1923
3393 1581
3394 1982
3395 1954
3396 1932
3397 1724
3398 2010
3399 1735
3400 1886
3401 1651
3402 1687
3403 1688
3404 2066
3405 2125
3406 1987
3407 1933
3408 2077
3409 1874
3410 2046
3411 2103
3412 1600
3413 1618
3414 2024
3415 1852
3416 1782
3417 2088
3418 1873
3419 1990
3420 2003
3421 1716
3422 2060
3423 2010
3424 1794
3425 2025
3426 1994
3427 1840
3428 2029
3429 2193
3430 1808
3431 1943
3432 2002
3433 1773
3434 1805
3435 1642
3436 1651
3437 1895
3438 1854
3439 1858
3440 1823
3441 1753
3442 1666
3443 1670
3444 2165
3445 2142
3446 1926
3447 1834
3448 1819
3449 1788
3450 1894
3451 1863
3452 1860
3453 2086
3454 1848
3455 1877
3456 1676
3457 1805
3458 1792
3459 1874
3460 1785
3461 1728
3462 1810
3463 1741
3464 1834
3465 1793
3466 2017
3467 1743
3468 1822
3469 1684
3470 2042
3471 1738
3472 1968
3473 1610
3474 2071
3475 1965
3476 1601
3477 1834
3478 2031
3479 1953
3480 1870
3481 1335
3482 1689
3483 1883
3484 1878
3485 1754
3486 1796
3487 1773
3488 1862
3489 1576
3490 1652
3491 1719
3492 1902
3493 2014
3494 1387
3495 2055
3496 1667
3497 1896
3498 1717
3499 1834
3500 1751
3501 1630
3502 1902
3503 1564
3504 1875
3505 2248
3506 1861
3507 1772
3508 1662
3509 1931
3510 1908
3511 1712
3512 1792
3513 1827
3514 2005
3515 1839
3516 1925
3517 2090
3518 1903
3519 1967
3520 1877
3521 1861
3522 1753
3523 1837
3524 1582
3525 1939
3526 1844
3527 1845
3528 1886
3529 2071
3530 1367
3531 1488
3532 2092
3533 1790
3534 1902
3535 1962
3536 1953
3537 1820
3538 1958
3539 1994
3540 1884
3541 2087
3542 1868
3543 1731
3544 1787
3545 1742
3546 2181
3547 1549
3548 1990
3549 1959
3550 1863
3551 1822
3552 1867
3553 1832
3554 1828
3555 1855
3556 1800
3557 1714
3558 2079
3559 2209
3560 1968
3561 1797
3562 1507
3563 1550
3564 1526
3565 1841
3566 2158
3567 1493
3568 1709
3569 1851
3570 1813
3571 1947
3572 1993
3573 1855
3574 1582
3575 1823
3576 1864
3577 1655
3578 1952
3579 1875
3580 1775
3581 1432
3582 1924
3583 1971
3584 2126
3585 1998
3586 1881
3587 1900
3588 2132
3589 1722
3590 1987
3591 1854
3592 1875
3593 1810
3594 1851
3595 1850
3596 1933
3597 1851
3598 1867
3599 1853
3600 1662
3601 1738
3602 1638
3603 1704
3604 1664
3605 1800
3606 1729
3607 1695
3608 1972
3609 2018
3610 1923
3611 1683
3612 1724
3613 1798
3614 1999
3615 1876
3616 2072
3617 1670
3618 1842
3619 1595
3620 1546
3621 1955
3622 2061
3623 2093
3624 1953
3625 1839
3626 1919
3627 1885
3628 2028
3629 1982
3630 1871
3631 2069
3632 2045
3633 1848
3634 1646
3635 1866
3636 2025
3637 1828
3638 1852
3639 1902
3640 1602
3641 2125
3642 1907
3643 1740
3644 1904
3645 1575
3646 1900
3647 1747
3648 2131
3649 1906
3650 1490
3651 1815
3652 1616
3653 1682
3654 1956
3655 1959
3656 2067
3657 1931
3658 1525
3659 1829
3660 1747
3661 1504
3662 1854
3663 1962
3664 2037
3665 1761
3666 1905
3667 2033
3668 1842
3669 2118
3670 1864
3671 1639
3672 2035
3673 1473
3674 1883
3675 1824
3676 1994
3677 1730
3678 1873
3679 1828
3680 1663
3681 2053
3682 1928
3683 1844
3684 1858
3685 1831
3686 1935
3687 1592
3688 1725
3689 1723
3690 1786
3691 1654
3692 1824
3693 1669
3694 2003
3695 1983
3696 1985
3697 1919
3698 1875
3699 2068
3700 1780
3701 1851
3702 1865
3703 1780
3704 2079
3705 1602
3706 1591
3707 1961
3708 1717
3709 1492
3710 1958
3711 1787
3712 2117
3713 1680
3714 1894
3715 1739
3716 1804
3717 1951
3718 1756
3719 2121
3720 2030
3721 1879
3722 2022
3723 1803
3724 1969
3725 1731
3726 1823
3727 1739
3728 1632
3729 1822
3730 1898
3731 2011
3732 1812
3733 1857
3734 1591
3735 1756
3736 1958
3737 2006
3738 1741
3739 1964
3740 1916
3741 1727
3742 1766
3743 1982
3744 1635
3745 1913
3746 1784
3747 1837
3748 2017
3749 1461
3750 1706
3751 1733
3752 2320
3753 1735
3754 1896
3755 1832
3756 1926
3757 1806
3758 1848
3759 1925
3760 1866
3761 2096
3762 2031
3763 1756
3764 1660
3765 2041
3766 1665
3767 1684
3768 1852
3769 1836
3770 1752
3771 1905
3772 1861
3773 1597
3774 2010
3775 2137
3776 1882
3777 1830
3778 2050
3779 1996
3780 1909
3781 1778
3782 1790
3783 2004
3784 1528
3785 2048
3786 1856
3787 1927
3788 2063
3789 1815
3790 1696
3791 2175
3792 2173
3793 1989
3794 1915
3795 1904
3796 1716
3797 1781
3798 1659
3799 1903
3800 1839
3801 1979
3802 2149
3803 2022
3804 1805
3805 1615
3806 1874
3807 1895
3808 1917
3809 1893
3810 1708
3811 1893
3812 1914
3813 1881
3814 1775
3815 1874
3816 1692
3817 1885
3818 2020
3819 1955
3820 1823
3821 1725
3822 1899
3823 1824
3824 1847
3825 1660
3826 1746
3827 1577
3828 2008
3829 1737
3830 1736
3831 1977
3832 2048
3833 1713
3834 1749
3835 1941
3836 1709
3837 1886
3838 2000
3839 1736
3840 1824
3841 2057
3842 1736
3843 1769
3844 1580
3845 1964
3846 1563
3847 1946
3848 1854
3849 1625
3850 2018
3851 1852
3852 1769
3853 1891
3854 1874
3855 2094
3856 2041
3857 1728
3858 1981
3859 1890
3860 1846
3861 2057
3862 1770
3863 1649
3864 1834
3865 1934
3866 1831
3867 1909
3868 1968
3869 1702
3870 2080
3871 1560
3872 1876
3873 1650
3874 1608
3875 1859
3876 1825
3877 1632
3878 1303
3879 1742
3880 1974
3881 1973
3882 1834
3883 1628
3884 2003
3885 1867
3886 1898
3887 1643
3888 1708
3889 1940
3890 1925
3891 1758
3892 1974
3893 1910
3894 1557
3895 1792
3896 1727
3897 2006
3898 1660
3899 2069
3900 2176
3901 1715
3902 1824
3903 1848
3904 1972
3905 1769
3906 1916
3907 1961
3908 1913
3909 1621
3910 1668
3911 2021
3912 1913
3913 1967
3914 1706
3915 1805
3916 1731
3917 1642
3918 1863
3919 2064
3920 1931
3921 2123
3922 2029
3923 1755
3924 1738
3925 2088
3926 1828
3927 1790
3928 1939
3929 1972
3930 1818
3931 1904
3932 1654
3933 1372
3934 1526
3935 1620
3936 1861
3937 1764
3938 2103
3939 1842
3940 2074
3941 1995
3942 1944
3943 1966
3944 1569
3945 1717
3946 1933
3947 1751
3948 1635
3949 1804
3950 1770
3951 1612
3952 1942
3953 1502
3954 1671
3955 1964
3956 1875
3957 1824
3958 1791
3959 1778
3960 2109
3961 1648
3962 1852
3963 1584
3964 1660
3965 1576
3966 1526
3967 1851
3968 2032
3969 1788
3970 2107
3971 1818
3972 1868
3973 1798
3974 2075
3975 1815
3976 1558
3977 1905
3978 1731
3979 1558
3980 1691
3981 1569
3982 2023
3983 1647
3984 1942
3985 1652
3986 1847
3987 1702
3988 1970
3989 1732
3990 1642
3991 1844
3992 1755
3993 1901
3994 1788
3995 1874
3996 1750
3997 1909
3998 1799
3999 1969
4000 2075
4001 1960
4002 1972
4003 1881
4004 1651
4005 1954
4006 1781
4007 1572
4008 1936
4009 1948
4010 1493
4011 1742
4012 1950
4013 1917
4014 1870
4015 1832
4016 1980
4017 1971
4018 1569
4019 1760
4020 1821
4021 1609
4022 1516
4023 1730
4024 1945
4025 1997
4026 1933
4027 1885
4028 1638
4029 1812
4030 1753
4031 1911
4032 1963
4033 1753
4034 1974
4035 1646
4036 1723
4037 1897
4038 1868
4039 1752
4040 1643
4041 1738
4042 1708
4043 1764
4044 1888
4045 1955
4046 1897
4047 1929
4048 1663
4049 1917
4050 1636
4051 2063
4052 1768
4053 1956
4054 1538
4055 1645
4056 1993
4057 1668
4058 1863
4059 1960
4060 1885
4061 1673
4062 1769
4063 2035
4064 1998
4065 1733
4066 2133
4067 1759
4068 1841
4069 2051
4070 2011
4071 1817
4072 1873
4073 1754
4074 1979
4075 2029
4076 2042
4077 1876
4078 1955
4079 1967
4080 1949
4081 1976
4082 1609
4083 1994
4084 2174
4085 1982
4086 1759
4087 2070
4088 1908
4089 1768
4090 1535
4091 1800
4092 1707
4093 2063
4094 1767
4095 1805
4096 1624
4097 1841
4098 1836
4099 1923
4100 1773
4101 1755
4102 1795
4103 1937
4104 1942
4105 1835
4106 1755
4107 1591
4108 1444
4109 2021
4110 1800
4111 1817
4112 1834
4113 1767
4114 1687
4115 1731
4116 1987
4117 1734
4118 1810
4119 1771
4120 1868
4121 1947
4122 1992
4123 1771
4124 2090
4125 1968
4126 1751
4127 1710
4128 1522
4129 2217
4130 1723
4131 1872
4132 1841
4133 1507
4134 1747
4135 1840
4136 2198
4137 1756
4138 2023
4139 1573
4140 1878
4141 1838
4142 2020
4143 1761
4144 2015
4145 1668
4146 1787
4147 1604
4148 1713
4149 1921
4150 1941
4151 1819
4152 1800
4153 1788
4154 1678
4155 1444
4156 1712
4157 1956
4158 2122
4159 2038
4160 1715
4161 1884
4162 1809
4163 1854
4164 1898
4165 1739
4166 1644
4167 2076
4168 2003
4169 1984
4170 1700
4171 1587
4172 1724
4173 1847
4174 1884
4175 1499
4176 1809
4177 1943
4178 1794
4179 1873
4180 2002
4181 1731
4182 1474
4183 1985
4184 1857
4185 1672
4186 1800
4187 1649
4188 2061
4189 1796
4190 1779
4191 1959
4192 1418
4193 1915
4194 2009
4195 1913
4196 1872
4197 1874
4198 1887
4199 1830
4200 1694
4201 1962
4202 2149
4203 2072
4204 1903
4205 1753
4206 1539
4207 1885
4208 2023
4209 1788
4210 2085
4211 1801
4212 2038
4213 1769
4214 1845
4215 2168
4216 2029
4217 1823
4218 1662
4219 1713
4220 1782
4221 1886
4222 2055
4223 1996
4224 1708
4225 1579
4226 1638
4227 1824
4228 1825
4229 1986
4230 1857
4231 1890
4232 1966
4233 1645
4234 1782
4235 1917
4236 1656
4237 1733
4238 2024
4239 1692
4240 1649
4241 1708
4242 1805
4243 2042
4244 1750
4245 1718
4246 2008
4247 1920
4248 1967
4249 1691
4250 1679
4251 1809
4252 1778
4253 1955
4254 1800
4255 1788
4256 1775
4257 1936
4258 1832
4259 1726
4260 1735
4261 1683
4262 2059
4263 1794
4264 2068
4265 1918
4266 1627
4267 2000
4268 1676
4269 1891
4270 1928
4271 1854
4272 1881
4273 1730
4274 1946
4275 1930
4276 1929
4277 1699
4278 1676
4279 1891
4280 1752
4281 1866
4282 1581
4283 1832
4284 1885
4285 1913
4286 1775
4287 1796
4288 1670
4289 1997
4290 1697
4291 1850
4292 1773
4293 1926
4294 1991
4295 2002
4296 1883
4297 1546
4298 1519
4299 1599
4300 1917
4301 1622
4302 1593
4303 1899
4304 1690
4305 1825
4306 1873
4307 1845
4308 2063
4309 1856
4310 1809
4311 1692
4312 1739
4313 1729
4314 1998
4315 1958
4316 2231
4317 1849
4318 1898
4319 1570
4320 1744
4321 1618
4322 1805
4323 1660
4324 1758
4325 1939
4326 1800
4327 1785
4328 2036
4329 1857
4330 1895
4331 1803
4332 1877
4333 1733
4334 1636
4335 1863
4336 1689
4337 2043
4338 1906
4339 1660
4340 1476
4341 1743
4342 1831
4343 2086
4344 1934
4345 1791
4346 1858
4347 1956
4348 1811
4349 1862
4350 1504
4351 1863
4352 1961
4353 1874
4354 2023
4355 1818
4356 1811
4357 1972
4358 1623
4359 2015
4360 2016
4361 1548
4362 1866
4363 1775
4364 1772
4365 1630
4366 1693
4367 1689
4368 1901
4369 1486
4370 1930
4371 1713
4372 1876
4373 1777
4374 1825
4375 1824
4376 1665
4377 1705
4378 1661
4379 1888
4380 2097
4381 1973
4382 1854
4383 1552
4384 1645
4385 2005
4386 1922
4387 1865
4388 1788
4389 2001
4390 1778
4391 1819
4392 1488
4393 1629
4394 1819
4395 1851
4396 1611
4397 2102
4398 2034
4399 1647
4400 1916
4401 1797
4402 1769
4403 1923
4404 1989
4405 1699
4406 1702
4407 1598
4408 1410
4409 1741
4410 1780
4411 2083
4412 1914
4413 1537
4414 1947
4415 1950
4416 1924
4417 1538
4418 2040
4419 1789
4420 1564
4421 1854
4422 1897
4423 1665
4424 1623
4425 1811
4426 1900
4427 1793
4428 1906
4429 1857
4430 1916
4431 1818
4432 1765
4433 1579
4434 1594
4435 1874
4436 1990
4437 1879
4438 1934
4439 1797
4440 1805
4441 1801
4442 1785
4443 1817
4444 1879
4445 2015
4446 1675
4447 1795
4448 1647
4449 2026
4450 1903
4451 1615
4452 2028
4453 1537
4454 1743
4455 1642
4456 2070
4457 2035
4458 1811
4459 1949
4460 2114
4461 1841
4462 1992
4463 2101
4464 1688
4465 1932
4466 1566
4467 1768
4468 1798
4469 1761
4470 1900
4471 1944
4472 2102
4473 1902
4474 1584
4475 1967
4476 2104
4477 1617
4478 1601
4479 1832
4480 1903
4481 1978
4482 1906
4483 1942
4484 1721
4485 1602
4486 1692
4487 1902
4488 1556
4489 1961
4490 1586
4491 1844
4492 1837
4493 2107
4494 1879
4495 1640
4496 1888
4497 1660
4498 1874
4499 1894
4500 1782
4501 1809
4502 1957
4503 1763
4504 1861
4505 2080
4506 1864
4507 1732
4508 1910
4509 1576
4510 2125
4511 1946
4512 1691
4513 1958
4514 1624
4515 1896
4516 1879
4517 1906
4518 1921
4519 2086
4520 1968
4521 1819
4522 1848
4523 1879
4524 1827
4525 1752
4526 1895
4527 1959
4528 1717
4529 2159
4530 1852
4531 1610
4532 1690
4533 1815
4534 1583
4535 1762
4536 2128
4537 1823
4538 1833
4539 1965
4540 2151
4541 1881
4542 1596
4543 2207
4544 1713
4545 1978
4546 1932
4547 1665
4548 1797
4549 1895
4550 1910
4551 2047
4552 2085
4553 1926
4554 1837
4555 1873
4556 1562
4557 1890
4558 1832
4559 1874
4560 1950
4561 1792
4562 1929
4563 1798
4564 1729
4565 1781
4566 1512
4567 1977
4568 1758
4569 2192
4570 1628
4571 1928
4572 1714
4573 1753
4574 1732
4575 1726
4576 1670
4577 1642
4578 1696
4579 1840
4580 1583
4581 1962
4582 1998
4583 1428
4584 1965
4585 1872
4586 1790
4587 1739
4588 1967
4589 1809
4590 1870
4591 1879
4592 2183
4593 1948
4594 1778
4595 1762
4596 1743
4597 1520
4598 2045
4599 1790
4600 1615
4601 1424
4602 1850
4603 1809
4604 1810
4605 2063
4606 2036
4607 2147
4608 1780
4609 2055
4610 1823
4611 1704
4612 1807
4613 2209
4614 1799
4615 1823
4616 1702
4617 1831
4618 2009
4619 1777
4620 1613
4621 1958
4622 1832
4623 1880
4624 1747
4625 1872
4626 1776
4627 1897
4628 1868
4629 1666
4630 1823
4631 1791
4632 1749
4633 1807
4634 1958
4635 1672
4636 2021
4637 1577
4638 1930
4639 1953
4640 1941
4641 1714
4642 2167
4643 1960
4644 1665
4645 1945
4646 2082
4647 1642
4648 1695
4649 1824
4650 1739
4651 2187
4652 1463
4653 1456
4654 1824
4655 1429
4656 1708
4657 2049
4658 2204
4659 1616
4660 1845
4661 1927
4662 1552
4663 1774
4664 1708
4665 1666
4666 1690
4667 1759
4668 1873
4669 1758
4670 1825
4671 1897
4672 1793
4673 1781
4674 1861
4675 2000
4676 1570
4677 1769
4678 2031
4679 1705
4680 1450
4681 1862
4682 1748
4683 2009
4684 1876
4685 1946
4686 1896
4687 1935
4688 1871
4689 1998
4690 1918
4691 2085
4692 1871
4693 2125
4694 1752
4695 1935
4696 1945
4697 2003
4698 1855
4699 2041
4700 1595
4701 1775
4702 1832
4703 1981
4704 1990
4705 1750
4706 2040
4707 1901
4708 1809
4709 1674
4710 1739
4711 1710
4712 1686
4713 1749
4714 1722
4715 1792
4716 2059
4717 1791
4718 1740
4719 1987
4720 2004
4721 1912
4722 1783
4723 2004
4724 1776
4725 1945
4726 1982
4727 1644
4728 1598
4729 2047
4730 1718
4731 2133
4732 1881
4733 2072
4734 1642
4735 1725
4736 1928
4737 1902
4738 1725
4739 1541
4740 1814
4741 1928
4742 1916
4743 2113
4744 2165
4745 1730
4746 1802
4747 1666
4748 1725
4749 1266
4750 1640
4751 1923
4752 1703
4753 1783
4754 1704
4755 1958
4756 1842
4757 1883
4758 1987
4759 1656
4760 1418
4761 1729
4762 1816
4763 1811
4764 1870
4765 1929
4766 2030
4767 1573
4768 1626
4769 1818
4770 1850
4771 1733
4772 1745
4773 1737
4774 1852
4775 1811
4776 1692
4777 1754
4778 1943
4779 1983
4780 1884
4781 1612
4782 1798
4783 2106
4784 1474
4785 1930
4786 1583
4787 1711
4788 1970
4789 1758
4790 1838
4791 1858
4792 1811
4793 1862
4794 1887
4795 2028
4796 1935
4797 1671
4798 1604
4799 1928
4800 2094
4801 1745
4802 1863
4803 2009
4804 1810
4805 2015
4806 2130
4807 2092
4808 2069
4809 1928
4810 1864
4811 1920
4812 1664
4813 1641
4814 1782
4815 1511
4816 1846
4817 1806
4818 1906
4819 1981
4820 1401
4821 1757
4822 1797
4823 2151
4824 1914
4825 2186
4826 2087
4827 1827
4828 1950
4829 1928
4830 1712
4831 1930
4832 1526
4833 1551
4834 1736
4835 1832
4836 1769
4837 1878
4838 1949
4839 2175
4840 1545
4841 2151
4842 1795
4843 1934
4844 1874
4845 1838
4846 1386
4847 1670
4848 1810
4849 1586
4850 1919
4851 1581
4852 1906
4853 1776
4854 2047
4855 1858
4856 1616
4857 1872
4858 1655
4859 2021
4860 1745
4861 2017
4862 2064
4863 1770
4864 1733
4865 1898
4866 1724
4867 1931
4868 1682
4869 2042
4870 2007
4871 1728
4872 1713
4873 2018
4874 1599
4875 1833
4876 1739
4877 1944
4878 1798
4879 1965
4880 1629
4881 1869
4882 1755
4883 1738
4884 2043
4885 1724
4886 1807
4887 1747
4888 1764
4889 1957
4890 2052
4891 1823
4892 1800
4893 1657
4894 1976
4895 1857
4896 1702
4897 2105
4898 2011
4899 1748
4900 1792
4901 1617
4902 1770
4903 1618
4904 1802
4905 1884
4906 2009
4907 1823
4908 2062
4909 1976
4910 1796
4911 1860
4912 1573
4913 1564
4914 1623
4915 1663
4916 1953
4917 1522
4918 1532
4919 1864
4920 1892
4921 1997
4922 1856
4923 2043
4924 2130
4925 1813
4926 2181
4927 1731
4928 1756
4929 1993
4930 2196
4931 2158
4932 1993
4933 2004
4934 1817
4935 1764
4936 1738
4937 1817
4938 2037
4939 1642
4940 1953
4941 1568
4942 1719
4943 1869
4944 1834
4945 1706
4946 1921
4947 1697
4948 1760
4949 2048
4950 1878
4951 1918
4952 2107
4953 2161
4954 1755
4955 1704
4956 1867
4957 1713
4958 1899
4959 1946
4960 1873
4961 1842
4962 1652
4963 2072
4964 1958
4965 1819
4966 1776
4967 1840
4968 1803
4969 1873
4970 1776
4971 1923
4972 1756
4973 1538
4974 2001
4975 1776
4976 1838
4977 1697
4978 1890
4979 1870
4980 1742
4981 1879
4982 1770
4983 1670
4984 1740
4985 1668
4986 1855
4987 2072
4988 1872
4989 1618
4990 2088
4991 1778
4992 1974
4993 1581
4994 1981
4995 1629
4996 1986
4997 1872
4998 1718
4999 1836
5000 1593
5001 1562
5002 1871
5003 1988
5004 1840
5005 1675
5006 1636
5007 1820
5008 2040
5009 2025
5010 1790
5011 1785
5012 1847
5013 1554
5014 1790
5015 1924
5016 1801
5017 1810
5018 1915
5019 1770
5020 2046
5021 1824
5022 1898
5023 1849
5024 1627
5025 1576
5026 1486
5027 2038
5028 1838
5029 1934
5030 1927
5031 1725
5032 2009
5033 1771
5034 1667
5035 1684
5036 1799
5037 2094
5038 2058
5039 1596
5040 1770
5041 1954
5042 1950
5043 1966
5044 1840
5045 2006
5046 1782
5047 1668
5048 1783
5049 1780
5050 1791
5051 1788
5052 1781
5053 1889
5054 1838
5055 1814
5056 1811
5057 1774
5058 1559
5059 1982
5060 1852
5061 1957
5062 2020
5063 1966
5064 1742
5065 1832
5066 1870
5067 2228
5068 1600
5069 1490
5070 1722
5071 1799
5072 1572
5073 1626
5074 1705
5075 1646
5076 1922
5077 1861
5078 1928
5079 1916
5080 1887
5081 1948
5082 1745
5083 1884
5084 1870
5085 1896
5086 1886
5087 1784
5088 1699
5089 1493
5090 1939
5091 1920
5092 1750
5093 1933
5094 1812
5095 2067
5096 1848
5097 1799
5098 1815
5099 1855
5100 1931
5101 2157
5102 2057
5103 2179
5104 1805
5105 2084
5106 1551
5107 1975
5108 1924
5109 1647
5110 1749
5111 1866
5112 1880
5113 1687
5114 1885
5115 1802
5116 2164
5117 1870
5118 1831
5119 2117
5120 1809
5121 1865
5122 1977
5123 1730
5124 1851
5125 1708
5126 1620
5127 1832
5128 1721
5129 1732
5130 1845
5131 1853
5132 1676
5133 1856
5134 1773
5135 1864
5136 2109
5137 1857
5138 1621
5139 1953
5140 1897
5141 1838
5142 2003
5143 1695
5144 2042
5145 1641
5146 1904
5147 1888
5148 1933
5149 1876
5150 2011
5151 1503
5152 1775
5153 1753
5154 1557
5155 1628
5156 1597
5157 1647
5158 2073
5159 1933
5160 1902
5161 1732
5162 1871
5163 1594
5164 1970
5165 1942
5166 1945
5167 1987
5168 1958
5169 1956
5170 1707
5171 1932
5172 2034
5173 1949
5174 1566
5175 1821
5176 1773
5177 1970
5178 2044
5179 1802
5180 1958
5181 1804
5182 2238
5183 2007
5184 1555
5185 1475
5186 1962
5187 2045
5188 1647
5189 2047
5190 1718
5191 1619
5192 1807
5193 1800
5194 1763
5195 1724
5196 1726
5197 1768
5198 1909
5199 1949
5200 1854
5201 1935
5202 1903
5203 2034
5204 1687
5205 1761
5206 1843
5207 1824
5208 1624
5209 2131
5210 1803
5211 1921
5212 1929
5213 1527
5214 1816
5215 1722
5216 1719
5217 1712
5218 1630
5219 1946
5220 1623
5221 1858
5222 2016
5223 2038
5224 1890
5225 1795
5226 2097
5227 1691
5228 2057
5229 2006
5230 1906
5231 1955
5232 1988
5233 1692
5234 1981
5235 1833
5236 1779
5237 2094
5238 2012
5239 1906
5240 1264
5241 1872
5242 1810
5243 1865
5244 1759
5245 1821
5246 2004
5247 1926
5248 1812
5249 1897
5250 1762
5251 1765
5252 1752
5253 1764
5254 2004
5255 1892
5256 1759
5257 1960
5258 1883
5259 1671
5260 1829
5261 1621
5262 2083
5263 1640
5264 2013
5265 2021
5266 1804
5267 1877
5268 1924
5269 1828
5270 2091
5271 2029
5272 1871
5273 1768
5274 1742
5275 1517
5276 1673
5277 1913
5278 1923
5279 1873
5280 1916
5281 1871
5282 2112
5283 1964
5284 1749
5285 1705
5286 1742
5287 2137
5288 1458
5289 2001
5290 1716
5291 1845
5292 1945
5293 2028
5294 1973
5295 2060
5296 1572
5297 1999
5298 1710
5299 1799
5300 1832
5301 1769
5302 2073
5303 2167
5304 1963
5305 1917
5306 1982
5307 1840
5308 1669
5309 1842
5310 1875
5311 1776
5312 1778
5313 1725
5314 1948
5315 1688
5316 2059
5317 1974
5318 1789
5319 2161
5320 1811
5321 1806
5322 1783
5323 1952
5324 1784
5325 1740
5326 1900
5327 1960
5328 1943
5329 1951
5330 1842
5331 2032
5332 1898
5333 1734
5334 1932
5335 1858
5336 1799
5337 1581
5338 1836
5339 1796
5340 1640
5341 1702
5342 1973
5343 1480
5344 1829
5345 1643
5346 1782
5347 1867
5348 1938
5349 1890
5350 1814
5351 1751
5352 1916
5353 1798
5354 2034
5355 1766
5356 1902
5357 1839
5358 1771
5359 1686
5360 2094
5361 2046
5362 1893
5363 1611
5364 1816
5365 1828
5366 1801
5367 1967
5368 1760
5369 1645
5370 1871
5371 2097
5372 1661
5373 1752
5374 1733
5375 1831
5376 1847
5377 1913
5378 1967
5379 2009
5380 1838
5381 1808
5382 1897
5383 1961
5384 1977
5385 1880
5386 1912
5387 1959
5388 1786
5389 2039
5390 1859
5391 2172
5392 1934
5393 1803
5394 1772
5395 1826
5396 1941
5397 1349
5398 1582
5399 1932
5400 1719
5401 1820
5402 1852
5403 1809
5404 1630
5405 1717
5406 1902
5407 1812
5408 1655
5409 1692
5410 1521
5411 1959
5412 1766
5413 1812
5414 2202
5415 1954
5416 1806
5417 1750
5418 1778
5419 1914
5420 1648
5421 1584
5422 1722
5423 1971
5424 1849
5425 1867
5426 1601
5427 2049
5428 1763
5429 2135
5430 1794
5431 1849
5432 1884
5433 1626
5434 1661
5435 1801
5436 1822
5437 1574
5438 1884
5439 1713
5440 1698
5441 1718
5442 1785
5443 1844
5444 2107
5445 2080
5446 1693
5447 1881
5448 1724
5449 1812
5450 1861
5451 1941
5452 1965
5453 1862
5454 1976
5455 1774
5456 2009
5457 2031
5458 1798
5459 1866
5460 1731
5461 1698
5462 1542
5463 1890
5464 1752
5465 1807
5466 1987
5467 1836
5468 1368
5469 1951
5470 2258
5471 1962
5472 2093
5473 2091
5474 2009
5475 1764
5476 1649
5477 1960
5478 1653
5479 1754
5480 1790
5481 2134
5482 1494
5483 1692
5484 1842
5485 1864
5486 1652
5487 1875
5488 1636
5489 1906
5490 1622
5491 1634
5492 1733
5493 2065
5494 1644
5495 1940
5496 1819
5497 1740
5498 1683
5499 2016
5500 2008
5501 1843
5502 1917
5503 2104
5504 1732
5505 1617
5506 1979
5507 1930
5508 1784
5509 1637
5510 1637
5511 1778
5512 1936
5513 1934
5514 1808
5515 1945
5516 1916
5517 1934
5518 1973
5519 1527
5520 1874
5521 1744
5522 1979
5523 1681
5524 1645
5525 1836
5526 1758
5527 2016
5528 1785
5529 1885
5530 1640
5531 1867
5532 2067
5533 1730
5534 1852
5535 2022
5536 1804
5537 1635
5538 1756
5539 1775
5540 1768
5541 1816
5542 1954
5543 1764
5544 1792
5545 1858
5546 1807
5547 1878
5548 1722
5549 1849
5550 1680
5551 1799
5552 1702
5553 2025
5554 1845
5555 1850
5556 1691
5557 1686
5558 1942
5559 1813
5560 1401
5561 1903
5562 1654
5563 1969
5564 1918
5565 1715
5566 1680
5567 1898
5568 1981
5569 1927
5570 1824
5571 2164
5572 1847
5573 2084
5574 1684
5575 2062
5576 2018
5577 1980
5578 1446
5579 1767
5580 1845
5581 2046
5582 1925
5583 1871
5584 1840
5585 1846
5586 1871
5587 1678
5588 1752
5589 1979
5590 1772
5591 1889
5592 2053
5593 2095
5594 1951
5595 1594
5596 1454
5597 1457
5598 1854
5599 1764
5600 1880
5601 1990
5602 1890
5603 1802
5604 1648
5605 1469
5606 2033
5607 1972
5608 1777
5609 1770
5610 1728
5611 1998
5612 1907
5613 1886
5614 1607
5615 1803
5616 1869
5617 1906
5618 2021
5619 2054
5620 1622
5621 2116
5622 1877
5623 1839
5624 1902
5625 2065
5626 1663
5627 1821
5628 1676
5629 1918
5630 1768
5631 1786
5632 1774
5633 1821
5634 1727
5635 1843
5636 2138
5637 1726
5638 1749
5639 2014
5640 1753
5641 1689
5642 1837
5643 1801
5644 1793
5645 1928
5646 1832
5647 1681
5648 1854
5649 1949
5650 1498
5651 2002
5652 1998
5653 1998
5654 1720
5655 1691
5656 1843
5657 1971
5658 2115
5659 1856
5660 1871
5661 2094
5662 1739
5663 2051
5664 1504
5665 1587
5666 1963
5667 1982
5668 1907
5669 1894
5670 1679
5671 1599
5672 1811
5673 1630
5674 1898
5675 1941
5676 2039
5677 1796
5678 2207
5679 1961
5680 1906
5681 1935
5682 1668
5683 1758
5684 1657
5685 1687
5686 1976
5687 1729
5688 1898
5689 1773
5690 1867
5691 1848
5692 2095
5693 1853
5694 1455
5695 2001
5696 1570
5697 1619
5698 1555
5699 1390
5700 1676
5701 1606
5702 1807
5703 1733
5704 2139
5705 2016
5706 1669
5707 1843
5708 2073
5709 1646
5710 1998
5711 1868
5712 1938
5713 1957
5714 2120
5715 1511
5716 1995
5717 1993
5718 1762
5719 1982
5720 1683
5721 1937
5722 1820
5723 1524
5724 1877
5725 1940
5726 1667
5727 1731
5728 2082
5729 1560
5730 1992
5731 2030
5732 1777
5733 1729
5734 1632
5735 1586
5736 1912
5737 1579
5738 1711
5739 1710
5740 1659
5741 1994
5742 1923
5743 1849
5744 1872
5745 1634
5746 1682
5747 1591
5748 1835
5749 1619
5750 1943
5751 2076
5752 1680
5753 1890
5754 1840
5755 1862
5756 1665
5757 1789
5758 1985
5759 1607
5760 1775
5761 1844
5762 1905
5763 1728
5764 1609
5765 1897
5766 1790
5767 1775
5768 1807
5769 1454
5770 1768
5771 1871
5772 1653
5773 2077
5774 1741
5775 1850
5776 1605
5777 1918
5778 1660
5779 1618
5780 1926
5781 1855
5782 2138
5783 1900
5784 1792
5785 1847
5786 2173
5787 1695
5788 1770
5789 1763
5790 1903
5791 1790
5792 1508
5793 1899
5794 1917
5795 1679
5796 1901
5797 1854
5798 1778
5799 1689
5800 1893
5801 1965
5802 1845
5803 2143
5804 1954
5805 1958
5806 1663
5807 1906
5808 1423
5809 1568
5810 1811
5811 2033
5812 1977
5813 1888
5814 1951
5815 1804
5816 1830
5817 1614
5818 1626
5819 1645
5820 2049
5821 1900
5822 2060
5823 1722
5824 1877
5825 1988
5826 2158
5827 1979
5828 1745
5829 1728
5830 1833
5831 1754
5832 2033
5833 1520
5834 1778
5835 1843
5836 1798
5837 1675
5838 1610
5839 1949
5840 1695
5841 1844
5842 2082
5843 1821
5844 1877
5845 1785
5846 1862
5847 2064
5848 1986
5849 1765
5850 1806
5851 1475
5852 1880
5853 1699
5854 1838
5855 1890
5856 1778
5857 2009
5858 1782
5859 2127
5860 1925
5861 2138
5862 2068
5863 1592
5864 1804
5865 1628
5866 1684
5867 1634
5868 1783
5869 1834
5870 1866
5871 1919
5872 1669
5873 1783
5874 1928
5875 1941
5876 1682
5877 1872
5878 1947
5879 1957
5880 1995
5881 1744
5882 1815
5883 1835
5884 1468
5885 1848
5886 1965
5887 1783
5888 2103
5889 1793
5890 1741
5891 1608
5892 1758
5893 1846
5894 1930
5895 1993
5896 1969
5897 1960
5898 1761
5899 1599
5900 1697
5901 2017
5902 2110
5903 1947
5904 1885
5905 1940
5906 1910
5907 2029
5908 1710
5909 1774
5910 1724
5911 1710
5912 1924
5913 1886
5914 1963
5915 1832
5916 1836
5917 1816
5918 1811
5919 1811
5920 1645
5921 1964
5922 1920
5923 1910
5924 1772
5925 1699
5926 1686
5927 1875
5928 1866
5929 1561
5930 1895
5931 1705
5932 1691
5933 1791
5934 2100
5935 1834
5936 1689
5937 1739
5938 1808
5939 1883
5940 1997
5941 1675
5942 1791
5943 2024
5944 1770
5945 2040
5946 1829
5947 1497
5948 1632
5949 1633
5950 1734
5951 1624
5952 1951
5953 1709
5954 1789
5955 1931
5956 1965
5957 1974
5958 1680
5959 1812
5960 1833
5961 1835
5962 2067
5963 1931
5964 1763
5965 1734
5966 1668
5967 2075
5968 1805
5969 1703
5970 1718
5971 1923
5972 1995
5973 1774
5974 1592
5975 1520
5976 1776
5977 1886
5978 1921
5979 1875
5980 2092
5981 1621
5982 1909
5983 1858
5984 1939
5985 1782
5986 1651
5987 1896
5988 1887
5989 2087
5990 1917
5991 1740
5992 2036
5993 1776
5994 1908
5995 1906
5996 1793
5997 2067
5998 1983
5999 1825
6000 1900
6001 1945
6002 1872
6003 1751
6004 1720
6005 2038
6006 1570
6007 1761
6008 2008
6009 2047
6010 2049
6011 1713
6012 1518
6013 1769
6014 1750
6015 2088
6016 1832
6017 1407
6018 1656
6019 1867
6020 1657
6021 2034
6022 1873
6023 2058
6024 1832
6025 1849
6026 1730
6027 1648
6028 1964
6029 1901
6030 1831
6031 2106
6032 1587
6033 1923
6034 1859
6035 1786
6036 1990
6037 1761
6038 1920
6039 1738
6040 1821
6041 1991
6042 1663
6043 1870
6044 1672
6045 1589
6046 1629
6047 1651
6048 2022
6049 2003
6050 1926
6051 1888
6052 1658
6053 1819
6054 1718
6055 1776
6056 1680
6057 1802
6058 1834
6059 1581
6060 1812
6061 1941
6062 1692
6063 1857
6064 2010
6065 1927
6066 2042
6067 1895
6068 1433
6069 1941
6070 1776
6071 1906
6072 2004
6073 1793
6074 1817
6075 1578
6076 1785
6077 1840
6078 1733
6079 1920
6080 1796
6081 1785
6082 1626
6083 2004
6084 2056
6085 1802
6086 1888
6087 1795
6088 1618
6089 1682
6090 1802
6091 1628
6092 1866
6093 1908
6094 1573
6095 1759
6096 1658
6097 1438
6098 1762
6099 1763
6100 1952
6101 1672
6102 1411
6103 1547
6104 1726
6105 1903
6106 1840
6107 1780
6108 1938
6109 1771
6110 1841
6111 1866
6112 1769
6113 1877
6114 1873
6115 1779
6116 1994
6117 2149
6118 2011
6119 1859
6120 2019
6121 1828
6122 1690
6123 1846
6124 1969
6125 1761
6126 1634
6127 1899
6128 1746
6129 1745
6130 1646
6131 1888
6132 1844
6133 1651
6134 1923
6135 1676
6136 1575
6137 1892
6138 1810
6139 1799
6140 1851
6141 1707
6142 1803
6143 1989
6144 1809
6145 1672
6146 1475
6147 1828
6148 2055
6149 1995
6150 1789
6151 2230
6152 1850
6153 1628
6154 1704
6155 2094
6156 1662
6157 1865
6158 1711
6159 1919
6160 1602
6161 1768
6162 1883
6163 2014
6164 2039
6165 1781
6166 1954
6167 1587
6168 1587
6169 1806
6170 1709
6171 1845
6172 1726
6173 2075
6174 1751
6175 1903
6176 1938
6177 1790
6178 1814
6179 1641
6180 1641
6181 2024
6182 1681
6183 1685
6184 1937
6185 1833
6186 1783
6187 1764
6188 1737
6189 1704
6190 1717
6191 1871
6192 1946
6193 1852
6194 1965
6195 1910
6196 1678
6197 1786
6198 1725
6199 1996
6200 1385
6201 2119
6202 1926
6203 2027
6204 1634
6205 1856
6206 2156
6207 1851
6208 1981
6209 2051
6210 1876
6211 1693
6212 1970
6213 1798
6214 1739
6215 1966
6216 1979
6217 2029
6218 1891
6219 1712
6220 1831
6221 1797
6222 1773
6223 2049
6224 1804
6225 1884
6226 2059
6227 1784
6228 1938
6229 1960
6230 1765
6231 1930
6232 2007
6233 1663
6234 2073
6235 1776
6236 1688
6237 2079
6238 1716
6239 1913
6240 1913
6241 1908
6242 1714
6243 1891
6244 1911
6245 2063
6246 2021
6247 1809
6248 1893
6249 2006
6250 1877
6251 1831
6252 1853
6253 2015
6254 1862
6255 1958
6256 1580
6257 1858
6258 1943
6259 1916
6260 1795
6261 1788
6262 2016
6263 2136
6264 1809
6265 1591
6266 1840
6267 1675
6268 1891
6269 1919
6270 1828
6271 2009
6272 1628
6273 1747
6274 1853
6275 1662
6276 1842
6277 1877
6278 1679
6279 1825
6280 1969
6281 1845
6282 1625
6283 1796
6284 1700
6285 1748
6286 1884
6287 2018
6288 1863
6289 1592
6290 2058
6291 1753
6292 1967
6293 1987
6294 1706
6295 1928
6296 1793
6297 1687
6298 1870
6299 1645
6300 1953
6301 1927
6302 1829
6303 2008
6304 2022
6305 1820
6306 1594
6307 1732
6308 1850
6309 1706
6310 1963
6311 1863
6312 1598
6313 1965
6314 1937
6315 1565
6316 2035
6317 1987
6318 1353
6319 1975
6320 1906
6321 1822
6322 1894
6323 1769
6324 1831
6325 1969
6326 1821
6327 1838
6328 1963
6329 1690
6330 1777
6331 2017
6332 1967
6333 1767
6334 1520
6335 1797
6336 1384
6337 1765
6338 2054
6339 2078
6340 1689
6341 1892
6342 1886
6343 1781
6344 1761
6345 1528
6346 1801
6347 2015
6348 1685
6349 1881
6350 1571
6351 1646
6352 1954
6353 1927
6354 1785
6355 1886
6356 1816
6357 1703
6358 1972
6359 1965
6360 1993
6361 1914
6362 1674
6363 1887
6364 1662
6365 1538
6366 1776
6367 1810
6368 1669
6369 2051
6370 1833
6371 1906
6372 1986
6373 2001
6374 1572
6375 2022
6376 1701
6377 2068
6378 1766
6379 1690
6380 1972
6381 1903
6382 1746
6383 1917
6384 1740
6385 1591
6386 1749
6387 1941
6388 1826
6389 1679
6390 1746
6391 1569
6392 1927
6393 2001
6394 1880
6395 1706
6396 1664
6397 1694
6398 2071
6399 1900
6400 2089
6401 1575
6402 1883
6403 1850
6404 1925
6405 1574
6406 1684
6407 1786
6408 2068
6409 1723
6410 1697
6411 1758
6412 1653
6413 1932
6414 1993
6415 1767
6416 1834
6417 1838
6418 1909
6419 1888
6420 1759
6421 1861
6422 1877
6423 1791
6424 1783
6425 1788
6426 1754
6427 1727
6428 2001
6429 1880
6430 1837
6431 1893
6432 1960
6433 1583
6434 1939
6435 1905
6436 1542
6437 1906
6438 1745
6439 1440
6440 1784
6441 1966
6442 1561
6443 2117
6444 1820
6445 1788
6446 1649
6447 1732
6448 2018
6449 1531
6450 1984
6451 1656
6452 1837
6453 1737
6454 1703
6455 1838
6456 1806
6457 1971
6458 1857
6459 1604
6460 1918
6461 1738
6462 1780
6463 1812
6464 1529
6465 1554
6466 1804
6467 1908
6468 2015
6469 1795
6470 1785
6471 1526
6472 1956
6473 2064
6474 1804
6475 2015
6476 1891
6477 1949
6478 1647
6479 1866
6480 1983
6481 1592
6482 1684
6483 2074
6484 1952
6485 1873
6486 1848
6487 1718
6488 1837
6489 1691
6490 2177
6491 1977
6492 1570
6493 1780
6494 1797
6495 2136
6496 2074
6497 1804
6498 1766
6499 1502
6500 1701
6501 1788
6502 1823
6503 1800
6504 1641
6505 2017
6506 1961
6507 1978
6508 1843
6509 1466
6510 1935
6511 1900
6512 1749
6513 2050
6514 1720
6515 1947
6516 2118
6517 1785
6518 2012
6519 1735
6520 1709
6521 2162
6522 2132
6523 1620
6524 1749
6525 1757
6526 1871
6527 1818
6528 1907
6529 1529
6530 1844
6531 1602
6532 1995
6533 1676
6534 1764
6535 1982
6536 1980
6537 2204
6538 1963
6539 1622
6540 1929
6541 1562
6542 2021
6543 1809
6544 1803
6545 1610
6546 1848
6547 1898
6548 1782
6549 1934
6550 2163
6551 1882
6552 1694
6553 1604
6554 1936
6555 1930
6556 1827
6557 1760
6558 1813
6559 1941
6560 2008
6561 1862
6562 1905
6563 1704
6564 1795
6565 2203
6566 2088
6567 1871
6568 1815
6569 2000
6570 2018
6571 1760
6572 1926
6573 1739
6574 1898
6575 1957
6576 1870
6577 1825
6578 2122
6579 2176
6580 1773
6581 1881
6582 1849
6583 2202
6584 1755
6585 2082
6586 1885
6587 1999
6588 2006
6589 1781
6590 1708
6591 1785
6592 1922
6593 1972
6594 2126
6595 1823
6596 1725
6597 1756
6598 1913
6599 2017
6600 1761
6601 1507
6602 1972
6603 1935
6604 1790
6605 1912
6606 1920
6607 1905
6608 2059
6609 1701
6610 1842
6611 2130
6612 1888
6613 1691
6614 1421
6615 1744
6616 1637
6617 1656
6618 2132
6619 1721
6620 2009
6621 1799
6622 1948
6623 1696
6624 1819
6625 1817
6626 1657
6627 1613
6628 1977
6629 1989
6630 2011
6631 2001
6632 1837
6633 1693
6634 1971
6635 1892
6636 1922
6637 1902
6638 2011
6639 1583
6640 1643
6641 1735
6642 1942
6643 2025
6644 1865
6645 1800
6646 2055
6647 1744
6648 1891
6649 2050
6650 1866
6651 2029
6652 1802
6653 1912
6654 1905
6655 1871
6656 1758
6657 1674
6658 1785
6659 1878
6660 1876
6661 2013
6662 1796
6663 1762
6664 2078
6665 2111
6666 1917
6667 1596
6668 1761
6669 1682
6670 1663
6671 1921
6672 1643
6673 1870
6674 1615
6675 1784
6676 1819
6677 1716
6678 1819
6679 1878
6680 1892
6681 1593
6682 1720
6683 1940
6684 1798
6685 1524
6686 1991
6687 2048
6688 1640
6689 1932
6690 1892
6691 1760
6692 1952
6693 1965
6694 1939
6695 2020
6696 1974
6697 1769
6698 2113
6699 1710
6700 1821
6701 1698
6702 1782
6703 1984
6704 1917
6705 1690
6706 1872
6707 1763
6708 1502
6709 1899
6710 1821
6711 1868
6712 1718
6713 1756
6714 1883
6715 1927
6716 1985
6717 2011
6718 1895
6719 2042
6720 1805
6721 1822
6722 1894
6723 1459
6724 1793
6725 1707
6726 2038
6727 2030
6728 1750
6729 1405
6730 1857
6731 1771
6732 1688
6733 1616
6734 1856
6735 1939
6736 1786
6737 1898
6738 1995
6739 1791
6740 2003
6741 2006
6742 1814
6743 1801
6744 2020
6745 2048
6746 1907
6747 2229
6748 1723
6749 1950
6750 1849
6751 1735
6752 1823
6753 1832
6754 1877
6755 1731
6756 1912
6757 1782
6758 1747
6759 1833
6760 1909
6761 1915
6762 2037
6763 1818
6764 1974
6765 1782
6766 1783
6767 1678
6768 1777
6769 1844
6770 1475
6771 1657
6772 1846
6773 1824
6774 1806
6775 1358
6776 1764
6777 1765
6778 1991
6779 1660
6780 1903
6781 1752
6782 1747
6783 1959
6784 1717
6785 1903
6786 1864
6787 1800
6788 1836
6789 1767
6790 1864
6791 1752
6792 1732
6793 1607
6794 2054
6795 1721
6796 1587
6797 1676
6798 1835
6799 1853
6800 1742
6801 1889
6802 1940
6803 1856
6804 2076
6805 1889
6806 1650
6807 1458
6808 1859
6809 1790
6810 1694
6811 1977
6812 1923
6813 1796
6814 1611
6815 1586
6816 1674
6817 1765
6818 1681
6819 1952
6820 1853
6821 1856
6822 1814
6823 1843
6824 2149
6825 1779
6826 1561
6827 1759
6828 1637
6829 1890
6830 1888
6831 1656
6832 1515
6833 1815
6834 1853
6835 1846
6836 1869
6837 1880
6838 1627
6839 1967
6840 1584
6841 1906
6842 1877
6843 1654
6844 1766
6845 1986
6846 1985
6847 1923
6848 1822
6849 1490
6850 2015
6851 2104
6852 1726
6853 1711
6854 2124
6855 1828
6856 1830
6857 1935
6858 1744
6859 1527
6860 2004
6861 1624
6862 2052
6863 2019
6864 1905
6865 1950
6866 1610
6867 1866
6868 1771
6869 1945
6870 1860
6871 1803
6872 1881
6873 1954
6874 1801
6875 2046
6876 1918
6877 1726
6878 1966
6879 1868
6880 1652
6881 1865
6882 1916
6883 2128
6884 1685
6885 2159
6886 2188
6887 1837
6888 1950
6889 1915
6890 1910
6891 2035
6892 1924
6893 1776
6894 1791
6895 1812
6896 1999
6897 1821
6898 1897
6899 1937
6900 1874
6901 1863
6902 1785
6903 1950
6904 1840
6905 1769
6906 1861
6907 1947
6908 2092
6909 2075
6910 1605
6911 1664
6912 1734
6913 1706
6914 1801
6915 1909
6916 1935
6917 1790
6918 1622
6919 1824
6920 1845
6921 1561
6922 1818
6923 1929
6924 1710
6925 2063
6926 2025
6927 1902
6928 1781
6929 1734
6930 2129
6931 1886
6932 1589
6933 1987
6934 2134
6935 1956
6936 1976
6937 1829
6938 1628
6939 1634
6940 1945
6941 1858
6942 1607
6943 1857
6944 2015
6945 1898
6946 1832
6947 1908
6948 1909
6949 1970
6950 2194
6951 1907
6952 1730
6953 1995
6954 2007
6955 1654
6956 2118
6957 1620
6958 1644
6959 1888
6960 1698
6961 1739
6962 2009
6963 1503
6964 1611
6965 2043
6966 2127
6967 1895
6968 1610
6969 1940
6970 2123
6971 1758
6972 1942
6973 1755
6974 1913
6975 1744
6976 1686
6977 1652
6978 1725
6979 1735
6980 1940
6981 1628
6982 1697
6983 1769
6984 1555
6985 1875
6986 1917
6987 1915
6988 1954
6989 1993
6990 1801
6991 1986
6992 1855
6993 1849
6994 1637
6995 1702
6996 1649
6997 1992
6998 1798
6999 1794
7000 1950
7001 1926
7002 1676
7003 1991
7004 1653
7005 1583
7006 1838
7007 1874
7008 1718
7009 1937
7010 1720
7011 1870
7012 1536
7013 1895
7014 1758
7015 2017
7016 1655
7017 1951
7018 1845
7019 1480
7020 1611
7021 1701
7022 1917
7023 1879
7024 1805
7025 1817
7026 1702
7027 2108
7028 1697
7029 1827
7030 1855
7031 1698
7032 1749
7033 2125
7034 1954
7035 1761
7036 1836
7037 1750
7038 1639
7039 2051
7040 1638
7041 1604
7042 1826
7043 1813
7044 1887
7045 1908
7046 1866
7047 1960
7048 1663
7049 1555
7050 1867
7051 1772
7052 1816
7053 2320
7054 1765
7055 1805
7056 1708
7057 1952
7058 2092
7059 1879
7060 1677
7061 1699
7062 1794
7063 2073
7064 1676
7065 1978
7066 1987
7067 1540
7068 1767
7069 1569
7070 1895
7071 1821
7072 1520
7073 1684
7074 1717
7075 1577
7076 1926
7077 1819
7078 1919
7079 1819
7080 1387
7081 1995
7082 1815
7083 2142
7084 1812
7085 2035
7086 1854
7087 2023
7088 2013
7089 1742
7090 1809
7091 1949
7092 2187
7093 1677
7094 1972
7095 1875
7096 1860
7097 1798
7098 1701
7099 1763
7100 2086
7101 1916
7102 1707
7103 1784
7104 1357
7105 1739
7106 1971
7107 1647
7108 2007
7109 1606
7110 2103
7111 2011
7112 1933
7113 1999
7114 1831
7115 1911
7116 1928
7117 2128
7118 1793
7119 1739
7120 1946
7121 1689
7122 1706
7123 1654
7124 1857
7125 1929
7126 1776
7127 1641
7128 1618
7129 1913
7130 2124
7131 1868
7132 1865
7133 1993
7134 1925
7135 1806
7136 1854
7137 1712
7138 1962
7139 1672
7140 2158
7141 2029
7142 1727
7143 1901
7144 1838
7145 1940
7146 1775
7147 1702
7148 2115
7149 1924
7150 1750
7151 1312
7152 1608
7153 1655
7154 1913
7155 1745
7156 2001
7157 1911
7158 1550
7159 1803
7160 1693
7161 1771
7162 1699
7163 1943
7164 1938
7165 2019
7166 1721
7167 1866
7168 2040
7169 2084
7170 1883
7171 1810
7172 2159
7173 1813
7174 1688
7175 1770
7176 1863
7177 1935
7178 2140
7179 2060
7180 2153
7181 1445
7182 1759
7183 2032
7184 1621
7185 1910
7186 1889
7187 1908
7188 1731
7189 1896
7190 1859
7191 1887
7192 1727
7193 1686
7194 2113
7195 1847
7196 1994
7197 1759
7198 1787
7199 1969
7200 1642
7201 1727
7202 1866
7203 1942
7204 1622
7205 1983
7206 1729
7207 1650
7208 1873
7209 1805
7210 2103
7211 1763
7212 1748
7213 1890
7214 1845
7215 2074
7216 1854
7217 1768
7218 1633
7219 1739
7220 1816
7221 1889
7222 1782
7223 1785
7224 2056
7225 1826
7226 1587
7227 1922
7228 1988
7229 2029
7230 1793
7231 1796
7232 1856
7233 1984
7234 1792
7235 1771
7236 1940
7237 1767
7238 1947
7239 1790
7240 1901
7241 2157
7242 1870
7243 1841
7244 1821
7245 1688
7246 1801
7247 1887
7248 1570
7249 1844
7250 1798
7251 1987
7252 1962
7253 1589
7254 1858
7255 1923
7256 1783
7257 1833
7258 1612
7259 1644
7260 2024
7261 2020
7262 1978
7263 1935
7264 1739
7265 1710
7266 1822
7267 1545
7268 1757
7269 1974
7270 1582
7271 1825
7272 1463
7273 1267
7274 1594
7275 1651
7276 1876
7277 1789
7278 1934
7279 1966
7280 1755
7281 2002
7282 1978
7283 1839
7284 1883
7285 1548
7286 1858
7287 1676
7288 1660
7289 1913
7290 1711
7291 1966
7292 2012
7293 1727
7294 1653
7295 1855
7296 1996
7297 2049
7298 1653
7299 1514
7300 1603
7301 1670
7302 2043
7303 2232
7304 1732
7305 1777
7306 1816
7307 1747
7308 2035
7309 1845
7310 1850
7311 1739
7312 1719
7313 1837
7314 1790
7315 1905
7316 2118
7317 1973
7318 1776
7319 1532
7320 1909
7321 1765
7322 1590
7323 2117
7324 1593
7325 1995
7326 2012
7327 1774
7328 1854
7329 1820
7330 1614
7331 1778
7332 1706
7333 1971
7334 1605
7335 1804
7336 1827
7337 1515
7338 1947
7339 1767
7340 1844
7341 2020
7342 1917
7343 1974
7344 2050
7345 1939
7346 1810
7347 1912
7348 1851
7349 1826
7350 1843
7351 1508
7352 1922
7353 2015
7354 1640
7355 1879
7356 1904
7357 1815
7358 2212
7359 1732
7360 1796
7361 1830
7362 1593
7363 2260
7364 1786
7365 1973
7366 1865
7367 1886
7368 1678
7369 1928
7370 1828
7371 1859
7372 1723
7373 1807
7374 1861
7375 1531
7376 1968
7377 1977
7378 1757
7379 1845
7380 1851
7381 1749
7382 1673
7383 1782
7384 1844
7385 2027
7386 1538
7387 1652
7388 1944
7389 1959
7390 1767
7391 1839
7392 1712
7393 1850
7394 1781
7395 1907
7396 1665
7397 1621
7398 2048
7399 2035
7400 1612
7401 1723
7402 1719
7403 1742
7404 1849
7405 1847
7406 1849
7407 2020
7408 1776
7409 2042
7410 1906
7411 1759
7412 1717
7413 1816
7414 1743
7415 1785
7416 1766
7417 1742
7418 1894
7419 1834
7420 1672
7421 1831
7422 1832
7423 1966
7424 1683
7425 1857
7426 1896
7427 1757
7428 1902
7429 1799
7430 2030
7431 1713
7432 1595
7433 1772
7434 1718
7435 2000
7436 1829
7437 1967
7438 2070
7439 1483
7440 1739
7441 1741
7442 1997
7443 1923
7444 1567
7445 1579
7446 1782
7447 1785
7448 1702
7449 1678
7450 1966
7451 1935
7452 1769
7453 1764
7454 1993
7455 1952
7456 1882
7457 2001
7458 1981
7459 1948
7460 2193
7461 1780
7462 1935
7463 1743
7464 1950
7465 2058
7466 1858
7467 1779
7468 2040
7469 1612
7470 1850
7471 1789
7472 1744
7473 1763
7474 1957
7475 1890
7476 1886
7477 1926
7478 1863
7479 2082
7480 1704
7481 2019
7482 1915
7483 1790
7484 1918
7485 2060
7486 1794
7487 1654
7488 1874
7489 1665
7490 1582
7491 1779
7492 1950
7493 1913
7494 1937
7495 1968
7496 1732
7497 1703
7498 1946
7499 1772
7500 1704
7501 1979
7502 2012
7503 1933
7504 1773
7505 1943
7506 1577
7507 1796
7508 2114
7509 1811
7510 1591
7511 1839
7512 1828
7513 1624
7514 1987
7515 1830
7516 1988
7517 1747
7518 1840
7519 1960
7520 1717
7521 1635
7522 1860
7523 1828
7524 1813
7525 1906
7526 1793
7527 2151
7528 1981
7529 2021
7530 2019
7531 1883
7532 1930
7533 1912
7534 2022
7535 1508
7536 1767
7537 2105
7538 1951
7539 1664
7540 1792
7541 1716
7542 1752
7543 1406
7544 2009
7545 1644
7546 1850
7547 1651
7548 1996
7549 1827
7550 1674
7551 1746
7552 1745
7553 1953
7554 2070
7555 1846
7556 1864
7557 1713
7558 1982
7559 1830
7560 1843
7561 1907
7562 1826
7563 1869
7564 1611
7565 1828
7566 1680
7567 1784
7568 1970
7569 2029
7570 1521
7571 1720
7572 1733
7573 1764
7574 2078
7575 2136
7576 2152
7577 1805
7578 1927
7579 1550
7580 1791
7581 1880
7582 1878
7583 2078
7584 2034
7585 1731
7586 2014
7587 2009
7588 1911
7589 1700
7590 1811
7591 1873
7592 1936
7593 1672
7594 1882
7595 1796
7596 1656
7597 1558
7598 1511
7599 1814
7600 1883
7601 1680
7602 1675
7603 1651
7604 1891
7605 1683
7606 1689
7607 1907
7608 1852
7609 1857
7610 1871
7611 1855
7612 2188
7613 1786
7614 2039
7615 2019
7616 1915
7617 1530
7618 1713
7619 2076
7620 1885
7621 1573
7622 1671
7623 1754
7624 1540
7625 2053
7626 1666
7627 1826
7628 1748
7629 1812
7630 1880
7631 1498
7632 2044
7633 1881
7634 1955
7635 1931
7636 1541
7637 1660
7638 2212
7639 1927
7640 1895
7641 2018
7642 1659
7643 1786
7644 1679
7645 1778
7646 1863
7647 2058
7648 1881
7649 2013
7650 1751
7651 2021
7652 1892
7653 1822
7654 1763
7655 1911
7656 1771
7657 1814
7658 1962
7659 1970
7660 1930
7661 1665
7662 1848
7663 1719
7664 1710
7665 1911
7666 1950
7667 2056
7668 1855
7669 1890
7670 1709
7671 1832
7672 1694
7673 1891
7674 1968
7675 1826
7676 1775
7677 1805
7678 1974
7679 2027
7680 1726
7681 1725
7682 1732
7683 1982
7684 1733
7685 1768
7686 2021
7687 1915
7688 1937
7689 1808
7690 1783
7691 1493
7692 1880
7693 1774
7694 1854
7695 1790
7696 1731
7697 1808
7698 1391
7699 1666
7700 1820
7701 1802
7702 1709
7703 1928
7704 1722
7705 1607
7706 1599
7707 1746
7708 2075
7709 1874
7710 1671
7711 1822
7712 1924
7713 1792
7714 1981
7715 1847
7716 1853
7717 1708
7718 1718
7719 1818
7720 1921
7721 1834
7722 2014
7723 1687
7724 1784
7725 1947
7726 1948
7727 1563
7728 2147
7729 1694
7730 2002
7731 1643
7732 1602
7733 1711
7734 1833
7735 1381
7736 1850
7737 1898
7738 1776
7739 2058
7740 1469
7741 1957
7742 1893
7743 1700
7744 1796
7745 1520
7746 1647
7747 1687
7748 1816
7749 1815
7750 1629
7751 1750
7752 2070
7753 1707
7754 1809
7755 1654
7756 1747
7757 1826
7758 2142
7759 1764
7760 1727
7761 1977
7762 2072
7763 1949
7764 1651
7765 2022
7766 1788
7767 1713
7768 2009
7769 1732
7770 2019
7771 1672
7772 1918
7773 1679
7774 1817
7775 1975
7776 1896
7777 1899
7778 2017
7779 1791
7780 1733
7781 1956
7782 2039
7783 1886
7784 1969
7785 1951
7786 1717
7787 2043
7788 2078
7789 1859
7790 1952
7791 1949
7792 1994
7793 1605
7794 1808
7795 1859
7796 1950
7797 2081
7798 1809
7799 1796
7800 1955
7801 1780
7802 1892
7803 1884
7804 1611
7805 1568
7806 1581
7807 2031
7808 2193
7809 1941
7810 1706
7811 1730
7812 1491
7813 1645
7814 1637
7815 1723
7816 1725
7817 1833
7818 1959
7819 2006
7820 1878
7821 1780
7822 1533
7823 1917
7824 1670
7825 1690
7826 1858
7827 1788
7828 1981
7829 1702
7830 1818
7831 1857
7832 1655
7833 1676
7834 1951
7835 1548
7836 1854
7837 1565
7838 1978
7839 1914
7840 2025
7841 1769
7842 1660
7843 1911
7844 1630
7845 2090
7846 1860
7847 1377
7848 1846
7849 1828
7850 1628
7851 1753
7852 1903
7853 1730
7854 1611
7855 1762
7856 1923
7857 1842
7858 1860
7859 1788
7860 1933
7861 1924
7862 2129
7863 1801
7864 1693
7865 1714
7866 1685
7867 1784
7868 1938
7869 1890
7870 1769
7871 1626
7872 1846
7873 1904
7874 1767
7875 1850
7876 1818
7877 1800
7878 1726
7879 2080
7880 1906
7881 1865
7882 1899
7883 1850
7884 1899
7885 2100
7886 2013
7887 1728
7888 2025
7889 1695
7890 1633
7891 1247
7892 1619
7893 1821
7894 1856
7895 1625
7896 2050
7897 1609
7898 1879
7899 1549
7900 1903
7901 1895
7902 1926
7903 2020
7904 1855
7905 2097
7906 1553
7907 1943
7908 1824
7909 1961
7910 1766
7911 1999
7912 1689
7913 1851
7914 1893
7915 1776
7916 1983
7917 1780
7918 1715
7919 1699
7920 1665
7921 1631
7922 1955
7923 1792
7924 1463
7925 1840
7926 1869
7927 1869
7928 1899
7929 1862
7930 1647
7931 1856
7932 1822
7933 1849
7934 1601
7935 1899
7936 1877
7937 1874
7938 1506
7939 1528
7940 1746
7941 1855
7942 1866
7943 1909
7944 1667
7945 2012
7946 1839
7947 2028
7948 1962
7949 1964
7950 1825
7951 1926
7952 1897
7953 1972
7954 1546
7955 1564
7956 1574
7957 1417
7958 2020
7959 1869
7960 1807
7961 1809
7962 1719
7963 1715
7964 2042
7965 1910
7966 1926
7967 1707
7968 1854
7969 1771
7970 1924
7971 1922
7972 1918
7973 1936
7974 1771
7975 1645
7976 1933
7977 1737
7978 1552
7979 1705
7980 2004
7981 2016
7982 1848
7983 1700
7984 1717
7985 1477
7986 1990
7987 1979
7988 2007
7989 2017
7990 1602
7991 1701
7992 1928
7993 2034
7994 1620
7995 2055
7996 1603
7997 1929
7998 2002
7999 1960
8000 1937
8001 1841
8002 1516
8003 1822
8004 1727
8005 1759
8006 1824
8007 1878
8008 1891
8009 1774
8010 1974
8011 1989
8012 1663
8013 1891
8014 1709
8015 1705
8016 1606
8017 1998
8018 1720
8019 1791
8020 1749
8021 1747
8022 1743
8023 2059
8024 1963
8025 1696
8026 1979
8027 1742
8028 1713
8029 1833
8030 1521
8031 1381
8032 2068
8033 1741
8034 1983
8035 1706
8036 1454
8037 2023
8038 1817
8039 1998
8040 1758
8041 1906
8042 1893
8043 2088
8044 1737
8045 1681
8046 2040
8047 1786
8048 1940
8049 2013
8050 1799
8051 1912
8052 1628
8053 1586
8054 1674
8055 2017
8056 1891
8057 2027
8058 1726
8059 2103
8060 1935
8061 1826
8062 1880
8063 1995
8064 1586
8065 1898
8066 1799
8067 1762
8068 1671
8069 1790
8070 1972
8071 2038
8072 1949
8073 1704
8074 1871
8075 1613
8076 1784
8077 1695
8078 1506
8079 2039
8080 1576
8081 1524
8082 1818
8083 1773
8084 1825
8085 2095
8086 1886
8087 1673
8088 2046
8089 1775
8090 1697
8091 1767
8092 1694
8093 1987
8094 1707
8095 1818
8096 2192
8097 1860
8098 1785
8099 1948
8100 1845
8101 2029
8102 1729
8103 1891
8104 1716
8105 1884
8106 1824
8107 1714
8108 1880
8109 1779
8110 1845
8111 1984
8112 1873
8113 1904
8114 1946
8115 1937
8116 1903
8117 1754
8118 1888
8119 1902
8120 1817
8121 1797
8122 2052
8123 1933
8124 1837
8125 1869
8126 1828
8127 1720
8128 1891
8129 1777
8130 1727
8131 1877
8132 1825
8133 1945
8134 1862
8135 1954
8136 1962
8137 2023
8138 2062
8139 1788
8140 1722
8141 1867
8142 1898
8143 1651
8144 1700
8145 2046
8146 1794
8147 1766
8148 1902
8149 1727
8150 1744
8151 1843
8152 1800
8153 2033
8154 1682
8155 2053
8156 1852
8157 1544
8158 1951
8159 1832
8160 1941
8161 1766
8162 1942
8163 1838
8164 1816
8165 1595
8166 1730
8167 1841
8168 1663
8169 2113
8170 1939
8171 1856
8172 2060
8173 1732
8174 2025
8175 1740
8176 1879
8177 1803
8178 1980
8179 1901
8180 1949
8181 1906
8182 1743
8183 1637
8184 1712
8185 1676
8186 1839
8187 1769
8188 1876
8189 1555
8190 2029
8191 2069
8192 1884
8193 1872
8194 1831
8195 1810
8196 1641
8197 1989
8198 2001
8199 1774
8200 1803
8201 2107
8202 1916
8203 1808
8204 1845
8205 1974
8206 1849
8207 1815
8208 1488
8209 1968
8210 2061
8211 1866
8212 1650
8213 1835
8214 1510
8215 1559
8216 1773
8217 1982
8218 1968
8219 1923
8220 1680
8221 1694
8222 2013
8223 1874
8224 1652
8225 2034
8226 1657
8227 1984
8228 1940
8229 1715
8230 1931
8231 1744
8232 1721
8233 1938
8234 1705
8235 2006
8236 1876
8237 2055
8238 1710
8239 1878
8240 1789
8241 2034
8242 1679
8243 1996
8244 1721
8245 1778
8246 1835
8247 2449
8248 1951
8249 1783
8250 1854
8251 1632
8252 1721
8253 1856
8254 2012
8255 2038
8256 1738
8257 1619
8258 1780
8259 1908
8260 1684
8261 1799
8262 1653
8263 1796
8264 1941
8265 1831
8266 1452
8267 1947
8268 1825
8269 1873
8270 1753
8271 1498
8272 1750
8273 1708
8274 1677
8275 1724
8276 1752
8277 1845
8278 1762
8279 1511
8280 2052
8281 1796
8282 1825
8283 1875
8284 2042
8285 1956
8286 1972
8287 1827
8288 1780
8289 1886
8290 2056
8291 1967
8292 1705
8293 1902
8294 1943
8295 1870
8296 1746
8297 1658
8298 1616
8299 1905
8300 1843
8301 1837
8302 1806
8303 1813
8304 1744
8305 1982
8306 1868
8307 2007
8308 1864
8309 1763
8310 1722
8311 1870
8312 1748
8313 1468
8314 1833
8315 2055
8316 1860
8317 1933
8318 1812
8319 1659
8320 1855
8321 1737
8322 1914
8323 1703
8324 2073
8325 1646
8326 1781
8327 2161
8328 1901
8329 1764
8330 1960
8331 1911
8332 1674
8333 1964
8334 1671
8335 1952
8336 1640
8337 1879
8338 2017
8339 1633
8340 1869
8341 1923
8342 1840
8343 1828
8344 1815
8345 1552
8346 1751
8347 2032
8348 1969
8349 1499
8350 1891
8351 1923
8352 1850
8353 1792
8354 1994
8355 2137
8356 1707
8357 1915
8358 1834
8359 1841
8360 1909
8361 1834
8362 1919
8363 1839
8364 1675
8365 1887
8366 1988
8367 1669
8368 1638
8369 1855
8370 2085
8371 1936
8372 1670
8373 1688
8374 1396
8375 1911
8376 1669
8377 1906
8378 1743
8379 1686
8380 1994
8381 1962
8382 1896
8383 1881
8384 1712
8385 1801
8386 1805
8387 1784
8388 1912
8389 1639
8390 1736
8391 1858
8392 1975
8393 1455
8394 1612
8395 1942
8396 1788
8397 1848
8398 1767
8399 1676
8400 1843
8401 1928
8402 1757
8403 1773
8404 1633
8405 1673
8406 1713
8407 1706
8408 1976
8409 1785
8410 1700
8411 2062
8412 1651
8413 1866
8414 1926
8415 1801
8416 1810
8417 2190
8418 1770
8419 2106
8420 1722
8421 1453
8422 1767
8423 1949
8424 1934
8425 1934
8426 1750
8427 1922
8428 1879
8429 1853
8430 2020
8431 1557
8432 1943
8433 1882
8434 1810
8435 1910
8436 1739
8437 1796
8438 2040
8439 1743
8440 1796
8441 1726
8442 1810
8443 1743
8444 1681
8445 2117
8446 1923
8447 1862
8448 1957
8449 1767
8450 1462
8451 1988
8452 1812
8453 1815
8454 1779
8455 1790
8456 1979
8457 1693
8458 1689
8459 1739
8460 2000
8461 1671
8462 1820
8463 1940
8464 1760
8465 1769
8466 1710
8467 1757
8468 1905
8469 1833
8470 1962
8471 1968
8472 1742
8473 1880
8474 1578
8475 1702
8476 1868
8477 2021
8478 1868
8479 1889
8480 1830
8481 1823
8482 1842
8483 1896
8484 1491
8485 1533
8486 1630
8487 1837
8488 1503
8489 1854
8490 1625
8491 1906
8492 1624
8493 1766
8494 1798
8495 1889
8496 1664
8497 1794
8498 1865
8499 1551
8500 1791
8501 1930
8502 1805
8503 1856
8504 1703
8505 1955
8506 1516
8507 1831
8508 1811
8509 1723
8510 1807
8511 1968
8512 1881
8513 2037
8514 1870
8515 1940
8516 1699
8517 1673
8518 1560
8519 1834
8520 1601
8521 1621
8522 1840
8523 1782
8524 1811
8525 1831
8526 1970
8527 1848
8528 1523
8529 1770
8530 1971
8531 1665
8532 1932
8533 1967
8534 1687
8535 1746
8536 1860
8537 1496
8538 1569
8539 1557
8540 1938
8541 1936
8542 2003
8543 2030
8544 1911
8545 1769
8546 1978
8547 1789
8548 1604
8549 1907
8550 1768
8551 1976
8552 1974
8553 1556
8554 1934
8555 2083
8556 2159
8557 1993
8558 1689
8559 1965
8560 1801
8561 1572
8562 1863
8563 1744
8564 2063
8565 2028
8566 1866
8567 1981
8568 2030
8569 1957
8570 1959
8571 1831
8572 1828
8573 1538
8574 1748
8575 1622
8576 1899
8577 2022
8578 1980
8579 1696
8580 1845
8581 1666
8582 1894
8583 1782
8584 2148
8585 2164
8586 1949
8587 1824
8588 1589
8589 1468
8590 1738
8591 1842
8592 1915
8593 1873
8594 1750
8595 2087
8596 1544
8597 1601
8598 1660
8599 2050
8600 1738
8601 1858
8602 1592
8603 1329
8604 1971
8605 1946
8606 1892
8607 1848
8608 1790
8609 1699
8610 1701
8611 1806
8612 1906
8613 1958
8614 1827
8615 1901
8616 1655
8617 1625
8618 1795
8619 1698
8620 1605
8621 1766
8622 1941
8623 1431
8624 1812
8625 2092
8626 1589
8627 1863
8628 1765
8629 2065
8630 1898
8631 1920
8632 1536
8633 1755
8634 1923
8635 1839
8636 1713
8637 1936
8638 1663
8639 1746
8640 1919
8641 1593
8642 1950
8643 1990
8644 1983
8645 1727
8646 1757
8647 1921
8648 1846
8649 1881
8650 1910
8651 1767
8652 1898
8653 1978
8654 1931
8655 1810
8656 1616
8657 1544
8658 1937
8659 1982
8660 1814
8661 1668
8662 1876
8663 1828
8664 1673
8665 1659
8666 1769
8667 1847
8668 2044
8669 1894
8670 1799
8671 1806
8672 1822
8673 1563
8674 1691
8675 1963
8676 1818
8677 1859
8678 1861
8679 1850
8680 1889
8681 1713
8682 1767
8683 1925
8684 1994
8685 1851
8686 1439
8687 1619
8688 1975
8689 1824
8690 1697
8691 1860
8692 1928
8693 1860
8694 1825
8695 1619
8696 1796
8697 1621
8698 1896
8699 1812
8700 1802
8701 1735
8702 1888
8703 1988
8704 1681
8705 1493
8706 1558
8707 1624
8708 1696
8709 1524
8710 1546
8711 1706
8712 1547
8713 1817
8714 1846
8715 1824
8716 1679
8717 1624
8718 1827
8719 1832
8720 2035
8721 1918
8722 2106
8723 1790
8724 1919
8725 1694
8726 1751
8727 1955
8728 1605
8729 1844
8730 1897
8731 1692
8732 1800
8733 1849
8734 2008
8735 1265
8736 1733
8737 1683
8738 2030
8739 1789
8740 1749
8741 1674
8742 1805
8743 1753
8744 1759
8745 1497
8746 1857
8747 1875
8748 1999
8749 1636
8750 1951
8751 1837
8752 1746
8753 1940
8754 1744
8755 1746
8756 1662
8757 1854
8758 1712
8759 1655
8760 1873
8761 1639
8762 1721
8763 1866
8764 1982
8765 1828
8766 1975
8767 1947
8768 1867
8769 1899
8770 1695
8771 1964
8772 1900
8773 1822
8774 1976
8775 1806
8776 1704
8777 1966
8778 1933
8779 1674
8780 2079
8781 1889
8782 1626
8783 1681
8784 1592
8785 2065
8786 1629
8787 1732
8788 1844
8789 1759
8790 1632
8791 1755
8792 1975
8793 2065
8794 1980
8795 1944
8796 1699
8797 2076
8798 1514
8799 2136
8800 1824
8801 1744
8802 1726
8803 1994
8804 1564
8805 1686
8806 1908
8807 2124
8808 1790
8809 1804
8810 1662
8811 1566
8812 1992
8813 1843
8814 1895
8815 2030
8816 1483
8817 1844
8818 1844
8819 1950
8820 1766
8821 1677
8822 2095
8823 1970
8824 1690
8825 1675
8826 1676
8827 1875
8828 1748
8829 1885
8830 1723
8831 1931
8832 2011
8833 1989
8834 1941
8835 1876
8836 1905
8837 1557
8838 1935
8839 2065
8840 1973
8841 2066
8842 1874
8843 1974
8844 1966
8845 1785
8846 1679
8847 1895
8848 1533
8849 1773
8850 1845
8851 1994
8852 1705
8853 1943
8854 1765
8855 1970
8856 1973
8857 1897
8858 1667
8859 1818
8860 1837
8861 1968
8862 1887
8863 1792
8864 1646
8865 1898
8866 1754
8867 1308
8868 1870
8869 1969
8870 1912
8871 1754
8872 1988
8873 1563
8874 1847
8875 1830
8876 1893
8877 1679
8878 1861
8879 1758
8880 1995
8881 1522
8882 1358
8883 1592
8884 2020
8885 1971
8886 1867
8887 1798
8888 1702
8889 1989
8890 1840
8891 1628
8892 1734
8893 1680
8894 1960
8895 1891
8896 1939
8897 1644
8898 1836
8899 2077
8900 1938
8901 2063
8902 1620
8903 2102
8904 1784
8905 1613
8906 1746
8907 1851
8908 1833
8909 1695
8910 1918
8911 1563
8912 1727
8913 1809
8914 1597
8915 2043
8916 1821
8917 1693
8918 1906
8919 1744
8920 1846
8921 1650
8922 2087
8923 1949
8924 1875
8925 1926
8926 1937
8927 1759
8928 1538
8929 1727
8930 1645
8931 1764
8932 1996
8933 1974
8934 1863
8935 1696
8936 1751
8937 1743
8938 1809
8939 1975
8940 1867
8941 1753
8942 1558
8943 1361
8944 1879
8945 1496
8946 1826
8947 2015
8948 1962
8949 2146
8950 1693
8951 1885
8952 2057
8953 1905
8954 1617
8955 1798
8956 1753
8957 1551
8958 1687
8959 1795
8960 1821
8961 1842
8962 1930
8963 1847
8964 1792
8965 1978
8966 1613
8967 1933
8968 1447
8969 1679
8970 1879
8971 2051
8972 1644
8973 1829
8974 1802
8975 1642
8976 2060
8977 1881
8978 1863
8979 1988
8980 1912
8981 1848
8982 1848
8983 1895
8984 1838
8985 1804
8986 1718
8987 1785
8988 1836
8989 1771
8990 1950
8991 1680
8992 1904
8993 1757
8994 1799
8995 1928
8996 1840
8997 1806
8998 1862
8999 1600
9000 1967
9001 1974
9002 1661
9003 1497
9004 1801
9005 1995
9006 1918
9007 1486
9008 1832
9009 1764
9010 2033
9011 1934
9012 1910
9013 1668
9014 1739
9015 1828
9016 1794
9017 1814
9018 1974
9019 1882
9020 1981
9021 1959
9022 1906
9023 1935
9024 1869
9025 1844
9026 1730
9027 1786
9028 1554
9029 1647
9030 1833
9031 1720
9032 1684
9033 2121
9034 1935
9035 2095
9036 1970
9037 1539
9038 1939
9039 2065
9040 1681
9041 1558
9042 1742
9043 1825
9044 1901
9045 2037
9046 1706
9047 1694
9048 1877
9049 1414
9050 1826
9051 1877
9052 1915
9053 2050
9054 1672
9055 1847
9056 1609
9057 1694
9058 1598
9059 1581
9060 1697
9061 1711
9062 1688
9063 1751
9064 1881
9065 1757
9066 1845
9067 2061
9068 1756
9069 1792
9070 2016
9071 2019
9072 1664
9073 1805
9074 1977
9075 2002
9076 1916
9077 1802
9078 1753
9079 1676
9080 1735
9081 1753
9082 2132
9083 1853
9084 1974
9085 1930
9086 1901
9087 1855
9088 1687
9089 1965
9090 1621
9091 1678
9092 1715
9093 1090
9094 1733
9095 1871
9096 1641
9097 1644
9098 1923
9099 1964
9100 1793
9101 1789
9102 1747
9103 2035
9104 1972
9105 1867
9106 1724
9107 1806
9108 1799
9109 1875
9110 1598
9111 1809
9112 2053
9113 1872
9114 1849
9115 1760
9116 1669
9117 1802
9118 1728
9119 1961
9120 1873
9121 1643
9122 1930
9123 1773
9124 1766
9125 1937
9126 2224
9127 1989
9128 1754
9129 1595
9130 1927
9131 1804
9132 1845
9133 1981
9134 2167
9135 1994
9136 1955
9137 1652
9138 1782
9139 1685
9140 1967
9141 1552
9142 1536
9143 1831
9144 1536
9145 1841
9146 2128
9147 1562
9148 1768
9149 1759
9150 1603
9151 2028
9152 1905
9153 1827
9154 2114
9155 2066
9156 2054
9157 1967
9158 1909
9159 1976
9160 2167
9161 1785
9162 1677
9163 1348
9164 1816
9165 1969
9166 1683
9167 1948
9168 2020
9169 1678
9170 1696
9171 1877
9172 1982
9173 1759
9174 1878
9175 1931
9176 2049
9177 1785
9178 2203
9179 1779
9180 1846
9181 1784
9182 1831
9183 1747
9184 1764
9185 1711
9186 1681
9187 1883
9188 1947
9189 1988
9190 1824
9191 1678
9192 1919
9193 1885
9194 1852
9195 1999
9196 1833
9197 1751
9198 1708
9199 1906
9200 1600
9201 1695
9202 1536
9203 2097
9204 1754
9205 1682
9206 1861
9207 1651
9208 2000
9209 1863
9210 1808
9211 1897
9212 1634
9213 1739
9214 2071
9215 1737
9216 1967
9217 1743
9218 1757
9219 1981
9220 2130
9221 1517
9222 1992
9223 1929
9224 1889
9225 2307
9226 1765
9227 1664
9228 1810
9229 2004
9230 1878
9231 1612
9232 1814
9233 1819
9234 1635
9235 1565
9236 1637
9237 1587
9238 1895
9239 1835
9240 1934
9241 1557
9242 1684
9243 1881
9244 1898
9245 1610
9246 1832
9247 1994
9248 1827
9249 1556
9250 1733
9251 2000
9252 1508
9253 1613
9254 1874
9255 1682
9256 1760
9257 2030
9258 1696
9259 1726
9260 1757
9261 1890
9262 2102
9263 1817
9264 1643
9265 1743
9266 1568
9267 2072
9268 1765
9269 1916
9270 1635
9271 1719
9272 1549
9273 1757
9274 2024
9275 1921
9276 1726
9277 1908
9278 1874
9279 1865
9280 1720
9281 1885
9282 1770
9283 1779
9284 1431
9285 1902
9286 1692
9287 1768
9288 1920
9289 1917
9290 1681
9291 1839
9292 1985
9293 1806
9294 1512
9295 1860
9296 1909
9297 1895
9298 1506
9299 1645
9300 1795
9301 1954
9302 1780
9303 1863
9304 1688
9305 2001
9306 1822
9307 1739
9308 1792
9309 1875
9310 1739
9311 1872
9312 1615
9313 1886
9314 1967
9315 1675
9316 1626
9317 1730
9318 1886
9319 1895
9320 2127
9321 1702
9322 1799
9323 1842
9324 1786
9325 1725
9326 1633
9327 1815
9328 1913
9329 1921
9330 2050
9331 1814
9332 1815
9333 1727
9334 1922
9335 1734
9336 2074
9337 2105
9338 1963
9339 2035
9340 1665
9341 1974
9342 1799
9343 1777
9344 1532
9345 1849
9346 1886
9347 1803
9348 1992
9349 1930
9350 1844
9351 1789
9352 1497
9353 2028
9354 1814
9355 1841
9356 1867
9357 1996
9358 1814
9359 1742
9360 1842
9361 1663
9362 1758
9363 1924
9364 1890
9365 1718
9366 2082
9367 1859
9368 1924
9369 1909
9370 1627
9371 1725
9372 1388
9373 1950
9374 1689
9375 1399
9376 2016
9377 1824
9378 1922
9379 1878
9380 2005
9381 1539
9382 1797
9383 1833
9384 1869
9385 2025
9386 2104
9387 2035
9388 1794
9389 1854
9390 1699
9391 1938
9392 1493
9393 1876
9394 2075
9395 1706
9396 1703
9397 1713
9398 1866
9399 1910
9400 1857
9401 1814
9402 1734
9403 1708
9404 1802
9405 2080
9406 1820
9407 1829
9408 1599
9409 1953
9410 1892
9411 1911
9412 1928
9413 1841
9414 1881
9415 1863
9416 1705
9417 1481
9418 1828
9419 1978
9420 2216
9421 1618
9422 2085
9423 1926
9424 1741
9425 1919
9426 1929
9427 1887
9428 1877
9429 1765
9430 2048
9431 2073
9432 1750
9433 1751
9434 1625
9435 1864
9436 1890
9437 1680
9438 1870
9439 1543
9440 1788
9441 1948
9442 1832
9443 1772
9444 1817
9445 1917
9446 1723
9447 1765
9448 1580
9449 1763
9450 1855
9451 1916
9452 1614
9453 1607
9454 2025
9455 1880
9456 1982
9457 1840
9458 1568
9459 1899
9460 1675
9461 1641
9462 1838
9463 1908
9464 1639
9465 2013
9466 1867
9467 1922
9468 1938
9469 1974
9470 1994
9471 1931
9472 1663
9473 1695
9474 1692
9475 1589
9476 1929
9477 2049
9478 1848
9479 1962
9480 1848
9481 1660
9482 1788
9483 1769
9484 1960
9485 1658
9486 2014
9487 1927
9488 2040
9489 1893
9490 1924
9491 1764
9492 1647
9493 1893
9494 2098
9495 1661
9496 1778
9497 1532
9498 1912
9499 1998
9500 1552
9501 1670
9502 2076
9503 1758
9504 1809
9505 1560
9506 1609
9507 2010
9508 1834
9509 1844
9510 2145
9511 1873
9512 1698
9513 2104
9514 1996
9515 2004
9516 1855
9517 2144
9518 1794
9519 1794
9520 1989
9521 1790
9522 1817
9523 1684
9524 1848
9525 2030
9526 1673
9527 1752
9528 2072
9529 1697
9530 1881
9531 1797
9532 1882
9533 1859
9534 1752
9535 1711
9536 2018
9537 1846
9538 1909
9539 1541
9540 1792
9541 1865
9542 1693
9543 1462
9544 1815
9545 2015
9546 1579
9547 1845
9548 1616
9549 1897
9550 1943
9551 1783
9552 1681
9553 1806
9554 1977
9555 1760
9556 1761
9557 1932
9558 1829
9559 2011
9560 1799
9561 1937
9562 1902
9563 1843
9564 1942
9565 1946
9566 1641
9567 1618
9568 1811
9569 1938
9570 1859
9571 1627
9572 1922
9573 1913
9574 1760
9575 1770
9576 1959
9577 1906
9578 1769
9579 1984
9580 1599
9581 1986
9582 1994
9583 1769
9584 2180
9585 1877
9586 1736
9587 1998
9588 1708
9589 1778
9590 2061
9591 1634
9592 1847
9593 2021
9594 1755
9595 1538
9596 1859
9597 1955
9598 1877
9599 1894
9600 1606
9601 1783
9602 1354
9603 1751
9604 1806
9605 1873
9606 1929
9607 1926
9608 1703
9609 1759
9610 1636
9611 2008
9612 1846
9613 1859
9614 1928
9615 1936
9616 1970
9617 1733
9618 1716
9619 1890
9620 1869
9621 1906
9622 2012
9623 1924
9624 1752
9625 2068
9626 1792
9627 2133
9628 1723
9629 1579
9630 1957
9631 1815
9632 1654
9633 2070
9634 1365
9635 1770
9636 1960
9637 1538
9638 1780
9639 1723
9640 1902
9641 1616
9642 2008
9643 1905
9644 1873
9645 2236
9646 1795
9647 1806
9648 1794
9649 1546
9650 1836
9651 1912
9652 2110
9653 1807
9654 1832
9655 1976
9656 1857
9657 1807
9658 2024
9659 1824
9660 1923
9661 1782
9662 1675
9663 1920
9664 1589
9665 2063
9666 1938
9667 1799
9668 1908
9669 1898
9670 1839
9671 1704
9672 1760
9673 2077
9674 1878
9675 2029
9676 2008
9677 1940
9678 1560
9679 1856
9680 1932
9681 1962
9682 1982
9683 1796
9684 2080
9685 1863
9686 1766
9687 1758
9688 1997
9689 1761
9690 1917
9691 1919
9692 1888
9693 2046
9694 1890
9695 1787
9696 1506
9697 1979
9698 1773
9699 1747
9700 1756
9701 1810
9702 1770
9703 1890
9704 1993
9705 1678
9706 1233
9707 2094
9708 1538
9709 1784
9710 1655
9711 1842
9712 1739
9713 1464
9714 1792
9715 2056
9716 2001
9717 2023
9718 1903
9719 1887
9720 1727
9721 1831
9722 1916
9723 1621
9724 2013
9725 1927
9726 2018
9727 1917
9728 1993
9729 1866
9730 1720
9731 2141
9732 1969
9733 1864
9734 1749
9735 1900
9736 1789
9737 1803
9738 1662
9739 1968
9740 1750
9741 1850
9742 1905
9743 1778
9744 1839
9745 1808
9746 1709
9747 1644
9748 1862
9749 2103
9750 1563
9751 1768
9752 1741
9753 1984
9754 1675
9755 1912
9756 2105
9757 1974
9758 1942
9759 1819
9760 1743
9761 1950
9762 1723
9763 1648
9764 2117
9765 2003
9766 1920
9767 1543
9768 1626
9769 1830
9770 1751
9771 1721
9772 1876
9773 1888
9774 1959
9775 1918
9776 1897
9777 1560
9778 1954
9779 1778
9780 1876
9781 1910
9782 1749
9783 1879
9784 1910
9785 1827
9786 1762
9787 2004
9788 2134
9789 1773
9790 1649
9791 1517
9792 1409
9793 1940
9794 1714
9795 1882
9796 1883
9797 1819
9798 1985
9799 1783
9800 1775
9801 1720
9802 2112
9803 2006
9804 1743
9805 1837
9806 1919
9807 1669
9808 2016
9809 1608
9810 1769
9811 1715
9812 1546
9813 1749
9814 2033
9815 1774
9816 1880
9817 1956
9818 1940
9819 1891
9820 1912
9821 1852
9822 1907
9823 1780
9824 2138
9825 1756
9826 1898
9827 1963
9828 1714
9829 1672
9830 1951
9831 1715
9832 1695
9833 1830
9834 1706
9835 2017
9836 1924
9837 1672
9838 1835
9839 1883
9840 1583
9841 1947
9842 1709
9843 1815
9844 2058
9845 1997
9846 1952
9847 1794
9848 1808
9849 2147
9850 1753
9851 1922
9852 1643
9853 1577
9854 1873
9855 1855
9856 1954
9857 1771
9858 1770
9859 1542
9860 1823
9861 1718
9862 1742
9863 1635
9864 1678
9865 1800
9866 1905
9867 1835
9868 1677
9869 1709
9870 1964
9871 1433
9872 1754
9873 1991
9874 1841
9875 1872
9876 1931
9877 1837
9878 1825
9879 1882
9880 1325
9881 1692
9882 1696
9883 1272
9884 1660
9885 1722
9886 1830
9887 1674
9888 1663
9889 1589
9890 1816
9891 1952
9892 1803
9893 1486
9894 1810
9895 1650
9896 1632
9897 1701
9898 1355
9899 1649
9900 2078
9901 1914
9902 1841
9903 1505
9904 1681
9905 1643
9906 1844
9907 1500
9908 2104
9909 1473
9910 1586
9911 1940
9912 2086
9913 1486
9914 1436
9915 1807
9916 1684
9917 2137
9918 1915
9919 1735
9920 1929
9921 2261
9922 1814
9923 1878
9924 2007
9925 1745
9926 1987
9927 2108
9928 1927
9929 1575
9930 2027
9931 1818
9932 2020
9933 2071
9934 1975
9935 1706
9936 1741
9937 1956
9938 1954
9939 2007
9940 1937
9941 2040
9942 2048
9943 1695
9944 1772
9945 1591
9946 1952
9947 2235
9948 1759
9949 1798
9950 1543
9951 1703
9952 2029
9953 1766
9954 1886
9955 1963
9956 1872
9957 1854
9958 1639
9959 1599
9960 1645
9961 1724
9962 1764
9963 2144
9964 1459
9965 1576
9966 1784
9967 1990
9968 2121
9969 2121
9970 1789
9971 2015
9972 1986
9973 1853
9974 2073
9975 2027
9976 1822
9977 1806
9978 1844
9979 1913
9980 1888
9981 1543
9982 1481
9983 1953
9984 1570
9985 1729
9986 1992
9987 1768
9988 1594
9989 2065
9990 2087
9991 2064
9992 1797
9993 1901
9994 1968
9995 2050
9996 1980
9997 1724
9998 1658
9999 2157
10000 1947
