1 2185
2 1889
3 1827
4 1482
5 1748
6 1856
7 1671
8 1867
9 1583
10 1876
11 1986
12 1791
13 1844
14 1698
15 1779
16 1825
17 1512
18 1556
19 1874
20 1726
21 1909
22 2010
23 1700
24 1833
25 1475
26 1792
27 1795
28 1816
29 1755
30 1588
31 1783
32 1810
33 1896
34 1910
35 1973
36 1741
37 1911
38 2079
39 1586
40 1989
41 1827
42 1803
43 1767
44 1824
45 1902
46 1840
47 1721
48 1985
49 1748
50 1876
51 1832
52 1827
53 1968
54 1913
55 1670
56 1653
57 1951
58 1798
59 1879
60 1647
61 1795
62 1579
63 1588
64 1800
65 2002
66 1912
67 1690
68 1687
69 2079
70 2001
71 1923
72 2051
73 1781
74 1908
75 1432
76 1667
77 1882
78 1734
79 1982
80 2216
81 1876
82 1924
83 1771
84 1531
85 1953
86 1870
87 1740
88 1603
89 1992
90 2061
91 1590
92 1787
93 1808
94 1802
95 1704
96 1716
97 1853
98 1842
99 2175
100 2113
101 1607
102 1914
103 2001
104 1609
105 1963
106 1698
107 2029
108 2028
109 1785
110 1877
111 1651
112 1676
113 1890
114 2031
115 1919
116 1848
117 1944
118 1769
119 1756
120 1821
121 1528
122 1718
123 1780
124 1834
125 1723
126 1630
127 2104
128 1955
129 1694
130 1808
131 1667
132 1798
133 1802
134 1754
135 1894
136 1783
137 1896
138 1637
139 1404
140 1697
141 1671
142 1488
143 1756
144 1788
145 2034
146 2052
147 1869
148 1975
149 1875
150 1705
151 1518
152 1925
153 2119
154 1693
155 1948
156 1803
157 1977
158 1795
159 1995
160 1861
161 1632
162 1860
163 1552
164 2012
165 1768
166 1903
167 1674
168 1914
169 1843
170 1732
171 2055
172 1808
173 1963
174 1591
175 1703
176 1816
177 1787
178 2026
179 1711
180 1690
181 1942
182 1881
183 1713
184 1893
185 1955
186 1888
187 1918
188 1802
189 1648
190 1975
191 1901
192 1715
193 1688
194 1966
195 1906
196 1869
197 1900
198 1864
199 2050
200 1852
201 1632
202 1795
203 1854
204 1667
205 1915
206 1541
207 1807
208 1868
209 1865
210 1636
211 1650
212 2054
213 1898
214 1850
215 1717
216 1578
217 2162
218 2082
219 1877
220 1882
221 1858
222 1807
223 1659
224 1873
225 1958
226 1870
227 2079
228 1764
229 1828
230 1916
231 1849
232 1994
233 1844
234 1767
235 1773
236 1620
237 1607
238 1943
239 1822
240 1691
241 1762
242 1729
243 1686
244 2065
245 1686
246 1767
247 1966
248 1889
249 1792
250 1782
251 1630
252 1671
253 1602
254 1809
255 1724
256 1586
257 1839
258 1762
259 1874
260 1917
261 1869
262 2067
263 1949
264 1708
265 2007
266 1738
267 2195
268 1781
269 1796
270 1800
271 2030
272 2017
273 2068
274 1880
275 1660
276 1941
277 1790
278 2067
279 1716
280 1586
281 1773
282 1979
283 1915
284 1907
285 1847
286 1993
287 1592
288 2021
289 2036
290 2199
291 1990
292 1704
293 1698
294 1810
295 1839
296 1640
297 2087
298 2143
299 1910
300 1576
301 1953
302 1673
303 1871
304 2042
305 1779
306 1715
307 1927
308 2002
309 1994
310 2040
311 1812
312 1837
313 1765
314 1393
315 2180
316 1725
317 1817
318 1681
319 1617
320 1672
321 1875
322 1892
323 1388
324 1790
325 1828
326 1895
327 1994
328 1773
329 1741
330 1969
331 1822
332 1906
333 1876
334 2129
335 2167
336 1867
337 1851
338 1810
339 2127
340 2091
341 2019
342 1813
343 1699
344 1900
345 2024
346 1913
347 1891
348 1834
349 1512
350 1736
351 1835
352 1926
353 1680
354 2024
355 1941
356 1824
357 2049
358 1837
359 1855
360 1973
361 2029
362 1772
363 1682
364 1751
365 1408
366 2087
367 1821
368 1545
369 1955
370 1666
371 1587
372 1651
373 2024
374 2005
375 1608
376 1715
377 1724
378 1722
379 1679
380 1901
381 1756
382 1696
383 1935
384 1965
385 1847
386 1949
387 1782
388 1861
389 1838
390 1801
391 1975
392 2005
393 1880
394 1638
395 1773
396 1991
397 1755
398 1647
399 1790
400 1613
401 1819
402 1628
403 1370
404 2220
405 2002
406 1698
407 1985
408 2025
409 1811
410 1868
411 1670
412 1947
413 1815
414 1884
415 1985
416 1698
417 1793
418 2034
419 1963
420 2055
421 2055
422 1823
423 1695
424 2005
425 1810
426 1849
427 1879
428 1999
429 1739
430 2061
431 1988
432 1979
433 1857
434 1919
435 2114
436 1839
437 1757
438 1929
439 1667
440 1879
441 1943
442 1710
443 1595
444 1867
445 2012
446 1983
447 1955
448 1939
449 1895
450 1706
451 1741
452 1925
453 1668
454 1838
455 1948
456 1599
457 1976
458 2040
459 1886
460 1617
461 1879
462 1656
463 1701
464 1962
465 1719
466 1918
467 1687
468 1767
469 1675
470 1802
471 1664
472 1968
473 1896
474 1983
475 1765
476 1935
477 2093
478 2112
479 1693
480 1715
481 1957
482 1875
483 1583
484 1745
485 1894
486 1857
487 1640
488 1725
489 1781
490 1958
491 1673
492 1990
493 1799
494 1988
495 1815
496 1781
497 1950
498 1823
499 1873
500 1827
501 1695
502 1961
503 1600
504 2016
505 2048
506 1841
507 1791
508 1609
509 1929
510 1872
511 2013
512 1933
513 1900
514 1321
515 1973
516 1721
517 1831
518 1913
519 1940
520 1453
521 1652
522 1770
523 1874
524 2076
525 1679
526 1685
527 2161
528 1698
529 1889
530 1847
531 1873
532 1895
533 1852
534 2144
535 1953
536 1765
537 2070
538 1721
539 1929
540 1450
541 1928
542 1968
543 1733
544 1897
545 1894
546 1454
547 1918
548 1748
549 1874
550 1798
551 2031
552 1692
553 2007
554 1845
555 1615
556 2013
557 1925
558 1792
559 1799
560 1930
561 1789
562 1792
563 1657
564 1982
565 2012
566 1861
567 1880
568 1815
569 1702
570 1806
571 1578
572 1973
573 2162
574 1799
575 1876
576 1816
577 1947
578 1991
579 2048
580 1919
581 1712
582 1904
583 1906
584 1633
585 1619
586 1920
587 1849
588 1887
589 1896
590 1754
591 2097
592 1900
593 1896
594 2146
595 1887
596 1568
597 1855
598 1793
599 1885
600 1801
601 2066
602 1685
603 1871
604 1994
605 1922
606 1574
607 2022
608 1940
609 2060
610 1832
611 1848
612 1830
613 1572
614 1616
615 1773
616 1956
617 1950
618 1748
619 1992
620 1571
621 1758
622 1944
623 1755
624 1893
625 2024
626 1554
627 2052
628 2053
629 1646
630 1733
631 2137
632 1803
633 1788
634 1770
635 1592
636 1719
637 1971
638 1745
639 2059
640 1815
641 1750
642 2022
643 1650
644 1777
645 1568
646 1883
647 2025
648 1842
649 1985
650 1774
651 1708
652 1582
653 1847
654 1795
655 1858
656 1768
657 1769
658 1928
659 1690
660 1720
661 1756
662 1843
663 2013
664 1887
665 1801
666 1968
667 1641
668 2121
669 1985
670 1760
671 1807
672 1856
673 1981
674 1716
675 1557
676 2158
677 1779
678 1737
679 1942
680 1832
681 1710
682 1974
683 1868
684 1893
685 1728
686 1714
687 1823
688 2024
689 1962
690 1776
691 1604
692 1875
693 1802
694 1900
695 1773
696 1911
697 1561
698 1683
699 1702
700 1761
701 1805
702 1890
703 1891
704 1881
705 2121
706 1752
707 2024
708 2097
709 1789
710 1822
711 1723
712 1754
713 1938
714 1719
715 1943
716 2051
717 1847
718 1861
719 1961
720 1939
721 1820
722 1755
723 1931
724 1546
725 1700
726 1778
727 1939
728 2026
729 1741
730 1930
731 1908
732 1700
733 1680
734 1789
735 1893
736 2022
737 1819
738 1380
739 1725
740 1870
741 1748
742 1696
743 2078
744 1769
745 2128
746 1867
747 2096
748 1754
749 1782
750 1919
751 1982
752 1999
753 1839
754 1693
755 1687
756 1655
757 1836
758 1925
759 1713
760 1845
761 1893
762 2092
763 2037
764 2152
765 2120
766 1828
767 1812
768 2121
769 1995
770 1460
771 1922
772 1989
773 1893
774 1940
775 2059
776 1970
777 1719
778 1770
779 1945
780 1810
781 1941
782 1956
783 1911
784 1788
785 1841
786 1896
787 1920
788 1768
789 1509
790 1835
791 1841
792 1854
793 1928
794 1856
795 1875
796 1950
797 1748
798 1729
799 1932
800 1746
801 2007
802 1894
803 1470
804 1879
805 2171
806 1932
807 1799
808 1566
809 1905
810 1901
811 1810
812 1774
813 1881
814 1986
815 1837
816 1779
817 1864
818 1728
819 2025
820 1831
821 1870
822 1604
823 1779
824 1958
825 1793
826 1684
827 1717
828 1969
829 1816
830 1859
831 1901
832 1674
833 1965
834 1779
835 1890
836 1860
837 1658
838 1794
839 1659
840 2021
841 1924
842 2060
843 2023
844 1814
845 2011
846 1821
847 1886
848 1924
849 1915
850 1969
851 1821
852 1909
853 1354
854 1698
855 1852
856 1748
857 1771
858 2063
859 1673
860 1699
861 1887
862 2131
863 1887
864 1818
865 1878
866 1827
867 2197
868 1743
869 1810
870 1679
871 1911
872 2085
873 1684
874 1806
875 1844
876 2026
877 1851
878 1660
879 2026
880 1897
881 1912
882 1706
883 1747
884 1974
885 1912
886 1416
887 1869
888 2015
889 1837
890 1719
891 1847
892 1602
893 1887
894 2055
895 1522
896 2052
897 1987
898 1881
899 2081
900 1931
901 2005
902 1860
903 1917
904 1845
905 1688
906 1882
907 2079
908 1673
909 1936
910 2131
911 2033
912 1778
913 1886
914 1794
915 1909
916 1732
917 1749
918 1850
919 2061
920 1830
921 1767
922 1882
923 1528
924 1718
925 1938
926 1866
927 1914
928 1813
929 1457
930 1986
931 1758
932 1830
933 2064
934 2008
935 2135
936 1989
937 1671
938 2164
939 1769
940 1849
941 1790
942 1723
943 1782
944 1715
945 1362
946 1824
947 1861
948 1874
949 2001
950 1697
951 1646
952 1683
953 1695
954 1588
955 1892
956 1842
957 1807
958 1671
959 1707
960 1840
961 2003
962 1866
963 1765
964 2070
965 1969
966 1938
967 1864
968 1921
969 1970
970 1505
971 1571
972 2043
973 1995
974 1561
975 2158
976 1989
977 1810
978 1588
979 1340
980 1766
981 2014
982 1879
983 1844
984 1717
985 1831
986 1814
987 1656
988 1892
989 1992
990 1760
991 1940
992 2005
993 1853
994 1660
995 1951
996 1794
997 1786
998 1615
999 1861
1000 1882
1001 1818
1002 1440
1003 1743
1004 1763
1005 1838
1006 1612
1007 1972
1008 1657
1009 1800
1010 1827
1011 1739
1012 1758
1013 1863
1014 1752
1015 1858
1016 1576
1017 2069
1018 1959
1019 1528
1020 1877
1021 1885
1022 1910
1023 1849
1024 1932
1025 1883
1026 1761
1027 1790
1028 1892
1029 1755
1030 2032
1031 1748
1032 2083
1033 1829
1034 1773
1035 1942
1036 1848
1037 1775
1038 1803
1039 1876
1040 1685
1041 1853
1042 1970
1043 2106
1044 1832
1045 1948
1046 1946
1047 1817
1048 2118
1049 1977
1050 1559
1051 1593
1052 1440
1053 1780
1054 1661
1055 1674
1056 1571
1057 2140
1058 1639
1059 1945
1060 1936
1061 1880
1062 1933
1063 1884
1064 1684
1065 1931
1066 1560
1067 1978
1068 1931
1069 1853
1070 1868
1071 2036
1072 2033
1073 1947
1074 2029
1075 1934
1076 2031
1077 2232
1078 1492
1079 1695
1080 1864
1081 1678
1082 1805
1083 1933
1084 1758
1085 2058
1086 1908
1087 1679
1088 1831
1089 1723
1090 1750
1091 1488
1092 1676
1093 1940
1094 1832
1095 1638
1096 1874
1097 1854
1098 1652
1099 1842
1100 1858
1101 1635
1102 2015
1103 1736
1104 1814
1105 1723
1106 1782
1107 1680
1108 1606
1109 1877
1110 1686
1111 1821
1112 1834
1113 1943
1114 1878
1115 1694
1116 1963
1117 1928
1118 1731
1119 1933
1120 1836
1121 1423
1122 1843
1123 1947
1124 1653
1125 1906
1126 1645
1127 1891
1128 1659
1129 1892
1130 1632
1131 1883
1132 1898
1133 1688
1134 1944
1135 1973
1136 1718
1137 1987
1138 2009
1139 1868
1140 1995
1141 1975
1142 1766
1143 1770
1144 2135
1145 2005
1146 1724
1147 1803
1148 1755
1149 1690
1150 1622
1151 1866
1152 1700
1153 1734
1154 1972
1155 1893
1156 1892
1157 1755
1158 1918
1159 2018
1160 1891
1161 1898
1162 1973
1163 1635
1164 1730
1165 1942
1166 1782
1167 1942
1168 1906
1169 1901
1170 1794
1171 1854
1172 1887
1173 1993
1174 1765
1175 1777
1176 2085
1177 1531
1178 1817
1179 1786
1180 1823
1181 1866
1182 1880
1183 1943
1184 1854
1185 1879
1186 1942
1187 1985
1188 1728
1189 1679
1190 1646
1191 1935
1192 1820
1193 1716
1194 1893
1195 1816
1196 2066
1197 1922
1198 2002
1199 1806
1200 1721
1201 1638
1202 1801
1203 1750
1204 1653
1205 1893
1206 2150
1207 1943
1208 1623
1209 1894
1210 1812
1211 1659
1212 1554
1213 1959
1214 1834
1215 1890
1216 1917
1217 1923
1218 1639
1219 1868
1220 1942
1221 1971
1222 2013
1223 1903
1224 1836
1225 2003
1226 1776
1227 1823
1228 1721
1229 2059
1230 1716
1231 1541
1232 1684
1233 1961
1234 1853
1235 1445
1236 1948
1237 1682
1238 1746
1239 1492
1240 1781
1241 1757
1242 1759
1243 1868
1244 1798
1245 1481
1246 1609
1247 2030
1248 1764
1249 1847
1250 1925
1251 1770
1252 1959
1253 1742
1254 1850
1255 1989
1256 2062
1257 1768
1258 1883
1259 1882
1260 1611
1261 1814
1262 1836
1263 1568
1264 1842
1265 2102
1266 2157
1267 2042
1268 1844
1269 1795
1270 1835
1271 1683
1272 1694
1273 1861
1274 1812
1275 1703
1276 1766
1277 1683
1278 1688
1279 1724
1280 1492
1281 1836
1282 1723
1283 1910
1284 2075
1285 1818
1286 1819
1287 1871
1288 1966
1289 1676
1290 1575
1291 1743
1292 1716
1293 1616
1294 1880
1295 2113
1296 1916
1297 1955
1298 1509
1299 1857
1300 1808
1301 1771
1302 1721
1303 1757
1304 1787
1305 1869
1306 1832
1307 1980
1308 1674
1309 2041
1310 1811
1311 2042
1312 2123
1313 1845
1314 1675
1315 2107
1316 2068
1317 1928
1318 1910
1319 2041
1320 1662
1321 2003
1322 1742
1323 1476
1324 1649
1325 1947
1326 1783
1327 2005
1328 1998
1329 1912
1330 1609
1331 1497
1332 1677
1333 1814
1334 1866
1335 1962
1336 1719
1337 1934
1338 1837
1339 1966
1340 1533
1341 1677
1342 1849
1343 1852
1344 1814
1345 1939
1346 1760
1347 1986
1348 1823
1349 2007
1350 1603
1351 1869
1352 1770
1353 1668
1354 1764
1355 1982
1356 1648
1357 1680
1358 1822
1359 1742
1360 1986
1361 1879
1362 2032
1363 1864
1364 1833
1365 1889
1366 1737
1367 1588
1368 1733
1369 1548
1370 1983
1371 1721
1372 1830
1373 1968
1374 1596
1375 1910
1376 1831
1377 2019
1378 1922
1379 1820
1380 1587
1381 1608
1382 1800
1383 1818
1384 1794
1385 1587
1386 2035
1387 2058
1388 1791
1389 1655
1390 1938
1391 1512
1392 1652
1393 1748
1394 1678
1395 1587
1396 1654
1397 1760
1398 1707
1399 1875
1400 1914
1401 1776
1402 1969
1403 1578
1404 1896
1405 1401
1406 2184
1407 1707
1408 1785
1409 1899
1410 1837
1411 2145
1412 1948
1413 1863
1414 1907
1415 1657
1416 1794
1417 1811
1418 1553
1419 1729
1420 2057
1421 1898
1422 1663
1423 1304
1424 1929
1425 1865
1426 1777
1427 1717
1428 1945
1429 1889
1430 1715
1431 1817
1432 1698
1433 1875
1434 2099
1435 2003
1436 2111
1437 1894
1438 1877
1439 1655
1440 1891
1441 1988
1442 1729
1443 1815
1444 1804
1445 1829
1446 2163
1447 1892
1448 1919
1449 1919
1450 1685
1451 1656
1452 2038
1453 2166
1454 1818
1455 1851
1456 2011
1457 1577
1458 1888
1459 1777
1460 1617
1461 1930
1462 1809
1463 1468
1464 2160
1465 1897
1466 1795
1467 1687
1468 1614
1469 1758
1470 2042
1471 1552
1472 1971
1473 1990
1474 2059
1475 2026
1476 1817
1477 1609
1478 2046
1479 1748
1480 1813
1481 2004
1482 1719
1483 2006
1484 1620
1485 1996
1486 2066
1487 1915
1488 1762
1489 1788
1490 2013
1491 2081
1492 1652
1493 2081
1494 1819
1495 1840
1496 2025
1497 1823
1498 2062
1499 1816
1500 2021
1501 1762
1502 1973
1503 1849
1504 1961
1505 1547
1506 1650
1507 1807
1508 1659
1509 2103
1510 1628
1511 2089
1512 1817
1513 1651
1514 1650
1515 1309
1516 1731
1517 1865
1518 1948
1519 1777
1520 1741
1521 1584
1522 1920
1523 1728
1524 1891
1525 1535
1526 1862
1527 2164
1528 1616
1529 1929
1530 1763
1531 1853
1532 1917
1533 1967
1534 1758
1535 1972
1536 1820
1537 2003
1538 2036
1539 2011
1540 1795
1541 1684
1542 1820
1543 1752
1544 1831
1545 1627
1546 1807
1547 1789
1548 1823
1549 1852
1550 1691
1551 1869
1552 1765
1553 1647
1554 1927
1555 1776
1556 2017
1557 1904
1558 1897
1559 1689
1560 1759
1561 1755
1562 2105
1563 1997
1564 2040
1565 1449
1566 1787
1567 1739
1568 1792
1569 2042
1570 1816
1571 1613
1572 1625
1573 1896
1574 1747
1575 1781
1576 2016
1577 1821
1578 1831
1579 1872
1580 1862
1581 1445
1582 1809
1583 1959
1584 1929
1585 1625
1586 1912
1587 1823
1588 1801
1589 1910
1590 1792
1591 1990
1592 1655
1593 1797
1594 1631
1595 1730
1596 1820
1597 1715
1598 1914
1599 1864
1600 1801
1601 1896
1602 1613
1603 1822
1604 2177
1605 1940
1606 1916
1607 1762
1608 1914
1609 1866
1610 1661
1611 1861
1612 1944
1613 1927
1614 1939
1615 1782
1616 1776
1617 1564
1618 1832
1619 1823
1620 1793
1621 1677
1622 1960
1623 1987
1624 1610
1625 1794
1626 1882
1627 2094
1628 1824
1629 1947
1630 1652
1631 1879
1632 1867
1633 1612
1634 1907
1635 1749
1636 1704
1637 1913
1638 1863
1639 1939
1640 2019
1641 2105
1642 1904
1643 1908
1644 1732
1645 1511
1646 1787
1647 1851
1648 1704
1649 1584
1650 1847
1651 1816
1652 1670
1653 1734
1654 1998
1655 2117
1656 1940
1657 1830
1658 1569
1659 1857
1660 1832
1661 1718
1662 2032
1663 1853
1664 1474
1665 1535
1666 1786
1667 1922
1668 1878
1669 1849
1670 1923
1671 1889
1672 1869
1673 1696
1674 1860
1675 1958
1676 1824
1677 1616
1678 1665
1679 1859
1680 1853
1681 1881
1682 1857
1683 1664
1684 1865
1685 1903
1686 1708
1687 1778
1688 1931
1689 1778
1690 2215
1691 2013
1692 2006
1693 1806
1694 2053
1695 2074
1696 1951
1697 1866
1698 1890
1699 1859
1700 1901
1701 1911
1702 1880
1703 2001
1704 1870
1705 2022
1706 1518
1707 1732
1708 1493
1709 1803
1710 2054
1711 2049
1712 1720
1713 1899
1714 1708
1715 1932
1716 1715
1717 1837
1718 1944
1719 1889
1720 2079
1721 1662
1722 1885
1723 2040
1724 2018
1725 2165
1726 1783
1727 1723
1728 1556
1729 1722
1730 2121
1731 2197
1732 2105
1733 1988
1734 1971
1735 1835
1736 2022
1737 1575
1738 2090
1739 1966
1740 1456
1741 1622
1742 1732
1743 1861
1744 1755
1745 1791
1746 1710
1747 2058
1748 1727
1749 1942
1750 1840
1751 1863
1752 1941
1753 1892
1754 2038
1755 2003
1756 1915
1757 1684
1758 1854
1759 1914
1760 1939
1761 2041
1762 1810
1763 1665
1764 1837
1765 2082
1766 1741
1767 1925
1768 2072
1769 1909
1770 1780
1771 1762
1772 1800
1773 1505
1774 2171
1775 1745
1776 1909
1777 2018
1778 1686
1779 1598
1780 1738
1781 2024
1782 1398
1783 1939
1784 1805
1785 1660
1786 1805
1787 1786
1788 1858
1789 1849
1790 1840
1791 1816
1792 1722
1793 1678
1794 1807
1795 1843
1796 1782
1797 2023
1798 1651
1799 1959
1800 2015
1801 1777
1802 1555
1803 1686
1804 1901
1805 1760
1806 1952
1807 1916
1808 1782
1809 1792
1810 1753
1811 1763
1812 1681
1813 1775
1814 1606
1815 1780
1816 1716
1817 1703
1818 1848
1819 2075
1820 1869
1821 2058
1822 1789
1823 1884
1824 1694
1825 1968
1826 1951
1827 1843
1828 2020
1829 1943
1830 1959
1831 1778
1832 1832
1833 1852
1834 1947
1835 1523
1836 1840
1837 1737
1838 1835
1839 1554
1840 1978
1841 1823
1842 1819
1843 1978
1844 1879
1845 1670
1846 1620
1847 1649
1848 1622
1849 1556
1850 1606
1851 1922
1852 1733
1853 1990
1854 1687
1855 1960
1856 1984
1857 1714
1858 1720
1859 1756
1860 1979
1861 1944
1862 2090
1863 1461
1864 1666
1865 1852
1866 1958
1867 2011
1868 1770
1869 2087
1870 1873
1871 1581
1872 2026
1873 1937
1874 2067
1875 1615
1876 1657
1877 1791
1878 1971
1879 1916
1880 2094
1881 1961
1882 1832
1883 1847
1884 1729
1885 1876
1886 1831
1887 1862
1888 1885
1889 1995
1890 1973
1891 1603
1892 1838
1893 2011
1894 1921
1895 1996
1896 1975
1897 2114
1898 1950
1899 1806
1900 1694
1901 1587
1902 1524
1903 1879
1904 1766
1905 1547
1906 1768
1907 1833
1908 1924
1909 1883
1910 1965
1911 1731
1912 1674
1913 1703
1914 1891
1915 1891
1916 1808
1917 2010
1918 1800
1919 1984
1920 1860
1921 1685
1922 1834
1923 1946
1924 1867
1925 1815
1926 2028
1927 1546
1928 1969
1929 1788
1930 1796
1931 1879
1932 1728
1933 1555
1934 2190
1935 1955
1936 1814
1937 2027
1938 1966
1939 1649
1940 1872
1941 1696
1942 1942
1943 1776
1944 1883
1945 1813
1946 1705
1947 1853
1948 2049
1949 1915
1950 1751
1951 1654
1952 1900
1953 1787
1954 1921
1955 1473
1956 1815
1957 1965
1958 1895
1959 1520
1960 1593
1961 1797
1962 1674
1963 1632
1964 1758
1965 1758
1966 1796
1967 1928
1968 1792
1969 1797
1970 1759
1971 1794
1972 1797
1973 1900
1974 1963
1975 2004
1976 1962
1977 1757
1978 1926
1979 1716
1980 1831
1981 1899
1982 2113
1983 1579
1984 1992
1985 1956
1986 1876
1987 1595
1988 1940
1989 1573
1990 1835
1991 2016
1992 1753
1993 1531
1994 1636
1995 1956
1996 1948
1997 1627
1998 1843
1999 1830
2000 1814
2001 1443
2002 1479
2003 1772
2004 2000
2005 1860
2006 1806
2007 1738
2008 1760
2009 1696
2010 1968
2011 1824
2012 1597
2013 1984
2014 1826
2015 1347
2016 1613
2017 1891
2018 2022
2019 1621
2020 1662
2021 1796
2022 1998
2023 1604
2024 1949
2025 1522
2026 1741
2027 1752
2028 1872
2029 2051
2030 1782
2031 1811
2032 1870
2033 1739
2034 1863
2035 1875
2036 1871
2037 1690
2038 1415
2039 2161
2040 1787
2041 1951
2042 1720
2043 1877
2044 1777
2045 1851
2046 1545
2047 2034
2048 1676
2049 1915
2050 1731
2051 1671
2052 1925
2053 1931
2054 1899
2055 1997
2056 1846
2057 2067
2058 1520
2059 1854
2060 1684
2061 2076
2062 1912
2063 1858
2064 1816
2065 1709
2066 1906
2067 1726
2068 2193
2069 1668
2070 1952
2071 1727
2072 2115
2073 1670
2074 1987
2075 1865
2076 1715
2077 1942
2078 2022
2079 1602
2080 1655
2081 1838
2082 2265
2083 1808
2084 1650
2085 1978
2086 2015
2087 1898
2088 2005
2089 1612
2090 1478
2091 1882
2092 1934
2093 1986
2094 1966
2095 1972
2096 1726
2097 1692
2098 1986
2099 1957
2100 2025
2101 1921
2102 1318
2103 1665
2104 2072
2105 1575
2106 1848
2107 1938
2108 1567
2109 1916
2110 1601
2111 1610
2112 2107
2113 1890
2114 1865
2115 1765
2116 1996
2117 1685
2118 1571
2119 1851
2120 1725
2121 1643
2122 1776
2123 1963
2124 1947
2125 1981
2126 1974
2127 1835
2128 1656
2129 1596
2130 1805
2131 1855
2132 2116
2133 1740
2134 1953
2135 1591
2136 1436
2137 1880
2138 1699
2139 1702
2140 1969
2141 1617
2142 1737
2143 1856
2144 1846
2145 1942
2146 1845
2147 1716
2148 1883
2149 1744
2150 1985
2151 1467
2152 1574
2153 1868
2154 1806
2155 1675
2156 1842
2157 1925
2158 2063
2159 1806
2160 1868
2161 1801
2162 2052
2163 1791
2164 1650
2165 1946
2166 1937
2167 1998
2168 1651
2169 1600
2170 2074
2171 2075
2172 1991
2173 1940
2174 1622
2175 1860
2176 1723
2177 1881
2178 1865
2179 1689
2180 1816
2181 1821
2182 1824
2183 1822
2184 2015
2185 1708
2186 1893
2187 1969
2188 1567
2189 1848
2190 1815
2191 2012
2192 1964
2193 1928
2194 1922
2195 1688
2196 1806
2197 1865
2198 1740
2199 1929
2200 1775
2201 1998
2202 1617
2203 1779
2204 1724
2205 2020
2206 2062
2207 2035
2208 1806
2209 1950
2210 1768
2211 1827
2212 2110
2213 1781
2214 1762
2215 1874
2216 1935
2217 1768
2218 2063
2219 1834
2220 1826
2221 2107
2222 1933
2223 1968
2224 1958
2225 1927
2226 1794
2227 1715
2228 2083
2229 1846
2230 1845
2231 1567
2232 1729
2233 2020
2234 1879
2235 1799
2236 1940
2237 1765
2238 2166
2239 1931
2240 1750
2241 2081
2242 1836
2243 1740
2244 1665
2245 1831
2246 1799
2247 1529
2248 1943
2249 1896
2250 1606
2251 1551
2252 1532
2253 1631
2254 1990
2255 1736
2256 1935
2257 1886
2258 2030
2259 1726
2260 1635
2261 1798
2262 1795
2263 1863
2264 1892
2265 1819
2266 1876
2267 1592
2268 1989
2269 1854
2270 1910
2271 1763
2272 1878
2273 1691
2274 1627
2275 1802
2276 1650
2277 1594
2278 1555
2279 1999
2280 1820
2281 2068
2282 1624
2283 1751
2284 1724
2285 1964
2286 1377
2287 1585
2288 1827
2289 1925
2290 1746
2291 2075
2292 1738
2293 1953
2294 1938
2295 1640
2296 1589
2297 1742
2298 2054
2299 1834
2300 1970
2301 1400
2302 1791
2303 1772
2304 1926
2305 1599
2306 1829
2307 1665
2308 1639
2309 1719
2310 1929
2311 1693
2312 1749
2313 1721
2314 2079
2315 1738
2316 1530
2317 1827
2318 1959
2319 2019
2320 1844
2321 1723
2322 1410
2323 1930
2324 1754
2325 1960
2326 1828
2327 1946
2328 1738
2329 1991
2330 1877
2331 1788
2332 1738
2333 1776
2334 1892
2335 1881
2336 1771
2337 1880
2338 1782
2339 1907
2340 1829
2341 1753
2342 1888
2343 1786
2344 2075
2345 1898
2346 1879
2347 1797
2348 1621
2349 1689
2350 1846
2351 1836
2352 1813
2353 1668
2354 1743
2355 1830
2356 1616
2357 1497
2358 1821
2359 1507
2360 1523
2361 2066
2362 1649
2363 1918
2364 1926
2365 1743
2366 1855
2367 1881
2368 1710
2369 1817
2370 1764
2371 1796
2372 1857
2373 1511
2374 1383
2375 1606
2376 2138
2377 1447
2378 1786
2379 1586
2380 1957
2381 1831
2382 1908
2383 1940
2384 1861
2385 1901
2386 1723
2387 1733
2388 1855
2389 1890
2390 1981
2391 1847
2392 1953
2393 1898
2394 1771
2395 1817
2396 1804
2397 1989
2398 1925
2399 1820
2400 1801
2401 1813
2402 1472
2403 2102
2404 1998
2405 1964
2406 1766
2407 2036
2408 2048
2409 2031
2410 1805
2411 1920
2412 1935
2413 2056
2414 1919
2415 1726
2416 1967
2417 1938
2418 1706
2419 1904
2420 1894
2421 1726
2422 1460
2423 1908
2424 2013
2425 2050
2426 1886
2427 2075
2428 1928
2429 1580
2430 1972
2431 1926
2432 1845
2433 1910
2434 1649
2435 1952
2436 1387
2437 1838
2438 1981
2439 2134
2440 1691
2441 1835
2442 1764
2443 1781
2444 1623
2445 1905
2446 1584
2447 1886
2448 1890
2449 1707
2450 1542
2451 2182
2452 1631
2453 1800
2454 1797
2455 1949
2456 1963
2457 1805
2458 1879
2459 1864
2460 1614
2461 1773
2462 2027
2463 1628
2464 1739
2465 1926
2466 2042
2467 1941
2468 1847
2469 1741
2470 1574
2471 1845
2472 1951
2473 1632
2474 1602
2475 1754
2476 2025
2477 1557
2478 2044
2479 1967
2480 2062
2481 1953
2482 1740
2483 1808
2484 1618
2485 1636
2486 1905
2487 1838
2488 2240
2489 1836
2490 1971
2491 2007
2492 1933
2493 1965
2494 2047
2495 1793
2496 1809
2497 2073
2498 1928
2499 1687
2500 1794
2501 1905
2502 1677
2503 1918
2504 1839
2505 1883
2506 2056
2507 1733
2508 1751
2509 1947
2510 1857
2511 1791
2512 1835
2513 1757
2514 1963
2515 1844
2516 1488
2517 1795
2518 1941
2519 1867
2520 2021
2521 1961
2522 1760
2523 1698
2524 2099
2525 1875
2526 1556
2527 1758
2528 1653
2529 1856
2530 1964
2531 1875
2532 1654
2533 1648
2534 1828
2535 1780
2536 1965
2537 2015
2538 1828
2539 1862
2540 1802
2541 1760
2542 1902
2543 2045
2544 1700
2545 1875
2546 1977
2547 1867
2548 2032
2549 2098
2550 1985
2551 1984
2552 1905
2553 2164
2554 1917
2555 1762
2556 1843
2557 1953
2558 1830
2559 1980
2560 2035
2561 1713
2562 1562
2563 2029
2564 1878
2565 1961
2566 2167
2567 1694
2568 1748
2569 1879
2570 1810
2571 1828
2572 1864
2573 2023
2574 1969
2575 2029
2576 2009
2577 1948
2578 1922
2579 1816
2580 1994
2581 1903
2582 1777
2583 1669
2584 1992
2585 1642
2586 1785
2587 1838
2588 1753
2589 2055
2590 1685
2591 2082
2592 1769
2593 1670
2594 1781
2595 1976
2596 1975
2597 1742
2598 1962
2599 1742
2600 1801
2601 1757
2602 1971
2603 2154
2604 2160
2605 2064
2606 1705
2607 1881
2608 1773
2609 1704
2610 1849
2611 1983
2612 1972
2613 2094
2614 2057
2615 1835
2616 1871
2617 1580
2618 1541
2619 1653
2620 1968
2621 1725
2622 1827
2623 1940
2624 1783
2625 1850
2626 1958
2627 1793
2628 1792
2629 1789
2630 1627
2631 2073
2632 1862
2633 1736
2634 1804
2635 1746
2636 1839
2637 1950
2638 1735
2639 1559
2640 1679
2641 1700
2642 1854
2643 1925
2644 1854
2645 1794
2646 1947
2647 1976
2648 1866
2649 1506
2650 1852
2651 1783
2652 1930
2653 1949
2654 1909
2655 1966
2656 2006
2657 1708
2658 1850
2659 2039
2660 1855
2661 1706
2662 1822
2663 1351
2664 1831
2665 1611
2666 1731
2667 1926
2668 1998
2669 1890
2670 1851
2671 1813
2672 1941
2673 1737
2674 1835
2675 1549
2676 1832
2677 1777
2678 1944
2679 1848
2680 1836
2681 1870
2682 1848
2683 1826
2684 1976
2685 1749
2686 1701
2687 1675
2688 1850
2689 2035
2690 1747
2691 2010
2692 1840
2693 2011
2694 1433
2695 1917
2696 1993
2697 1873
2698 1485
2699 1797
2700 1763
2701 2133
2702 1709
2703 1974
2704 1967
2705 1877
2706 1623
2707 1961
2708 2042
2709 1718
2710 1877
2711 2015
2712 1794
2713 1962
2714 1849
2715 1674
2716 1688
2717 2117
2718 2041
2719 2161
2720 1889
2721 1862
2722 1806
2723 1832
2724 1785
2725 1832
2726 1714
2727 2025
2728 1923
2729 1982
2730 1837
2731 1807
2732 1781
2733 1957
2734 1961
2735 1842
2736 1696
2737 1870
2738 1995
2739 1565
2740 1656
2741 1921
2742 1800
2743 1645
2744 1787
2745 1927
2746 1563
2747 1923
2748 1811
2749 1725
2750 2014
2751 1576
2752 1521
2753 1943
2754 1921
2755 1702
2756 1833
2757 1672
2758 1806
2759 1991
2760 1888
2761 1740
2762 1583
2763 1976
2764 1733
2765 1920
2766 1741
2767 2176
2768 1816
2769 1938
2770 1936
2771 1412
2772 1680
2773 1816
2774 2062
2775 1773
2776 1412
2777 2098
2778 1996
2779 1635
2780 1897
2781 1871
2782 1786
2783 2156
2784 1984
2785 1735
2786 1641
2787 1757
2788 1791
2789 1637
2790 1936
2791 1776
2792 1675
2793 1962
2794 1703
2795 1770
2796 1782
2797 2008
2798 1595
2799 1777
2800 1774
2801 1592
2802 2063
2803 1785
2804 1766
2805 1452
2806 2145
2807 1770
2808 1955
2809 2005
2810 2082
2811 1610
2812 1977
2813 1710
2814 1661
2815 1694
2816 1657
2817 1781
2818 2011
2819 1712
2820 2106
2821 1714
2822 1676
2823 2135
2824 1833
2825 1899
2826 1807
2827 1865
2828 2065
2829 1785
2830 1886
2831 1615
2832 1740
2833 1591
2834 1686
2835 1693
2836 1796
2837 1792
2838 1996
2839 1998
2840 2094
2841 1630
2842 1689
2843 1825
2844 1967
2845 2017
2846 1882
2847 1788
2848 2051
2849 1449
2850 2188
2851 1665
2852 1693
2853 1613
2854 1803
2855 1938
2856 1646
2857 1799
2858 2020
2859 2019
2860 1964
2861 1916
2862 1686
2863 1941
2864 1806
2865 1870
2866 1852
2867 1430
2868 1711
2869 1704
2870 1897
2871 1679
2872 1857
2873 1638
2874 1724
2875 1794
2876 1813
2877 1614
2878 1738
2879 1739
2880 1819
2881 1608
2882 1857
2883 1921
2884 1983
2885 1708
2886 1922
2887 1839
2888 1649
2889 1666
2890 1872
2891 1762
2892 1420
2893 1770
2894 1819
2895 1826
2896 1853
2897 1866
2898 1544
2899 1757
2900 1734
2901 1707
2902 1818
2903 1637
2904 1575
2905 1654
2906 1570
2907 1937
2908 2290
2909 1803
2910 1563
2911 1959
2912 1902
2913 1542
2914 1914
2915 1913
2916 1882
2917 2160
2918 1678
2919 1566
2920 1986
2921 1745
2922 1408
2923 1458
2924 1810
2925 1765
2926 1803
2927 1687
2928 1866
2929 1814
2930 1831
2931 1758
2932 1713
2933 1894
2934 1537
2935 1645
2936 1908
2937 1565
2938 1463
2939 1846
2940 1726
2941 1916
2942 1639
2943 2132
2944 2037
2945 2022
2946 1850
2947 1938
2948 1842
2949 1530
2950 1871
2951 1910
2952 2003
2953 1942
2954 1755
2955 2099
2956 1962
2957 1921
2958 1695
2959 2002
2960 1842
2961 2072
2962 1879
2963 1931
2964 1992
2965 1838
2966 1532
2967 1697
2968 2104
2969 1748
2970 1931
2971 2075
2972 1903
2973 1868
2974 1884
2975 1480
2976 2000
2977 1861
2978 1535
2979 1990
2980 2094
2981 1849
2982 1916
2983 1714
2984 1828
2985 1870
2986 1745
2987 2054
2988 1815
2989 1859
2990 1553
2991 1734
2992 1696
2993 1753
2994 1757
2995 1709
2996 1889
2997 1908
2998 1960
2999 1936
3000 1831
3001 1890
3002 2101
3003 1599
3004 1740
3005 1430
3006 1861
3007 1714
3008 1778
3009 1993
3010 1729
3011 1792
3012 1852
3013 1696
3014 1871
3015 1665
3016 1696
3017 1955
3018 1783
3019 1881
3020 1820
3021 1895
3022 2116
3023 1898
3024 1754
3025 1699
3026 2106
3027 1953
3028 1862
3029 1814
3030 1793
3031 1878
3032 1672
3033 1888
3034 1965
3035 1996
3036 1710
3037 1879
3038 1723
3039 1689
3040 2025
3041 1972
3042 1901
3043 1934
3044 1965
3045 1806
3046 1508
3047 1640
3048 1886
3049 1868
3050 1626
3051 1605
3052 1551
3053 1803
3054 1842
3055 1894
3056 1890
3057 1794
3058 1647
3059 1951
3060 1733
3061 1643
3062 1867
3063 1960
3064 1898
3065 1823
3066 1683
3067 1937
3068 2068
3069 1679
3070 1599
3071 1884
3072 2082
3073 1812
3074 1942
3075 1675
3076 1678
3077 1758
3078 1898
3079 1740
3080 1693
3081 1686
3082 1907
3083 1768
3084 2053
3085 1999
3086 1904
3087 1725
3088 1944
3089 1716
3090 1882
3091 1965
3092 1685
3093 1878
3094 1947
3095 2106
3096 1689
3097 2010
3098 1840
3099 1866
3100 1723
3101 1614
3102 1597
3103 1982
3104 1659
3105 1807
3106 1899
3107 1805
3108 1983
3109 2047
3110 1797
3111 2068
3112 1880
3113 1817
3114 1657
3115 1913
3116 1877
3117 1969
3118 2074
3119 1820
3120 2018
3121 1692
3122 1896
3123 2083
3124 1921
3125 2056
3126 1671
3127 2097
3128 1797
3129 1840
3130 1935
3131 2010
3132 1940
3133 1918
3134 1722
3135 1720
3136 1807
3137 1666
3138 2015
3139 2048
3140 1813
3141 1687
3142 1675
3143 1969
3144 1488
3145 1742
3146 1650
3147 1556
3148 1885
3149 1840
3150 1681
3151 1833
3152 1835
3153 1957
3154 1935
3155 1853
3156 2119
3157 1777
3158 2093
3159 1348
3160 1702
3161 1946
3162 1807
3163 1872
3164 1718
3165 1756
3166 1880
3167 2066
3168 2070
3169 1938
3170 1536
3171 1782
3172 1629
3173 2017
3174 1809
3175 1816
3176 1783
3177 1769
3178 1735
3179 1929
3180 1786
3181 1865
3182 1950
3183 1922
3184 1797
3185 2044
3186 1922
3187 1977
3188 1794
3189 1847
3190 1577
3191 1920
3192 1713
3193 1843
3194 1906
3195 1783
3196 1818
3197 1845
3198 2133
3199 2100
3200 2056
3201 1803
3202 1931
3203 1894
3204 1895
3205 1549
3206 2040
3207 1518
3208 1681
3209 1945
3210 1769
3211 1974
3212 1931
3213 2063
3214 1365
3215 1755
3216 2024
3217 1690
3218 1862
3219 1884
3220 1781
3221 1730
3222 1786
3223 1788
3224 1946
3225 1766
3226 1924
3227 1746
3228 1726
3229 1919
3230 1677
3231 1603
3232 2124
3233 1670
3234 2024
3235 1850
3236 1865
3237 1926
3238 1877
3239 2164
3240 1886
3241 1727
3242 1606
3243 2144
3244 2082
3245 2001
3246 1245
3247 1875
3248 1830
3249 1797
3250 1996
3251 1913
3252 1978
3253 2139
3254 1940
3255 1972
3256 1553
3257 1270
3258 1904
3259 1890
3260 1453
3261 1910
3262 1799
3263 1921
3264 1937
3265 1753
3266 1680
3267 1888
3268 1811
3269 1974
3270 1778
3271 1842
3272 1824
3273 2005
3274 1738
3275 1757
3276 1875
3277 1761
3278 1978
3279 1838
3280 1879
3281 2003
3282 1772
3283 1949
3284 1972
3285 1789
3286 1643
3287 2057
3288 1711
3289 1797
3290 1865
3291 1875
3292 1902
3293 1961
3294 1647
3295 1727
3296 2064
3297 2058
3298 1811
3299 1700
3300 1779
3301 1562
3302 1984
3303 1906
3304 1841
3305 1783
3306 1977
3307 2213
3308 1805
3309 1776
3310 1868
3311 1763
3312 1910
3313 1793
3314 1940
3315 1980
3316 1744
3317 1788
3318 1864
3319 1926
3320 2070
3321 1972
3322 1819
3323 1860
3324 1786
3325 1837
3326 1769
3327 1770
3328 1847
3329 1954
3330 1821
3331 1849
3332 1996
3333 1974
3334 2012
3335 1939
3336 1931
3337 1520
3338 1837
3339 1870
3340 1794
3341 1917
3342 2077
3343 1536
3344 1839
3345 1846
3346 1949
3347 1704
3348 1930
3349 1777
3350 1564
3351 1625
3352 1843
3353 1565
3354 1865
3355 1666
3356 1805
3357 1857
3358 1854
3359 1931
3360 1556
3361 1620
3362 1884
3363 2050
3364 1932
3365 1779
3366 1727
3367 1739
3368 1679
3369 1811
3370 2114
3371 2138
3372 1664
3373 1958
3374 1592
3375 1757
3376 1538
3377 1857
3378 1701
3379 2186
3380 1768
3381 1881
3382 1975
3383 1798
3384 1964
3385 1862
3386 1946
3387 1581
3388 1728
3389 1904
3390 1932
3391 1749
3392 1607
3393 1859
3394 1760
3395 2064
3396 2009
3397 1618
3398 2066
3399 1853
3400 1960
3401 1842
3402 1927
3403 1700
3404 1911
3405 1708
3406 1891
3407 1800
3408 1897
3409 1844
3410 1904
3411 2021
3412 1890
3413 1947
3414 2005
3415 1789
3416 1875
3417 1776
3418 2021
3419 1689
3420 1775
3421 1970
3422 1642
3423 1944
3424 1911
3425 1730
3426 1922
3427 1655
3428 1907
3429 2054
3430 1990
3431 2057
3432 1904
3433 1652
3434 1820
3435 1915
3436 1828
3437 1626
3438 1354
3439 1529
3440 1620
3441 1628
3442 1984
3443 1822
3444 1536
3445 1622
3446 1582
3447 1865
3448 1770
3449 1941
3450 1986
3451 1883
3452 1515
3453 2019
3454 2123
3455 1907
3456 1886
3457 1700
3458 1876
3459 1864
3460 1725
3461 1855
3462 1811
3463 2076
3464 2053
3465 1688
3466 1885
3467 1514
3468 1536
3469 1831
3470 1707
3471 1675
3472 1998
3473 1789
3474 1870
3475 1800
3476 1820
3477 1934
3478 1860
3479 1861
3480 2050
3481 1750
3482 2105
3483 1787
3484 1836
3485 1985
3486 1991
3487 2089
3488 2119
3489 1791
3490 1712
3491 1816
3492 2078
3493 1895
3494 1805
3495 1751
3496 1825
3497 1883
3498 1843
3499 1671
3500 1578
3501 1546
3502 1803
3503 1908
3504 1563
3505 1809
3506 1687
3507 1880
3508 1715
3509 1867
3510 2030
3511 1753
3512 2017
3513 1608
3514 1725
3515 1856
3516 1978
3517 1662
3518 2085
3519 1899
3520 1604
3521 2089
3522 1706
3523 1842
3524 1657
3525 1359
3526 2061
3527 1557
3528 1745
3529 1981
3530 1889
3531 1848
3532 1888
3533 1863
3534 1629
3535 1843
3536 1946
3537 1769
3538 1773
3539 1884
3540 1962
3541 1907
3542 1789
3543 1756
3544 1882
3545 1869
3546 1711
3547 1516
3548 1652
3549 1876
3550 1913
3551 1957
3552 1746
3553 1995
3554 1855
3555 1816
3556 1845
3557 1810
3558 1723
3559 1923
3560 1550
3561 1907
3562 1921
3563 1786
3564 1805
3565 1911
3566 1559
3567 1771
3568 1701
3569 1728
3570 1791
3571 1822
3572 1824
3573 1628
3574 1580
3575 2025
3576 1780
3577 2042
3578 1539
3579 1810
3580 1870
3581 1706
3582 2028
3583 1686
3584 1768
3585 2054
3586 1718
3587 1854
3588 1917
3589 1715
3590 1732
3591 2014
3592 1792
3593 1916
3594 1619
3595 1846
3596 1968
3597 2063
3598 1668
3599 1925
3600 1913
3601 1959
3602 1900
3603 1821
3604 1890
3605 1902
3606 1699
3607 1991
3608 1922
3609 1741
3610 2000
3611 1794
3612 1734
3613 1808
3614 1489
3615 1773
3616 1944
3617 2004
3618 1822
3619 1756
3620 1904
3621 1238
3622 1599
3623 1875
3624 1782
3625 1750
3626 1805
3627 1675
3628 1818
3629 1707
3630 1939
3631 1775
3632 1851
3633 2141
3634 2029
3635 1505
3636 1932
3637 1875
3638 1822
3639 1779
3640 1647
3641 1876
3642 1950
3643 1845
3644 2017
3645 1743
3646 2072
3647 1958
3648 1974
3649 1385
3650 1810
3651 1950
3652 1937
3653 1709
3654 1963
3655 1856
3656 1746
3657 1777
3658 1840
3659 1781
3660 1994
3661 1693
3662 2020
3663 1891
3664 1969
3665 1965
3666 1926
3667 2050
3668 1839
3669 1690
3670 1461
3671 1849
3672 1819
3673 1861
3674 1766
3675 1879
3676 1642
3677 1971
3678 2229
3679 2137
3680 1924
3681 1688
3682 1704
3683 1752
3684 1723
3685 1781
3686 1806
3687 2024
3688 1903
3689 1600
3690 1703
3691 1821
3692 1824
3693 1841
3694 1887
3695 2023
3696 2033
3697 1790
3698 1974
3699 2001
3700 1658
3701 1937
3702 1991
3703 2058
3704 1738
3705 2141
3706 1779
3707 1971
3708 1954
3709 2000
3710 2114
3711 1833
3712 1554
3713 1887
3714 2060
3715 1689
3716 2084
3717 1724
3718 1908
3719 1709
3720 1799
3721 1622
3722 1905
3723 1755
3724 1825
3725 1811
3726 1606
3727 2119
3728 1801
3729 1840
3730 2010
3731 1955
3732 1941
3733 1882
3734 1746
3735 1794
3736 2107
3737 2011
3738 1806
3739 1800
3740 1838
3741 1654
3742 1974
3743 1889
3744 1840
3745 1910
3746 1853
3747 2046
3748 1632
3749 1842
3750 1746
3751 1810
3752 1586
3753 1788
3754 1826
3755 1820
3756 2044
3757 1776
3758 1935
3759 1859
3760 1771
3761 1931
3762 1877
3763 1841
3764 1987
3765 1838
3766 1951
3767 2017
3768 2022
3769 1910
3770 1745
3771 1916
3772 1676
3773 2071
3774 1856
3775 1850
3776 1870
3777 1838
3778 1870
3779 1809
3780 1889
3781 1573
3782 1831
3783 1897
3784 1619
3785 1994
3786 1796
3787 2066
3788 1645
3789 1881
3790 1906
3791 1658
3792 1787
3793 1514
3794 1982
3795 1878
3796 1835
3797 2006
3798 1734
3799 1718
3800 1803
3801 1768
3802 1974
3803 2091
3804 1656
3805 2028
3806 1991
3807 1940
3808 1801
3809 1883
3810 1769
3811 1951
3812 1951
3813 1800
3814 1814
3815 2017
3816 1863
3817 2034
3818 1535
3819 1833
3820 1992
3821 1846
3822 2122
3823 1783
3824 1643
3825 1812
3826 1853
3827 1834
3828 1856
3829 2021
3830 1643
3831 1884
3832 1937
3833 2185
3834 1840
3835 1943
3836 1730
3837 1731
3838 1752
3839 1797
3840 1621
3841 1702
3842 1748
3843 1753
3844 1670
3845 1793
3846 1676
3847 2043
3848 1558
3849 1642
3850 1970
3851 1847
3852 1850
3853 1996
3854 1838
3855 2001
3856 1781
3857 1435
3858 2015
3859 1940
3860 1776
3861 1914
3862 1829
3863 1772
3864 1709
3865 2117
3866 1824
3867 1939
3868 1728
3869 1987
3870 1606
3871 2022
3872 1863
3873 1887
3874 1521
3875 1534
3876 1887
3877 1934
3878 1738
3879 1755
3880 1951
3881 2027
3882 1725
3883 1726
3884 1536
3885 2288
3886 1814
3887 1963
3888 2020
3889 1897
3890 1741
3891 1793
3892 1945
3893 2033
3894 1992
3895 2046
3896 1893
3897 1609
3898 1849
3899 1858
3900 1627
3901 1777
3902 1828
3903 1807
3904 1739
3905 1722
3906 1819
3907 1661
3908 1997
3909 1815
3910 2035
3911 1908
3912 1956
3913 1970
3914 1698
3915 1968
3916 1869
3917 1647
3918 1992
3919 1850
3920 1795
3921 1832
3922 1941
3923 1909
3924 1967
3925 1981
3926 1903
3927 1740
3928 2036
3929 1799
3930 1389
3931 2068
3932 1761
3933 1598
3934 1702
3935 1886
3936 1901
3937 1783
3938 1894
3939 1728
3940 1804
3941 1948
3942 1866
3943 2055
3944 2078
3945 1629
3946 1664
3947 1338
3948 1627
3949 1937
3950 1955
3951 1665
3952 1839
3953 1648
3954 1891
3955 1858
3956 1929
3957 1833
3958 1616
3959 1912
3960 1542
3961 1881
3962 1875
3963 2012
3964 1941
3965 2065
3966 2001
3967 1739
3968 1954
3969 1514
3970 1945
3971 2011
3972 1730
3973 1454
3974 1909
3975 1793
3976 1789
3977 1888
3978 1710
3979 1858
3980 1776
3981 1641
3982 1775
3983 1590
3984 1519
3985 1766
3986 2279
3987 2185
3988 2038
3989 1707
3990 1813
3991 1870
3992 1601
3993 1631
3994 1769
3995 2092
3996 1932
3997 2026
3998 1570
3999 1789
4000 2084
4001 1861
4002 1957
4003 1982
4004 2042
4005 1547
4006 1659
4007 1565
4008 1752
4009 1642
4010 2083
4011 2155
4012 1863
4013 1622
4014 1987
4015 1830
4016 2023
4017 1827
4018 1854
4019 2015
4020 1679
4021 1885
4022 1915
4023 1600
4024 1816
4025 1886
4026 1684
4027 1963
4028 1818
4029 1979
4030 1892
4031 1730
4032 1923
4033 1390
4034 1952
4035 1655
4036 1729
4037 1930
4038 1872
4039 2094
4040 1973
4041 1555
4042 1994
4043 1881
4044 1585
4045 1803
4046 1727
4047 1816
4048 1577
4049 1756
4050 1926
4051 2177
4052 1755
4053 1739
4054 1693
4055 1896
4056 1840
4057 1708
4058 1509
4059 1664
4060 1949
4061 1726
4062 1898
4063 1975
4064 1750
4065 1707
4066 1778
4067 1841
4068 1853
4069 1742
4070 2019
4071 1589
4072 1801
4073 1836
4074 1831
4075 1914
4076 1711
4077 2010
4078 1582
4079 2110
4080 1740
4081 2104
4082 1835
4083 1903
4084 1752
4085 1933
4086 1912
4087 1788
4088 1654
4089 1760
4090 1842
4091 1832
4092 1697
4093 1638
4094 1854
4095 1726
4096 1823
4097 1470
4098 2071
4099 1899
4100 1643
4101 2067
4102 1730
4103 2162
4104 1662
4105 1889
4106 1808
4107 1907
4108 1778
4109 1906
4110 1708
4111 1827
4112 1852
4113 2040
4114 1653
4115 1650
4116 1933
4117 1799
4118 1893
4119 1975
4120 1807
4121 1796
4122 1624
4123 1600
4124 1845
4125 1734
4126 1909
4127 2057
4128 1853
4129 1794
4130 1543
4131 1735
4132 1791
4133 2145
4134 2104
4135 1702
4136 1850
4137 1857
4138 2069
4139 1761
4140 1931
4141 2051
4142 2230
4143 1767
4144 1911
4145 1586
4146 1944
4147 1922
4148 1661
4149 1630
4150 1724
4151 1870
4152 1979
4153 1537
4154 1735
4155 1769
4156 1907
4157 1993
4158 2013
4159 1823
4160 1567
4161 1774
4162 2176
4163 1988
4164 1778
4165 1802
4166 1922
4167 1500
4168 1915
4169 1619
4170 1639
4171 2100
4172 1839
4173 1975
4174 1696
4175 1701
4176 1522
4177 1732
4178 1481
4179 1605
4180 1732
4181 2044
4182 1882
4183 1840
4184 1750
4185 1875
4186 2002
4187 1931
4188 1634
4189 1739
4190 2036
4191 2002
4192 1688
4193 1878
4194 1748
4195 1563
4196 1911
4197 1730
4198 1813
4199 1770
4200 1766
4201 1912
4202 2067
4203 1722
4204 1792
4205 1918
4206 2086
4207 1857
4208 1998
4209 2117
4210 1799
4211 1867
4212 1585
4213 1813
4214 1899
4215 1721
4216 1850
4217 1950
4218 1850
4219 1935
4220 2031
4221 2016
4222 1651
4223 1764
4224 1961
4225 1873
4226 1684
4227 1834
4228 1744
4229 1836
4230 1976
4231 1801
4232 1689
4233 1965
4234 1862
4235 1880
4236 1944
4237 2168
4238 1734
4239 1621
4240 1873
4241 1784
4242 2054
4243 1968
4244 2085
4245 2027
4246 1992
4247 1810
4248 1741
4249 1713
4250 1585
4251 1862
4252 1824
4253 1822
4254 1847
4255 1600
4256 1722
4257 1967
4258 1668
4259 1626
4260 1691
4261 2050
4262 1568
4263 2117
4264 1861
4265 2009
4266 2131
4267 1837
4268 1627
4269 1697
4270 1721
4271 1993
4272 1795
4273 1909
4274 1593
4275 1666
4276 2173
4277 1871
4278 1856
4279 1856
4280 1593
4281 1575
4282 1683
4283 1894
4284 1828
4285 1895
4286 1854
4287 1854
4288 2057
4289 1803
4290 2068
4291 1730
4292 1277
4293 1914
4294 1739
4295 1613
4296 1875
4297 1698
4298 2082
4299 1416
4300 1357
4301 1771
4302 1742
4303 1840
4304 1974
4305 1808
4306 2041
4307 1990
4308 1679
4309 1530
4310 1787
4311 1840
4312 1801
4313 1857
4314 1909
4315 1843
4316 1631
4317 1602
4318 2054
4319 1878
4320 2042
4321 1788
4322 1957
4323 1986
4324 1939
4325 1955
4326 2044
4327 1906
4328 1690
4329 1989
4330 1771
4331 2037
4332 1836
4333 2030
4334 1808
4335 1596
4336 1864
4337 1910
4338 1954
4339 1915
4340 1687
4341 1756
4342 2022
4343 1905
4344 2143
4345 1742
4346 2080
4347 1686
4348 1969
4349 1682
4350 2108
4351 1902
4352 1994
4353 1970
4354 1966
4355 1950
4356 1712
4357 1688
4358 1673
4359 1751
4360 2093
4361 1847
4362 1677
4363 1659
4364 1721
4365 1694
4366 2006
4367 1821
4368 1862
4369 1574
4370 1825
4371 2031
4372 1838
4373 1762
4374 2086
4375 1878
4376 1546
4377 1743
4378 1945
4379 1771
4380 1577
4381 1538
4382 1838
4383 1761
4384 1928
4385 1841
4386 1882
4387 1409
4388 2058
4389 2007
4390 1718
4391 1858
4392 1755
4393 1559
4394 1891
4395 1698
4396 1473
4397 1913
4398 1878
4399 1872
4400 1865
4401 2191
4402 1735
4403 1603
4404 1747
4405 1960
4406 1926
4407 1946
4408 1801
4409 1929
4410 1822
4411 1688
4412 2052
4413 1810
4414 2197
4415 1837
4416 1864
4417 2153
4418 1835
4419 1828
4420 1830
4421 1717
4422 2015
4423 1764
4424 1794
4425 1616
4426 1783
4427 1958
4428 1638
4429 1961
4430 1832
4431 1978
4432 1595
4433 1840
4434 1627
4435 1618
4436 2203
4437 1746
4438 1818
4439 1888
4440 1809
4441 1866
4442 1735
4443 1913
4444 1762
4445 2017
4446 1962
4447 1764
4448 1780
4449 1749
4450 1800
4451 1829
4452 1834
4453 1840
4454 2017
4455 1851
4456 2112
4457 1605
4458 1741
4459 2067
4460 1898
4461 2014
4462 2010
4463 1856
4464 1714
4465 1893
4466 1773
4467 1927
4468 1894
4469 1901
4470 1775
4471 1814
4472 1719
4473 1914
4474 1664
4475 1755
4476 1734
4477 2006
4478 1593
4479 1815
4480 1863
4481 1669
4482 1857
4483 1978
4484 1593
4485 1340
4486 1959
4487 1879
4488 1757
4489 1879
4490 1647
4491 1783
4492 1916
4493 2052
4494 1885
4495 1771
4496 2030
4497 1971
4498 1838
4499 1794
4500 1942
4501 1736
4502 1653
4503 1923
4504 1814
4505 1826
4506 1956
4507 1850
4508 1912
4509 1371
4510 1750
4511 2005
4512 1809
4513 1805
4514 1760
4515 1776
4516 1591
4517 1885
4518 2074
4519 1712
4520 1972
4521 1813
4522 1856
4523 1763
4524 1845
4525 1807
4526 1749
4527 1664
4528 1638
4529 2088
4530 1895
4531 1963
4532 1798
4533 1618
4534 1873
4535 1791
4536 1737
4537 1757
4538 1654
4539 1794
4540 1943
4541 1647
4542 1659
4543 1789
4544 2077
4545 1898
4546 1944
4547 1990
4548 2056
4549 1775
4550 1571
4551 1868
4552 1985
4553 1992
4554 1551
4555 1688
4556 1805
4557 2021
4558 1788
4559 1709
4560 1715
4561 1672
4562 1831
4563 1795
4564 1980
4565 1852
4566 1842
4567 1934
4568 1504
4569 1945
4570 1885
4571 1915
4572 1861
4573 1569
4574 1681
4575 1744
4576 1807
4577 1905
4578 1808
4579 1846
4580 2005
4581 1916
4582 1989
4583 1884
4584 2009
4585 2018
4586 1822
4587 1953
4588 1755
4589 1979
4590 1799
4591 1572
4592 1552
4593 2140
4594 1803
4595 1925
4596 1810
4597 1665
4598 1865
4599 1911
4600 1525
4601 1752
4602 1729
4603 1589
4604 1676
4605 1857
4606 1842
4607 1621
4608 1788
4609 1923
4610 2049
4611 1712
4612 1799
4613 1819
4614 2029
4615 2154
4616 1704
4617 1722
4618 1913
4619 1519
4620 1772
4621 1573
4622 1880
4623 1809
4624 1692
4625 1847
4626 1676
4627 1554
4628 2066
4629 1737
4630 1872
4631 1639
4632 1690
4633 1998
4634 2068
4635 1907
4636 1842
4637 1722
4638 1899
4639 2150
4640 1878
4641 1969
4642 1820
4643 1970
4644 1720
4645 1660
4646 1813
4647 1782
4648 2003
4649 2033
4650 1833
4651 1982
4652 1869
4653 1412
4654 1700
4655 1642
4656 1693
4657 1944
4658 2007
4659 1795
4660 1755
4661 1535
4662 1822
4663 1514
4664 1784
4665 1972
4666 1778
4667 1775
4668 1974
4669 1654
4670 1673
4671 1855
4672 1795
4673 1891
4674 1519
4675 1831
4676 1693
4677 1679
4678 1726
4679 1653
4680 1736
4681 1844
4682 1982
4683 1969
4684 2029
4685 1339
4686 2081
4687 2033
4688 2021
4689 1838
4690 1932
4691 1853
4692 1858
4693 1628
4694 1811
4695 1726
4696 1707
4697 1829
4698 1468
4699 1951
4700 2033
4701 1771
4702 1802
4703 2035
4704 1725
4705 1902
4706 1475
4707 1693
4708 1988
4709 1912
4710 1720
4711 1732
4712 1961
4713 1873
4714 1856
4715 1893
4716 1770
4717 1976
4718 1764
4719 1526
4720 1587
4721 1629
4722 2095
4723 1856
4724 1631
4725 1740
4726 1952
4727 1890
4728 1937
4729 1803
4730 1904
4731 1898
4732 1993
4733 1937
4734 1927
4735 1941
4736 1820
4737 1837
4738 1707
4739 1845
4740 1956
4741 1874
4742 1939
4743 1909
4744 1699
4745 1693
4746 1873
4747 1860
4748 1975
4749 2041
4750 1866
4751 1615
4752 1745
4753 2005
4754 1681
4755 1697
4756 1887
4757 1928
4758 2025
4759 2019
4760 1796
4761 1807
4762 2101
4763 2033
4764 2035
4765 1878
4766 1875
4767 1703
4768 1735
4769 1650
4770 1816
4771 1705
4772 1900
4773 1835
4774 1526
4775 1919
4776 1770
4777 1531
4778 1533
4779 1858
4780 2002
4781 1588
4782 1608
4783 1950
4784 1764
4785 1923
4786 2118
4787 1780
4788 1486
4789 1517
4790 1634
4791 1933
4792 1802
4793 2024
4794 1566
4795 2077
4796 2046
4797 1681
4798 1923
4799 1784
4800 1839
4801 1496
4802 1295
4803 1483
4804 1866
4805 1942
4806 1649
4807 1815
4808 1951
4809 1736
4810 1530
4811 1860
4812 1643
4813 1638
4814 1869
4815 1948
4816 2002
4817 1915
4818 1788
4819 1700
4820 1970
4821 1741
4822 1858
4823 1892
4824 1573
4825 1615
4826 1572
4827 1861
4828 1798
4829 2074
4830 1871
4831 1857
4832 1714
4833 1759
4834 1900
4835 1899
4836 2106
4837 1846
4838 1867
4839 1890
4840 1842
4841 2002
4842 1346
4843 1860
4844 1794
4845 1849
4846 1961
4847 1790
4848 1701
4849 1590
4850 1939
4851 1967
4852 1940
4853 1992
4854 1779
4855 1882
4856 2071
4857 1868
4858 1512
4859 1456
4860 1692
4861 1920
4862 1856
4863 2110
4864 2032
4865 1732
4866 1829
4867 1678
4868 1337
4869 1892
4870 1927
4871 1884
4872 1942
4873 1654
4874 1844
4875 1773
4876 1883
4877 1708
4878 1318
4879 1820
4880 1597
4881 2075
4882 1689
4883 2043
4884 1447
4885 1776
4886 1777
4887 1727
4888 1885
4889 1751
4890 1866
4891 1466
4892 1828
4893 1853
4894 1821
4895 1836
4896 1791
4897 1750
4898 1848
4899 1667
4900 1868
4901 1949
4902 1643
4903 1832
4904 1731
4905 1970
4906 1602
4907 1772
4908 1753
4909 1517
4910 1870
4911 1688
4912 1736
4913 1803
4914 1605
4915 1587
4916 1823
4917 1908
4918 1424
4919 1700
4920 1579
4921 1528
4922 1794
4923 1656
4924 2251
4925 1837
4926 1925
4927 2025
4928 1834
4929 1493
4930 1929
4931 1972
4932 1687
4933 1512
4934 1985
4935 1924
4936 2024
4937 2067
4938 1591
4939 1841
4940 1759
4941 1836
4942 1870
4943 1905
4944 1715
4945 1895
4946 1965
4947 1749
4948 1895
4949 1659
4950 1635
4951 2102
4952 1868
4953 1745
4954 1744
4955 1859
4956 1942
4957 1899
4958 1600
4959 1825
4960 1894
4961 1849
4962 1976
4963 1951
4964 1874
4965 1635
4966 2155
4967 1578
4968 1928
4969 1593
4970 2141
4971 1859
4972 1704
4973 2053
4974 1546
4975 1895
4976 1466
4977 1402
4978 1899
4979 1751
4980 1899
4981 1594
4982 1798
4983 1693
4984 2003
4985 2002
4986 1681
4987 1766
4988 1973
4989 1810
4990 1897
4991 1647
4992 1876
4993 1930
4994 1961
4995 2005
4996 1627
4997 1600
4998 1574
4999 1955
5000 1801
5001 1733
5002 1752
5003 2144
5004 1983
5005 1819
5006 1717
5007 1855
5008 1856
5009 1909
5010 1757
5011 1947
5012 1978
5013 1639
5014 2134
5015 1807
5016 1804
5017 1955
5018 1614
5019 1741
5020 1943
5021 1697
5022 1494
5023 1916
5024 2097
5025 1979
5026 1906
5027 1571
5028 1747
5029 1644
5030 1875
5031 1834
5032 2045
5033 1630
5034 1636
5035 1783
5036 1943
5037 1917
5038 1461
5039 1632
5040 1870
5041 1775
5042 1958
5043 1824
5044 1664
5045 1545
5046 1620
5047 1512
5048 1886
5049 1540
5050 1586
5051 2038
5052 1896
5053 1747
5054 1853
5055 1825
5056 1738
5057 1845
5058 1744
5059 2115
5060 1660
5061 1903
5062 1701
5063 1779
5064 1814
5065 1963
5066 1628
5067 1942
5068 1734
5069 1696
5070 1973
5071 1836
5072 1738
5073 1923
5074 1879
5075 1605
5076 2008
5077 1768
5078 1864
5079 1818
5080 1947
5081 1936
5082 1913
5083 1762
5084 2000
5085 1536
5086 1476
5087 1877
5088 1677
5089 1850
5090 2172
5091 1827
5092 1810
5093 2029
5094 1937
5095 1934
5096 1873
5097 1889
5098 2007
5099 1948
5100 1676
5101 1868
5102 1763
5103 1662
5104 1853
5105 1816
5106 1687
5107 2061
5108 1788
5109 1815
5110 1778
5111 1660
5112 1934
5113 1974
5114 2012
5115 1785
5116 1813
5117 1765
5118 1915
5119 1719
5120 1608
5121 1726
5122 1657
5123 1687
5124 1822
5125 1667
5126 1696
5127 1911
5128 1665
5129 2053
5130 1852
5131 1738
5132 1730
5133 1759
5134 1966
5135 1846
5136 1751
5137 1697
5138 1669
5139 1792
5140 1712
5141 1919
5142 1679
5143 1986
5144 1724
5145 1834
5146 1844
5147 1805
5148 1863
5149 1937
5150 1774
5151 1784
5152 1866
5153 1921
5154 1832
5155 1784
5156 2031
5157 1695
5158 1919
5159 1621
5160 1635
5161 2141
5162 1751
5163 1883
5164 1730
5165 1977
5166 1875
5167 1822
5168 2106
5169 1789
5170 1944
5171 1710
5172 1983
5173 2027
5174 1719
5175 1829
5176 2196
5177 1633
5178 1745
5179 1894
5180 1663
5181 1434
5182 1936
5183 1805
5184 1786
5185 1784
5186 1754
5187 1821
5188 1646
5189 1900
5190 1746
5191 2051
5192 2071
5193 1796
5194 2064
5195 1717
5196 1853
5197 1598
5198 1918
5199 1891
5200 1675
5201 2117
5202 2086
5203 1838
5204 1858
5205 1749
5206 1714
5207 1780
5208 2131
5209 1849
5210 2059
5211 1747
5212 1940
5213 1576
5214 1919
5215 1735
5216 1672
5217 1914
5218 1885
5219 1971
5220 1955
5221 1669
5222 1653
5223 1962
5224 1787
5225 1931
5226 2018
5227 1972
5228 1826
5229 1970
5230 2043
5231 1813
5232 1652
5233 1816
5234 1990
5235 1898
5236 1931
5237 1980
5238 2148
5239 1771
5240 1530
5241 1627
5242 1869
5243 1657
5244 1670
5245 1897
5246 1891
5247 2175
5248 1706
5249 2099
5250 1881
5251 1655
5252 1617
5253 1757
5254 1911
5255 1910
5256 1686
5257 1779
5258 1976
5259 1689
5260 1460
5261 1738
5262 1990
5263 1567
5264 1576
5265 1769
5266 1730
5267 2030
5268 1545
5269 1700
5270 1937
5271 1969
5272 1768
5273 1867
5274 1834
5275 1756
5276 1857
5277 1599
5278 1862
5279 1802
5280 1824
5281 1746
5282 1900
5283 1523
5284 1948
5285 1982
5286 1949
5287 2029
5288 1669
5289 1937
5290 1768
5291 1614
5292 1612
5293 1510
5294 1975
5295 1719
5296 1621
5297 1879
5298 1631
5299 1753
5300 1788
5301 2085
5302 1947
5303 1910
5304 2059
5305 1984
5306 1679
5307 1778
5308 1790
5309 1801
5310 1866
5311 2045
5312 1486
5313 1944
5314 1747
5315 1830
5316 1809
5317 1782
5318 1607
5319 2008
5320 1940
5321 2061
5322 1779
5323 1699
5324 1599
5325 1796
5326 1817
5327 1921
5328 1924
5329 1853
5330 1947
5331 1907
5332 1921
5333 1799
5334 1942
5335 2008
5336 1986
5337 1659
5338 1659
5339 1944
5340 2006
5341 1736
5342 1622
5343 1272
5344 1720
5345 1985
5346 1827
5347 1855
5348 1601
5349 1906
5350 1907
5351 1622
5352 1761
5353 1653
5354 1932
5355 1832
5356 1804
5357 1837
5358 1464
5359 1725
5360 1968
5361 1961
5362 1827
5363 1959
5364 1776
5365 1742
5366 1884
5367 1719
5368 1800
5369 1546
5370 1893
5371 1919
5372 1834
5373 1602
5374 1578
5375 1861
5376 1910
5377 1860
5378 1804
5379 1762
5380 1852
5381 2011
5382 1613
5383 1861
5384 1788
5385 1636
5386 1835
5387 2185
5388 2086
5389 1581
5390 1994
5391 1583
5392 1801
5393 2005
5394 1705
5395 1855
5396 1736
5397 1857
5398 1650
5399 1762
5400 1691
5401 1749
5402 2007
5403 1867
5404 1912
5405 2007
5406 1968
5407 2172
5408 1860
5409 1973
5410 1824
5411 1798
5412 1870
5413 1565
5414 1656
5415 1896
5416 1964
5417 1686
5418 1766
5419 2027
5420 2087
5421 1837
5422 2048
5423 1913
5424 1730
5425 1591
5426 1680
5427 1909
5428 1834
5429 1697
5430 1715
5431 1850
5432 1765
5433 1778
5434 1995
5435 1735
5436 1757
5437 1828
5438 1506
5439 1862
5440 1627
5441 1539
5442 1597
5443 2004
5444 1815
5445 1806
5446 1908
5447 1885
5448 1930
5449 1865
5450 1993
5451 1720
5452 1463
5453 1853
5454 1928
5455 1896
5456 1819
5457 2027
5458 2051
5459 1939
5460 1878
5461 2184
5462 1839
5463 1924
5464 1863
5465 1994
5466 2008
5467 1855
5468 1810
5469 1878
5470 2032
5471 1710
5472 1825
5473 1930
5474 1928
5475 1683
5476 1578
5477 1905
5478 1893
5479 1892
5480 1942
5481 1820
5482 1700
5483 1740
5484 1443
5485 1488
5486 1658
5487 1814
5488 1917
5489 1917
5490 1700
5491 1774
5492 1659
5493 1866
5494 1611
5495 1894
5496 2067
5497 1996
5498 1539
5499 1825
5500 1796
5501 1726
5502 1615
5503 1727
5504 1632
5505 1805
5506 2248
5507 1606
5508 1900
5509 1990
5510 1817
5511 1839
5512 1796
5513 1872
5514 1839
5515 1557
5516 1759
5517 1971
5518 1790
5519 1284
5520 1800
5521 1742
5522 1942
5523 2048
5524 1858
5525 2078
5526 1837
5527 2129
5528 1865
5529 1936
5530 1782
5531 1780
5532 1930
5533 1681
5534 1440
5535 1892
5536 1994
5537 1980
5538 1789
5539 1873
5540 2083
5541 1866
5542 1865
5543 1740
5544 1750
5545 1627
5546 1512
5547 2102
5548 1936
5549 1916
5550 1794
5551 1705
5552 1992
5553 2182
5554 1845
5555 1830
5556 1669
5557 1936
5558 1961
5559 1526
5560 1883
5561 2134
5562 1523
5563 1560
5564 1714
5565 1810
5566 1705
5567 1813
5568 1731
5569 1856
5570 2107
5571 2039
5572 1917
5573 1824
5574 1879
5575 1877
5576 1952
5577 1899
5578 1762
5579 1791
5580 2085
5581 2080
5582 1791
5583 2054
5584 1822
5585 1896
5586 1822
5587 2026
5588 1776
5589 1870
5590 1800
5591 1650
5592 1602
5593 1961
5594 1893
5595 1747
5596 1991
5597 2079
5598 1802
5599 1986
5600 1970
5601 1872
5602 1886
5603 1947
5604 1918
5605 2094
5606 1912
5607 2003
5608 1833
5609 1770
5610 1971
5611 1933
5612 2127
5613 1515
5614 1858
5615 1833
5616 1771
5617 1950
5618 1368
5619 1747
5620 1754
5621 1712
5622 1894
5623 1944
5624 1840
5625 1856
5626 1654
5627 2042
5628 1657
5629 1676
5630 1637
5631 1992
5632 2110
5633 1869
5634 1693
5635 1679
5636 1630
5637 1915
5638 1832
5639 1870
5640 1744
5641 1988
5642 1844
5643 1965
5644 1873
5645 1807
5646 1853
5647 1836
5648 1766
5649 1783
5650 1813
5651 2182
5652 1746
5653 1756
5654 1928
5655 1717
5656 2240
5657 2041
5658 1640
5659 1726
5660 1820
5661 1991
5662 1999
5663 1778
5664 1819
5665 2045
5666 1889
5667 1798
5668 1858
5669 2050
5670 1889
5671 1733
5672 1761
5673 2062
5674 1947
5675 1799
5676 1900
5677 1945
5678 1689
5679 1910
5680 1811
5681 1729
5682 1955
5683 1757
5684 1806
5685 1878
5686 1769
5687 1978
5688 1816
5689 2006
5690 2060
5691 1614
5692 1986
5693 1607
5694 2151
5695 1664
5696 1964
5697 1926
5698 1460
5699 1815
5700 1788
5701 1814
5702 1535
5703 1458
5704 1625
5705 1764
5706 1857
5707 1904
5708 1876
5709 1928
5710 2099
5711 2059
5712 1961
5713 1905
5714 1718
5715 1705
5716 1665
5717 1902
5718 1727
5719 1921
5720 1969
5721 1675
5722 1962
5723 1840
5724 1649
5725 2037
5726 1875
5727 1539
5728 1711
5729 1903
5730 1948
5731 2019
5732 1683
5733 1882
5734 1875
5735 1852
5736 1762
5737 2046
5738 1900
5739 1747
5740 1898
5741 1884
5742 2040
5743 2005
5744 1753
5745 2032
5746 1986
5747 1936
5748 1699
5749 1879
5750 1542
5751 2082
5752 1806
5753 1910
5754 1821
5755 1840
5756 1792
5757 1860
5758 2013
5759 1893
5760 1805
5761 1649
5762 1793
5763 1702
5764 1794
5765 1689
5766 1716
5767 1768
5768 2067
5769 1880
5770 1914
5771 1946
5772 1826
5773 1981
5774 1649
5775 1943
5776 1688
5777 1938
5778 1855
5779 1923
5780 1953
5781 2012
5782 1968
5783 1804
5784 2002
5785 2084
5786 2071
5787 1632
5788 2212
5789 1943
5790 1906
5791 1593
5792 1801
5793 1581
5794 1677
5795 1507
5796 1821
5797 1633
5798 1555
5799 1782
5800 1843
5801 1902
5802 1787
5803 1664
5804 1889
5805 1958
5806 1934
5807 1954
5808 1450
5809 1781
5810 1690
5811 1876
5812 1625
5813 1753
5814 1744
5815 1506
5816 1761
5817 1638
5818 1629
5819 1926
5820 1634
5821 1554
5822 1930
5823 1772
5824 1789
5825 1872
5826 1748
5827 1816
5828 1941
5829 1541
5830 1701
5831 2062
5832 1872
5833 1914
5834 1716
5835 1645
5836 1826
5837 1834
5838 1743
5839 1752
5840 1986
5841 1753
5842 1970
5843 2067
5844 1974
5845 1702
5846 2079
5847 1515
5848 1935
5849 1769
5850 1787
5851 1612
5852 2126
5853 1840
5854 1843
5855 2043
5856 1914
5857 1899
5858 1852
5859 1581
5860 2009
5861 1957
5862 2080
5863 2052
5864 1897
5865 1977
5866 2128
5867 1941
5868 1949
5869 1871
5870 1976
5871 1721
5872 1945
5873 2087
5874 1720
5875 1517
5876 1424
5877 1657
5878 1735
5879 1874
5880 2046
5881 1399
5882 1640
5883 1778
5884 1852
5885 1657
5886 2088
5887 1791
5888 1592
5889 1683
5890 1830
5891 1679
5892 2043
5893 1941
5894 1858
5895 1917
5896 1854
5897 1922
5898 1804
5899 2053
5900 1746
5901 1963
5902 1740
5903 1833
5904 1820
5905 1785
5906 1707
5907 1771
5908 1913
5909 1958
5910 1987
5911 1868
5912 1779
5913 2108
5914 1763
5915 1696
5916 1999
5917 1643
5918 1744
5919 1969
5920 1654
5921 1666
5922 1901
5923 2014
5924 1983
5925 1904
5926 1573
5927 1648
5928 2210
5929 2048
5930 2104
5931 1740
5932 1819
5933 1785
5934 1754
5935 1948
5936 1880
5937 1755
5938 1912
5939 1781
5940 2050
5941 1814
5942 1829
5943 1667
5944 1790
5945 1793
5946 1965
5947 2012
5948 1819
5949 1670
5950 1993
5951 1829
5952 2040
5953 1675
5954 1891
5955 1859
5956 1995
5957 1723
5958 1882
5959 1654
5960 1776
5961 1614
5962 1866
5963 1746
5964 1618
5965 1709
5966 1594
5967 1732
5968 2009
5969 1968
5970 2151
5971 1665
5972 1743
5973 1909
5974 1561
5975 1727
5976 2081
5977 2164
5978 1999
5979 1457
5980 2011
5981 1786
5982 1645
5983 1819
5984 1813
5985 1788
5986 2079
5987 1801
5988 1959
5989 1713
5990 1726
5991 1837
5992 2034
5993 1814
5994 1871
5995 2033
5996 1759
5997 1819
5998 1640
5999 1913
6000 1710
6001 1801
6002 1880
6003 1619
6004 1711
6005 1619
6006 1842
6007 1527
6008 1669
6009 1907
6010 1960
6011 1990
6012 1960
6013 1846
6014 1912
6015 1716
6016 1844
6017 1981
6018 1962
6019 1813
6020 1799
6021 1442
6022 1827
6023 1778
6024 1897
6025 1981
6026 1799
6027 1830
6028 1912
6029 1828
6030 1639
6031 1789
6032 1664
6033 2114
6034 1766
6035 1877
6036 1768
6037 1682
6038 1937
6039 1607
6040 1799
6041 1564
6042 1976
6043 1917
6044 1692
6045 2072
6046 1979
6047 1840
6048 1702
6049 1666
6050 1862
6051 1877
6052 1793
6053 1950
6054 1825
6055 1816
6056 1861
6057 1975
6058 1715
6059 1640
6060 1869
6061 2051
6062 1869
6063 1761
6064 1789
6065 1823
6066 2054
6067 1755
6068 1763
6069 1937
6070 2002
6071 1887
6072 1991
6073 1823
6074 1907
6075 1972
6076 2018
6077 1806
6078 1682
6079 1671
6080 1715
6081 1705
6082 1632
6083 1623
6084 1533
6085 1676
6086 1493
6087 1866
6088 2027
6089 1881
6090 1779
6091 1774
6092 1914
6093 1866
6094 2030
6095 1757
6096 1882
6097 1550
6098 1691
6099 2028
6100 1960
6101 1965
6102 1928
6103 1911
6104 1788
6105 2083
6106 2206
6107 1819
6108 1492
6109 1961
6110 1671
6111 1780
6112 1746
6113 1953
6114 1895
6115 1758
6116 2057
6117 1764
6118 1632
6119 1651
6120 1958
6121 1771
6122 1610
6123 1999
6124 1720
6125 1912
6126 1881
6127 1888
6128 1771
6129 1709
6130 1928
6131 1779
6132 1966
6133 1985
6134 2049
6135 1835
6136 1748
6137 1711
6138 1634
6139 1864
6140 1809
6141 1883
6142 1982
6143 1641
6144 1826
6145 1955
6146 1920
6147 1323
6148 1772
6149 1750
6150 1912
6151 1863
6152 2007
6153 1856
6154 1873
6155 1559
6156 1877
6157 1793
6158 1910
6159 1951
6160 1672
6161 1766
6162 1800
6163 1525
6164 2105
6165 2028
6166 1545
6167 1593
6168 1795
6169 2000
6170 1682
6171 1673
6172 1771
6173 1760
6174 1916
6175 1986
6176 1833
6177 1746
6178 1749
6179 1762
6180 1709
6181 1646
6182 1888
6183 1997
6184 1616
6185 1759
6186 1805
6187 1965
6188 2077
6189 1987
6190 1884
6191 1897
6192 1854
6193 1566
6194 1861
6195 2019
6196 1841
6197 1752
6198 1753
6199 1809
6200 1796
6201 1864
6202 1857
6203 1868
6204 1769
6205 1830
6206 1754
6207 1844
6208 1622
6209 1856
6210 1821
6211 1978
6212 1878
6213 1935
6214 1941
6215 1578
6216 1910
6217 2003
6218 1824
6219 1672
6220 1697
6221 1570
6222 1952
6223 1896
6224 1839
6225 1924
6226 1924
6227 2039
6228 1933
6229 1943
6230 1697
6231 1987
6232 1679
6233 1883
6234 2041
6235 1751
6236 1933
6237 1794
6238 1698
6239 2094
6240 1622
6241 1297
6242 1876
6243 1952
6244 1643
6245 1944
6246 1723
6247 1603
6248 1607
6249 1862
6250 1546
6251 1512
6252 1769
6253 1861
6254 2112
6255 1955
6256 1826
6257 1798
6258 1794
6259 1753
6260 2010
6261 1631
6262 1876
6263 1766
6264 1822
6265 1669
6266 1543
6267 1876
6268 1953
6269 1851
6270 1809
6271 1637
6272 2040
6273 1535
6274 2182
6275 1781
6276 1906
6277 2033
6278 1737
6279 1663
6280 1567
6281 1797
6282 1874
6283 1907
6284 1812
6285 1806
6286 1816
6287 1731
6288 1949
6289 1801
6290 1773
6291 1999
6292 1869
6293 1849
6294 1712
6295 1625
6296 1854
6297 2055
6298 1764
6299 1440
6300 1799
6301 1709
6302 1828
6303 1933
6304 1899
6305 1963
6306 1886
6307 1690
6308 1533
6309 1773
6310 1681
6311 1947
6312 1838
6313 1725
6314 1739
6315 1863
6316 2032
6317 1883
6318 2074
6319 1751
6320 1728
6321 1807
6322 1944
6323 1824
6324 1725
6325 1483
6326 1900
6327 1837
6328 1843
6329 1815
6330 1882
6331 1772
6332 1756
6333 1952
6334 1737
6335 1753
6336 1667
6337 1836
6338 1812
6339 2186
6340 2034
6341 1917
6342 1684
6343 1647
6344 1924
6345 1844
6346 1938
6347 1774
6348 1929
6349 1711
6350 1587
6351 1874
6352 1785
6353 1889
6354 1995
6355 1856
6356 1868
6357 1710
6358 1828
6359 1809
6360 2033
6361 1799
6362 1536
6363 2031
6364 1724
6365 1937
6366 1817
6367 1785
6368 1936
6369 1634
6370 1780
6371 1531
6372 1843
6373 1980
6374 1845
6375 1844
6376 1714
6377 2130
6378 1953
6379 1757
6380 2112
6381 1904
6382 1880
6383 2046
6384 2001
6385 2060
6386 1986
6387 1955
6388 1838
6389 1928
6390 1813
6391 1735
6392 2012
6393 1989
6394 2000
6395 1669
6396 1671
6397 2040
6398 1991
6399 1736
6400 1887
6401 1871
6402 1680
6403 1839
6404 1674
6405 1795
6406 1955
6407 1868
6408 1875
6409 1759
6410 1862
6411 2003
6412 1777
6413 1967
6414 1789
6415 1837
6416 2008
6417 1976
6418 1870
6419 1744
6420 1870
6421 1748
6422 1357
6423 1977
6424 1862
6425 1578
6426 1836
6427 1906
6428 1675
6429 1774
6430 1662
6431 1910
6432 1857
6433 1802
6434 1961
6435 1814
6436 1939
6437 1652
6438 2051
6439 1868
6440 1484
6441 1849
6442 1509
6443 2149
6444 1726
6445 1870
6446 1657
6447 1447
6448 1610
6449 1795
6450 2120
6451 1825
6452 2097
6453 1356
6454 1858
6455 1741
6456 1675
6457 1719
6458 1848
6459 1801
6460 2068
6461 1405
6462 1895
6463 1812
6464 1590
6465 1826
6466 1862
6467 1898
6468 1698
6469 1615
6470 1786
6471 1899
6472 1973
6473 1892
6474 1798
6475 1631
6476 1737
6477 2045
6478 2111
6479 1996
6480 1900
6481 1964
6482 2011
6483 1777
6484 1930
6485 1710
6486 1789
6487 1784
6488 1658
6489 2104
6490 1960
6491 1841
6492 1719
6493 2087
6494 1776
6495 1788
6496 1698
6497 2077
6498 1841
6499 1551
6500 1817
6501 1919
6502 2034
6503 1656
6504 1771
6505 1829
6506 1553
6507 1987
6508 1731
6509 1862
6510 1639
6511 1892
6512 1723
6513 1966
6514 1852
6515 1937
6516 2002
6517 1806
6518 1738
6519 1567
6520 1944
6521 1750
6522 1630
6523 1718
6524 1940
6525 1802
6526 2099
6527 2036
6528 1778
6529 1966
6530 1802
6531 1744
6532 1828
6533 1635
6534 1824
6535 1854
6536 1980
6537 1833
6538 1743
6539 1783
6540 1432
6541 1741
6542 1810
6543 1940
6544 1725
6545 2037
6546 1856
6547 2077
6548 1721
6549 1911
6550 1764
6551 1833
6552 1685
6553 1476
6554 1538
6555 1644
6556 1908
6557 1788
6558 2035
6559 1854
6560 2009
6561 1867
6562 1595
6563 1738
6564 1625
6565 1872
6566 1975
6567 1564
6568 1547
6569 1594
6570 1866
6571 1819
6572 1534
6573 1818
6574 1739
6575 1817
6576 1762
6577 2098
6578 1942
6579 1854
6580 1757
6581 2106
6582 1791
6583 2040
6584 1918
6585 1523
6586 1805
6587 1606
6588 1902
6589 1915
6590 1712
6591 1943
6592 1712
6593 1859
6594 1722
6595 1559
6596 1838
6597 1912
6598 1742
6599 1847
6600 1627
6601 1763
6602 1780
6603 1780
6604 1922
6605 1710
6606 1685
6607 1830
6608 1827
6609 2023
6610 2137
6611 1968
6612 1475
6613 1596
6614 1961
6615 1589
6616 1442
6617 1718
6618 1773
6619 1892
6620 1938
6621 1721
6622 1786
6623 2019
6624 1876
6625 1724
6626 1794
6627 1649
6628 1877
6629 2036
6630 1919
6631 1700
6632 1897
6633 1748
6634 1783
6635 1429
6636 1649
6637 1817
6638 1910
6639 1749
6640 1573
6641 1760
6642 1815
6643 1883
6644 1504
6645 1881
6646 1939
6647 1639
6648 1494
6649 1938
6650 1784
6651 1849
6652 2089
6653 1663
6654 1401
6655 1965
6656 1971
6657 1772
6658 1949
6659 1866
6660 1911
6661 1928
6662 1972
6663 1827
6664 1801
6665 1942
6666 1922
6667 1841
6668 2044
6669 1766
6670 1744
6671 1703
6672 1745
6673 1923
6674 1898
6675 1602
6676 1745
6677 1564
6678 1652
6679 1854
6680 1652
6681 1770
6682 1672
6683 1521
6684 1844
6685 1953
6686 1636
6687 1840
6688 1947
6689 1760
6690 1779
6691 1756
6692 1635
6693 1873
6694 1955
6695 2006
6696 1740
6697 1796
6698 1947
6699 1896
6700 1765
6701 1650
6702 1561
6703 1721
6704 1690
6705 2052
6706 1881
6707 1642
6708 1987
6709 1973
6710 1712
6711 2070
6712 1714
6713 1694
6714 1979
6715 1813
6716 1872
6717 2070
6718 1753
6719 1753
6720 1893
6721 1652
6722 1869
6723 1832
6724 1770
6725 1961
6726 1676
6727 1631
6728 1614
6729 1685
6730 1972
6731 1576
6732 1536
6733 2038
6734 1745
6735 1689
6736 1864
6737 1682
6738 1745
6739 1877
6740 2017
6741 1816
6742 2061
6743 1968
6744 1863
6745 1964
6746 1896
6747 1946
6748 1776
6749 1957
6750 1938
6751 1850
6752 1713
6753 1927
6754 1831
6755 1929
6756 1750
6757 1955
6758 1999
6759 1861
6760 1455
6761 2030
6762 1863
6763 2012
6764 1875
6765 1744
6766 1862
6767 1866
6768 1760
6769 1624
6770 1910
6771 1952
6772 1858
6773 1733
6774 2045
6775 1962
6776 1970
6777 1839
6778 1686
6779 1966
6780 1547
6781 1669
6782 1792
6783 1658
6784 1899
6785 1424
6786 2114
6787 1981
6788 1701
6789 2084
6790 2030
6791 1842
6792 1884
6793 1827
6794 1975
6795 1782
6796 1940
6797 1953
6798 2059
6799 1682
6800 1847
6801 1856
6802 1507
6803 1985
6804 1721
6805 1936
6806 1681
6807 1965
6808 1821
6809 1972
6810 1924
6811 1755
6812 1711
6813 2073
6814 1706
6815 2006
6816 1529
6817 2092
6818 1765
6819 1913
6820 1969
6821 1892
6822 1740
6823 1849
6824 1739
6825 1970
6826 1864
6827 2029
6828 1564
6829 1889
6830 1594
6831 1950
6832 1957
6833 2088
6834 1923
6835 1791
6836 1889
6837 1894
6838 1851
6839 1881
6840 2129
6841 1521
6842 1845
6843 2033
6844 1796
6845 1953
6846 1657
6847 1799
6848 2001
6849 1730
6850 1892
6851 1523
6852 1451
6853 2035
6854 1772
6855 2079
6856 1751
6857 2135
6858 1725
6859 1923
6860 1636
6861 1704
6862 2139
6863 2087
6864 1728
6865 1885
6866 1923
6867 1874
6868 2194
6869 1842
6870 1429
6871 1726
6872 1894
6873 1795
6874 1983
6875 1748
6876 1859
6877 1760
6878 1773
6879 1859
6880 1874
6881 1876
6882 1903
6883 1764
6884 1716
6885 1686
6886 1614
6887 1792
6888 1799
6889 1668
6890 1524
6891 1909
6892 1809
6893 1826
6894 1725
6895 1806
6896 1920
6897 1726
6898 1926
6899 1792
6900 1841
6901 1691
6902 1859
6903 1953
6904 2042
6905 1985
6906 2055
6907 1860
6908 1931
6909 1898
6910 1863
6911 1788
6912 1920
6913 1655
6914 1893
6915 1520
6916 1593
6917 1807
6918 1989
6919 2033
6920 1931
6921 1844
6922 1907
6923 2111
6924 1587
6925 1424
6926 1790
6927 1898
6928 1930
6929 1849
6930 1684
6931 1794
6932 1908
6933 2004
6934 1740
6935 2157
6936 2128
6937 1861
6938 1717
6939 1944
6940 1833
6941 2055
6942 1879
6943 1654
6944 1526
6945 1634
6946 1663
6947 1933
6948 2037
6949 1879
6950 1922
6951 1940
6952 1982
6953 1796
6954 1898
6955 2001
6956 1914
6957 2139
6958 1684
6959 1977
6960 1937
6961 1819
6962 1623
6963 1766
6964 1745
6965 1865
6966 1542
6967 1822
6968 1581
6969 1697
6970 1704
6971 1768
6972 1976
6973 1749
6974 1589
6975 1914
6976 1925
6977 1775
6978 1831
6979 1670
6980 1762
6981 1736
6982 1942
6983 1931
6984 1751
6985 1665
6986 1758
6987 2027
6988 1844
6989 1869
6990 1730
6991 1723
6992 1973
6993 1843
6994 2039
6995 1574
6996 1685
6997 1719
6998 1822
6999 1790
7000 2015
7001 1844
7002 1749
7003 1849
7004 1822
7005 1741
7006 1883
7007 2017
7008 1820
7009 1828
7010 1569
7011 1814
7012 1877
7013 1997
7014 2068
7015 1729
7016 1911
7017 1836
7018 1956
7019 1811
7020 1994
7021 1969
7022 1673
7023 1631
7024 1455
7025 1689
7026 1888
7027 1907
7028 1752
7029 2056
7030 1834
7031 1980
7032 1781
7033 1808
7034 1941
7035 1618
7036 1870
7037 1820
7038 2005
7039 2011
7040 1911
7041 1746
7042 1621
7043 1759
7044 2091
7045 2070
7046 1577
7047 1919
7048 1997
7049 1801
7050 1931
7051 2016
7052 1751
7053 1824
7054 1999
7055 1864
7056 1869
7057 1918
7058 1926
7059 2000
7060 1891
7061 1568
7062 1933
7063 1553
7064 1373
7065 1794
7066 1813
7067 1916
7068 2151
7069 1842
7070 1794
7071 1981
7072 1987
7073 1577
7074 1574
7075 1668
7076 1755
7077 1752
7078 1916
7079 1781
7080 1794
7081 1836
7082 1453
7083 1824
7084 1944
7085 1726
7086 1838
7087 1793
7088 1892
7089 1703
7090 1803
7091 1785
7092 1837
7093 1948
7094 1762
7095 2001
7096 1852
7097 1788
7098 1763
7099 1911
7100 2012
7101 1712
7102 1815
7103 1676
7104 1640
7105 1827
7106 1762
7107 1905
7108 1782
7109 1915
7110 1906
7111 1909
7112 1644
7113 1989
7114 2149
7115 1639
7116 1792
7117 1784
7118 2088
7119 1928
7120 1936
7121 1920
7122 1983
7123 1954
7124 1802
7125 1768
7126 1605
7127 1683
7128 1800
7129 1595
7130 1861
7131 1952
7132 1633
7133 1943
7134 1890
7135 2040
7136 1804
7137 1850
7138 1656
7139 1857
7140 1969
7141 1825
7142 1807
7143 1914
7144 1809
7145 1914
7146 1872
7147 1760
7148 1879
7149 1911
7150 1762
7151 2048
7152 1621
7153 1930
7154 1350
7155 1936
7156 2018
7157 1991
7158 1532
7159 1895
7160 1592
7161 1961
7162 1635
7163 1615
7164 1783
7165 1854
7166 2090
7167 1846
7168 1921
7169 1923
7170 1841
7171 1910
7172 1746
7173 2007
7174 1942
7175 1863
7176 1980
7177 1520
7178 1656
7179 1910
7180 1496
7181 1808
7182 1783
7183 1967
7184 1896
7185 1712
7186 1710
7187 2072
7188 1795
7189 1697
7190 1807
7191 1839
7192 1874
7193 1820
7194 1743
7195 1689
7196 1861
7197 1918
7198 1959
7199 1868
7200 1880
7201 1900
7202 1826
7203 1844
7204 1821
7205 1939
7206 1997
7207 1819
7208 1903
7209 1820
7210 1893
7211 1850
7212 1832
7213 1707
7214 1904
7215 1771
7216 1742
7217 1618
7218 1898
7219 1896
7220 1696
7221 1705
7222 1920
7223 1784
7224 1819
7225 1526
7226 1595
7227 1980
7228 1730
7229 1719
7230 1711
7231 1485
7232 1604
7233 2018
7234 1843
7235 1824
7236 1940
7237 2017
7238 1757
7239 1895
7240 1898
7241 1767
7242 1705
7243 2003
7244 2075
7245 1957
7246 1974
7247 1981
7248 1619
7249 1900
7250 1715
7251 1551
7252 1786
7253 1783
7254 1934
7255 1865
7256 1784
7257 1707
7258 2002
7259 1721
7260 1917
7261 1434
7262 1852
7263 1743
7264 2112
7265 1753
7266 2074
7267 1754
7268 1905
7269 1936
7270 1882
7271 1654
7272 1829
7273 1591
7274 1924
7275 1656
7276 1810
7277 1990
7278 1610
7279 1914
7280 1728
7281 1640
7282 2077
7283 1783
7284 1870
7285 1752
7286 1863
7287 1538
7288 1878
7289 1952
7290 1822
7291 1840
7292 1698
7293 1779
7294 1554
7295 1794
7296 1941
7297 1956
7298 1819
7299 1549
7300 1687
7301 1844
7302 1581
7303 1979
7304 1921
7305 1768
7306 2079
7307 1776
7308 1769
7309 1826
7310 1926
7311 1851
7312 1735
7313 1824
7314 1815
7315 1791
7316 2042
7317 1890
7318 1752
7319 1909
7320 1804
7321 1808
7322 1835
7323 1744
7324 1978
7325 1767
7326 1910
7327 1708
7328 1454
7329 2055
7330 2044
7331 1915
7332 1591
7333 1705
7334 1943
7335 1710
7336 1916
7337 1958
7338 1810
7339 1775
7340 1918
7341 1925
7342 2142
7343 1777
7344 2029
7345 1681
7346 2256
7347 1851
7348 1747
7349 1929
7350 1835
7351 1924
7352 1899
7353 1742
7354 1616
7355 1736
7356 1845
7357 1927
7358 1757
7359 1990
7360 1891
7361 1559
7362 1685
7363 1557
7364 1732
7365 2035
7366 1682
7367 1712
7368 1620
7369 1751
7370 1759
7371 1804
7372 1561
7373 1808
7374 1911
7375 1701
7376 2033
7377 1714
7378 1823
7379 1833
7380 1787
7381 1990
7382 1821
7383 1669
7384 1941
7385 1999
7386 1769
7387 1768
7388 2039
7389 1857
7390 2065
7391 2073
7392 1948
7393 1810
7394 1827
7395 1842
7396 1884
7397 1806
7398 1814
7399 1994
7400 1918
7401 1671
7402 1618
7403 1754
7404 2063
7405 1905
7406 1860
7407 1813
7408 1724
7409 2078
7410 1737
7411 1809
7412 1876
7413 1683
7414 1834
7415 1990
7416 1965
7417 2016
7418 1632
7419 1746
7420 1586
7421 2023
7422 1895
7423 1613
7424 1827
7425 1864
7426 1995
7427 2079
7428 1875
7429 1698
7430 1853
7431 1737
7432 1799
7433 1758
7434 1674
7435 1739
7436 2086
7437 1765
7438 2007
7439 1820
7440 1858
7441 1629
7442 1684
7443 1618
7444 1759
7445 1833
7446 1779
7447 1935
7448 1806
7449 1619
7450 1879
7451 1880
7452 1898
7453 2108
7454 1869
7455 2031
7456 2022
7457 1780
7458 1864
7459 1671
7460 1779
7461 1859
7462 1836
7463 1787
7464 1836
7465 1938
7466 1602
7467 1731
7468 1896
7469 1693
7470 1872
7471 1759
7472 1627
7473 1705
7474 1855
7475 1962
7476 1895
7477 1817
7478 2025
7479 1618
7480 1869
7481 1833
7482 1886
7483 2061
7484 1841
7485 1659
7486 1912
7487 1671
7488 1532
7489 1777
7490 1569
7491 1923
7492 1867
7493 1922
7494 1868
7495 1864
7496 2097
7497 1832
7498 1649
7499 1746
7500 1856
7501 1950
7502 1654
7503 1816
7504 1733
7505 1710
7506 1766
7507 1686
7508 1658
7509 1719
7510 1736
7511 1601
7512 1832
7513 1983
7514 1824
7515 2054
7516 1549
7517 1806
7518 1576
7519 1880
7520 1886
7521 1738
7522 1623
7523 1990
7524 1816
7525 1972
7526 1937
7527 1820
7528 1811
7529 1934
7530 1886
7531 1752
7532 1839
7533 2096
7534 1827
7535 1856
7536 1782
7537 2060
7538 1785
7539 1597
7540 1892
7541 1646
7542 2082
7543 1804
7544 1770
7545 1813
7546 1881
7547 1945
7548 1815
7549 2091
7550 1900
7551 1861
7552 1804
7553 1458
7554 1839
7555 1788
7556 1924
7557 1942
7558 1789
7559 1841
7560 1843
7561 1743
7562 1899
7563 1858
7564 1987
7565 1717
7566 1802
7567 1953
7568 1699
7569 1703
7570 2016
7571 1794
7572 1781
7573 1987
7574 1747
7575 1852
7576 1905
7577 1787
7578 1865
7579 1938
7580 1975
7581 1736
7582 2041
7583 1997
7584 1896
7585 1908
7586 1849
7587 1700
7588 1834
7589 1930
7590 1908
7591 1650
7592 1823
7593 1613
7594 1916
7595 1820
7596 1986
7597 2025
7598 1832
7599 1830
7600 1554
7601 1803
7602 1755
7603 1989
7604 1790
7605 1995
7606 2036
7607 1944
7608 1968
7609 2059
7610 1998
7611 1699
7612 1805
7613 1722
7614 1999
7615 1585
7616 1990
7617 2031
7618 1881
7619 1958
7620 1897
7621 1913
7622 1991
7623 1926
7624 1740
7625 1761
7626 1842
7627 1710
7628 1744
7629 2008
7630 1916
7631 1858
7632 1966
7633 1757
7634 1720
7635 1883
7636 1898
7637 1866
7638 1852
7639 1929
7640 1911
7641 1595
7642 1886
7643 2091
7644 1816
7645 1779
7646 1956
7647 1954
7648 1852
7649 1880
7650 1802
7651 1782
7652 2028
7653 1792
7654 1680
7655 1733
7656 1707
7657 1932
7658 1662
7659 1901
7660 1743
7661 1726
7662 1860
7663 1799
7664 1637
7665 1719
7666 1966
7667 1751
7668 1724
7669 1625
7670 2022
7671 1816
7672 1915
7673 1787
7674 1950
7675 1662
7676 1630
7677 1920
7678 1705
7679 1826
7680 1713
7681 1948
7682 1619
7683 1765
7684 1850
7685 1982
7686 1721
7687 1703
7688 1652
7689 1784
7690 1818
7691 1881
7692 1780
7693 2084
7694 1673
7695 1980
7696 1644
7697 1732
7698 1880
7699 1932
7700 1788
7701 1785
7702 1934
7703 1866
7704 1945
7705 1820
7706 1997
7707 1746
7708 1802
7709 1943
7710 1902
7711 1638
7712 1749
7713 1817
7714 1569
7715 1626
7716 1884
7717 1850
7718 1508
7719 2108
7720 1973
7721 2068
7722 1743
7723 1725
7724 1787
7725 1899
7726 1733
7727 1893
7728 1886
7729 2030
7730 1952
7731 1893
7732 1609
7733 1537
7734 1661
7735 1837
7736 1705
7737 2144
7738 1842
7739 1971
7740 1481
7741 1943
7742 1721
7743 1927
7744 1871
7745 1707
7746 2010
7747 1845
7748 1505
7749 1986
7750 1687
7751 1921
7752 1932
7753 2015
7754 1737
7755 1723
7756 1941
7757 1736
7758 1923
7759 1846
7760 1867
7761 1599
7762 1662
7763 1668
7764 1847
7765 1892
7766 1811
7767 1692
7768 1988
7769 1777
7770 1993
7771 1793
7772 1953
7773 1982
7774 1658
7775 1911
7776 1632
7777 2052
7778 2014
7779 1690
7780 1899
7781 2096
7782 1583
7783 1985
7784 2139
7785 1786
7786 1988
7787 1919
7788 1947
7789 2112
7790 1773
7791 1669
7792 1936
7793 2053
7794 1690
7795 1869
7796 1453
7797 1557
7798 1689
7799 1708
7800 1847
7801 1781
7802 1894
7803 1873
7804 1839
7805 1703
7806 1868
7807 1886
7808 1743
7809 2175
7810 1717
7811 1792
7812 1646
7813 1953
7814 1866
7815 1820
7816 1559
7817 2076
7818 1826
7819 1651
7820 1651
7821 1763
7822 1577
7823 1939
7824 1666
7825 1645
7826 1888
7827 1695
7828 1911
7829 1882
7830 1743
7831 1978
7832 1725
7833 1709
7834 2012
7835 1749
7836 1970
7837 1765
7838 1445
7839 1852
7840 1779
7841 1866
7842 1935
7843 1973
7844 1817
7845 2051
7846 1554
7847 1767
7848 1929
7849 2123
7850 1644
7851 1732
7852 1393
7853 1801
7854 1828
7855 1758
7856 1936
7857 1888
7858 1773
7859 1675
7860 1807
7861 1730
7862 1843
7863 1806
7864 1684
7865 1681
7866 1857
7867 1863
7868 1977
7869 1908
7870 1761
7871 1863
7872 2013
7873 1793
7874 1606
7875 1739
7876 1798
7877 1973
7878 2026
7879 1665
7880 1715
7881 2107
7882 1847
7883 1849
7884 1915
7885 1673
7886 1740
7887 1688
7888 1843
7889 1927
7890 2105
7891 2088
7892 1460
7893 1905
7894 2048
7895 1940
7896 1875
7897 1810
7898 1707
7899 1875
7900 1923
7901 1822
7902 1727
7903 1961
7904 1936
7905 1962
7906 1910
7907 1912
7908 1990
7909 1511
7910 1850
7911 1804
7912 1520
7913 1836
7914 1892
7915 2174
7916 1917
7917 1982
7918 1821
7919 2064
7920 1987
7921 1876
7922 1521
7923 1446
7924 1798
7925 1757
7926 1981
7927 2021
7928 1581
7929 1761
7930 1872
7931 2016
7932 1999
7933 1956
7934 1748
7935 2006
7936 1649
7937 1722
7938 1984
7939 2113
7940 1514
7941 1706
7942 2046
7943 1990
7944 1778
7945 1681
7946 2010
7947 1668
7948 1751
7949 1899
7950 1982
7951 1853
7952 1893
7953 1886
7954 1766
7955 1932
7956 1787
7957 1591
7958 1803
7959 1817
7960 2107
7961 1776
7962 1944
7963 2071
7964 1577
7965 1932
7966 2022
7967 1891
7968 1689
7969 1904
7970 2015
7971 1762
7972 2096
7973 1973
7974 1788
7975 1889
7976 1867
7977 1989
7978 1974
7979 1786
7980 1769
7981 2033
7982 1998
7983 1739
7984 1640
7985 1476
7986 1991
7987 1761
7988 1880
7989 1965
7990 1750
7991 1640
7992 2005
7993 1920
7994 1839
7995 1803
7996 1718
7997 1808
7998 1718
7999 1784
8000 1483
8001 2037
8002 2179
8003 1784
8004 2020
8005 2043
8006 1887
8007 1807
8008 1519
8009 1564
8010 1590
8011 1971
8012 1754
8013 1863
8014 1709
8015 1891
8016 1838
8017 1876
8018 2005
8019 2063
8020 1695
8021 1875
8022 2033
8023 1763
8024 1749
8025 1801
8026 2143
8027 2049
8028 2137
8029 1784
8030 2029
8031 1634
8032 1758
8033 2028
8034 1802
8035 1789
8036 1835
8037 1438
8038 1717
8039 1880
8040 1489
8041 1820
8042 1996
8043 1804
8044 2051
8045 1736
8046 1747
8047 1833
8048 1764
8049 1734
8050 2036
8051 1701
8052 1718
8053 1744
8054 1667
8055 1750
8056 1638
8057 1831
8058 2029
8059 1724
8060 1843
8061 1654
8062 2051
8063 1566
8064 1858
8065 1981
8066 1734
8067 1896
8068 1829
8069 1708
8070 1717
8071 1902
8072 1906
8073 1663
8074 1976
8075 1906
8076 2005
8077 1848
8078 1597
8079 1572
8080 1864
8081 2062
8082 1971
8083 1653
8084 1898
8085 1877
8086 1790
8087 1834
8088 1784
8089 2042
8090 1771
8091 1867
8092 1782
8093 1814
8094 1914
8095 2009
8096 2055
8097 1885
8098 1509
8099 1828
8100 1813
8101 1567
8102 1498
8103 1949
8104 1837
8105 1571
8106 1835
8107 1836
8108 1716
8109 1753
8110 1939
8111 1850
8112 1978
8113 1972
8114 1889
8115 1959
8116 1836
8117 1980
8118 1909
8119 2040
8120 1915
8121 1966
8122 1565
8123 1427
8124 1930
8125 1795
8126 1869
8127 1691
8128 2125
8129 1717
8130 1901
8131 1424
8132 1594
8133 1822
8134 1497
8135 1868
8136 1994
8137 1706
8138 1797
8139 1725
8140 1849
8141 1974
8142 1816
8143 1784
8144 1835
8145 1956
8146 2145
8147 1993
8148 1721
8149 1776
8150 1783
8151 1906
8152 1771
8153 1911
8154 1861
8155 1791
8156 1895
8157 1689
8158 1868
8159 1841
8160 1828
8161 1799
8162 1977
8163 1821
8164 1746
8165 1924
8166 1898
8167 1956
8168 1609
8169 2028
8170 1534
8171 1872
8172 1605
8173 2142
8174 1996
8175 1892
8176 1889
8177 1687
8178 1874
8179 1746
8180 1673
8181 1761
8182 1679
8183 2108
8184 1971
8185 1829
8186 1804
8187 1408
8188 1901
8189 1849
8190 1726
8191 1746
8192 1806
8193 1588
8194 2051
8195 1895
8196 1790
8197 1862
8198 1699
8199 1928
8200 1770
8201 1993
8202 1650
8203 1749
8204 1975
8205 1571
8206 1903
8207 1858
8208 1809
8209 1862
8210 1814
8211 2058
8212 1978
8213 1803
8214 1762
8215 1890
8216 1892
8217 1652
8218 1625
8219 1923
8220 1971
8221 2044
8222 1809
8223 1507
8224 1683
8225 1687
8226 2024
8227 1780
8228 2000
8229 1674
8230 1844
8231 1556
8232 1751
8233 2045
8234 1758
8235 1850
8236 2093
8237 1973
8238 1756
8239 1633
8240 1625
8241 1775
8242 1737
8243 1457
8244 1966
8245 1893
8246 1809
8247 1789
8248 1840
8249 1739
8250 1599
8251 1644
8252 1729
8253 1742
8254 2198
8255 2010
8256 1638
8257 1786
8258 2005
8259 2026
8260 2003
8261 1647
8262 1768
8263 1606
8264 2015
8265 1590
8266 2060
8267 1740
8268 1867
8269 1644
8270 1884
8271 1975
8272 1745
8273 1665
8274 1705
8275 1751
8276 2122
8277 1938
8278 1798
8279 2037
8280 1650
8281 1846
8282 1664
8283 1826
8284 1549
8285 1897
8286 1906
8287 2005
8288 1794
8289 1680
8290 1940
8291 1968
8292 2204
8293 1855
8294 1934
8295 1795
8296 1885
8297 1873
8298 2053
8299 1969
8300 1882
8301 1712
8302 1700
8303 1824
8304 1936
8305 1980
8306 1967
8307 1859
8308 1702
8309 1912
8310 1775
8311 1957
8312 1902
8313 1670
8314 1907
8315 1792
8316 1837
8317 1764
8318 1776
8319 1931
8320 1713
8321 1799
8322 1902
8323 1960
8324 2182
8325 1670
8326 1741
8327 1889
8328 1762
8329 1626
8330 1670
8331 1882
8332 1922
8333 1784
8334 1817
8335 2011
8336 1928
8337 1889
8338 1907
8339 1901
8340 1459
8341 1856
8342 2044
8343 1914
8344 1803
8345 1826
8346 1526
8347 1946
8348 1761
8349 1715
8350 1889
8351 1816
8352 1771
8353 1632
8354 1831
8355 1699
8356 1636
8357 1842
8358 1828
8359 1669
8360 1837
8361 1906
8362 1803
8363 2022
8364 1847
8365 1888
8366 1899
8367 1772
8368 1757
8369 1663
8370 1730
8371 1655
8372 1954
8373 1870
8374 1974
8375 1969
8376 1745
8377 2048
8378 1794
8379 1659
8380 2040
8381 2081
8382 1799
8383 1942
8384 1931
8385 1942
8386 1819
8387 1695
8388 1836
8389 1691
8390 1738
8391 1894
8392 1647
8393 1825
8394 1888
8395 1988
8396 1807
8397 1916
8398 1814
8399 1836
8400 1965
8401 2029
8402 1904
8403 1791
8404 1744
8405 1645
8406 1932
8407 2100
8408 1671
8409 1582
8410 1863
8411 1782
8412 1910
8413 1938
8414 1820
8415 1587
8416 1461
8417 1669
8418 1779
8419 1794
8420 1830
8421 1999
8422 1820
8423 1408
8424 1721
8425 1897
8426 1643
8427 1989
8428 2165
8429 1742
8430 1960
8431 1978
8432 1706
8433 1825
8434 1841
8435 1688
8436 2043
8437 1915
8438 1674
8439 1817
8440 1887
8441 1959
8442 2042
8443 1805
8444 1687
8445 1840
8446 2114
8447 1664
8448 1850
8449 1663
8450 1355
8451 1759
8452 1738
8453 1850
8454 1941
8455 1966
8456 1528
8457 1831
8458 1718
8459 1850
8460 1607
8461 1985
8462 1855
8463 1767
8464 1803
8465 1942
8466 1822
8467 1663
8468 1784
8469 2130
8470 1707
8471 1895
8472 1653
8473 2035
8474 2160
8475 1796
8476 1780
8477 2269
8478 1883
8479 1736
8480 1761
8481 1813
8482 1480
8483 1823
8484 1702
8485 1711
8486 1799
8487 1867
8488 1419
8489 1891
8490 1790
8491 1656
8492 1924
8493 1841
8494 1802
8495 1909
8496 1669
8497 1707
8498 1900
8499 1803
8500 1773
8501 1696
8502 1665
8503 1648
8504 1733
8505 1796
8506 1953
8507 1755
8508 1985
8509 1885
8510 1584
8511 1657
8512 1483
8513 2083
8514 1574
8515 1892
8516 1752
8517 1809
8518 1553
8519 1848
8520 2042
8521 1811
8522 1857
8523 1711
8524 1962
8525 1296
8526 1722
8527 1860
8528 1919
8529 2176
8530 1781
8531 1988
8532 2002
8533 1549
8534 1597
8535 2111
8536 1789
8537 1851
8538 2103
8539 2031
8540 1885
8541 1612
8542 1833
8543 1946
8544 1868
8545 1934
8546 1827
8547 1672
8548 1849
8549 1484
8550 1770
8551 2013
8552 1657
8553 2012
8554 1831
8555 2074
8556 1720
8557 1723
8558 1762
8559 1688
8560 1838
8561 1660
8562 1795
8563 2006
8564 1953
8565 1750
8566 1924
8567 2127
8568 1669
8569 1873
8570 1679
8571 1953
8572 1989
8573 2055
8574 1808
8575 2069
8576 2070
8577 2097
8578 1921
8579 1557
8580 1671
8581 1823
8582 1869
8583 1887
8584 1790
8585 1983
8586 1575
8587 1836
8588 1917
8589 1456
8590 1957
8591 1740
8592 1875
8593 1516
8594 1772
8595 1856
8596 1830
8597 1984
8598 1733
8599 1725
8600 1835
8601 1958
8602 1957
8603 1825
8604 1920
8605 1835
8606 1857
8607 1974
8608 1660
8609 1718
8610 1730
8611 1630
8612 1877
8613 1618
8614 1729
8615 1982
8616 1579
8617 1954
8618 1901
8619 1651
8620 1872
8621 1967
8622 1882
8623 1743
8624 1839
8625 2066
8626 1740
8627 2038
8628 1952
8629 1700
8630 1749
8631 1864
8632 1647
8633 2043
8634 1871
8635 1793
8636 2129
8637 1857
8638 1807
8639 1776
8640 1949
8641 1724
8642 1738
8643 1705
8644 1800
8645 1854
8646 1952
8647 1681
8648 1966
8649 1743
8650 1901
8651 1815
8652 1839
8653 2077
8654 1706
8655 1805
8656 1670
8657 1772
8658 1911
8659 1597
8660 1735
8661 2093
8662 1955
8663 1784
8664 1740
8665 1506
8666 1989
8667 1767
8668 1986
8669 1893
8670 1859
8671 2009
8672 1983
8673 1942
8674 1912
8675 1753
8676 1600
8677 1922
8678 1836
8679 1522
8680 1892
8681 1868
8682 1470
8683 2039
8684 1915
8685 2077
8686 2057
8687 1882
8688 1804
8689 1980
8690 1697
8691 2000
8692 1836
8693 1491
8694 1964
8695 1891
8696 1494
8697 2021
8698 1758
8699 1571
8700 1925
8701 1967
8702 1817
8703 1875
8704 1641
8705 1709
8706 1732
8707 2013
8708 2055
8709 1836
8710 1933
8711 1498
8712 1930
8713 1973
8714 1862
8715 1493
8716 2022
8717 1785
8718 1993
8719 1743
8720 1965
8721 1775
8722 1845
8723 1844
8724 1712
8725 1360
8726 1608
8727 1851
8728 1877
8729 1879
8730 1777
8731 1843
8732 1715
8733 1777
8734 1508
8735 1750
8736 1575
8737 2081
8738 1949
8739 1840
8740 1787
8741 1752
8742 1438
8743 1837
8744 1820
8745 1679
8746 1603
8747 1721
8748 2028
8749 1866
8750 1539
8751 1645
8752 1922
8753 1593
8754 1554
8755 1721
8756 1845
8757 1772
8758 1940
8759 1803
8760 1822
8761 1599
8762 1935
8763 1652
8764 1979
8765 1699
8766 1730
8767 1870
8768 1664
8769 1744
8770 2029
8771 1851
8772 1879
8773 1431
8774 1936
8775 1905
8776 1460
8777 2130
8778 1674
8779 1864
8780 1844
8781 1769
8782 2027
8783 1914
8784 1815
8785 1772
8786 1602
8787 2097
8788 1731
8789 1786
8790 1907
8791 1744
8792 1986
8793 1843
8794 1963
8795 1716
8796 1810
8797 1985
8798 1832
8799 1615
8800 1785
8801 1627
8802 1796
8803 1589
8804 2070
8805 2146
8806 1656
8807 1762
8808 1905
8809 2021
8810 1994
8811 1689
8812 1500
8813 1629
8814 1728
8815 1630
8816 1908
8817 2016
8818 1675
8819 1737
8820 1896
8821 2049
8822 1861
8823 2123
8824 1983
8825 1911
8826 1648
8827 1817
8828 1740
8829 1805
8830 1898
8831 1620
8832 1659
8833 1864
8834 1956
8835 2185
8836 1977
8837 1657
8838 1425
8839 1868
8840 1842
8841 1843
8842 1869
8843 1833
8844 1778
8845 1500
8846 2086
8847 1558
8848 1643
8849 1922
8850 1895
8851 1996
8852 1779
8853 1658
8854 1870
8855 1682
8856 1973
8857 1522
8858 1827
8859 1705
8860 2122
8861 2094
8862 1765
8863 1752
8864 2017
8865 1832
8866 1977
8867 1842
8868 1636
8869 1922
8870 2040
8871 1677
8872 2078
8873 1863
8874 1953
8875 1909
8876 1855
8877 1728
8878 1778
8879 2178
8880 2071
8881 1966
8882 1919
8883 1895
8884 1824
8885 1791
8886 1732
8887 1654
8888 1835
8889 1909
8890 1660
8891 1826
8892 2040
8893 2136
8894 1938
8895 1997
8896 1871
8897 2171
8898 1941
8899 1995
8900 1762
8901 1745
8902 1928
8903 1688
8904 1676
8905 1873
8906 1394
8907 2055
8908 1916
8909 1888
8910 1700
8911 1592
8912 1433
8913 2058
8914 1839
8915 1577
8916 1857
8917 2046
8918 1804
8919 1702
8920 1891
8921 1904
8922 1980
8923 1702
8924 1868
8925 2146
8926 1929
8927 1751
8928 1778
8929 1654
8930 1522
8931 1666
8932 2062
8933 1821
8934 2107
8935 2079
8936 1825
8937 1800
8938 1664
8939 1915
8940 1969
8941 1426
8942 1796
8943 1811
8944 1939
8945 1794
8946 1903
8947 1781
8948 1801
8949 2055
8950 1991
8951 1941
8952 1728
8953 1665
8954 1803
8955 1933
8956 2016
8957 2020
8958 1954
8959 1637
8960 1744
8961 1573
8962 1766
8963 2023
8964 1899
8965 1950
8966 1818
8967 1867
8968 1989
8969 1704
8970 1756
8971 1728
8972 1694
8973 1856
8974 1851
8975 2008
8976 1861
8977 1595
8978 2044
8979 1771
8980 1887
8981 1593
8982 1988
8983 1956
8984 1943
8985 1712
8986 1756
8987 1611
8988 1775
8989 1753
8990 1603
8991 1685
8992 1720
8993 1738
8994 1991
8995 1513
8996 1835
8997 2127
8998 1737
8999 1549
9000 2129
9001 1904
9002 1906
9003 1992
9004 1911
9005 1799
9006 1811
9007 1812
9008 2015
9009 1795
9010 1938
9011 1638
9012 1812
9013 1724
9014 1519
9015 1695
9016 1676
9017 1882
9018 1960
9019 1588
9020 1764
9021 1786
9022 1609
9023 2064
9024 1823
9025 1899
9026 1855
9027 2022
9028 1817
9029 1994
9030 1945
9031 1757
9032 1723
9033 1943
9034 1705
9035 1811
9036 1864
9037 1847
9038 1681
9039 1919
9040 1985
9041 1960
9042 1865
9043 1836
9044 1704
9045 1719
9046 1836
9047 1792
9048 1982
9049 1600
9050 1924
9051 1658
9052 2063
9053 1677
9054 2025
9055 1841
9056 1682
9057 1742
9058 2016
9059 1819
9060 1876
9061 2059
9062 1657
9063 1739
9064 1782
9065 1819
9066 1292
9067 1807
9068 1785
9069 1843
9070 1977
9071 1794
9072 1653
9073 2036
9074 1850
9075 1964
9076 1905
9077 1969
9078 2107
9079 1770
9080 1921
9081 1941
9082 1731
9083 1795
9084 1444
9085 1849
9086 1898
9087 1851
9088 1769
9089 1929
9090 1737
9091 1701
9092 1982
9093 1823
9094 1809
9095 1840
9096 1896
9097 1908
9098 1781
9099 2075
9100 1814
9101 1744
9102 1879
9103 1734
9104 1842
9105 2070
9106 1877
9107 1915
9108 1837
9109 1785
9110 1616
9111 1629
9112 1751
9113 2032
9114 2047
9115 1936
9116 2083
9117 1957
9118 1867
9119 1649
9120 1770
9121 1621
9122 2170
9123 1913
9124 1755
9125 1700
9126 1855
9127 1415
9128 1520
9129 1806
9130 1791
9131 1949
9132 1662
9133 2000
9134 1801
9135 1616
9136 1983
9137 1823
9138 2004
9139 1616
9140 1611
9141 1744
9142 2176
9143 1917
9144 1787
9145 1787
9146 1765
9147 1722
9148 2010
9149 1900
9150 1981
9151 1750
9152 1818
9153 1936
9154 1642
9155 1954
9156 1719
9157 1863
9158 1711
9159 1527
9160 1868
9161 1816
9162 1686
9163 1622
9164 1847
9165 1898
9166 1809
9167 1745
9168 1994
9169 2010
9170 1869
9171 1795
9172 1497
9173 1644
9174 2188
9175 1719
9176 1973
9177 1928
9178 1820
9179 1792
9180 1947
9181 1916
9182 1706
9183 2075
9184 1919
9185 1821
9186 1864
9187 2119
9188 2144
9189 1828
9190 1726
9191 1776
9192 1853
9193 1955
9194 1817
9195 1753
9196 2040
9197 2084
9198 1760
9199 1577
9200 2152
9201 2069
9202 1971
9203 1803
9204 1869
9205 2052
9206 1991
9207 2012
9208 1819
9209 1846
9210 1916
9211 2083
9212 1985
9213 1908
9214 1930
9215 1745
9216 1800
9217 1597
9218 1675
9219 1736
9220 1865
9221 1848
9222 1752
9223 1602
9224 1586
9225 1684
9226 1814
9227 1887
9228 1952
9229 2032
9230 1937
9231 1678
9232 1812
9233 1889
9234 2009
9235 1877
9236 1628
9237 2000
9238 1700
9239 1821
9240 2003
9241 1937
9242 1436
9243 1739
9244 1934
9245 1740
9246 1849
9247 1682
9248 2253
9249 1916
9250 1787
9251 1893
9252 1917
9253 1968
9254 1624
9255 1883
9256 1623
9257 2070
9258 2044
9259 2033
9260 1997
9261 2037
9262 1988
9263 1922
9264 2050
9265 1689
9266 1845
9267 2000
9268 1913
9269 1829
9270 1784
9271 1434
9272 1999
9273 2120
9274 1617
9275 1949
9276 1874
9277 1657
9278 1815
9279 2131
9280 2041
9281 1935
9282 1877
9283 1751
9284 1751
9285 1814
9286 1917
9287 2032
9288 1977
9289 1745
9290 1800
9291 1933
9292 1968
9293 1898
9294 1880
9295 1776
9296 1909
9297 1753
9298 1851
9299 1840
9300 1778
9301 1901
9302 1985
9303 1565
9304 1922
9305 2026
9306 1730
9307 1778
9308 1684
9309 1665
9310 1776
9311 1525
9312 1925
9313 1768
9314 1888
9315 1809
9316 1795
9317 2039
9318 1802
9319 1470
9320 1685
9321 2133
9322 1859
9323 1781
9324 1798
9325 1826
9326 1639
9327 1680
9328 1654
9329 1983
9330 1735
9331 1817
9332 1711
9333 1733
9334 1807
9335 1664
9336 1943
9337 1915
9338 1851
9339 1997
9340 1953
9341 2083
9342 1594
9343 1934
9344 1720
9345 1893
9346 1428
9347 1860
9348 1921
9349 1618
9350 1865
9351 1730
9352 1776
9353 2072
9354 1820
9355 1926
9356 1935
9357 1906
9358 2007
9359 1984
9360 2042
9361 1810
9362 1843
9363 1831
9364 1857
9365 1928
9366 2028
9367 2199
9368 1749
9369 1852
9370 1624
9371 1735
9372 1907
9373 1858
9374 1718
9375 1590
9376 1919
9377 2011
9378 1840
9379 1856
9380 1586
9381 1899
9382 1679
9383 1588
9384 1653
9385 1763
9386 1771
9387 1729
9388 1987
9389 1825
9390 1839
9391 1915
9392 1804
9393 2026
9394 1682
9395 1954
9396 1673
9397 1940
9398 1793
9399 1816
9400 1981
9401 1864
9402 2011
9403 1662
9404 1886
9405 1968
9406 2070
9407 1967
9408 1960
9409 1903
9410 1992
9411 1722
9412 1851
9413 1830
9414 2103
9415 1738
9416 1776
9417 1556
9418 1404
9419 1682
9420 1953
9421 1962
9422 2121
9423 1783
9424 1957
9425 1694
9426 1755
9427 1979
9428 1675
9429 1783
9430 2137
9431 1985
9432 2031
9433 1790
9434 2035
9435 1496
9436 1852
9437 1886
9438 1776
9439 2185
9440 1832
9441 1658
9442 1570
9443 1993
9444 1966
9445 1943
9446 1881
9447 1896
9448 1658
9449 1633
9450 1922
9451 2053
9452 1876
9453 1712
9454 2037
9455 1855
9456 2091
9457 1860
9458 1776
9459 1836
9460 1650
9461 1870
9462 2103
9463 1915
9464 1771
9465 1615
9466 1529
9467 1641
9468 1846
9469 1933
9470 1823
9471 1713
9472 1750
9473 1748
9474 1973
9475 1788
9476 1958
9477 1862
9478 2075
9479 1874
9480 1801
9481 1594
9482 1781
9483 1858
9484 1856
9485 1842
9486 1907
9487 1879
9488 1598
9489 1683
9490 1873
9491 1975
9492 2018
9493 2005
9494 1944
9495 1466
9496 1711
9497 2156
9498 1646
9499 2228
9500 1789
9501 1940
9502 1946
9503 1848
9504 1450
9505 1829
9506 1831
9507 1814
9508 1718
9509 2048
9510 1947
9511 1700
9512 1770
9513 1584
9514 1645
9515 1784
9516 1606
9517 1698
9518 1756
9519 2126
9520 1702
9521 1859
9522 1901
9523 1743
9524 1882
9525 1614
9526 1767
9527 1841
9528 1956
9529 1959
9530 1767
9531 1716
9532 1617
9533 1913
9534 1787
9535 2194
9536 1885
9537 1929
9538 2149
9539 1926
9540 1527
9541 1674
9542 1805
9543 1844
9544 1673
9545 1782
9546 1571
9547 2055
9548 1915
9549 1819
9550 1542
9551 1545
9552 1862
9553 1968
9554 1990
9555 2165
9556 1957
9557 2021
9558 1830
9559 1713
9560 2037
9561 1976
9562 1855
9563 1751
9564 2012
9565 1447
9566 1846
9567 1760
9568 1841
9569 1823
9570 1600
9571 1778
9572 1854
9573 1693
9574 1886
9575 1880
9576 1886
9577 1823
9578 1842
9579 1766
9580 1770
9581 1428
9582 1746
9583 1908
9584 1673
9585 1842
9586 1495
9587 1566
9588 1988
9589 1813
9590 1831
9591 2013
9592 1754
9593 1682
9594 1980
9595 1757
9596 2071
9597 1598
9598 1862
9599 1731
9600 1867
9601 1675
9602 1882
9603 1888
9604 1648
9605 1920
9606 1985
9607 1905
9608 1867
9609 1940
9610 2050
9611 1785
9612 1574
9613 1621
9614 1699
9615 2059
9616 1992
9617 2006
9618 1768
9619 1844
9620 1871
9621 1791
9622 2013
9623 1657
9624 1775
9625 1790
9626 1738
9627 1642
9628 1634
9629 1685
9630 1992
9631 1813
9632 1522
9633 1513
9634 1826
9635 1704
9636 1840
9637 2065
9638 1795
9639 1930
9640 1871
9641 1611
9642 1925
9643 2093
9644 1848
9645 1968
9646 1593
9647 1640
9648 1623
9649 1713
9650 2063
9651 1585
9652 1987
9653 1749
9654 1955
9655 2052
9656 1830
9657 1985
9658 1840
9659 1847
9660 1867
9661 2097
9662 1991
9663 1933
9664 1943
9665 1550
9666 2080
9667 2035
9668 1880
9669 1816
9670 1844
9671 1766
9672 1992
9673 1598
9674 2115
9675 1805
9676 1377
9677 2197
9678 1903
9679 1978
9680 1684
9681 1901
9682 1743
9683 2048
9684 1676
9685 1774
9686 1792
9687 1421
9688 1816
9689 1807
9690 2116
9691 1858
9692 1863
9693 1784
9694 2015
9695 1987
9696 1686
9697 1718
9698 1922
9699 1822
9700 1759
9701 1997
9702 1962
9703 1989
9704 1991
9705 2109
9706 1754
9707 1904
9708 1788
9709 1795
9710 1761
9711 1634
9712 1996
9713 1826
9714 1609
9715 1780
9716 1835
9717 1941
9718 1816
9719 1681
9720 1860
9721 2025
9722 1866
9723 2042
9724 1945
9725 2032
9726 1673
9727 1628
9728 1810
9729 1726
9730 1607
9731 1942
9732 1978
9733 1865
9734 1736
9735 1940
9736 1626
9737 1919
9738 1980
9739 1740
9740 1857
9741 1888
9742 1939
9743 1994
9744 2043
9745 1885
9746 1692
9747 1619
9748 1815
9749 1850
9750 1957
9751 2037
9752 1889
9753 1702
9754 1604
9755 1646
9756 1715
9757 1969
9758 1798
9759 1778
9760 1941
9761 1827
9762 1812
9763 1893
9764 1832
9765 1739
9766 1771
9767 1954
9768 1980
9769 1909
9770 1873
9771 1530
9772 1970
9773 1974
9774 2125
9775 1651
9776 1721
9777 1803
9778 1881
9779 1937
9780 2041
9781 1900
9782 2175
9783 1683
9784 1258
9785 1892
9786 1523
9787 1824
9788 1815
9789 1707
9790 1807
9791 2000
9792 1824
9793 2146
9794 1952
9795 2076
9796 1986
9797 1867
9798 1998
9799 1949
9800 1795
9801 1958
9802 1733
9803 1799
9804 1723
9805 1791
9806 1814
9807 1888
9808 2032
9809 1931
9810 1670
9811 1838
9812 1731
9813 2037
9814 1921
9815 2038
9816 1789
9817 1956
9818 1753
9819 1742
9820 1745
9821 1687
9822 2004
9823 1966
9824 1666
9825 1747
9826 1761
9827 2034
9828 2059
9829 1850
9830 1921
9831 2071
9832 2070
9833 1921
9834 1629
9835 1557
9836 1992
9837 1882
9838 1876
9839 1733
9840 1867
9841 2042
9842 1812
9843 1905
9844 1724
9845 1778
9846 1926
9847 1742
9848 1741
9849 1675
9850 1729
9851 2062
9852 1785
9853 1840
9854 1553
9855 1973
9856 1443
9857 1565
9858 1977
9859 1829
9860 1788
9861 1670
9862 1761
9863 1672
9864 2000
9865 1945
9866 1961
9867 1765
9868 1707
9869 1890
9870 1820
9871 1965
9872 1967
9873 1889
9874 1916
9875 1939
9876 2043
9877 1758
9878 1674
9879 1806
9880 1781
9881 1529
9882 1970
9883 1858
9884 1637
9885 1801
9886 1857
9887 1901
9888 2165
9889 1849
9890 2069
9891 1967
9892 2095
9893 1678
9894 1781
9895 1783
9896 1714
9897 2063
9898 1882
9899 1715
9900 1766
9901 1998
9902 1791
9903 1851
9904 1712
9905 1695
9906 1952
9907 2040
9908 1930
9909 1826
9910 1898
9911 1689
9912 1583
9913 1633
9914 1706
9915 1737
9916 1729
9917 1747
9918 2057
9919 1607
9920 1788
9921 1580
9922 1797
9923 1531
9924 1882
9925 1861
9926 1995
9927 2079
9928 1950
9929 1908
9930 1578
9931 1395
9932 1890
9933 1932
9934 1993
9935 1603
9936 1758
9937 1879
9938 1599
9939 2022
9940 1720
9941 1800
9942 1737
9943 2101
9944 1849
9945 1939
9946 2042
9947 1720
9948 1858
9949 2018
9950 1728
9951 1696
9952 2076
9953 2007
9954 1967
9955 1844
9956 1391
9957 1666
9958 1664
9959 1737
9960 1995
9961 1741
9962 2014
9963 1602
9964 1890
9965 1925
9966 1584
9967 1945
9968 1348
9969 1710
9970 1887
9971 1581
9972 1942
9973 1718
9974 1668
9975 1922
9976 1973
9977 2098
9978 1860
9979 1784
9980 1682
9981 1793
9982 1969
9983 1953
9984 1833
9985 1918
9986 1756
9987 1860
9988 1869
9989 1765
9990 1629
9991 1722
9992 2021
9993 1973
9994 2050
9995 1920
9996 1446
9997 1915
9998 1753
9999 2106
10000 1888
