1 1680
2 1894
3 1719
4 1594
5 1715
6 1933
7 1832
8 1723
9 1734
10 2009
11 1837
12 1869
13 1800
14 1827
15 2107
16 1875
17 1687
18 1754
19 1968
20 1672
21 1733
22 1731
23 1624
24 2059
25 1844
26 1919
27 1626
28 1618
29 1315
30 1738
31 1770
32 1736
33 1792
34 1823
35 1846
36 1973
37 1860
38 1700
39 1902
40 1927
41 1790
42 1954
43 1668
44 1866
45 1717
46 1586
47 2014
48 1735
49 2060
50 1994
51 1583
52 1733
53 1601
54 2237
55 1524
56 2003
57 1699
58 1827
59 1701
60 1833
61 1995
62 1803
63 1943
64 1727
65 2091
66 1592
67 1596
68 2030
69 1970
70 2007
71 2017
72 1895
73 2010
74 1739
75 2010
76 1957
77 1912
78 1931
79 1916
80 1887
81 1812
82 1688
83 1887
84 2017
85 1833
86 1977
87 1699
88 1733
89 1830
90 1707
91 1631
92 2073
93 1830
94 1871
95 1788
96 2053
97 1631
98 1748
99 1407
100 1711
101 1674
102 1487
103 1667
104 1749
105 1814
106 1795
107 1626
108 1628
109 1431
110 1780
111 1878
112 1838
113 1871
114 1591
115 1883
116 1937
117 2114
118 1875
119 2136
120 1741
121 1500
122 2002
123 1777
124 1794
125 1658
126 2056
127 1779
128 1966
129 1603
130 1851
131 1981
132 1914
133 1753
134 1760
135 1800
136 2047
137 2086
138 1683
139 1886
140 1746
141 1614
142 1848
143 1804
144 1990
145 1985
146 2068
147 2035
148 2028
149 1842
150 1748
151 1947
152 1742
153 1794
154 1890
155 1719
156 1796
157 1784
158 1908
159 1712
160 1637
161 1986
162 2063
163 1901
164 1793
165 1775
166 2026
167 1803
168 1959
169 2044
170 1839
171 1775
172 1746
173 1860
174 1995
175 1834
176 1526
177 1829
178 1755
179 1582
180 1771
181 1992
182 1823
183 1853
184 1662
185 1930
186 1407
187 1921
188 1628
189 2001
190 1712
191 1843
192 1767
193 1856
194 1984
195 1978
196 1727
197 1917
198 1760
199 1784
200 1880
201 1727
202 2104
203 1998
204 1898
205 1643
206 1571
207 1872
208 1931
209 1850
210 1794
211 1815
212 1951
213 1890
214 1659
215 1966
216 1654
217 1746
218 1964
219 1828
220 1653
221 2061
222 1704
223 1599
224 2043
225 1978
226 1871
227 1795
228 1796
229 1738
230 1990
231 1626
232 2092
233 1836
234 1600
235 1945
236 1747
237 1828
238 1859
239 1838
240 1508
241 1930
242 2148
243 1993
244 1839
245 1744
246 1836
247 1824
248 2100
249 1808
250 1762
251 1714
252 1953
253 2003
254 1904
255 1802
256 1660
257 1658
258 1885
259 2170
260 1738
261 1942
262 1732
263 1943
264 1978
265 1749
266 1573
267 1865
268 1939
269 1831
270 1839
271 2000
272 1658
273 1670
274 1599
275 1486
276 1733
277 1376
278 1892
279 2073
280 1750
281 1872
282 1718
283 1559
284 1875
285 2037
286 1730
287 1941
288 2054
289 1860
290 1806
291 1536
292 1483
293 2215
294 1744
295 1835
296 1724
297 1848
298 1930
299 1907
300 1827
301 1752
302 1871
303 2036
304 1656
305 1982
306 1949
307 1768
308 1985
309 1792
310 1759
311 1899
312 1652
313 1836
314 1700
315 1791
316 1972
317 1560
318 2125
319 1640
320 1921
321 1729
322 2057
323 1777
324 1738
325 1911
326 1688
327 2066
328 1947
329 1963
330 1860
331 1709
332 1987
333 1570
334 1581
335 2115
336 1635
337 1732
338 2114
339 1883
340 1795
341 1679
342 1935
343 1959
344 1690
345 1940
346 1904
347 1583
348 1805
349 1918
350 1725
351 1991
352 1824
353 1487
354 1710
355 1881
356 1711
357 1806
358 1857
359 1622
360 1787
361 1882
362 2053
363 1993
364 1674
365 2009
366 1997
367 1645
368 1775
369 1678
370 1935
371 1590
372 1851
373 1837
374 1724
375 1962
376 1940
377 1819
378 1557
379 1400
380 1512
381 1821
382 1793
383 1732
384 1613
385 1709
386 1508
387 1716
388 1790
389 1812
390 1864
391 1763
392 1934
393 1943
394 1681
395 1912
396 1844
397 1886
398 1687
399 1631
400 1684
401 1820
402 1807
403 1737
404 1711
405 1781
406 1951
407 1713
408 2064
409 1684
410 1797
411 1806
412 1750
413 1933
414 1783
415 1758
416 1715
417 1986
418 1939
419 1807
420 2128
421 2137
422 1896
423 1837
424 1860
425 1941
426 1915
427 1717
428 1626
429 2009
430 1721
431 1764
432 1925
433 1933
434 2070
435 1859
436 1930
437 2123
438 2158
439 1698
440 2012
441 1769
442 1813
443 1936
444 1679
445 1597
446 1892
447 1952
448 1977
449 2049
450 1852
451 1679
452 1495
453 1383
454 1845
455 1716
456 1576
457 1928
458 1898
459 1945
460 1686
461 2001
462 2015
463 2047
464 1639
465 1977
466 2031
467 1791
468 1802
469 1896
470 1821
471 1649
472 1687
473 1922
474 1789
475 1863
476 1742
477 2037
478 1549
479 1809
480 2038
481 1498
482 1528
483 1920
484 1913
485 1863
486 2163
487 1880
488 1786
489 1916
490 1944
491 1874
492 2029
493 1986
494 1813
495 1794
496 1759
497 1890
498 1976
499 1847
500 1763
501 1715
502 1611
503 1681
504 2014
505 2055
506 1764
507 1918
508 1910
509 1835
510 1865
511 1690
512 1841
513 1859
514 1946
515 1848
516 1804
517 1891
518 1816
519 1755
520 1803
521 1627
522 1900
523 1830
524 1943
525 1701
526 1521
527 1717
528 1725
529 1857
530 1881
531 1831
532 2056
533 2006
534 1859
535 1990
536 1806
537 1800
538 1974
539 1933
540 1787
541 1914
542 2075
543 1935
544 2051
545 1998
546 1830
547 1940
548 1904
549 1864
550 1949
551 1908
552 1436
553 1764
554 1768
555 1778
556 1789
557 1635
558 1594
559 1795
560 1708
561 1576
562 1727
563 1717
564 2323
565 1910
566 1773
567 1838
568 2096
569 1643
570 2121
571 1957
572 1789
573 2008
574 1751
575 1730
576 1802
577 1813
578 2001
579 1929
580 1859
581 1908
582 1881
583 1648
584 1707
585 2052
586 1622
587 1887
588 2042
589 1827
590 1698
591 1710
592 1567
593 1753
594 1718
595 2150
596 1861
597 1874
598 1813
599 1985
600 1977
601 1878
602 1794
603 1715
604 2025
605 1946
606 1683
607 1535
608 1968
609 1970
610 1768
611 1940
612 1857
613 1845
614 2059
615 1673
616 1829
617 1932
618 1932
619 1945
620 1712
621 2070
622 1931
623 1832
624 1620
625 1448
626 1727
627 1659
628 1643
629 1560
630 1882
631 1836
632 1805
633 1869
634 1874
635 1767
636 1596
637 1897
638 1894
639 1890
640 1889
641 1866
642 1807
643 2140
644 1805
645 1866
646 1967
647 1889
648 1812
649 1884
650 1758
651 1545
652 1723
653 1892
654 1955
655 2088
656 1679
657 1932
658 1839
659 1693
660 1810
661 1841
662 1503
663 2039
664 1929
665 1794
666 1762
667 1727
668 1678
669 1564
670 1740
671 1653
672 1610
673 1652
674 2085
675 1996
676 2016
677 2052
678 2013
679 2002
680 1577
681 1918
682 1667
683 1856
684 1661
685 1796
686 1498
687 1721
688 1672
689 1925
690 1680
691 1779
692 1751
693 1965
694 2106
695 1722
696 2040
697 1733
698 1855
699 1608
700 1739
701 1956
702 1500
703 1752
704 1675
705 1948
706 1823
707 1812
708 1888
709 1887
710 2026
711 2076
712 1876
713 1733
714 1705
715 2058
716 1689
717 1768
718 2009
719 1889
720 1705
721 1853
722 1887
723 1713
724 1794
725 1907
726 1748
727 1945
728 2023
729 1986
730 1791
731 1672
732 1584
733 2046
734 1708
735 1828
736 2096
737 1749
738 2166
739 1942
740 1678
741 2074
742 1930
743 1913
744 1700
745 1713
746 1668
747 1882
748 2013
749 1753
750 1789
751 2017
752 2097
753 1767
754 1780
755 2003
756 2005
757 1771
758 1818
759 1705
760 1630
761 1881
762 1860
763 1826
764 1467
765 1840
766 1456
767 1714
768 1876
769 1801
770 2058
771 1924
772 1843
773 1671
774 1985
775 2224
776 1716
777 1638
778 2049
779 1456
780 1792
781 1950
782 2128
783 1576
784 1891
785 1748
786 1745
787 1883
788 1656
789 1933
790 1651
791 1748
792 1955
793 1971
794 1972
795 1814
796 1801
797 1563
798 2018
799 1896
800 1960
801 1911
802 1981
803 2120
804 2064
805 1989
806 1862
807 1817
808 1916
809 2101
810 1996
811 1922
812 1483
813 1607
814 2101
815 1419
816 1930
817 1771
818 1790
819 1834
820 2010
821 2050
822 1902
823 1860
824 1678
825 1838
826 1839
827 2011
828 1862
829 2037
830 1685
831 1928
832 1873
833 2016
834 2076
835 1641
836 1776
837 2039
838 1938
839 1929
840 1511
841 1657
842 1788
843 1743
844 1697
845 2037
846 1885
847 1709
848 1868
849 1516
850 1665
851 1760
852 1688
853 2112
854 2033
855 1903
856 1721
857 1936
858 2050
859 1851
860 1539
861 1536
862 2041
863 1840
864 1989
865 1641
866 1823
867 1522
868 1643
869 1555
870 2020
871 1762
872 1722
873 1675
874 1612
875 1799
876 1746
877 2030
878 1800
879 1960
880 1825
881 2088
882 1988
883 1729
884 1850
885 1961
886 1931
887 1642
888 2019
889 1631
890 1850
891 1801
892 1833
893 1850
894 2013
895 1805
896 1939
897 1736
898 1698
899 1979
900 1901
901 1880
902 1902
903 2164
904 1603
905 2007
906 1988
907 1929
908 1941
909 1919
910 1992
911 1732
912 2086
913 1809
914 1748
915 1731
916 1662
917 1854
918 1757
919 1682
920 1971
921 1606
922 1864
923 1705
924 1699
925 1757
926 1788
927 1836
928 1717
929 2003
930 2036
931 1822
932 1924
933 2001
934 2164
935 1835
936 1562
937 1892
938 2124
939 1803
940 1536
941 1882
942 1831
943 1945
944 1698
945 1814
946 2070
947 2046
948 1877
949 1670
950 1616
951 2051
952 1679
953 1944
954 1880
955 1766
956 1973
957 1974
958 1661
959 1511
960 2057
961 1969
962 1946
963 2060
964 1817
965 1740
966 1824
967 1734
968 1942
969 1822
970 1786
971 1954
972 2165
973 1878
974 1805
975 1993
976 1821
977 1782
978 1949
979 1872
980 2010
981 1827
982 1801
983 1651
984 1958
985 1761
986 1865
987 1945
988 1961
989 1897
990 1802
991 2061
992 1588
993 1888
994 1782
995 1759
996 1893
997 1947
998 1922
999 1832
1000 1665
1001 1517
1002 1935
1003 2013
1004 1960
1005 1784
1006 1837
1007 1740
1008 1677
1009 1998
1010 1895
1011 1749
1012 1719
1013 1868
1014 1788
1015 1818
1016 1656
1017 1976
1018 1751
1019 1840
1020 2048
1021 1708
1022 1865
1023 1676
1024 2022
1025 1728
1026 1771
1027 1921
1028 1914
1029 1672
1030 1807
1031 1894
1032 1889
1033 2155
1034 1951
1035 1774
1036 1520
1037 1780
1038 2034
1039 1450
1040 2054
1041 1750
1042 1897
1043 1869
1044 1876
1045 1632
1046 1768
1047 1800
1048 1594
1049 1879
1050 1911
1051 1635
1052 1835
1053 1635
1054 1825
1055 1781
1056 1857
1057 1831
1058 1829
1059 1915
1060 1958
1061 1650
1062 1894
1063 1772
1064 1764
1065 1862
1066 1732
1067 2048
1068 1627
1069 1825
1070 1729
1071 1823
1072 1759
1073 1808
1074 1958
1075 2005
1076 1756
1077 1777
1078 1902
1079 2011
1080 1873
1081 1810
1082 1717
1083 1976
1084 1684
1085 1614
1086 1963
1087 1568
1088 1864
1089 1851
1090 1865
1091 1783
1092 1889
1093 2097
1094 2015
1095 1911
1096 2152
1097 1971
1098 1920
1099 1581
1100 1978
1101 2013
1102 1785
1103 1683
1104 1701
1105 1840
1106 1575
1107 1889
1108 1799
1109 1986
1110 1919
1111 1896
1112 1925
1113 1697
1114 1968
1115 1884
1116 1921
1117 1662
1118 1940
1119 1905
1120 1853
1121 1865
1122 1596
1123 1794
1124 1957
1125 1546
1126 1830
1127 1564
1128 1590
1129 1959
1130 1888
1131 1752
1132 1935
1133 1816
1134 1702
1135 2063
1136 2128
1137 1967
1138 1933
1139 1686
1140 1686
1141 1881
1142 1709
1143 1577
1144 1610
1145 1807
1146 2071
1147 1947
1148 1871
1149 1740
1150 1800
1151 1891
1152 1914
1153 1822
1154 1668
1155 1898
1156 1682
1157 2038
1158 1946
1159 1805
1160 1762
1161 1805
1162 1725
1163 1912
1164 1960
1165 1797
1166 1840
1167 1883
1168 1765
1169 1656
1170 1969
1171 2034
1172 1948
1173 1523
1174 1676
1175 1960
1176 1813
1177 1892
1178 2039
1179 1976
1180 1934
1181 1932
1182 1798
1183 1918
1184 1761
1185 1494
1186 1911
1187 1543
1188 1877
1189 1746
1190 1950
1191 1856
1192 1748
1193 1903
1194 1474
1195 1930
1196 1884
1197 2035
1198 1904
1199 1956
1200 1715
1201 1958
1202 1621
1203 1870
1204 1716
1205 2072
1206 1645
1207 2070
1208 2051
1209 1646
1210 1511
1211 1828
1212 1904
1213 1888
1214 1952
1215 1980
1216 1844
1217 1508
1218 1870
1219 1836
1220 2155
1221 1766
1222 1947
1223 1705
1224 1667
1225 1704
1226 1972
1227 1821
1228 1550
1229 1890
1230 1868
1231 2038
1232 1630
1233 1913
1234 1896
1235 1879
1236 1748
1237 1717
1238 1642
1239 1618
1240 1904
1241 1802
1242 1684
1243 1857
1244 1971
1245 1774
1246 1868
1247 1810
1248 1807
1249 1755
1250 1516
1251 1837
1252 1657
1253 1898
1254 1404
1255 1583
1256 1813
1257 1832
1258 1700
1259 1811
1260 2159
1261 1782
1262 1910
1263 1681
1264 1954
1265 1992
1266 2073
1267 1933
1268 1737
1269 1841
1270 1801
1271 1870
1272 1976
1273 1988
1274 2053
1275 1942
1276 2002
1277 1712
1278 1709
1279 1843
1280 1879
1281 1886
1282 1759
1283 1993
1284 1999
1285 2063
1286 2082
1287 1998
1288 1601
1289 1879
1290 2000
1291 1875
1292 1904
1293 2051
1294 1747
1295 1614
1296 1656
1297 1680
1298 1761
1299 1736
1300 1799
1301 1713
1302 1862
1303 1718
1304 2069
1305 1810
1306 1770
1307 1632
1308 1972
1309 2106
1310 1894
1311 1773
1312 1760
1313 2154
1314 1821
1315 1901
1316 1692
1317 1637
1318 1767
1319 1663
1320 1925
1321 1969
1322 1729
1323 1838
1324 1907
1325 1526
1326 1913
1327 1623
1328 1888
1329 1921
1330 1572
1331 1843
1332 1750
1333 2035
1334 2212
1335 2031
1336 2002
1337 1861
1338 1807
1339 1883
1340 1700
1341 2002
1342 1815
1343 1892
1344 1688
1345 1958
1346 1484
1347 2012
1348 1943
1349 1997
1350 1637
1351 1597
1352 1831
1353 1615
1354 2003
1355 1852
1356 1848
1357 2022
1358 1793
1359 1982
1360 1949
1361 1882
1362 1903
1363 2022
1364 1850
1365 1774
1366 1563
1367 1927
1368 2061
1369 1891
1370 1692
1371 2070
1372 1997
1373 2047
1374 1966
1375 1497
1376 1538
1377 1983
1378 1685
1379 1914
1380 1842
1381 1793
1382 2047
1383 1979
1384 2101
1385 1723
1386 1668
1387 1683
1388 1903
1389 1812
1390 2008
1391 1738
1392 1855
1393 1850
1394 1865
1395 1647
1396 1995
1397 1401
1398 1779
1399 1968
1400 2046
1401 1938
1402 1790
1403 1914
1404 1721
1405 2179
1406 1925
1407 1819
1408 1866
1409 1632
1410 1763
1411 1747
1412 1757
1413 1898
1414 1843
1415 1796
1416 2149
1417 1911
1418 1978
1419 1635
1420 1681
1421 1839
1422 1621
1423 1617
1424 1787
1425 2005
1426 1965
1427 1965
1428 1826
1429 2187
1430 1773
1431 1832
1432 1856
1433 1927
1434 1949
1435 1925
1436 1885
1437 1812
1438 1851
1439 1930
1440 1692
1441 1907
1442 2051
1443 1643
1444 1851
1445 1970
1446 1749
1447 1958
1448 2023
1449 1897
1450 1645
1451 1935
1452 1767
1453 1717
1454 1804
1455 1591
1456 1812
1457 1736
1458 1586
1459 1669
1460 1659
1461 1741
1462 1623
1463 2149
1464 1657
1465 1942
1466 1851
1467 1820
1468 2200
1469 1852
1470 2022
1471 1554
1472 1442
1473 1749
1474 1860
1475 1973
1476 1733
1477 1719
1478 1865
1479 1667
1480 1769
1481 1654
1482 1879
1483 1711
1484 2030
1485 1791
1486 1789
1487 2062
1488 1747
1489 2038
1490 2006
1491 1783
1492 1819
1493 1759
1494 1888
1495 1715
1496 1501
1497 1549
1498 1777
1499 1723
1500 1805
1501 1890
1502 1813
1503 2132
1504 1882
1505 1947
1506 1795
1507 1582
1508 1864
1509 1758
1510 1807
1511 1819
1512 1625
1513 2052
1514 1865
1515 1583
1516 1685
1517 2058
1518 1947
1519 1891
1520 1807
1521 1861
1522 1768
1523 1817
1524 1974
1525 2055
1526 1871
1527 1790
1528 1818
1529 1895
1530 1893
1531 2006
1532 1961
1533 2013
1534 2070
1535 1995
1536 1864
1537 1780
1538 1757
1539 1660
1540 1930
1541 2084
1542 2139
1543 1847
1544 1878
1545 1738
1546 1657
1547 1834
1548 1621
1549 1756
1550 1821
1551 1746
1552 1987
1553 1776
1554 1676
1555 1886
1556 1955
1557 1932
1558 1547
1559 1809
1560 1727
1561 1788
1562 1667
1563 2115
1564 1888
1565 1765
1566 1722
1567 1762
1568 1974
1569 1866
1570 1903
1571 1995
1572 1746
1573 1866
1574 1902
1575 1886
1576 1802
1577 1864
1578 1858
1579 1890
1580 2038
1581 1961
1582 1743
1583 1959
1584 2020
1585 2125
1586 1855
1587 1758
1588 1995
1589 2039
1590 1639
1591 2051
1592 2166
1593 1493
1594 1660
1595 1809
1596 1986
1597 1892
1598 1617
1599 1968
1600 1821
1601 1707
1602 1501
1603 1772
1604 2058
1605 1731
1606 1618
1607 2033
1608 1674
1609 1747
1610 1809
1611 1938
1612 1615
1613 1908
1614 2006
1615 1822
1616 1890
1617 1812
1618 1555
1619 1829
1620 2112
1621 1803
1622 1758
1623 1984
1624 1965
1625 1874
1626 1967
1627 1840
1628 1770
1629 1886
1630 1682
1631 1611
1632 1824
1633 1959
1634 2089
1635 1657
1636 1915
1637 1815
1638 1896
1639 1827
1640 1917
1641 1918
1642 1849
1643 1764
1644 1716
1645 1950
1646 2045
1647 1759
1648 2096
1649 1948
1650 1959
1651 1988
1652 1995
1653 1630
1654 2015
1655 1971
1656 1716
1657 1862
1658 1883
1659 2018
1660 1700
1661 1559
1662 1912
1663 2073
1664 1930
1665 1801
1666 1707
1667 1880
1668 1858
1669 1427
1670 1806
1671 1858
1672 2035
1673 2202
1674 1830
1675 1972
1676 1852
1677 1755
1678 2017
1679 1641
1680 1800
1681 1949
1682 1857
1683 2064
1684 1578
1685 1856
1686 1933
1687 1654
1688 1548
1689 1907
1690 1607
1691 1700
1692 1921
1693 1630
1694 1749
1695 1935
1696 1696
1697 1765
1698 1555
1699 1613
1700 2155
1701 1681
1702 1403
1703 1959
1704 1658
1705 1882
1706 1820
1707 1838
1708 1704
1709 1864
1710 1773
1711 1757
1712 1969
1713 2080
1714 1759
1715 1582
1716 1927
1717 1679
1718 1485
1719 1671
1720 2021
1721 1859
1722 1762
1723 1855
1724 1862
1725 2060
1726 1767
1727 1948
1728 1870
1729 1756
1730 1983
1731 1773
1732 1709
1733 1560
1734 1897
1735 2153
1736 1906
1737 1909
1738 1946
1739 1940
1740 2011
1741 1782
1742 1505
1743 1917
1744 1953
1745 1962
1746 1803
1747 1843
1748 1884
1749 1758
1750 2044
1751 1751
1752 1452
1753 1880
1754 1627
1755 1916
1756 1846
1757 1907
1758 2010
1759 2127
1760 1835
1761 1919
1762 1934
1763 1671
1764 1689
1765 1908
1766 1527
1767 1599
1768 1720
1769 2059
1770 1338
1771 1805
1772 1870
1773 1947
1774 1573
1775 1788
1776 1803
1777 2026
1778 1567
1779 1741
1780 2085
1781 2075
1782 1739
1783 1836
1784 1809
1785 1551
1786 1650
1787 2146
1788 1826
1789 1872
1790 2137
1791 1701
1792 1898
1793 1509
1794 1835
1795 1842
1796 1937
1797 1837
1798 1920
1799 1593
1800 1896
1801 1953
1802 2070
1803 1756
1804 1778
1805 1899
1806 1738
1807 2064
1808 1933
1809 1769
1810 1452
1811 1954
1812 1811
1813 1683
1814 1893
1815 1823
1816 1693
1817 1650
1818 1787
1819 2019
1820 1677
1821 1924
1822 1847
1823 1783
1824 1791
1825 2127
1826 1732
1827 1748
1828 1655
1829 2026
1830 1575
1831 1673
1832 1966
1833 1784
1834 1613
1835 1908
1836 2103
1837 1863
1838 1838
1839 1851
1840 1700
1841 1781
1842 1796
1843 1562
1844 1786
1845 1659
1846 1918
1847 1759
1848 1939
1849 1711
1850 1921
1851 1717
1852 1744
1853 1815
1854 1706
1855 1888
1856 1749
1857 1698
1858 1708
1859 1648
1860 1899
1861 1783
1862 2062
1863 1756
1864 1897
1865 1814
1866 1728
1867 1772
1868 1692
1869 1787
1870 1991
1871 1704
1872 1412
1873 1992
1874 1880
1875 2065
1876 1622
1877 1563
1878 1793
1879 1737
1880 1958
1881 2051
1882 1911
1883 2183
1884 1874
1885 1655
1886 1725
1887 1898
1888 1750
1889 1965
1890 1570
1891 1922
1892 1814
1893 1891
1894 1888
1895 1526
1896 1963
1897 1871
1898 1849
1899 1684
1900 1601
1901 1911
1902 2009
1903 1987
1904 2002
1905 1748
1906 1757
1907 1720
1908 1656
1909 1918
1910 1959
1911 1728
1912 1777
1913 1655
1914 1933
1915 2008
1916 1920
1917 2175
1918 1726
1919 1897
1920 1751
1921 1833
1922 1921
1923 1619
1924 1779
1925 2059
1926 2007
1927 1919
1928 1949
1929 1939
1930 1928
1931 1569
1932 1689
1933 1737
1934 1715
1935 1922
1936 1424
1937 1890
1938 1848
1939 1556
1940 1654
1941 1790
1942 1631
1943 2220
1944 1897
1945 1973
1946 1849
1947 1952
1948 1644
1949 1728
1950 1761
1951 2062
1952 2182
1953 2054
1954 1793
1955 1772
1956 1904
1957 1875
1958 1445
1959 1608
1960 1842
1961 1976
1962 1606
1963 1672
1964 1865
1965 1728
1966 1919
1967 1928
1968 1926
1969 2030
1970 1948
1971 2113
1972 1858
1973 1739
1974 1873
1975 1822
1976 1688
1977 2062
1978 2078
1979 1751
1980 1797
1981 2003
1982 1795
1983 1828
1984 1819
1985 1720
1986 1748
1987 1592
1988 2015
1989 1550
1990 1892
1991 1828
1992 1875
1993 1987
1994 1856
1995 1918
1996 1814
1997 1957
1998 1567
1999 1739
2000 1896
2001 2008
2002 1496
2003 1725
2004 1623
2005 1759
2006 1811
2007 1840
2008 2102
2009 1820
2010 1656
2011 1961
2012 1562
2013 1692
2014 2045
2015 1747
2016 1796
2017 2019
2018 1897
2019 1766
2020 1772
2021 1576
2022 1922
2023 2050
2024 1996
2025 1705
2026 1755
2027 1959
2028 1873
2029 1989
2030 1782
2031 1829
2032 1719
2033 1783
2034 1796
2035 1871
2036 1812
2037 2040
2038 1838
2039 1714
2040 1750
2041 1750
2042 1684
2043 1678
2044 1543
2045 1884
2046 1794
2047 1575
2048 2162
2049 1681
2050 1816
2051 1607
2052 1940
2053 1602
2054 1835
2055 1833
2056 2101
2057 1820
2058 1569
2059 1609
2060 2095
2061 1646
2062 1821
2063 1873
2064 1879
2065 1904
2066 1881
2067 1488
2068 1768
2069 2071
2070 2049
2071 1744
2072 1827
2073 1943
2074 1716
2075 1712
2076 2073
2077 1929
2078 1819
2079 2189
2080 1830
2081 2013
2082 1727
2083 1798
2084 1830
2085 1926
2086 1785
2087 1586
2088 1812
2089 1984
2090 2000
2091 1802
2092 1742
2093 1889
2094 1655
2095 2014
2096 1847
2097 1862
2098 1723
2099 1728
2100 2019
2101 1890
2102 2029
2103 2164
2104 1734
2105 2050
2106 1903
2107 1955
2108 2058
2109 1738
2110 1907
2111 1768
2112 1788
2113 1920
2114 1911
2115 1918
2116 1955
2117 1876
2118 2062
2119 2053
2120 1755
2121 1879
2122 1754
2123 1696
2124 1563
2125 1797
2126 1798
2127 1777
2128 1672
2129 1592
2130 1924
2131 1862
2132 1933
2133 1937
2134 2010
2135 1778
2136 1649
2137 1934
2138 1837
2139 1762
2140 1930
2141 1815
2142 1945
2143 1530
2144 1789
2145 1784
2146 1936
2147 1890
2148 2036
2149 1824
2150 1650
2151 1960
2152 1575
2153 1869
2154 1843
2155 1875
2156 1723
2157 1761
2158 1737
2159 2094
2160 1915
2161 1913
2162 1818
2163 1814
2164 1962
2165 1861
2166 1932
2167 1520
2168 1803
2169 1791
2170 1968
2171 1828
2172 1768
2173 1818
2174 1943
2175 1743
2176 1810
2177 2004
2178 1896
2179 1886
2180 1905
2181 1844
2182 1812
2183 1824
2184 1602
2185 1669
2186 1699
2187 1934
2188 1853
2189 1669
2190 1887
2191 1931
2192 1861
2193 1758
2194 1820
2195 1901
2196 1941
2197 1774
2198 1652
2199 1890
2200 1725
2201 1912
2202 1857
2203 2066
2204 1867
2205 1606
2206 1880
2207 1761
2208 1824
2209 1829
2210 1766
2211 1815
2212 1961
2213 1959
2214 1766
2215 1845
2216 1855
2217 1954
2218 1858
2219 1599
2220 1983
2221 2045
2222 1930
2223 2065
2224 2101
2225 1907
2226 1962
2227 1877
2228 2123
2229 1904
2230 1971
2231 1978
2232 1928
2233 1823
2234 1394
2235 1733
2236 1848
2237 1897
2238 2046
2239 1932
2240 1813
2241 1701
2242 1910
2243 1639
2244 1942
2245 1790
2246 1798
2247 1969
2248 1658
2249 2104
2250 2003
2251 2017
2252 1908
2253 1983
2254 1552
2255 1918
2256 1886
2257 1834
2258 1724
2259 1600
2260 1747
2261 1994
2262 1708
2263 1969
2264 2028
2265 2072
2266 1925
2267 1773
2268 1652
2269 1867
2270 1869
2271 1733
2272 2110
2273 1772
2274 2040
2275 1817
2276 1538
2277 1811
2278 1837
2279 1708
2280 2133
2281 1857
2282 1779
2283 1679
2284 1898
2285 1994
2286 1456
2287 1848
2288 1881
2289 2099
2290 1853
2291 1614
2292 1877
2293 1921
2294 1547
2295 1894
2296 1835
2297 1948
2298 1444
2299 1721
2300 1789
2301 2054
2302 1628
2303 1906
2304 1717
2305 1681
2306 1936
2307 1810
2308 1745
2309 1848
2310 1887
2311 1471
2312 1744
2313 1758
2314 1839
2315 2067
2316 1690
2317 1600
2318 1675
2319 1813
2320 1968
2321 1416
2322 1880
2323 1747
2324 1934
2325 1894
2326 1788
2327 1855
2328 1738
2329 1873
2330 1963
2331 1815
2332 1938
2333 1611
2334 1984
2335 1647
2336 1950
2337 1820
2338 1483
2339 1761
2340 1715
2341 2042
2342 1609
2343 1629
2344 1726
2345 1947
2346 1778
2347 1640
2348 1978
2349 1598
2350 1703
2351 1839
2352 1891
2353 1861
2354 1887
2355 1756
2356 1969
2357 1874
2358 1872
2359 1889
2360 1625
2361 1763
2362 1671
2363 2037
2364 1618
2365 1588
2366 1755
2367 1822
2368 2177
2369 1975
2370 1690
2371 1900
2372 1720
2373 1488
2374 1804
2375 1941
2376 1795
2377 1915
2378 1829
2379 1812
2380 1803
2381 1816
2382 1821
2383 1864
2384 1767
2385 1685
2386 1615
2387 1648
2388 1977
2389 1776
2390 1809
2391 2109
2392 1942
2393 2021
2394 1998
2395 1797
2396 1821
2397 1836
2398 1818
2399 1742
2400 1880
2401 1909
2402 1794
2403 1714
2404 1725
2405 1703
2406 2040
2407 1742
2408 1968
2409 1750
2410 1908
2411 2011
2412 1970
2413 2083
2414 1940
2415 1798
2416 1778
2417 1917
2418 1722
2419 1849
2420 1997
2421 1923
2422 2044
2423 1885
2424 1583
2425 1638
2426 1649
2427 1910
2428 1470
2429 1620
2430 1733
2431 1574
2432 2136
2433 1883
2434 1765
2435 1992
2436 1792
2437 1920
2438 1787
2439 1664
2440 2036
2441 1774
2442 1782
2443 1797
2444 1530
2445 1648
2446 2076
2447 1818
2448 1823
2449 1526
2450 1744
2451 1836
2452 1890
2453 1775
2454 2017
2455 1936
2456 1986
2457 1591
2458 2029
2459 2077
2460 2018
2461 2158
2462 1643
2463 1795
2464 1814
2465 1916
2466 1706
2467 1744
2468 2043
2469 2066
2470 1956
2471 1717
2472 1591
2473 1913
2474 1578
2475 1633
2476 1717
2477 1726
2478 1631
2479 1984
2480 1982
2481 1831
2482 1879
2483 1568
2484 1769
2485 1750
2486 1765
2487 1942
2488 1800
2489 1887
2490 1623
2491 1912
2492 2015
2493 1824
2494 1710
2495 2047
2496 1684
2497 1879
2498 2016
2499 1704
2500 1729
2501 1825
2502 1753
2503 1895
2504 1837
2505 1689
2506 1672
2507 1904
2508 1990
2509 1671
2510 1797
2511 1643
2512 1751
2513 2119
2514 1811
2515 1969
2516 1878
2517 1723
2518 1769
2519 1468
2520 1726
2521 1768
2522 2038
2523 2043
2524 1694
2525 1651
2526 1786
2527 1593
2528 1717
2529 1859
2530 1789
2531 1829
2532 1597
2533 1725
2534 1843
2535 1792
2536 1859
2537 1785
2538 1873
2539 1899
2540 1942
2541 1877
2542 1716
2543 1847
2544 2056
2545 1894
2546 1808
2547 2014
2548 1979
2549 1948
2550 1477
2551 1998
2552 1981
2553 1694
2554 2061
2555 1693
2556 1833
2557 1957
2558 1536
2559 1542
2560 1580
2561 1852
2562 2014
2563 1877
2564 1844
2565 1455
2566 1607
2567 2056
2568 1688
2569 1885
2570 1863
2571 1749
2572 1819
2573 1690
2574 1975
2575 1853
2576 1732
2577 1831
2578 1827
2579 2001
2580 1706
2581 1729
2582 1978
2583 1876
2584 1956
2585 1844
2586 1494
2587 1579
2588 1816
2589 1927
2590 1804
2591 1692
2592 1707
2593 1949
2594 1608
2595 1735
2596 2184
2597 1930
2598 2175
2599 1614
2600 1799
2601 2047
2602 1785
2603 1822
2604 1736
2605 1962
2606 1804
2607 1798
2608 1843
2609 1659
2610 1665
2611 1793
2612 1657
2613 1722
2614 1734
2615 1868
2616 2050
2617 1785
2618 2132
2619 1829
2620 1916
2621 1977
2622 2074
2623 2060
2624 1982
2625 1608
2626 1457
2627 1724
2628 1828
2629 1947
2630 1781
2631 1412
2632 1960
2633 1709
2634 1961
2635 1896
2636 2156
2637 1747
2638 1510
2639 1917
2640 1869
2641 1769
2642 1572
2643 1479
2644 1886
2645 1719
2646 1740
2647 1780
2648 1823
2649 1530
2650 1881
2651 1758
2652 2055
2653 1677
2654 2127
2655 1840
2656 1889
2657 2029
2658 2055
2659 1924
2660 1844
2661 2105
2662 2140
2663 1724
2664 2125
2665 1749
2666 1800
2667 2019
2668 1539
2669 1936
2670 1908
2671 1697
2672 1875
2673 1978
2674 1877
2675 2059
2676 1774
2677 2118
2678 1566
2679 1630
2680 1706
2681 1899
2682 1823
2683 1799
2684 1753
2685 1727
2686 1879
2687 1895
2688 2008
2689 1853
2690 1662
2691 1941
2692 1903
2693 1999
2694 1849
2695 1931
2696 2076
2697 1755
2698 2090
2699 1599
2700 1792
2701 1971
2702 1695
2703 1753
2704 1853
2705 1965
2706 1959
2707 1969
2708 2018
2709 1815
2710 1837
2711 1808
2712 1785
2713 1928
2714 1683
2715 1832
2716 1876
2717 2141
2718 1882
2719 1596
2720 1769
2721 2032
2722 1747
2723 1886
2724 1733
2725 1948
2726 1939
2727 1893
2728 2003
2729 1804
2730 2071
2731 2072
2732 1847
2733 1875
2734 1722
2735 1783
2736 1637
2737 1648
2738 1742
2739 1785
2740 1997
2741 1671
2742 1819
2743 1624
2744 1897
2745 1678
2746 1693
2747 1567
2748 1904
2749 1689
2750 1922
2751 1845
2752 1726
2753 1880
2754 1713
2755 2001
2756 1775
2757 1675
2758 1842
2759 1371
2760 1579
2761 2162
2762 1865
2763 1947
2764 1723
2765 1686
2766 1760
2767 1793
2768 1912
2769 1651
2770 1678
2771 1796
2772 1955
2773 2004
2774 1443
2775 1849
2776 1605
2777 1642
2778 1791
2779 1941
2780 2114
2781 1946
2782 1982
2783 1737
2784 1695
2785 1818
2786 1890
2787 1897
2788 1965
2789 1699
2790 1841
2791 1746
2792 1762
2793 1812
2794 1966
2795 1692
2796 1687
2797 1729
2798 1969
2799 1942
2800 1656
2801 1719
2802 1770
2803 1680
2804 1686
2805 1911
2806 1843
2807 1990
2808 2185
2809 1580
2810 1673
2811 1774
2812 1921
2813 1539
2814 2170
2815 2077
2816 1523
2817 1718
2818 1792
2819 1742
2820 1803
2821 1783
2822 1845
2823 1474
2824 1858
2825 1761
2826 1996
2827 2039
2828 1877
2829 1706
2830 1863
2831 1903
2832 2118
2833 1745
2834 2006
2835 1884
2836 1939
2837 1938
2838 1850
2839 1949
2840 1712
2841 1463
2842 1881
2843 1790
2844 1967
2845 1889
2846 1927
2847 1818
2848 1683
2849 1960
2850 1753
2851 1822
2852 1730
2853 1931
2854 1736
2855 1976
2856 1977
2857 1607
2858 1687
2859 1728
2860 2015
2861 2041
2862 1538
2863 1862
2864 2007
2865 1944
2866 1791
2867 1960
2868 1826
2869 1531
2870 1900
2871 1873
2872 2066
2873 1935
2874 1786
2875 1934
2876 1713
2877 1819
2878 2054
2879 2049
2880 1668
2881 1656
2882 1823
2883 1681
2884 1437
2885 1894
2886 1440
2887 1627
2888 1850
2889 1827
2890 2127
2891 1907
2892 1555
2893 1835
2894 1783
2895 1383
2896 1549
2897 1763
2898 1783
2899 1986
2900 2019
2901 1859
2902 2147
2903 1584
2904 1554
2905 1971
2906 1219
2907 1894
2908 2041
2909 1737
2910 1773
2911 1568
2912 1696
2913 1748
2914 1573
2915 1978
2916 1601
2917 1676
2918 2005
2919 2015
2920 1864
2921 1934
2922 2023
2923 2127
2924 1770
2925 1937
2926 1692
2927 1771
2928 1781
2929 1741
2930 1798
2931 1891
2932 1713
2933 1834
2934 1881
2935 1839
2936 1902
2937 1883
2938 1776
2939 1887
2940 1789
2941 1954
2942 1673
2943 1970
2944 1645
2945 1713
2946 1722
2947 1778
2948 1366
2949 1801
2950 1914
2951 1680
2952 1802
2953 1973
2954 1904
2955 1785
2956 1966
2957 1524
2958 1882
2959 1850
2960 1899
2961 1993
2962 2019
2963 1803
2964 1832
2965 1655
2966 1626
2967 1704
2968 1957
2969 1914
2970 1658
2971 1584
2972 2049
2973 1754
2974 1900
2975 1873
2976 1761
2977 1916
2978 2009
2979 1819
2980 1801
2981 2102
2982 1593
2983 1995
2984 1736
2985 1816
2986 1975
2987 2144
2988 1906
2989 1799
2990 1741
2991 1822
2992 1811
2993 1770
2994 1648
2995 1853
2996 1901
2997 1644
2998 1956
2999 1874
3000 1850
3001 1988
3002 1576
3003 1943
3004 1738
3005 1683
3006 2076
3007 2137
3008 1920
3009 1907
3010 1972
3011 1940
3012 1983
3013 1885
3014 1986
3015 1707
3016 1847
3017 1746
3018 1637
3019 1852
3020 1801
3021 2022
3022 1734
3023 1845
3024 1861
3025 1904
3026 1695
3027 2019
3028 1747
3029 1910
3030 2034
3031 1768
3032 1858
3033 1967
3034 1805
3035 1891
3036 2017
3037 1550
3038 1520
3039 1818
3040 1988
3041 1959
3042 1793
3043 1681
3044 2039
3045 1888
3046 1873
3047 1757
3048 1944
3049 1861
3050 1825
3051 2035
3052 1713
3053 1722
3054 1834
3055 1799
3056 1776
3057 1980
3058 2028
3059 1830
3060 1696
3061 1892
3062 1829
3063 1985
3064 2124
3065 1948
3066 1732
3067 1799
3068 1999
3069 1895
3070 1838
3071 1833
3072 1616
3073 1606
3074 1886
3075 1619
3076 1779
3077 1822
3078 2144
3079 1977
3080 2005
3081 1879
3082 1638
3083 1740
3084 1831
3085 1931
3086 1757
3087 2036
3088 1667
3089 1506
3090 1755
3091 1707
3092 1426
3093 1844
3094 2084
3095 1787
3096 1747
3097 1793
3098 1789
3099 1938
3100 1611
3101 1933
3102 1974
3103 1848
3104 1908
3105 1644
3106 1873
3107 1740
3108 1664
3109 1931
3110 1923
3111 2138
3112 1684
3113 1868
3114 1884
3115 2086
3116 1894
3117 1899
3118 1580
3119 1751
3120 1762
3121 1724
3122 1774
3123 1781
3124 1839
3125 1689
3126 1803
3127 1937
3128 1241
3129 1692
3130 1772
3131 1826
3132 1672
3133 1804
3134 1912
3135 1592
3136 1790
3137 1816
3138 1874
3139 1619
3140 1773
3141 1715
3142 1880
3143 1897
3144 1987
3145 1861
3146 1771
3147 2012
3148 1783
3149 2000
3150 1775
3151 2015
3152 1697
3153 1817
3154 1928
3155 1965
3156 2006
3157 1535
3158 1895
3159 1600
3160 1816
3161 1700
3162 1791
3163 1968
3164 1795
3165 1658
3166 1903
3167 1912
3168 1770
3169 1759
3170 1680
3171 1498
3172 1844
3173 1896
3174 1987
3175 1895
3176 1607
3177 1838
3178 1681
3179 1607
3180 1715
3181 1823
3182 1892
3183 1805
3184 1597
3185 2009
3186 1812
3187 1610
3188 1587
3189 1938
3190 1659
3191 1976
3192 1795
3193 2006
3194 1746
3195 1767
3196 2181
3197 1946
3198 2016
3199 1612
3200 1752
3201 1876
3202 1926
3203 1755
3204 1925
3205 1827
3206 1927
3207 1822
3208 1832
3209 2061
3210 1831
3211 1883
3212 1917
3213 1927
3214 1866
3215 1908
3216 1682
3217 1768
3218 1982
3219 1767
3220 2015
3221 1944
3222 1834
3223 1942
3224 1628
3225 1588
3226 1473
3227 1406
3228 1799
3229 1862
3230 1746
3231 1998
3232 1770
3233 1715
3234 1617
3235 1928
3236 1786
3237 1735
3238 1827
3239 1808
3240 1970
3241 1789
3242 1924
3243 1855
3244 1949
3245 1843
3246 1748
3247 1846
3248 1984
3249 2141
3250 1816
3251 1560
3252 1893
3253 2040
3254 1961
3255 1685
3256 1621
3257 1713
3258 2027
3259 2013
3260 1855
3261 2068
3262 1834
3263 1598
3264 2039
3265 2046
3266 1883
3267 1702
3268 1832
3269 1683
3270 1700
3271 1570
3272 1488
3273 1782
3274 1873
3275 1983
3276 1567
3277 1742
3278 1737
3279 1871
3280 1643
3281 1943
3282 1926
3283 1768
3284 1688
3285 1883
3286 1741
3287 1696
3288 1699
3289 1980
3290 1864
3291 1547
3292 1801
3293 1963
3294 1722
3295 2001
3296 1969
3297 1646
3298 1342
3299 1756
3300 1770
3301 1972
3302 1649
3303 1611
3304 1589
3305 1950
3306 1816
3307 1642
3308 1811
3309 2003
3310 2076
3311 1738
3312 1791
3313 1873
3314 1910
3315 1814
3316 2062
3317 1972
3318 1896
3319 1333
3320 1940
3321 1840
3322 2055
3323 1973
3324 1848
3325 1753
3326 2063
3327 2090
3328 1791
3329 1831
3330 2057
3331 1678
3332 1881
3333 1834
3334 1817
3335 1610
3336 1508
3337 2124
3338 1569
3339 1910
3340 1933
3341 1893
3342 2072
3343 2048
3344 2123
3345 1789
3346 1987
3347 2037
3348 1880
3349 1707
3350 1897
3351 1621
3352 1879
3353 1829
3354 1894
3355 2038
3356 1724
3357 1905
3358 1733
3359 1819
3360 1625
3361 1595
3362 1881
3363 2010
3364 1842
3365 2024
3366 1949
3367 1562
3368 1937
3369 1859
3370 1433
3371 1616
3372 2096
3373 1891
3374 1515
3375 2276
3376 1784
3377 1606
3378 1791
3379 1991
3380 2103
3381 1675
3382 1906
3383 1841
3384 2030
3385 1738
3386 1877
3387 1740
3388 1643
3389 1881
3390 1140
3391 1809
3392 1761
3393 1828
3394 1613
3395 1929
3396 1944
3397 1817
3398 1817
3399 1665
3400 1635
3401 1423
3402 1773
3403 1848
3404 1830
3405 1792
3406 2064
3407 1875
3408 2068
3409 1834
3410 1740
3411 1827
3412 1920
3413 1681
3414 1891
3415 1920
3416 1961
3417 1857
3418 1923
3419 1837
3420 1897
3421 1706
3422 1757
3423 1894
3424 1825
3425 1779
3426 1743
3427 1742
3428 1901
3429 1883
3430 1867
3431 1767
3432 1585
3433 1674
3434 1813
3435 1586
3436 1968
3437 1928
3438 1900
3439 2037
3440 1696
3441 1789
3442 2031
3443 1729
3444 1822
3445 1890
3446 1680
3447 2130
3448 1946
3449 1914
3450 1833
3451 1951
3452 2008
3453 1941
3454 1985
3455 1896
3456 2002
3457 1919
3458 1973
3459 1882
3460 1848
3461 1722
3462 2130
3463 1823
3464 1794
3465 1870
3466 1896
3467 1927
3468 1803
3469 1864
3470 2264
3471 1693
3472 1549
3473 1896
3474 1694
3475 1995
3476 1936
3477 2017
3478 2058
3479 1594
3480 1875
3481 1685
3482 1875
3483 1751
3484 1781
3485 1861
3486 2082
3487 1763
3488 1899
3489 1770
3490 1499
3491 1947
3492 1639
3493 1658
3494 1774
3495 1887
3496 1702
3497 1895
3498 1634
3499 1802
3500 2012
3501 1653
3502 1779
3503 1709
3504 1679
3505 1978
3506 1752
3507 1578
3508 1640
3509 2008
3510 1714
3511 1957
3512 1894
3513 1821
3514 1750
3515 1999
3516 1720
3517 1611
3518 1844
3519 1657
3520 1918
3521 1754
3522 1548
3523 1667
3524 1867
3525 1797
3526 1945
3527 1824
3528 1789
3529 1913
3530 1841
3531 2005
3532 1892
3533 1623
3534 1841
3535 1978
3536 1868
3537 1796
3538 1743
3539 1799
3540 1763
3541 2211
3542 1801
3543 2042
3544 1893
3545 1850
3546 1834
3547 1769
3548 1980
3549 1572
3550 1991
3551 1868
3552 1876
3553 1968
3554 1946
3555 1776
3556 1830
3557 1826
3558 1849
3559 1936
3560 1787
3561 1901
3562 1747
3563 1706
3564 2067
3565 1731
3566 1918
3567 1841
3568 1820
3569 2058
3570 2031
3571 2089
3572 2029
3573 1688
3574 1511
3575 1733
3576 1803
3577 1849
3578 1924
3579 1569
3580 1724
3581 2056
3582 1732
3583 1910
3584 1807
3585 1916
3586 2073
3587 1896
3588 1863
3589 1882
3590 1739
3591 1953
3592 1730
3593 1762
3594 1963
3595 1882
3596 1770
3597 1729
3598 1509
3599 1726
3600 1742
3601 1281
3602 1347
3603 2029
3604 1966
3605 1740
3606 1697
3607 1704
3608 1648
3609 1903
3610 2011
3611 1859
3612 1637
3613 2065
3614 1456
3615 1971
3616 1986
3617 1677
3618 1937
3619 1791
3620 1817
3621 2041
3622 1789
3623 1850
3624 1825
3625 2016
3626 1852
3627 1674
3628 1890
3629 1598
3630 1855
3631 2082
3632 1509
3633 1709
3634 1909
3635 1704
3636 1784
3637 1879
3638 2116
3639 1655
3640 2041
3641 1592
3642 1808
3643 1832
3644 1939
3645 2002
3646 1360
3647 1833
3648 1870
3649 1967
3650 1876
3651 1769
3652 1651
3653 1941
3654 1671
3655 1660
3656 1837
3657 2099
3658 1845
3659 1779
3660 2034
3661 1908
3662 1793
3663 1610
3664 1596
3665 1765
3666 1802
3667 1578
3668 1982
3669 1868
3670 1831
3671 1752
3672 2176
3673 1894
3674 1794
3675 1663
3676 1787
3677 1945
3678 2062
3679 1968
3680 1705
3681 1795
3682 1890
3683 1970
3684 1884
3685 1999
3686 1680
3687 1984
3688 1993
3689 1869
3690 2118
3691 1608
3692 1583
3693 1924
3694 1992
3695 1854
3696 1854
3697 1627
3698 1933
3699 2047
3700 1981
3701 1911
3702 1700
3703 2014
3704 1934
3705 2071
3706 1771
3707 1718
3708 2129
3709 1703
3710 1786
3711 2057
3712 1594
3713 1861
3714 1815
3715 1955
3716 1812
3717 2037
3718 1739
3719 1623
3720 1820
3721 1688
3722 1748
3723 1480
3724 1949
3725 2061
3726 1629
3727 1958
3728 1779
3729 2014
3730 1773
3731 1612
3732 1896
3733 1712
3734 1722
3735 1470
3736 1520
3737 1654
3738 1681
3739 1723
3740 1814
3741 1961
3742 1669
3743 1929
3744 1748
3745 1830
3746 2187
3747 1974
3748 1645
3749 1891
3750 1827
3751 1640
3752 1736
3753 1483
3754 1764
3755 1910
3756 1963
3757 2032
3758 1794
3759 1981
3760 1774
3761 1790
3762 1720
3763 1835
3764 1818
3765 1588
3766 1999
3767 1911
3768 1826
3769 1662
3770 1993
3771 1672
3772 1886
3773 1936
3774 1696
3775 1871
3776 2013
3777 1951
3778 1890
3779 1596
3780 1935
3781 2014
3782 1930
3783 1648
3784 1900
3785 1899
3786 1646
3787 1852
3788 1993
3789 2043
3790 1610
3791 1685
3792 1870
3793 1784
3794 1962
3795 2071
3796 1775
3797 1690
3798 1919
3799 1964
3800 2108
3801 1904
3802 1834
3803 1973
3804 1734
3805 1771
3806 1814
3807 1964
3808 1932
3809 1737
3810 1922
3811 1799
3812 1774
3813 1872
3814 1724
3815 1401
3816 1722
3817 1886
3818 1922
3819 1818
3820 1862
3821 1901
3822 2001
3823 1732
3824 2088
3825 1857
3826 1848
3827 2012
3828 1776
3829 2048
3830 1844
3831 1799
3832 1626
3833 1752
3834 2059
3835 1774
3836 1781
3837 1682
3838 1861
3839 1729
3840 1738
3841 1461
3842 1875
3843 1929
3844 2143
3845 1965
3846 1784
3847 1858
3848 1571
3849 1682
3850 2033
3851 1930
3852 1476
3853 1771
3854 1825
3855 2076
3856 1898
3857 1883
3858 1800
3859 1851
3860 1991
3861 2182
3862 2090
3863 1999
3864 1601
3865 1866
3866 1683
3867 1796
3868 1233
3869 1933
3870 1834
3871 1766
3872 1919
3873 2030
3874 1907
3875 1775
3876 1681
3877 1857
3878 1582
3879 2009
3880 1696
3881 1811
3882 1727
3883 2015
3884 1771
3885 1697
3886 1695
3887 2033
3888 1788
3889 1862
3890 1891
3891 1672
3892 1436
3893 1893
3894 1702
3895 1790
3896 2026
3897 1886
3898 2014
3899 1897
3900 1795
3901 1880
3902 2004
3903 2075
3904 1791
3905 1927
3906 1837
3907 2100
3908 1560
3909 1883
3910 1843
3911 1790
3912 1730
3913 1925
3914 1859
3915 1969
3916 1963
3917 1677
3918 1903
3919 1810
3920 2114
3921 1862
3922 1735
3923 1872
3924 1903
3925 1814
3926 1828
3927 1817
3928 1738
3929 1657
3930 1902
3931 2001
3932 1903
3933 1800
3934 1589
3935 1522
3936 1752
3937 2002
3938 1822
3939 1876
3940 1718
3941 1908
3942 1642
3943 1798
3944 2058
3945 1801
3946 1972
3947 1943
3948 1765
3949 1760
3950 1801
3951 1736
3952 1830
3953 1557
3954 1892
3955 1835
3956 1936
3957 1732
3958 1869
3959 2046
3960 1876
3961 1955
3962 1846
3963 2032
3964 1858
3965 1799
3966 1837
3967 1699
3968 1793
3969 1740
3970 1763
3971 1853
3972 1983
3973 1640
3974 1798
3975 1854
3976 1927
3977 1744
3978 1461
3979 1892
3980 1766
3981 2122
3982 1989
3983 1688
3984 1916
3985 1850
3986 1672
3987 1848
3988 2003
3989 1838
3990 1763
3991 1847
3992 2034
3993 1944
3994 1664
3995 1752
3996 1573
3997 1933
3998 2142
3999 1828
4000 1685
4001 1971
4002 1815
4003 1842
4004 1757
4005 1633
4006 1489
4007 1852
4008 1522
4009 1772
4010 1788
4011 1718
4012 1855
4013 1924
4014 1573
4015 1790
4016 1585
4017 1992
4018 2133
4019 1829
4020 1781
4021 1936
4022 1787
4023 1987
4024 1796
4025 1751
4026 1938
4027 1919
4028 1801
4029 2119
4030 1874
4031 1916
4032 1678
4033 1836
4034 1812
4035 2100
4036 1842
4037 1799
4038 1991
4039 1962
4040 1809
4041 1724
4042 1485
4043 1863
4044 1624
4045 1921
4046 1804
4047 1788
4048 1621
4049 2073
4050 1572
4051 1920
4052 1714
4053 1985
4054 1846
4055 1890
4056 1819
4057 1852
4058 1888
4059 2007
4060 1775
4061 1964
4062 1737
4063 2000
4064 1726
4065 1641
4066 1735
4067 1828
4068 1845
4069 1774
4070 1727
4071 1802
4072 1830
4073 1855
4074 2001
4075 1720
4076 2105
4077 1798
4078 1796
4079 1669
4080 1593
4081 1867
4082 1862
4083 1843
4084 1773
4085 1891
4086 1715
4087 1485
4088 1363
4089 1712
4090 1941
4091 1827
4092 1875
4093 2122
4094 1635
4095 1864
4096 1831
4097 1891
4098 1762
4099 2010
4100 2016
4101 1634
4102 2059
4103 1606
4104 1897
4105 1791
4106 2117
4107 2006
4108 1751
4109 2009
4110 1849
4111 1955
4112 2108
4113 1886
4114 1576
4115 1855
4116 1780
4117 2136
4118 1997
4119 1653
4120 1748
4121 1647
4122 1932
4123 2101
4124 1731
4125 1838
4126 1816
4127 1879
4128 1767
4129 1901
4130 1722
4131 1884
4132 1599
4133 2050
4134 1979
4135 1952
4136 1887
4137 1813
4138 1680
4139 1794
4140 1610
4141 2060
4142 1950
4143 2013
4144 1981
4145 1889
4146 1715
4147 1990
4148 1812
4149 1992
4150 1795
4151 1632
4152 1604
4153 1815
4154 1813
4155 1828
4156 1506
4157 1815
4158 1553
4159 1690
4160 1880
4161 1777
4162 1738
4163 2014
4164 1870
4165 1641
4166 1979
4167 1866
4168 1855
4169 1762
4170 1991
4171 1660
4172 1841
4173 1928
4174 1865
4175 1752
4176 1600
4177 1677
4178 1953
4179 2048
4180 1930
4181 2037
4182 1944
4183 1853
4184 1587
4185 2017
4186 1748
4187 1800
4188 1980
4189 1849
4190 1829
4191 1693
4192 1875
4193 1929
4194 1958
4195 1926
4196 2105
4197 2089
4198 1830
4199 1792
4200 1864
4201 1850
4202 2027
4203 1856
4204 1961
4205 1675
4206 1949
4207 1784
4208 1486
4209 1729
4210 1482
4211 1771
4212 2019
4213 1766
4214 1505
4215 1594
4216 2047
4217 1640
4218 1969
4219 1862
4220 1846
4221 2013
4222 1766
4223 1908
4224 1660
4225 1975
4226 1710
4227 2116
4228 1870
4229 1649
4230 1779
4231 1906
4232 1863
4233 1879
4234 1829
4235 1709
4236 1888
4237 1873
4238 2029
4239 1990
4240 1903
4241 1719
4242 1646
4243 2081
4244 1669
4245 1735
4246 1867
4247 1898
4248 1808
4249 1950
4250 1980
4251 1719
4252 1814
4253 2007
4254 2016
4255 1553
4256 1760
4257 1837
4258 1599
4259 2092
4260 1890
4261 1718
4262 1779
4263 1836
4264 1702
4265 1502
4266 1872
4267 1643
4268 1803
4269 1786
4270 1741
4271 1743
4272 1795
4273 1885
4274 1773
4275 1907
4276 1787
4277 1666
4278 1808
4279 1899
4280 1823
4281 1710
4282 1710
4283 1889
4284 1599
4285 1712
4286 1978
4287 1715
4288 2139
4289 1759
4290 1659
4291 1908
4292 1755
4293 1862
4294 1740
4295 1675
4296 1956
4297 1819
4298 1771
4299 1893
4300 1919
4301 1902
4302 2005
4303 2029
4304 1625
4305 1853
4306 1706
4307 1999
4308 1919
4309 1910
4310 1815
4311 1876
4312 1974
4313 1962
4314 1973
4315 1659
4316 1791
4317 1867
4318 1665
4319 1904
4320 2192
4321 1578
4322 1918
4323 1979
4324 1703
4325 1968
4326 1722
4327 1894
4328 1833
4329 1892
4330 1880
4331 1416
4332 1843
4333 2047
4334 1923
4335 1955
4336 1597
4337 1650
4338 1954
4339 1749
4340 1998
4341 1779
4342 1930
4343 2009
4344 1876
4345 1647
4346 1925
4347 1988
4348 1702
4349 1489
4350 2008
4351 1849
4352 1874
4353 1953
4354 1687
4355 1870
4356 1746
4357 2022
4358 1825
4359 1774
4360 1748
4361 1751
4362 2059
4363 1855
4364 1843
4365 2086
4366 1853
4367 1739
4368 1724
4369 1577
4370 1881
4371 1617
4372 1675
4373 1801
4374 1806
4375 1756
4376 1916
4377 2078
4378 1977
4379 1827
4380 1928
4381 1879
4382 1678
4383 1881
4384 1828
4385 1815
4386 1646
4387 2039
4388 1989
4389 1879
4390 1835
4391 2002
4392 1895
4393 1802
4394 1549
4395 1891
4396 1911
4397 1516
4398 1682
4399 1828
4400 1775
4401 1752
4402 1865
4403 1770
4404 1827
4405 1666
4406 1960
4407 1942
4408 1704
4409 1764
4410 1732
4411 1782
4412 1663
4413 1679
4414 1759
4415 2027
4416 1719
4417 1378
4418 1695
4419 1797
4420 1901
4421 1787
4422 1560
4423 1639
4424 1919
4425 2064
4426 1751
4427 1703
4428 2017
4429 1991
4430 1958
4431 2006
4432 1885
4433 1855
4434 1751
4435 1795
4436 1790
4437 1828
4438 1882
4439 1964
4440 1987
4441 2075
4442 1794
4443 1814
4444 1588
4445 2036
4446 1920
4447 1515
4448 1761
4449 1823
4450 1589
4451 1774
4452 1802
4453 1674
4454 1944
4455 1725
4456 1850
4457 1676
4458 1591
4459 1624
4460 1600
4461 1626
4462 1653
4463 1923
4464 1902
4465 1681
4466 1883
4467 1915
4468 1872
4469 1542
4470 2029
4471 1716
4472 1870
4473 1819
4474 1703
4475 1528
4476 1925
4477 1951
4478 1798
4479 2005
4480 1737
4481 1551
4482 1589
4483 1721
4484 1679
4485 1572
4486 2016
4487 1797
4488 1828
4489 1751
4490 1739
4491 1634
4492 1845
4493 1918
4494 1613
4495 1885
4496 1845
4497 1942
4498 1687
4499 1667
4500 1860
4501 1978
4502 1887
4503 2212
4504 1647
4505 2027
4506 1973
4507 1746
4508 1799
4509 1621
4510 2030
4511 1676
4512 1757
4513 2094
4514 1844
4515 1907
4516 1646
4517 1868
4518 1933
4519 1978
4520 1719
4521 1607
4522 1547
4523 1862
4524 1889
4525 1876
4526 1753
4527 1882
4528 1877
4529 1683
4530 1787
4531 1845
4532 1896
4533 1697
4534 1772
4535 1950
4536 1710
4537 1701
4538 1475
4539 1733
4540 1715
4541 1870
4542 1811
4543 2007
4544 1876
4545 1856
4546 1779
4547 1725
4548 1865
4549 1631
4550 1754
4551 1845
4552 1684
4553 1903
4554 2058
4555 1886
4556 1835
4557 1667
4558 1765
4559 1918
4560 2030
4561 1859
4562 1728
4563 1829
4564 1959
4565 1779
4566 2083
4567 1695
4568 1609
4569 1707
4570 1657
4571 1628
4572 1813
4573 1800
4574 1938
4575 1845
4576 2025
4577 1739
4578 1962
4579 1756
4580 1844
4581 1867
4582 1562
4583 2082
4584 2140
4585 1848
4586 1731
4587 1764
4588 2041
4589 1765
4590 1886
4591 1504
4592 1754
4593 1706
4594 1797
4595 1875
4596 1834
4597 1872
4598 1993
4599 1648
4600 1556
4601 1740
4602 1895
4603 1968
4604 1907
4605 2073
4606 1909
4607 1792
4608 1678
4609 1832
4610 2091
4611 1749
4612 1781
4613 1842
4614 1801
4615 1564
4616 1715
4617 1923
4618 1856
4619 1834
4620 1577
4621 1447
4622 1893
4623 1940
4624 1983
4625 1916
4626 1743
4627 2108
4628 2016
4629 1862
4630 1941
4631 1699
4632 1890
4633 1738
4634 2028
4635 1950
4636 1787
4637 1783
4638 1970
4639 1998
4640 1872
4641 1811
4642 1956
4643 1880
4644 1628
4645 1930
4646 1961
4647 1841
4648 2133
4649 1772
4650 1397
4651 1920
4652 2155
4653 1803
4654 1955
4655 1900
4656 1818
4657 1838
4658 1819
4659 1953
4660 1623
4661 1804
4662 1606
4663 1744
4664 1745
4665 1983
4666 2167
4667 1828
4668 1714
4669 1963
4670 2000
4671 1659
4672 1576
4673 1826
4674 1936
4675 1637
4676 1820
4677 1682
4678 2009
4679 2257
4680 1894
4681 2003
4682 1879
4683 1717
4684 1474
4685 1912
4686 1632
4687 2013
4688 1934
4689 1844
4690 1474
4691 1878
4692 1424
4693 1756
4694 1972
4695 1899
4696 1746
4697 1436
4698 1780
4699 1650
4700 1921
4701 1958
4702 1743
4703 1704
4704 1762
4705 1845
4706 1665
4707 1822
4708 1717
4709 1858
4710 1866
4711 1643
4712 1866
4713 1690
4714 1570
4715 1989
4716 1667
4717 1965
4718 1739
4719 1808
4720 1668
4721 1860
4722 2001
4723 1699
4724 1771
4725 1806
4726 1836
4727 1761
4728 1869
4729 1889
4730 1988
4731 1905
4732 1766
4733 2007
4734 1798
4735 1943
4736 1445
4737 1973
4738 1791
4739 2001
4740 1788
4741 1855
4742 2000
4743 1946
4744 1743
4745 1919
4746 1868
4747 1884
4748 1879
4749 1932
4750 1602
4751 1890
4752 2042
4753 1555
4754 1755
4755 1748
4756 2014
4757 1807
4758 1646
4759 2057
4760 1843
4761 1868
4762 1504
4763 1964
4764 1889
4765 1972
4766 1967
4767 1935
4768 1576
4769 1636
4770 1854
4771 2084
4772 1507
4773 1750
4774 1958
4775 2102
4776 1986
4777 2124
4778 2047
4779 1723
4780 1809
4781 1754
4782 1828
4783 1872
4784 1878
4785 1845
4786 1936
4787 1552
4788 1862
4789 1751
4790 1668
4791 1779
4792 1779
4793 1864
4794 2096
4795 1870
4796 1796
4797 1902
4798 2057
4799 1843
4800 1776
4801 1836
4802 1673
4803 1851
4804 1748
4805 1720
4806 1805
4807 1808
4808 2034
4809 1871
4810 2062
4811 1949
4812 1764
4813 1659
4814 1862
4815 1787
4816 1937
4817 1880
4818 1726
4819 1695
4820 1931
4821 2017
4822 1684
4823 1827
4824 1781
4825 1831
4826 1997
4827 1737
4828 1797
4829 1926
4830 1692
4831 2042
4832 1976
4833 1985
4834 1570
4835 2100
4836 1640
4837 1830
4838 1892
4839 1899
4840 1877
4841 2062
4842 1628
4843 1977
4844 2009
4845 1670
4846 1548
4847 1799
4848 1825
4849 2024
4850 1628
4851 1686
4852 1679
4853 1574
4854 1589
4855 1837
4856 1915
4857 1880
4858 1730
4859 1759
4860 1913
4861 1798
4862 1892
4863 1817
4864 1767
4865 1782
4866 1748
4867 1933
4868 1827
4869 1818
4870 1615
4871 1913
4872 1968
4873 1666
4874 1719
4875 1980
4876 1902
4877 1799
4878 1816
4879 1956
4880 1705
4881 1800
4882 1887
4883 1515
4884 1699
4885 1577
4886 1733
4887 1864
4888 2025
4889 1974
4890 1804
4891 1827
4892 1687
4893 1935
4894 1750
4895 1897
4896 1889
4897 1854
4898 1782
4899 2074
4900 1742
4901 1789
4902 1674
4903 1737
4904 1928
4905 2040
4906 2006
4907 2048
4908 1999
4909 1881
4910 2060
4911 1755
4912 1752
4913 1703
4914 1794
4915 1703
4916 1968
4917 1858
4918 1961
4919 1753
4920 1853
4921 1757
4922 1809
4923 1827
4924 1667
4925 1863
4926 1607
4927 1987
4928 1641
4929 1744
4930 1688
4931 1604
4932 1674
4933 1664
4934 1625
4935 1814
4936 1687
4937 1888
4938 1909
4939 1879
4940 1817
4941 1744
4942 1772
4943 1876
4944 1884
4945 1338
4946 1975
4947 1871
4948 1892
4949 2057
4950 1954
4951 1905
4952 1627
4953 1916
4954 1778
4955 1718
4956 1929
4957 1506
4958 1944
4959 1878
4960 1695
4961 2090
4962 1755
4963 1886
4964 1549
4965 1636
4966 1863
4967 1488
4968 1800
4969 1603
4970 2083
4971 1872
4972 1756
4973 1948
4974 1674
4975 1961
4976 1806
4977 1622
4978 1550
4979 1667
4980 1844
4981 2205
4982 1631
4983 1639
4984 1778
4985 1579
4986 1925
4987 1896
4988 1906
4989 1733
4990 1753
4991 1667
4992 1880
4993 1692
4994 1874
4995 1770
4996 1624
4997 1865
4998 2115
4999 1732
5000 1851
5001 2050
5002 1858
5003 1820
5004 1766
5005 1875
5006 1802
5007 1564
5008 1959
5009 1922
5010 1937
5011 1788
5012 1647
5013 1976
5014 1978
5015 1598
5016 1786
5017 1651
5018 1877
5019 1562
5020 1983
5021 1919
5022 1655
5023 1823
5024 1842
5025 1956
5026 1986
5027 1761
5028 1722
5029 2152
5030 1874
5031 1857
5032 2155
5033 1852
5034 2050
5035 1467
5036 1774
5037 2062
5038 1687
5039 2008
5040 2089
5041 1901
5042 1747
5043 1877
5044 1668
5045 1846
5046 1964
5047 1758
5048 1636
5049 2143
5050 1946
5051 1873
5052 2098
5053 1889
5054 1947
5055 1926
5056 1568
5057 1673
5058 1903
5059 1942
5060 1983
5061 1983
5062 1898
5063 1965
5064 1708
5065 1966
5066 1615
5067 2086
5068 1898
5069 1740
5070 1964
5071 1515
5072 1735
5073 1698
5074 1935
5075 1752
5076 1801
5077 1818
5078 1747
5079 1794
5080 1638
5081 1720
5082 1747
5083 1704
5084 2005
5085 1841
5086 1862
5087 2119
5088 1862
5089 1774
5090 2064
5091 1611
5092 1898
5093 2018
5094 2012
5095 1734
5096 1775
5097 1946
5098 1868
5099 1460
5100 1885
5101 1735
5102 1385
5103 1742
5104 1659
5105 2272
5106 1715
5107 2001
5108 1710
5109 1973
5110 1666
5111 1630
5112 1981
5113 2118
5114 2107
5115 1873
5116 1979
5117 1906
5118 1801
5119 1720
5120 1605
5121 1468
5122 1971
5123 1950
5124 2061
5125 1826
5126 2000
5127 1462
5128 1735
5129 1899
5130 1884
5131 1786
5132 1850
5133 1980
5134 1813
5135 1896
5136 1681
5137 1716
5138 1800
5139 1813
5140 1570
5141 1683
5142 1859
5143 2021
5144 1795
5145 1740
5146 1885
5147 2022
5148 1941
5149 1693
5150 1848
5151 2006
5152 1739
5153 1875
5154 2162
5155 1955
5156 1737
5157 1975
5158 1766
5159 2038
5160 1715
5161 1520
5162 1614
5163 1730
5164 1532
5165 1907
5166 1562
5167 1724
5168 1800
5169 1857
5170 1498
5171 1986
5172 1997
5173 1847
5174 1614
5175 1528
5176 1578
5177 2145
5178 1993
5179 1912
5180 1887
5181 1815
5182 1940
5183 1986
5184 1862
5185 1817
5186 1839
5187 2006
5188 1741
5189 1734
5190 1820
5191 2008
5192 1911
5193 2007
5194 1766
5195 1762
5196 2156
5197 1864
5198 1979
5199 2028
5200 1675
5201 1670
5202 1658
5203 1712
5204 1811
5205 1588
5206 1631
5207 1781
5208 1690
5209 1830
5210 1973
5211 1913
5212 1888
5213 1665
5214 1722
5215 1593
5216 1839
5217 1830
5218 1924
5219 1896
5220 1794
5221 1798
5222 2127
5223 1720
5224 1692
5225 1788
5226 1896
5227 2143
5228 1814
5229 1964
5230 1588
5231 1704
5232 1921
5233 2046
5234 1936
5235 1851
5236 1995
5237 1834
5238 1937
5239 1658
5240 1663
5241 1730
5242 1981
5243 1663
5244 1845
5245 1796
5246 1768
5247 1647
5248 1879
5249 1915
5250 1958
5251 1872
5252 1936
5253 1695
5254 2093
5255 1527
5256 1848
5257 1814
5258 1880
5259 2082
5260 1739
5261 1970
5262 1687
5263 2002
5264 2087
5265 1896
5266 1749
5267 1862
5268 1946
5269 2017
5270 1877
5271 1846
5272 1850
5273 1730
5274 1484
5275 1915
5276 1755
5277 1604
5278 1817
5279 1742
5280 1927
5281 1878
5282 2042
5283 1888
5284 2000
5285 1696
5286 1689
5287 1803
5288 1814
5289 1782
5290 1685
5291 1816
5292 1895
5293 1813
5294 1928
5295 2020
5296 1813
5297 1930
5298 1924
5299 1681
5300 1795
5301 1776
5302 1802
5303 1721
5304 1958
5305 1868
5306 1843
5307 1955
5308 1855
5309 1708
5310 1885
5311 1895
5312 1866
5313 1689
5314 1889
5315 1710
5316 1954
5317 2068
5318 1956
5319 1684
5320 1890
5321 1716
5322 1820
5323 1745
5324 1629
5325 1688
5326 2149
5327 1564
5328 1917
5329 1927
5330 1853
5331 1720
5332 1799
5333 1700
5334 2050
5335 1428
5336 1863
5337 1818
5338 1934
5339 1877
5340 2006
5341 1560
5342 1914
5343 1810
5344 1863
5345 1767
5346 1789
5347 1654
5348 1682
5349 1881
5350 1554
5351 1705
5352 1998
5353 1783
5354 1641
5355 1692
5356 1944
5357 2093
5358 1618
5359 1745
5360 1820
5361 1756
5362 1711
5363 1456
5364 1808
5365 1711
5366 1897
5367 1949
5368 1827
5369 2035
5370 1684
5371 1810
5372 1974
5373 1974
5374 1806
5375 2097
5376 1400
5377 1677
5378 1908
5379 1722
5380 2141
5381 1815
5382 1661
5383 1781
5384 1999
5385 2029
5386 1768
5387 1988
5388 1719
5389 1803
5390 1860
5391 1792
5392 1937
5393 1911
5394 2085
5395 1947
5396 1942
5397 1783
5398 1811
5399 1698
5400 1882
5401 1922
5402 1669
5403 1950
5404 1760
5405 2035
5406 1850
5407 1755
5408 1972
5409 1955
5410 1659
5411 1682
5412 1694
5413 1826
5414 1944
5415 1870
5416 1820
5417 1756
5418 1903
5419 1909
5420 1703
5421 1518
5422 1620
5423 1666
5424 1847
5425 2093
5426 2000
5427 1692
5428 1774
5429 1831
5430 1870
5431 1552
5432 1960
5433 1663
5434 1937
5435 1832
5436 1821
5437 2101
5438 1922
5439 1524
5440 1982
5441 1811
5442 2081
5443 1726
5444 1473
5445 1776
5446 2089
5447 1740
5448 1781
5449 1681
5450 1721
5451 1828
5452 2012
5453 1767
5454 1941
5455 1697
5456 1715
5457 1644
5458 1791
5459 1891
5460 1789
5461 1440
5462 1636
5463 1848
5464 2080
5465 2087
5466 1766
5467 1610
5468 1581
5469 2074
5470 1762
5471 1867
5472 1759
5473 1776
5474 1758
5475 1891
5476 1822
5477 1676
5478 1909
5479 1786
5480 1771
5481 1746
5482 1669
5483 2088
5484 2122
5485 1734
5486 1763
5487 2034
5488 1677
5489 1881
5490 1963
5491 1578
5492 1836
5493 1752
5494 2023
5495 2034
5496 1974
5497 1959
5498 1735
5499 1869
5500 1644
5501 1866
5502 1979
5503 1713
5504 1976
5505 1889
5506 1651
5507 2091
5508 1856
5509 1758
5510 1975
5511 1956
5512 1838
5513 1961
5514 1567
5515 1849
5516 1828
5517 1864
5518 1728
5519 1792
5520 1851
5521 1681
5522 1504
5523 1993
5524 2181
5525 2012
5526 1629
5527 1856
5528 1771
5529 1678
5530 1860
5531 1510
5532 2066
5533 1683
5534 1747
5535 1788
5536 1714
5537 1921
5538 1990
5539 2218
5540 1853
5541 1826
5542 1774
5543 1841
5544 1562
5545 1821
5546 1940
5547 1772
5548 1896
5549 1834
5550 1789
5551 2019
5552 1881
5553 1864
5554 1998
5555 2026
5556 1620
5557 1557
5558 1929
5559 1896
5560 1680
5561 1848
5562 1767
5563 1887
5564 1799
5565 1956
5566 1627
5567 1965
5568 1891
5569 1847
5570 1670
5571 1772
5572 2047
5573 1678
5574 1490
5575 1941
5576 1857
5577 1678
5578 1857
5579 2000
5580 1646
5581 2084
5582 1763
5583 2015
5584 1976
5585 2087
5586 1802
5587 2001
5588 2051
5589 1769
5590 1887
5591 2040
5592 2043
5593 1806
5594 1857
5595 1933
5596 1869
5597 2184
5598 1746
5599 2004
5600 1520
5601 1803
5602 1778
5603 1739
5604 1625
5605 2091
5606 1861
5607 1913
5608 1772
5609 1873
5610 1854
5611 1905
5612 1851
5613 1996
5614 1629
5615 1885
5616 1861
5617 1633
5618 1849
5619 1884
5620 1762
5621 1604
5622 1654
5623 1974
5624 1798
5625 1587
5626 2059
5627 1666
5628 2082
5629 1921
5630 1961
5631 1911
5632 1714
5633 1932
5634 1948
5635 1894
5636 2138
5637 2005
5638 1770
5639 1868
5640 1938
5641 1889
5642 2001
5643 1968
5644 1806
5645 1897
5646 1811
5647 1877
5648 2120
5649 2137
5650 1712
5651 1838
5652 1680
5653 1763
5654 2018
5655 1634
5656 2125
5657 1629
5658 1902
5659 1836
5660 1597
5661 1874
5662 1660
5663 1892
5664 1815
5665 2116
5666 1866
5667 2089
5668 2047
5669 1909
5670 1717
5671 1827
5672 1942
5673 1894
5674 1706
5675 1860
5676 2078
5677 2036
5678 1846
5679 2013
5680 1910
5681 1873
5682 1595
5683 2041
5684 1814
5685 1867
5686 2042
5687 1953
5688 2179
5689 1703
5690 1894
5691 1929
5692 1799
5693 1703
5694 1846
5695 1815
5696 1819
5697 1643
5698 1745
5699 1805
5700 1979
5701 2013
5702 1503
5703 1871
5704 1829
5705 2071
5706 1978
5707 1859
5708 1818
5709 1864
5710 1884
5711 1950
5712 2000
5713 1679
5714 1776
5715 1863
5716 1585
5717 1793
5718 1829
5719 1723
5720 1863
5721 1949
5722 1973
5723 1971
5724 2108
5725 2005
5726 1884
5727 1824
5728 1986
5729 1833
5730 1860
5731 1881
5732 1887
5733 1950
5734 1822
5735 1807
5736 1989
5737 1849
5738 1431
5739 1624
5740 1887
5741 1798
5742 1869
5743 2029
5744 1723
5745 1984
5746 2154
5747 1877
5748 1721
5749 1907
5750 1735
5751 1955
5752 1840
5753 2047
5754 1739
5755 1757
5756 1885
5757 1600
5758 1850
5759 1885
5760 1582
5761 1934
5762 1915
5763 1768
5764 1764
5765 2004
5766 2148
5767 1963
5768 1569
5769 1920
5770 1943
5771 1844
5772 1678
5773 2018
5774 1713
5775 1844
5776 1839
5777 1865
5778 1568
5779 2248
5780 1930
5781 1716
5782 1900
5783 1733
5784 1956
5785 1694
5786 1750
5787 1765
5788 2051
5789 1691
5790 1815
5791 1990
5792 1878
5793 1859
5794 1804
5795 1975
5796 1717
5797 2045
5798 1938
5799 1797
5800 1925
5801 1974
5802 1923
5803 1884
5804 1665
5805 1952
5806 1882
5807 1793
5808 1911
5809 2217
5810 2027
5811 1907
5812 1847
5813 1725
5814 1874
5815 1848
5816 1785
5817 1891
5818 1770
5819 1735
5820 1854
5821 1980
5822 1828
5823 1726
5824 1813
5825 1721
5826 1921
5827 1960
5828 1734
5829 2047
5830 1832
5831 1840
5832 2026
5833 1950
5834 2047
5835 1818
5836 2020
5837 1601
5838 1705
5839 1865
5840 1754
5841 1626
5842 1562
5843 1746
5844 1955
5845 1902
5846 1645
5847 1762
5848 1773
5849 1791
5850 1897
5851 1780
5852 1801
5853 1781
5854 1969
5855 1897
5856 1915
5857 1840
5858 1655
5859 2172
5860 2131
5861 1838
5862 1768
5863 1876
5864 1936
5865 1656
5866 1764
5867 1935
5868 1737
5869 1952
5870 2011
5871 2018
5872 1598
5873 1932
5874 1971
5875 1703
5876 1779
5877 1614
5878 2133
5879 1842
5880 1605
5881 1970
5882 1868
5883 1522
5884 1824
5885 2030
5886 2078
5887 1845
5888 1797
5889 1583
5890 2009
5891 1615
5892 1647
5893 1905
5894 1735
5895 1898
5896 1618
5897 1844
5898 1927
5899 1988
5900 1722
5901 1732
5902 1898
5903 1730
5904 1810
5905 1531
5906 1640
5907 1944
5908 1868
5909 1971
5910 1508
5911 1687
5912 1869
5913 1726
5914 1793
5915 1758
5916 1783
5917 1802
5918 1786
5919 1851
5920 1800
5921 2080
5922 2057
5923 1633
5924 1981
5925 1915
5926 1911
5927 1829
5928 1820
5929 2001
5930 1659
5931 1796
5932 1798
5933 1800
5934 1911
5935 2362
5936 1786
5937 1880
5938 1687
5939 1564
5940 1804
5941 2090
5942 1925
5943 1806
5944 1729
5945 1729
5946 1594
5947 1822
5948 1826
5949 1864
5950 1766
5951 1972
5952 1887
5953 2015
5954 1661
5955 1820
5956 1878
5957 1523
5958 1463
5959 1604
5960 1904
5961 1980
5962 1667
5963 1912
5964 1676
5965 1823
5966 1703
5967 1859
5968 1883
5969 1836
5970 1732
5971 1853
5972 1849
5973 1751
5974 1773
5975 1904
5976 1685
5977 1948
5978 1924
5979 1495
5980 1866
5981 1881
5982 1706
5983 1835
5984 1993
5985 1688
5986 1797
5987 1664
5988 1953
5989 1863
5990 1863
5991 1961
5992 1981
5993 1823
5994 1798
5995 1827
5996 1855
5997 1670
5998 1862
5999 1657
6000 1921
6001 2115
6002 1804
6003 2138
6004 1733
6005 2177
6006 1668
6007 1798
6008 2051
6009 1686
6010 1597
6011 1559
6012 1697
6013 1530
6014 1677
6015 1671
6016 1797
6017 2181
6018 1511
6019 1676
6020 2089
6021 1635
6022 1846
6023 2012
6024 1532
6025 2001
6026 1901
6027 2018
6028 1646
6029 1864
6030 1779
6031 2000
6032 1830
6033 2040
6034 2189
6035 1795
6036 1928
6037 2116
6038 1760
6039 1737
6040 1765
6041 1693
6042 1869
6043 1927
6044 1668
6045 1877
6046 2079
6047 1773
6048 1781
6049 1498
6050 1839
6051 1558
6052 1853
6053 1986
6054 2024
6055 1723
6056 1984
6057 1547
6058 1871
6059 1582
6060 1743
6061 1792
6062 1841
6063 1691
6064 1874
6065 1611
6066 1679
6067 1945
6068 1697
6069 1877
6070 1697
6071 1842
6072 2079
6073 1983
6074 1940
6075 1824
6076 1916
6077 1906
6078 1770
6079 1986
6080 1971
6081 1393
6082 1875
6083 1913
6084 1889
6085 1675
6086 1811
6087 1879
6088 1360
6089 1605
6090 1501
6091 1756
6092 2000
6093 1753
6094 1742
6095 1835
6096 1848
6097 1641
6098 1888
6099 1827
6100 1938
6101 1964
6102 1663
6103 1793
6104 1913
6105 1990
6106 1659
6107 1886
6108 1997
6109 1647
6110 1857
6111 1789
6112 1840
6113 2001
6114 1813
6115 1617
6116 1854
6117 1829
6118 1776
6119 1766
6120 1761
6121 1954
6122 1826
6123 1895
6124 1443
6125 1535
6126 1694
6127 1846
6128 1846
6129 2072
6130 1743
6131 1933
6132 1841
6133 1863
6134 1703
6135 1557
6136 1992
6137 1575
6138 1854
6139 1606
6140 1904
6141 1613
6142 2052
6143 1900
6144 1955
6145 1815
6146 2013
6147 2001
6148 1863
6149 1646
6150 1747
6151 1905
6152 1942
6153 1785
6154 1856
6155 1867
6156 2133
6157 1984
6158 2090
6159 1833
6160 1653
6161 1654
6162 1772
6163 1769
6164 1767
6165 1883
6166 1852
6167 1942
6168 1780
6169 1922
6170 1593
6171 1845
6172 1653
6173 1988
6174 1917
6175 1907
6176 2073
6177 1888
6178 1920
6179 1668
6180 1947
6181 1982
6182 1875
6183 2025
6184 1893
6185 2016
6186 1832
6187 1859
6188 1634
6189 2001
6190 1855
6191 1633
6192 1844
6193 2109
6194 1923
6195 1476
6196 1826
6197 1865
6198 1647
6199 1652
6200 1742
6201 1905
6202 1879
6203 1940
6204 2024
6205 1592
6206 1584
6207 1887
6208 1751
6209 1687
6210 2151
6211 1743
6212 2059
6213 1967
6214 1783
6215 1798
6216 1772
6217 1759
6218 1862
6219 1920
6220 1589
6221 1972
6222 1880
6223 1571
6224 1785
6225 1771
6226 1849
6227 1966
6228 1817
6229 1995
6230 1725
6231 1830
6232 1924
6233 2012
6234 1783
6235 1721
6236 1769
6237 1665
6238 1902
6239 1705
6240 1861
6241 1697
6242 1689
6243 1863
6244 1883
6245 1885
6246 2028
6247 1775
6248 1942
6249 1787
6250 1276
6251 1689
6252 1923
6253 1614
6254 1977
6255 1946
6256 1785
6257 2000
6258 1545
6259 1522
6260 1680
6261 2031
6262 1853
6263 1750
6264 1739
6265 1850
6266 1852
6267 2119
6268 1864
6269 2125
6270 1885
6271 1881
6272 1912
6273 1794
6274 1761
6275 2036
6276 1857
6277 2042
6278 2114
6279 2003
6280 1743
6281 1679
6282 1596
6283 1701
6284 1528
6285 1865
6286 1885
6287 1665
6288 1793
6289 1876
6290 1644
6291 1852
6292 1827
6293 1821
6294 1962
6295 1816
6296 1797
6297 1698
6298 1627
6299 1793
6300 1559
6301 1860
6302 1777
6303 1827
6304 1543
6305 1842
6306 1938
6307 1861
6308 1611
6309 1988
6310 1620
6311 1837
6312 1688
6313 1672
6314 1738
6315 1992
6316 1900
6317 1730
6318 2051
6319 1686
6320 1861
6321 1936
6322 2195
6323 1624
6324 1783
6325 1852
6326 1821
6327 2030
6328 1874
6329 1289
6330 1895
6331 1598
6332 1976
6333 1999
6334 1792
6335 1814
6336 1898
6337 1949
6338 1767
6339 2141
6340 1570
6341 1756
6342 2099
6343 1672
6344 2027
6345 1786
6346 2072
6347 1831
6348 1798
6349 1610
6350 1900
6351 1662
6352 1584
6353 1677
6354 1556
6355 1797
6356 1898
6357 1834
6358 1774
6359 1761
6360 2043
6361 1907
6362 1809
6363 1688
6364 1533
6365 1664
6366 1966
6367 2005
6368 1732
6369 1570
6370 1846
6371 1807
6372 1865
6373 1656
6374 1974
6375 1525
6376 1685
6377 1673
6378 1880
6379 1692
6380 1874
6381 1773
6382 1596
6383 1379
6384 1704
6385 1726
6386 1798
6387 1869
6388 1962
6389 1794
6390 1589
6391 1648
6392 1654
6393 1989
6394 2078
6395 1894
6396 1877
6397 1992
6398 1837
6399 1550
6400 1874
6401 1960
6402 1639
6403 2041
6404 1896
6405 2050
6406 1905
6407 1777
6408 1893
6409 1796
6410 2034
6411 1679
6412 1923
6413 1889
6414 1647
6415 2038
6416 1885
6417 1775
6418 2078
6419 1896
6420 1611
6421 1687
6422 1991
6423 1812
6424 1819
6425 1823
6426 1818
6427 1594
6428 1358
6429 1973
6430 1905
6431 1813
6432 1753
6433 2031
6434 1884
6435 1800
6436 1798
6437 1679
6438 1947
6439 2020
6440 1643
6441 2034
6442 1859
6443 1895
6444 1823
6445 1846
6446 1979
6447 1803
6448 1664
6449 1866
6450 1836
6451 1865
6452 1730
6453 1936
6454 1586
6455 1561
6456 1885
6457 1697
6458 1805
6459 1761
6460 1952
6461 1975
6462 2006
6463 1929
6464 1941
6465 1691
6466 1495
6467 1756
6468 1688
6469 1989
6470 1727
6471 1910
6472 1662
6473 1621
6474 1382
6475 1518
6476 1638
6477 2253
6478 1998
6479 1922
6480 1965
6481 1452
6482 1855
6483 1656
6484 1827
6485 1878
6486 2095
6487 2092
6488 1783
6489 1730
6490 1805
6491 2108
6492 1842
6493 1939
6494 1840
6495 1904
6496 1752
6497 1969
6498 1877
6499 1920
6500 1990
6501 1984
6502 1701
6503 1748
6504 2138
6505 1625
6506 1873
6507 1721
6508 1902
6509 1789
6510 1737
6511 1856
6512 1834
6513 1666
6514 1760
6515 1838
6516 1907
6517 1745
6518 1927
6519 1835
6520 1826
6521 1799
6522 1968
6523 1797
6524 2144
6525 1485
6526 1825
6527 1839
6528 1612
6529 2027
6530 1734
6531 1620
6532 1546
6533 1841
6534 1852
6535 1846
6536 1604
6537 1754
6538 2060
6539 1754
6540 1809
6541 1976
6542 1783
6543 1770
6544 1950
6545 1543
6546 1958
6547 2156
6548 1873
6549 1792
6550 1921
6551 1992
6552 1682
6553 1754
6554 1662
6555 1889
6556 1741
6557 1804
6558 1921
6559 2085
6560 1992
6561 1934
6562 1798
6563 1827
6564 2012
6565 1708
6566 1813
6567 1568
6568 1861
6569 1738
6570 1529
6571 1779
6572 1920
6573 1866
6574 1953
6575 1907
6576 1695
6577 1718
6578 1928
6579 2128
6580 1624
6581 1651
6582 1819
6583 1750
6584 1492
6585 1770
6586 1891
6587 1579
6588 1893
6589 1902
6590 1801
6591 1814
6592 2076
6593 1704
6594 2009
6595 1711
6596 1763
6597 2021
6598 1695
6599 1685
6600 1900
6601 1879
6602 1932
6603 1998
6604 1868
6605 1598
6606 1619
6607 1810
6608 1757
6609 1848
6610 1957
6611 2148
6612 1649
6613 1739
6614 1838
6615 1992
6616 1820
6617 1481
6618 1743
6619 1772
6620 1808
6621 1792
6622 2083
6623 1711
6624 1809
6625 1696
6626 1627
6627 1699
6628 1821
6629 1807
6630 1860
6631 2014
6632 2035
6633 1953
6634 1893
6635 1952
6636 1951
6637 1451
6638 1731
6639 2105
6640 1834
6641 1972
6642 1934
6643 1896
6644 1970
6645 2002
6646 1680
6647 1858
6648 1890
6649 1758
6650 1917
6651 2163
6652 2015
6653 1749
6654 2083
6655 1991
6656 1905
6657 1806
6658 1747
6659 1952
6660 1899
6661 1888
6662 1819
6663 1855
6664 1859
6665 1913
6666 1310
6667 1702
6668 1758
6669 1929
6670 2060
6671 1899
6672 2035
6673 1667
6674 1653
6675 1853
6676 1714
6677 1742
6678 1840
6679 1766
6680 1820
6681 1986
6682 1857
6683 1942
6684 1978
6685 1915
6686 1739
6687 1808
6688 1508
6689 1893
6690 2082
6691 2047
6692 1887
6693 2077
6694 1938
6695 1982
6696 1906
6697 1655
6698 1955
6699 2198
6700 1580
6701 1782
6702 1987
6703 1892
6704 1752
6705 1691
6706 1661
6707 2028
6708 1600
6709 2169
6710 1688
6711 1904
6712 1725
6713 2081
6714 1967
6715 1945
6716 1704
6717 1664
6718 1830
6719 1970
6720 1824
6721 1894
6722 1859
6723 1637
6724 1862
6725 1943
6726 1696
6727 2205
6728 1983
6729 2105
6730 1806
6731 1860
6732 1684
6733 1386
6734 2009
6735 1636
6736 2069
6737 1960
6738 1434
6739 1784
6740 1688
6741 2058
6742 1303
6743 1986
6744 1871
6745 1911
6746 1533
6747 1744
6748 2015
6749 1837
6750 1962
6751 2089
6752 1703
6753 1986
6754 1676
6755 1924
6756 1668
6757 1800
6758 2024
6759 1787
6760 1853
6761 1791
6762 1472
6763 2208
6764 1892
6765 1706
6766 2206
6767 1894
6768 1821
6769 1739
6770 1818
6771 1799
6772 1832
6773 1837
6774 1654
6775 1809
6776 1701
6777 1639
6778 1761
6779 1903
6780 1704
6781 1854
6782 2133
6783 1693
6784 1742
6785 1974
6786 1834
6787 1828
6788 1793
6789 1857
6790 1890
6791 1864
6792 1825
6793 1820
6794 1922
6795 1666
6796 1881
6797 1787
6798 1901
6799 1525
6800 1774
6801 2002
6802 1805
6803 1896
6804 2034
6805 1941
6806 1775
6807 1805
6808 1722
6809 1675
6810 1516
6811 1967
6812 1707
6813 2065
6814 1633
6815 1889
6816 2057
6817 1725
6818 1551
6819 1670
6820 2002
6821 1962
6822 1976
6823 1750
6824 1694
6825 1714
6826 1890
6827 1867
6828 2103
6829 1905
6830 1786
6831 1717
6832 1975
6833 2035
6834 1811
6835 1833
6836 1809
6837 1885
6838 2206
6839 1958
6840 2087
6841 1826
6842 1952
6843 1765
6844 1966
6845 1912
6846 1786
6847 1785
6848 1777
6849 1818
6850 2020
6851 1828
6852 1534
6853 1798
6854 1779
6855 1890
6856 1950
6857 2043
6858 1847
6859 1846
6860 1883
6861 1876
6862 1620
6863 1849
6864 1727
6865 1815
6866 1607
6867 1886
6868 1942
6869 1809
6870 1803
6871 1641
6872 1859
6873 1723
6874 1710
6875 1960
6876 1547
6877 1992
6878 1805
6879 1814
6880 1773
6881 1848
6882 1985
6883 2193
6884 1917
6885 1751
6886 1924
6887 1540
6888 1805
6889 1896
6890 1802
6891 1707
6892 1484
6893 1295
6894 1811
6895 1824
6896 1645
6897 1886
6898 1958
6899 1904
6900 1940
6901 1787
6902 1864
6903 1713
6904 1993
6905 1825
6906 1807
6907 1747
6908 1999
6909 1817
6910 1846
6911 1656
6912 1818
6913 1840
6914 1743
6915 1452
6916 1943
6917 2068
6918 1751
6919 1867
6920 1933
6921 1885
6922 1804
6923 1829
6924 1670
6925 2050
6926 1753
6927 1798
6928 1773
6929 1821
6930 1908
6931 1590
6932 1783
6933 1694
6934 1678
6935 1879
6936 1895
6937 1679
6938 1755
6939 1722
6940 1741
6941 2091
6942 2075
6943 1275
6944 1917
6945 2131
6946 1807
6947 1685
6948 2102
6949 1624
6950 1877
6951 1885
6952 1798
6953 1672
6954 1609
6955 1894
6956 1915
6957 2075
6958 1779
6959 1782
6960 1943
6961 1504
6962 1739
6963 1911
6964 1932
6965 1460
6966 1791
6967 1792
6968 1831
6969 1828
6970 1987
6971 1762
6972 1692
6973 2190
6974 1890
6975 1511
6976 1567
6977 2054
6978 1731
6979 1529
6980 1584
6981 1864
6982 1943
6983 1734
6984 1697
6985 1670
6986 1631
6987 1882
6988 1962
6989 1983
6990 1932
6991 1728
6992 1779
6993 1854
6994 1479
6995 1990
6996 1829
6997 1857
6998 1486
6999 2094
7000 1920
7001 1787
7002 1769
7003 1887
7004 1967
7005 1717
7006 1692
7007 1870
7008 1610
7009 2027
7010 1529
7011 1514
7012 2034
7013 1834
7014 1979
7015 1694
7016 1917
7017 1877
7018 1458
7019 2006
7020 1615
7021 1946
7022 1986
7023 1629
7024 1644
7025 1740
7026 1809
7027 1857
7028 1880
7029 1891
7030 1919
7031 1806
7032 1874
7033 1680
7034 1869
7035 1573
7036 1600
7037 1941
7038 1774
7039 1823
7040 1360
7041 1799
7042 1995
7043 1844
7044 2060
7045 1806
7046 1926
7047 1762
7048 1912
7049 1754
7050 1536
7051 2016
7052 1694
7053 2043
7054 1753
7055 1960
7056 1654
7057 1727
7058 1838
7059 1941
7060 2123
7061 1958
7062 1318
7063 1617
7064 1934
7065 1477
7066 1853
7067 1768
7068 1810
7069 1761
7070 1824
7071 1747
7072 1989
7073 2008
7074 1993
7075 1877
7076 1970
7077 1934
7078 1796
7079 2017
7080 1803
7081 1411
7082 2133
7083 2025
7084 1928
7085 2019
7086 1865
7087 1516
7088 1583
7089 1696
7090 1971
7091 1827
7092 1870
7093 1585
7094 1663
7095 1741
7096 1859
7097 1944
7098 1756
7099 1686
7100 2017
7101 1812
7102 1817
7103 1958
7104 2018
7105 1993
7106 1725
7107 1849
7108 1820
7109 1834
7110 2017
7111 1778
7112 1749
7113 1782
7114 1927
7115 1745
7116 1826
7117 1920
7118 2050
7119 1633
7120 1726
7121 1843
7122 2013
7123 1872
7124 1866
7125 1587
7126 2142
7127 1712
7128 1475
7129 1796
7130 2014
7131 1983
7132 2183
7133 1864
7134 1717
7135 1907
7136 1925
7137 1781
7138 1701
7139 1821
7140 1666
7141 1719
7142 1973
7143 1725
7144 1691
7145 1900
7146 1954
7147 1952
7148 1772
7149 1836
7150 1957
7151 1970
7152 1708
7153 1757
7154 1795
7155 1761
7156 1627
7157 1920
7158 1834
7159 1652
7160 1757
7161 2000
7162 1646
7163 1755
7164 1718
7165 1722
7166 1890
7167 1782
7168 1673
7169 2012
7170 1750
7171 1747
7172 1777
7173 1779
7174 1801
7175 1934
7176 1744
7177 1774
7178 1865
7179 1865
7180 1722
7181 1969
7182 1918
7183 2214
7184 1880
7185 1765
7186 1978
7187 1675
7188 1827
7189 1669
7190 1860
7191 1586
7192 1756
7193 1991
7194 1817
7195 1800
7196 1824
7197 1825
7198 2009
7199 1785
7200 1632
7201 2063
7202 1817
7203 1793
7204 1986
7205 1936
7206 1825
7207 1437
7208 1742
7209 2031
7210 1404
7211 1751
7212 1556
7213 1695
7214 1724
7215 1700
7216 1635
7217 1754
7218 1962
7219 1551
7220 1683
7221 1616
7222 1588
7223 1925
7224 1793
7225 1908
7226 1937
7227 1705
7228 1791
7229 1916
7230 1907
7231 1769
7232 1822
7233 1560
7234 1536
7235 1540
7236 1679
7237 1863
7238 1581
7239 1796
7240 1750
7241 1815
7242 1631
7243 1719
7244 1696
7245 1969
7246 1544
7247 1577
7248 1811
7249 1877
7250 1710
7251 1937
7252 1749
7253 2108
7254 1909
7255 1694
7256 1550
7257 1614
7258 2024
7259 1749
7260 2021
7261 1446
7262 1675
7263 2084
7264 1777
7265 1648
7266 1774
7267 1807
7268 1787
7269 1913
7270 1742
7271 1889
7272 1729
7273 1796
7274 1815
7275 1843
7276 1613
7277 1815
7278 1739
7279 1828
7280 1746
7281 1652
7282 1533
7283 1943
7284 1779
7285 1877
7286 1963
7287 1739
7288 1695
7289 1972
7290 1938
7291 2015
7292 1730
7293 1711
7294 1739
7295 1951
7296 1894
7297 1634
7298 1713
7299 1920
7300 1892
7301 1811
7302 1852
7303 1926
7304 1863
7305 1720
7306 1783
7307 1763
7308 1648
7309 1671
7310 2001
7311 2124
7312 1773
7313 1909
7314 1894
7315 2086
7316 1448
7317 1517
7318 2012
7319 1568
7320 1750
7321 1894
7322 1655
7323 1849
7324 1692
7325 1805
7326 2156
7327 1949
7328 1769
7329 1791
7330 1909
7331 1647
7332 1907
7333 1706
7334 1314
7335 1356
7336 1785
7337 1570
7338 1922
7339 1546
7340 1656
7341 1891
7342 2000
7343 1777
7344 1552
7345 1849
7346 1856
7347 1984
7348 1812
7349 2064
7350 1979
7351 1663
7352 1907
7353 1866
7354 1941
7355 1783
7356 1845
7357 1848
7358 1930
7359 1497
7360 1783
7361 1806
7362 1404
7363 2085
7364 1995
7365 1965
7366 1900
7367 1901
7368 1810
7369 2122
7370 1847
7371 1884
7372 1978
7373 1816
7374 1767
7375 1593
7376 1917
7377 1964
7378 1886
7379 2122
7380 1749
7381 1719
7382 1651
7383 1873
7384 2003
7385 1963
7386 2019
7387 1833
7388 1960
7389 1753
7390 1659
7391 1866
7392 1859
7393 1876
7394 1885
7395 1876
7396 1569
7397 1749
7398 2032
7399 2107
7400 1675
7401 1590
7402 1836
7403 1810
7404 1750
7405 1638
7406 1766
7407 1615
7408 1604
7409 1675
7410 1555
7411 1900
7412 1540
7413 1645
7414 1706
7415 1857
7416 1901
7417 1870
7418 1958
7419 2121
7420 1704
7421 1872
7422 1703
7423 1964
7424 1956
7425 1854
7426 1895
7427 1694
7428 1866
7429 1799
7430 1635
7431 1906
7432 1741
7433 2091
7434 1694
7435 1702
7436 1886
7437 1543
7438 1865
7439 1834
7440 1956
7441 1843
7442 1751
7443 1896
7444 1868
7445 1635
7446 1841
7447 1882
7448 1869
7449 1660
7450 1926
7451 1868
7452 2093
7453 2142
7454 1906
7455 1882
7456 1773
7457 1777
7458 2021
7459 1866
7460 1770
7461 1943
7462 1848
7463 1817
7464 1852
7465 1894
7466 1658
7467 1772
7468 1938
7469 1895
7470 1884
7471 1915
7472 1702
7473 1593
7474 1848
7475 1868
7476 1406
7477 1939
7478 2167
7479 1877
7480 1924
7481 1813
7482 1876
7483 1788
7484 1968
7485 2068
7486 1776
7487 1822
7488 1934
7489 2127
7490 1818
7491 1774
7492 1968
7493 1621
7494 1936
7495 1812
7496 1608
7497 1817
7498 1951
7499 1893
7500 1716
7501 1751
7502 1793
7503 2035
7504 1728
7505 1803
7506 2106
7507 1897
7508 1829
7509 1928
7510 1705
7511 1961
7512 1870
7513 1961
7514 1677
7515 1637
7516 1867
7517 1836
7518 2026
7519 2026
7520 1879
7521 1705
7522 1708
7523 2098
7524 1784
7525 1822
7526 2135
7527 1523
7528 1778
7529 1749
7530 1907
7531 1561
7532 2027
7533 1778
7534 1775
7535 1939
7536 1964
7537 1773
7538 1630
7539 1807
7540 1864
7541 1796
7542 2032
7543 1864
7544 1844
7545 1593
7546 2055
7547 1760
7548 1884
7549 1949
7550 1778
7551 2272
7552 1954
7553 1696
7554 1956
7555 1969
7556 1867
7557 1507
7558 1925
7559 1676
7560 2024
7561 1736
7562 1916
7563 1899
7564 1954
7565 1969
7566 1853
7567 1935
7568 2028
7569 1754
7570 1875
7571 1844
7572 1801
7573 1968
7574 1778
7575 1686
7576 1805
7577 1717
7578 1660
7579 1981
7580 1928
7581 1677
7582 1440
7583 1891
7584 1773
7585 1891
7586 1896
7587 1742
7588 2043
7589 2047
7590 1738
7591 2078
7592 1716
7593 1866
7594 1995
7595 1802
7596 1881
7597 1795
7598 1826
7599 1683
7600 1788
7601 1699
7602 1719
7603 2040
7604 1935
7605 1793
7606 1762
7607 1912
7608 2004
7609 1733
7610 1881
7611 1683
7612 1903
7613 1990
7614 1872
7615 2041
7616 2177
7617 2143
7618 1733
7619 1878
7620 1768
7621 1624
7622 1910
7623 1570
7624 1776
7625 1622
7626 2017
7627 1862
7628 1909
7629 1826
7630 2011
7631 1928
7632 1870
7633 1609
7634 1721
7635 1643
7636 1832
7637 1959
7638 2041
7639 1866
7640 1929
7641 1933
7642 1769
7643 1977
7644 1987
7645 1771
7646 1953
7647 1675
7648 2159
7649 2028
7650 1914
7651 1944
7652 1750
7653 2056
7654 1573
7655 1880
7656 2195
7657 1858
7658 1756
7659 1902
7660 1856
7661 1953
7662 1928
7663 1752
7664 1912
7665 2032
7666 1684
7667 1965
7668 1619
7669 1953
7670 1938
7671 2032
7672 1887
7673 2094
7674 1733
7675 1689
7676 1631
7677 1854
7678 1894
7679 1936
7680 1995
7681 1965
7682 1844
7683 1594
7684 1862
7685 1805
7686 1673
7687 1976
7688 1851
7689 2030
7690 1760
7691 1770
7692 1699
7693 1995
7694 2188
7695 1581
7696 1956
7697 1890
7698 2002
7699 1647
7700 1860
7701 1863
7702 1913
7703 1428
7704 1862
7705 1891
7706 1887
7707 1815
7708 1926
7709 1890
7710 1775
7711 1825
7712 1845
7713 1987
7714 1901
7715 1706
7716 1818
7717 1643
7718 1747
7719 1904
7720 1916
7721 1841
7722 1963
7723 1979
7724 1636
7725 1969
7726 1507
7727 2142
7728 1767
7729 1793
7730 1834
7731 1743
7732 1930
7733 1699
7734 1965
7735 1780
7736 1727
7737 2128
7738 2053
7739 1490
7740 1876
7741 1824
7742 1738
7743 1871
7744 1677
7745 1534
7746 1617
7747 1657
7748 1909
7749 1837
7750 2099
7751 1647
7752 1828
7753 1876
7754 1500
7755 1782
7756 1764
7757 1956
7758 1943
7759 1767
7760 1783
7761 1729
7762 1957
7763 1563
7764 1679
7765 1616
7766 1985
7767 1801
7768 1777
7769 1911
7770 1909
7771 1535
7772 1768
7773 1947
7774 1920
7775 1882
7776 1615
7777 1933
7778 1947
7779 1991
7780 2015
7781 1711
7782 1485
7783 2012
7784 1996
7785 2126
7786 1831
7787 1803
7788 1827
7789 1922
7790 1900
7791 1551
7792 1861
7793 1580
7794 1824
7795 1709
7796 1841
7797 1815
7798 1859
7799 1877
7800 1801
7801 1759
7802 2025
7803 2015
7804 1850
7805 2008
7806 1815
7807 1931
7808 1855
7809 1443
7810 1935
7811 1937
7812 1795
7813 1457
7814 1885
7815 1822
7816 1836
7817 1772
7818 1989
7819 2039
7820 2060
7821 1834
7822 1791
7823 1994
7824 1944
7825 1846
7826 2037
7827 1943
7828 1535
7829 1496
7830 1757
7831 1744
7832 1805
7833 1558
7834 1785
7835 2007
7836 1890
7837 1750
7838 1755
7839 1609
7840 1871
7841 1752
7842 1733
7843 1756
7844 1787
7845 1904
7846 2038
7847 2057
7848 1967
7849 1731
7850 1677
7851 1808
7852 1861
7853 1379
7854 1476
7855 1824
7856 1989
7857 1961
7858 1678
7859 1775
7860 1850
7861 1731
7862 1514
7863 1499
7864 1739
7865 1794
7866 1572
7867 1839
7868 1977
7869 1836
7870 1417
7871 1838
7872 1783
7873 1518
7874 1731
7875 2060
7876 1867
7877 1829
7878 1552
7879 1584
7880 1974
7881 1611
7882 1732
7883 1636
7884 1694
7885 1711
7886 1648
7887 1988
7888 2193
7889 1776
7890 1997
7891 1832
7892 1466
7893 2032
7894 1801
7895 1771
7896 1869
7897 1727
7898 1510
7899 1665
7900 1713
7901 1655
7902 1638
7903 1916
7904 1953
7905 2037
7906 1864
7907 1908
7908 1592
7909 1589
7910 1933
7911 2030
7912 2175
7913 1875
7914 1959
7915 2118
7916 2090
7917 1845
7918 1919
7919 1877
7920 1709
7921 1896
7922 1929
7923 1718
7924 1965
7925 1988
7926 1343
7927 1928
7928 2111
7929 1937
7930 1816
7931 2073
7932 1809
7933 1976
7934 1769
7935 1759
7936 2056
7937 1604
7938 1860
7939 1833
7940 2093
7941 1915
7942 2147
7943 1524
7944 1840
7945 1556
7946 1516
7947 1970
7948 1894
7949 1991
7950 1744
7951 1785
7952 1977
7953 1719
7954 1802
7955 1544
7956 1755
7957 1713
7958 1904
7959 1524
7960 1704
7961 2083
7962 1898
7963 1721
7964 1903
7965 1663
7966 1913
7967 1724
7968 1952
7969 1717
7970 1818
7971 1933
7972 2020
7973 1695
7974 1642
7975 1967
7976 1661
7977 2010
7978 1649
7979 2027
7980 1846
7981 1766
7982 2010
7983 2018
7984 1664
7985 1811
7986 1821
7987 1917
7988 1720
7989 1770
7990 1692
7991 1844
7992 1649
7993 1960
7994 2039
7995 1932
7996 1833
7997 1755
7998 1793
7999 1930
8000 2118
8001 2012
8002 1710
8003 1957
8004 1749
8005 1920
8006 1755
8007 1953
8008 1820
8009 1737
8010 1651
8011 1710
8012 1805
8013 1883
8014 1811
8015 1666
8016 1907
8017 2002
8018 1851
8019 2031
8020 2045
8021 1754
8022 1962
8023 2096
8024 1830
8025 2008
8026 1877
8027 1648
8028 2127
8029 1775
8030 1885
8031 1804
8032 1984
8033 1584
8034 1706
8035 1524
8036 1591
8037 1769
8038 1970
8039 1800
8040 1817
8041 1782
8042 2076
8043 2112
8044 1950
8045 2140
8046 1705
8047 1769
8048 2111
8049 1899
8050 1897
8051 1759
8052 1822
8053 1718
8054 1958
8055 2078
8056 1677
8057 1504
8058 1812
8059 2005
8060 1669
8061 2129
8062 1417
8063 2097
8064 1779
8065 1909
8066 1785
8067 1636
8068 1956
8069 2023
8070 1861
8071 1964
8072 1759
8073 1842
8074 1439
8075 1758
8076 1895
8077 2127
8078 1895
8079 1798
8080 1817
8081 1685
8082 2090
8083 2044
8084 2101
8085 1756
8086 1787
8087 1956
8088 1899
8089 1943
8090 1918
8091 1817
8092 1827
8093 1930
8094 1791
8095 2072
8096 1754
8097 1701
8098 1991
8099 1884
8100 1647
8101 1735
8102 1818
8103 1793
8104 1284
8105 1912
8106 1409
8107 1783
8108 1850
8109 2044
8110 1799
8111 1913
8112 1727
8113 1772
8114 1803
8115 1830
8116 1967
8117 1866
8118 1809
8119 1571
8120 1810
8121 1956
8122 1922
8123 1921
8124 1828
8125 1719
8126 2078
8127 2150
8128 1897
8129 1847
8130 1759
8131 1684
8132 1744
8133 1788
8134 1873
8135 2038
8136 1832
8137 1718
8138 1882
8139 1870
8140 1775
8141 1778
8142 1772
8143 1925
8144 2064
8145 2014
8146 1579
8147 1976
8148 1718
8149 1966
8150 1467
8151 2157
8152 1340
8153 1752
8154 1702
8155 1901
8156 1568
8157 2083
8158 2165
8159 2111
8160 1900
8161 1627
8162 1842
8163 1944
8164 1862
8165 1569
8166 1969
8167 1686
8168 1782
8169 1747
8170 1750
8171 1707
8172 1906
8173 2091
8174 1660
8175 1783
8176 2066
8177 1882
8178 1930
8179 1742
8180 1698
8181 1625
8182 1842
8183 1827
8184 1888
8185 1475
8186 1975
8187 1870
8188 1678
8189 2072
8190 1725
8191 1891
8192 1982
8193 1746
8194 1935
8195 1742
8196 1890
8197 1869
8198 1775
8199 2060
8200 1918
8201 1606
8202 1783
8203 1946
8204 2045
8205 1849
8206 1540
8207 2010
8208 1920
8209 1571
8210 2083
8211 2011
8212 1970
8213 1894
8214 1691
8215 1915
8216 1402
8217 1656
8218 1773
8219 1914
8220 1705
8221 1743
8222 1886
8223 2051
8224 2067
8225 1895
8226 1693
8227 1944
8228 1654
8229 1839
8230 1990
8231 1961
8232 2173
8233 1881
8234 1639
8235 1874
8236 1789
8237 2009
8238 1857
8239 1842
8240 1893
8241 1848
8242 1917
8243 1964
8244 1720
8245 1884
8246 1834
8247 2059
8248 1792
8249 1886
8250 1790
8251 1855
8252 1452
8253 1781
8254 1640
8255 1733
8256 2151
8257 1894
8258 1563
8259 1758
8260 1753
8261 1705
8262 1753
8263 1727
8264 1598
8265 1968
8266 1947
8267 1980
8268 1738
8269 1852
8270 1806
8271 1960
8272 1714
8273 1951
8274 1864
8275 1927
8276 1929
8277 1867
8278 1826
8279 1715
8280 1624
8281 1903
8282 1820
8283 1748
8284 1630
8285 1951
8286 2063
8287 1970
8288 1847
8289 1780
8290 1730
8291 2081
8292 1991
8293 1913
8294 1749
8295 1598
8296 1807
8297 1713
8298 1790
8299 1851
8300 1681
8301 1758
8302 1784
8303 1254
8304 1665
8305 1879
8306 2049
8307 1859
8308 1948
8309 1684
8310 1538
8311 1818
8312 2095
8313 1399
8314 1751
8315 1862
8316 1816
8317 1757
8318 1881
8319 1756
8320 1725
8321 1849
8322 1855
8323 1858
8324 1779
8325 1692
8326 1833
8327 1632
8328 1880
8329 1662
8330 1883
8331 2142
8332 1495
8333 2003
8334 1692
8335 1883
8336 1659
8337 1940
8338 1795
8339 1944
8340 1959
8341 1978
8342 1882
8343 1905
8344 1800
8345 2073
8346 1717
8347 1758
8348 1678
8349 1769
8350 1598
8351 1839
8352 1662
8353 1521
8354 1765
8355 2029
8356 1852
8357 1760
8358 1921
8359 1977
8360 2020
8361 1860
8362 1926
8363 2035
8364 1989
8365 1932
8366 1880
8367 1914
8368 1737
8369 1625
8370 1607
8371 2098
8372 1787
8373 1752
8374 1980
8375 1875
8376 1861
8377 1819
8378 1776
8379 1904
8380 1677
8381 1806
8382 1583
8383 1982
8384 1785
8385 1922
8386 1703
8387 1405
8388 1808
8389 2017
8390 1983
8391 2003
8392 1831
8393 1672
8394 1840
8395 1920
8396 1735
8397 1439
8398 1552
8399 1822
8400 1733
8401 1718
8402 1761
8403 1711
8404 1647
8405 1753
8406 1518
8407 1713
8408 1845
8409 1965
8410 1799
8411 1802
8412 1851
8413 1805
8414 2054
8415 2014
8416 1832
8417 1678
8418 1975
8419 1722
8420 1860
8421 1849
8422 1815
8423 1709
8424 1676
8425 1533
8426 1749
8427 1374
8428 1450
8429 1835
8430 2171
8431 1751
8432 1806
8433 2008
8434 1732
8435 1687
8436 2016
8437 1974
8438 1579
8439 1792
8440 1923
8441 1899
8442 1993
8443 1881
8444 1805
8445 1859
8446 2093
8447 1930
8448 2063
8449 1862
8450 1800
8451 1784
8452 1898
8453 1636
8454 2072
8455 2042
8456 1979
8457 1746
8458 1970
8459 1923
8460 1721
8461 1460
8462 2077
8463 1350
8464 1651
8465 2059
8466 1538
8467 1996
8468 1721
8469 1726
8470 1925
8471 2001
8472 1871
8473 1636
8474 1782
8475 1655
8476 1879
8477 1622
8478 1955
8479 1656
8480 1604
8481 2006
8482 1862
8483 1722
8484 1702
8485 1717
8486 1743
8487 1685
8488 1873
8489 1745
8490 1924
8491 1713
8492 1738
8493 2031
8494 1340
8495 1587
8496 1807
8497 1775
8498 1886
8499 1932
8500 1876
8501 1961
8502 1657
8503 1921
8504 2046
8505 1874
8506 1769
8507 1927
8508 1619
8509 1775
8510 1922
8511 1875
8512 1830
8513 1905
8514 1902
8515 1738
8516 1714
8517 2068
8518 1800
8519 1937
8520 1623
8521 1557
8522 1905
8523 1652
8524 1785
8525 1977
8526 1817
8527 1702
8528 2012
8529 1648
8530 2109
8531 1833
8532 2050
8533 1852
8534 1765
8535 1951
8536 1834
8537 1959
8538 1389
8539 1658
8540 1883
8541 1583
8542 1928
8543 2081
8544 1901
8545 2012
8546 1673
8547 1756
8548 1845
8549 1892
8550 1844
8551 1740
8552 1766
8553 1874
8554 1492
8555 1936
8556 1943
8557 2131
8558 1902
8559 1995
8560 1831
8561 2011
8562 1818
8563 1700
8564 1879
8565 2037
8566 1371
8567 1907
8568 1996
8569 1845
8570 2087
8571 1819
8572 1896
8573 1758
8574 1502
8575 1794
8576 1938
8577 2057
8578 1691
8579 1601
8580 1563
8581 1340
8582 1774
8583 1978
8584 1765
8585 1613
8586 1724
8587 1749
8588 1946
8589 1833
8590 2047
8591 1789
8592 1587
8593 1894
8594 1810
8595 1406
8596 1920
8597 1967
8598 1979
8599 1655
8600 1466
8601 1902
8602 1994
8603 1947
8604 2002
8605 1647
8606 1862
8607 1964
8608 1799
8609 1567
8610 2066
8611 2040
8612 1756
8613 1810
8614 1790
8615 1859
8616 1802
8617 1752
8618 1890
8619 1779
8620 1929
8621 1811
8622 2100
8623 1964
8624 1705
8625 1983
8626 1987
8627 1926
8628 1875
8629 1731
8630 1753
8631 1865
8632 1544
8633 1968
8634 1684
8635 1982
8636 1556
8637 1709
8638 2090
8639 2115
8640 1996
8641 1328
8642 1979
8643 1639
8644 1747
8645 1540
8646 1771
8647 1902
8648 1834
8649 1598
8650 1548
8651 1617
8652 2007
8653 1956
8654 2074
8655 2066
8656 1824
8657 1761
8658 1829
8659 2098
8660 1861
8661 1835
8662 2143
8663 2162
8664 2010
8665 1760
8666 1773
8667 2025
8668 2070
8669 1811
8670 2201
8671 1811
8672 1787
8673 1765
8674 2064
8675 1778
8676 1930
8677 1742
8678 1918
8679 1917
8680 1843
8681 1826
8682 1913
8683 1660
8684 1883
8685 1866
8686 1472
8687 2043
8688 1898
8689 1773
8690 1951
8691 1528
8692 1754
8693 1707
8694 1573
8695 1867
8696 1936
8697 2068
8698 1968
8699 1695
8700 1715
8701 1689
8702 2003
8703 1663
8704 1961
8705 1637
8706 1693
8707 2019
8708 1532
8709 2147
8710 1876
8711 1762
8712 1552
8713 1769
8714 1851
8715 1809
8716 1835
8717 2043
8718 1753
8719 1610
8720 1828
8721 1888
8722 1970
8723 1714
8724 1789
8725 1956
8726 2126
8727 1900
8728 1880
8729 1643
8730 1919
8731 1800
8732 1660
8733 1868
8734 1876
8735 1607
8736 1875
8737 1852
8738 1941
8739 1809
8740 1745
8741 1582
8742 1855
8743 2002
8744 1784
8745 2158
8746 1740
8747 2001
8748 1797
8749 1863
8750 1808
8751 1629
8752 1714
8753 1724
8754 1960
8755 1840
8756 1767
8757 1968
8758 2104
8759 1531
8760 1835
8761 2031
8762 1959
8763 2065
8764 1611
8765 1935
8766 1829
8767 1920
8768 1823
8769 1853
8770 1785
8771 1641
8772 1910
8773 1709
8774 1623
8775 1920
8776 1717
8777 1763
8778 1816
8779 1754
8780 1856
8781 1773
8782 2087
8783 1666
8784 1676
8785 1713
8786 2012
8787 2048
8788 1839
8789 1882
8790 1696
8791 1965
8792 1823
8793 1945
8794 1812
8795 2198
8796 1811
8797 1828
8798 1803
8799 1796
8800 1802
8801 1740
8802 1589
8803 1893
8804 1755
8805 1871
8806 1762
8807 1986
8808 1340
8809 1846
8810 1830
8811 1850
8812 1897
8813 1850
8814 1606
8815 1939
8816 1911
8817 1648
8818 2101
8819 1801
8820 1926
8821 1923
8822 1728
8823 1683
8824 1808
8825 2068
8826 1810
8827 2051
8828 1822
8829 1963
8830 1884
8831 1838
8832 1842
8833 1703
8834 1759
8835 1617
8836 1780
8837 1987
8838 1869
8839 1841
8840 1900
8841 1766
8842 1829
8843 1879
8844 1702
8845 2021
8846 1814
8847 2039
8848 1872
8849 1817
8850 2082
8851 2051
8852 1824
8853 1937
8854 1842
8855 1866
8856 1779
8857 1888
8858 1929
8859 1840
8860 1511
8861 1989
8862 1970
8863 1936
8864 1911
8865 1833
8866 2114
8867 1662
8868 2056
8869 1741
8870 1867
8871 1730
8872 1998
8873 1956
8874 1575
8875 1940
8876 1923
8877 1480
8878 1893
8879 1819
8880 2099
8881 1932
8882 1853
8883 1998
8884 1753
8885 1722
8886 1957
8887 1672
8888 1873
8889 1874
8890 1466
8891 2012
8892 1906
8893 1659
8894 1858
8895 1968
8896 1522
8897 1913
8898 1776
8899 1805
8900 1810
8901 1896
8902 1804
8903 1907
8904 1910
8905 1867
8906 1929
8907 1539
8908 1728
8909 1754
8910 2229
8911 1519
8912 1841
8913 1803
8914 1866
8915 1646
8916 1756
8917 1920
8918 2116
8919 1668
8920 1629
8921 1874
8922 1890
8923 2032
8924 1955
8925 1761
8926 1908
8927 1560
8928 1744
8929 1702
8930 1811
8931 1905
8932 1724
8933 1746
8934 1814
8935 1724
8936 1561
8937 2014
8938 1755
8939 1482
8940 1877
8941 1768
8942 1793
8943 1555
8944 1846
8945 1936
8946 2219
8947 2048
8948 1854
8949 1652
8950 1942
8951 1890
8952 1685
8953 1637
8954 2159
8955 1989
8956 2011
8957 1712
8958 1573
8959 1683
8960 1940
8961 1826
8962 2022
8963 2004
8964 1925
8965 1648
8966 1484
8967 1800
8968 1882
8969 1806
8970 2105
8971 1946
8972 2028
8973 1666
8974 1967
8975 1843
8976 1941
8977 1665
8978 1814
8979 1848
8980 1788
8981 1806
8982 1799
8983 1952
8984 2082
8985 1827
8986 1486
8987 1731
8988 1997
8989 1659
8990 1925
8991 1829
8992 1855
8993 1652
8994 1916
8995 1819
8996 1712
8997 1951
8998 1913
8999 1901
9000 1895
9001 1823
9002 1858
9003 1834
9004 1692
9005 1872
9006 1721
9007 1971
9008 1943
9009 1901
9010 1899
9011 2053
9012 1786
9013 1749
9014 1896
9015 1748
9016 1797
9017 1587
9018 1551
9019 1694
9020 1757
9021 1819
9022 2017
9023 2003
9024 1937
9025 1956
9026 1911
9027 1925
9028 1949
9029 1677
9030 1708
9031 1551
9032 1967
9033 1921
9034 1869
9035 2070
9036 1829
9037 1885
9038 1627
9039 1822
9040 1812
9041 2012
9042 1844
9043 1822
9044 1478
9045 1850
9046 1790
9047 1904
9048 1596
9049 1878
9050 1889
9051 1886
9052 1785
9053 1796
9054 1843
9055 1820
9056 1774
9057 1734
9058 1882
9059 1924
9060 1666
9061 2103
9062 1842
9063 1795
9064 1634
9065 2042
9066 1434
9067 1899
9068 1768
9069 1932
9070 1839
9071 1823
9072 2078
9073 1748
9074 1486
9075 1770
9076 1744
9077 1886
9078 1968
9079 1791
9080 1992
9081 1787
9082 1807
9083 1969
9084 1648
9085 1679
9086 1904
9087 2111
9088 1654
9089 1836
9090 1933
9091 1885
9092 1785
9093 1999
9094 1976
9095 1519
9096 1823
9097 1942
9098 1825
9099 1849
9100 1969
9101 2083
9102 1926
9103 1649
9104 1948
9105 1504
9106 2033
9107 1682
9108 1709
9109 1577
9110 1842
9111 1829
9112 1871
9113 1729
9114 1594
9115 1650
9116 1817
9117 2041
9118 2040
9119 1870
9120 1526
9121 1742
9122 2213
9123 1939
9124 1827
9125 1622
9126 1657
9127 1505
9128 1978
9129 1847
9130 1900
9131 2046
9132 1830
9133 1948
9134 1819
9135 1807
9136 1754
9137 1664
9138 1546
9139 1574
9140 1913
9141 1918
9142 1914
9143 1915
9144 1774
9145 1806
9146 1941
9147 2175
9148 1773
9149 1996
9150 1668
9151 1823
9152 1949
9153 1756
9154 1509
9155 1725
9156 1746
9157 1909
9158 1866
9159 1892
9160 1687
9161 1800
9162 1991
9163 1711
9164 1884
9165 1986
9166 1795
9167 1717
9168 1937
9169 1899
9170 1683
9171 1817
9172 1750
9173 1821
9174 1790
9175 1534
9176 1725
9177 2077
9178 1588
9179 2210
9180 1850
9181 1918
9182 1890
9183 1759
9184 1888
9185 1911
9186 1860
9187 2005
9188 1769
9189 1782
9190 1889
9191 1735
9192 1694
9193 1786
9194 1698
9195 2083
9196 1921
9197 2068
9198 1862
9199 1741
9200 1803
9201 1962
9202 1806
9203 1918
9204 1751
9205 1840
9206 1924
9207 1713
9208 1756
9209 1891
9210 1572
9211 1831
9212 1885
9213 1791
9214 1959
9215 1661
9216 1722
9217 1831
9218 1822
9219 1682
9220 1817
9221 1937
9222 1657
9223 1965
9224 2025
9225 1776
9226 2049
9227 1895
9228 1697
9229 1914
9230 1748
9231 1894
9232 1903
9233 1945
9234 1609
9235 1792
9236 1939
9237 1840
9238 1962
9239 1749
9240 1708
9241 1607
9242 2033
9243 1834
9244 1768
9245 1698
9246 1995
9247 1824
9248 1785
9249 1817
9250 1936
9251 1646
9252 1424
9253 2002
9254 1873
9255 1390
9256 1708
9257 1714
9258 1894
9259 1703
9260 1278
9261 1973
9262 1466
9263 1874
9264 1992
9265 1702
9266 2105
9267 1910
9268 1951
9269 1382
9270 1994
9271 1740
9272 1801
9273 1840
9274 1830
9275 1640
9276 1544
9277 1405
9278 1754
9279 1877
9280 1915
9281 1671
9282 1713
9283 2182
9284 2156
9285 2171
9286 2147
9287 1827
9288 1784
9289 1955
9290 1874
9291 1904
9292 1506
9293 1798
9294 1812
9295 1715
9296 1787
9297 1944
9298 2055
9299 1872
9300 1613
9301 1728
9302 2001
9303 2079
9304 1938
9305 1809
9306 1986
9307 1716
9308 1912
9309 1649
9310 2031
9311 2034
9312 1869
9313 1835
9314 1731
9315 1944
9316 1663
9317 1694
9318 1605
9319 2069
9320 1827
9321 1700
9322 1736
9323 1900
9324 1728
9325 1809
9326 1995
9327 1856
9328 1852
9329 1693
9330 1856
9331 1952
9332 2052
9333 1990
9334 1984
9335 1762
9336 1578
9337 1790
9338 1981
9339 1800
9340 1583
9341 1828
9342 1765
9343 1977
9344 2043
9345 2008
9346 1932
9347 1536
9348 2011
9349 2056
9350 1783
9351 1855
9352 1665
9353 1635
9354 1578
9355 1812
9356 1523
9357 1989
9358 1690
9359 2016
9360 1847
9361 1766
9362 1671
9363 1764
9364 1918
9365 1887
9366 1740
9367 1962
9368 1749
9369 1844
9370 1845
9371 1669
9372 1861
9373 1741
9374 1999
9375 1723
9376 1937
9377 1927
9378 1683
9379 1992
9380 1564
9381 1604
9382 1980
9383 1683
9384 1888
9385 1662
9386 1844
9387 2065
9388 1541
9389 2145
9390 1850
9391 1921
9392 1720
9393 2036
9394 1719
9395 1592
9396 1990
9397 1680
9398 1514
9399 1753
9400 1842
9401 1854
9402 1732
9403 1997
9404 2142
9405 1886
9406 1902
9407 1883
9408 1947
9409 1792
9410 1686
9411 1572
9412 1813
9413 1997
9414 2081
9415 2020
9416 1949
9417 1745
9418 1645
9419 1916
9420 1747
9421 1915
9422 2149
9423 1949
9424 1631
9425 1865
9426 1781
9427 1874
9428 1874
9429 1957
9430 1900
9431 1779
9432 1785
9433 1911
9434 1757
9435 1838
9436 1699
9437 2136
9438 1664
9439 1886
9440 2096
9441 1962
9442 1821
9443 2002
9444 1819
9445 1510
9446 1801
9447 1446
9448 1759
9449 1768
9450 1638
9451 1872
9452 1922
9453 1941
9454 1701
9455 1855
9456 1591
9457 1914
9458 1517
9459 1874
9460 1996
9461 1699
9462 1638
9463 1889
9464 1734
9465 2087
9466 1790
9467 2034
9468 1772
9469 1317
9470 1804
9471 1895
9472 1627
9473 1923
9474 2026
9475 1805
9476 1742
9477 1845
9478 1847
9479 1637
9480 2042
9481 1743
9482 2036
9483 1849
9484 2053
9485 1991
9486 2015
9487 1969
9488 1997
9489 2128
9490 1790
9491 1702
9492 1734
9493 1816
9494 1782
9495 1912
9496 1985
9497 1802
9498 1693
9499 1673
9500 1877
9501 1827
9502 1664
9503 1748
9504 1955
9505 1747
9506 1873
9507 1763
9508 2008
9509 1716
9510 1637
9511 1729
9512 1823
9513 1971
9514 1390
9515 1774
9516 1668
9517 1970
9518 1820
9519 1708
9520 1946
9521 1685
9522 1847
9523 1711
9524 1857
9525 1882
9526 2091
9527 1759
9528 1834
9529 1992
9530 1911
9531 1940
9532 1700
9533 1489
9534 1508
9535 1784
9536 1929
9537 1928
9538 1923
9539 1550
9540 1750
9541 1846
9542 1725
9543 1820
9544 1945
9545 1867
9546 1904
9547 1878
9548 2015
9549 1858
9550 1938
9551 1904
9552 1790
9553 1817
9554 1871
9555 2011
9556 1871
9557 1831
9558 2041
9559 1810
9560 1521
9561 1719
9562 1842
9563 1760
9564 1733
9565 1843
9566 2010
9567 1871
9568 1947
9569 1961
9570 2013
9571 1719
9572 1655
9573 1914
9574 1887
9575 1830
9576 1844
9577 1773
9578 1588
9579 1918
9580 1949
9581 1890
9582 2073
9583 1774
9584 1900
9585 1778
9586 1885
9587 1667
9588 2013
9589 1847
9590 1816
9591 1567
9592 1689
9593 1674
9594 2130
9595 1840
9596 1910
9597 1975
9598 2082
9599 1989
9600 1688
9601 1841
9602 1627
9603 1995
9604 1681
9605 1573
9606 1755
9607 1749
9608 1914
9609 1839
9610 1722
9611 1903
9612 2035
9613 1264
9614 1870
9615 1614
9616 1681
9617 1987
9618 1676
9619 1891
9620 1701
9621 1820
9622 1942
9623 1761
9624 1834
9625 1870
9626 1738
9627 1710
9628 1790
9629 2021
9630 1844
9631 1828
9632 1976
9633 1827
9634 1687
9635 1732
9636 1795
9637 1969
9638 1940
9639 1639
9640 1965
9641 1538
9642 1967
9643 1806
9644 1785
9645 1678
9646 1879
9647 2151
9648 1908
9649 2044
9650 2009
9651 1866
9652 1775
9653 1779
9654 1633
9655 1584
9656 1594
9657 1484
9658 1675
9659 1923
9660 1919
9661 1669
9662 1778
9663 2004
9664 1836
9665 1984
9666 1691
9667 1693
9668 1959
9669 2045
9670 1836
9671 1897
9672 2070
9673 1806
9674 1658
9675 1532
9676 1897
9677 1676
9678 1662
9679 1525
9680 1574
9681 1880
9682 2038
9683 1755
9684 1671
9685 1777
9686 2028
9687 1876
9688 1919
9689 1575
9690 1833
9691 1888
9692 1912
9693 1916
9694 1882
9695 2009
9696 1696
9697 1735
9698 2004
9699 2123
9700 1921
9701 1828
9702 1862
9703 2087
9704 1743
9705 1888
9706 1895
9707 1900
9708 1715
9709 2254
9710 1989
9711 1814
9712 1809
9713 1928
9714 1756
9715 1764
9716 1896
9717 1851
9718 1806
9719 1905
9720 1887
9721 1787
9722 1910
9723 2035
9724 2113
9725 1661
9726 1961
9727 1841
9728 1826
9729 1798
9730 1584
9731 1843
9732 1851
9733 1728
9734 1825
9735 1763
9736 1928
9737 1812
9738 1805
9739 1974
9740 2022
9741 1725
9742 1646
9743 1702
9744 1786
9745 1999
9746 1984
9747 1975
9748 2068
9749 1710
9750 1601
9751 2059
9752 1478
9753 1782
9754 1846
9755 2075
9756 1911
9757 1851
9758 1952
9759 1848
9760 2006
9761 1499
9762 1643
9763 1829
9764 1681
9765 1617
9766 1702
9767 1921
9768 1930
9769 1633
9770 1899
9771 1807
9772 1670
9773 1612
9774 1826
9775 1973
9776 1925
9777 1777
9778 1987
9779 1990
9780 2003
9781 1688
9782 1796
9783 1774
9784 1564
9785 1664
9786 1718
9787 1665
9788 1846
9789 1767
9790 1863
9791 1969
9792 1535
9793 2080
9794 1971
9795 1673
9796 2182
9797 1913
9798 2123
9799 1820
9800 1665
9801 1890
9802 1587
9803 1728
9804 1751
9805 1777
9806 1930
9807 1884
9808 1791
9809 1383
9810 2139
9811 1880
9812 1802
9813 1611
9814 1763
9815 1715
9816 2180
9817 1888
9818 1659
9819 1472
9820 1694
9821 1854
9822 1851
9823 1917
9824 1855
9825 1695
9826 1956
9827 1439
9828 1451
9829 1657
9830 1762
9831 1778
9832 1908
9833 1646
9834 1582
9835 1752
9836 1774
9837 1565
9838 1614
9839 1632
9840 1758
9841 1989
9842 1657
9843 1847
9844 1548
9845 1780
9846 1672
9847 1555
9848 1736
9849 1852
9850 1699
9851 1624
9852 1941
9853 1834
9854 2088
9855 1725
9856 1867
9857 1958
9858 2049
9859 1939
9860 1723
9861 1649
9862 1668
9863 1881
9864 1757
9865 2142
9866 1546
9867 1876
9868 1981
9869 1888
9870 1994
9871 1796
9872 1546
9873 1732
9874 1740
9875 1776
9876 1735
9877 1944
9878 1890
9879 1756
9880 1636
9881 1695
9882 1854
9883 1772
9884 1883
9885 1699
9886 1705
9887 1796
9888 2064
9889 1418
9890 1734
9891 1907
9892 1804
9893 1486
9894 1850
9895 2026
9896 1735
9897 1802
9898 1662
9899 1727
9900 2024
9901 1654
9902 1780
9903 1732
9904 1814
9905 1608
9906 1869
9907 1824
9908 1681
9909 1716
9910 1622
9911 2053
9912 1936
9913 1833
9914 1824
9915 1888
9916 2034
9917 1905
9918 1830
9919 2130
9920 2003
9921 2034
9922 1839
9923 1794
9924 2061
9925 1697
9926 1935
9927 1652
9928 1791
9929 1677
9930 1878
9931 1750
9932 1874
9933 1810
9934 1720
9935 1971
9936 1452
9937 1434
9938 1966
9939 1888
9940 1895
9941 1726
9942 1802
9943 1630
9944 1886
9945 2015
9946 1647
9947 2050
9948 1921
9949 1867
9950 1979
9951 1871
9952 1739
9953 2030
9954 1894
9955 1931
9956 1794
9957 1696
9958 1723
9959 1824
9960 1743
9961 1737
9962 1850
9963 2249
9964 2026
9965 1929
9966 1753
9967 1904
9968 1856
9969 1973
9970 1737
9971 1965
9972 1781
9973 1938
9974 1955
9975 1797
9976 1874
9977 2038
9978 1592
9979 1826
9980 1718
9981 1655
9982 1814
9983 1895
9984 2047
9985 1929
9986 1687
9987 1523
9988 1677
9989 1715
9990 2023
9991 1609
9992 1983
9993 1677
9994 1789
9995 1830
9996 1857
9997 1815
9998 1455
9999 1736
10000 1694
