1 1714
2 1959
3 1799
4 1782
5 1984
6 2068
7 1980
8 1738
9 2126
10 1829
11 1864
12 2021
13 1839
14 1807
15 1700
16 1926
17 1878
18 1983
19 1779
20 1774
21 1731
22 1891
23 2015
24 1787
25 1782
26 1676
27 2009
28 1768
29 1429
30 1755
31 2081
32 1842
33 1758
34 1814
35 1920
36 1966
37 1570
38 1894
39 1771
40 1713
41 1712
42 1933
43 2063
44 1983
45 1891
46 1800
47 1747
48 1977
49 2024
50 2096
51 1601
52 1953
53 1892
54 1936
55 1786
56 1753
57 2103
58 1989
59 1873
60 1772
61 1775
62 1767
63 1970
64 2049
65 1602
66 2061
67 1993
68 1618
69 2000
70 2087
71 2012
72 1489
73 1709
74 1766
75 1693
76 2026
77 1852
78 1691
79 1930
80 1723
81 1925
82 1915
83 1671
84 1743
85 1506
86 1374
87 1809
88 1943
89 1683
90 1801
91 2193
92 1930
93 1889
94 1933
95 1894
96 1693
97 1607
98 1659
99 1775
100 2015
101 2109
102 1892
103 1858
104 1980
105 2033
106 1927
107 1882
108 2183
109 2150
110 1614
111 1718
112 1990
113 1725
114 1776
115 1630
116 1899
117 1791
118 1737
119 1561
120 2044
121 1845
122 1813
123 1981
124 1890
125 2002
126 1777
127 1595
128 1759
129 1736
130 1801
131 1628
132 2032
133 1936
134 1923
135 1876
136 1492
137 1803
138 1570
139 2097
140 2078
141 1331
142 1593
143 1697
144 1540
145 1637
146 1979
147 2128
148 1751
149 1705
150 1912
151 1936
152 1539
153 1912
154 2038
155 1723
156 1896
157 1899
158 1889
159 1579
160 1730
161 2080
162 1828
163 1818
164 2201
165 1397
166 1788
167 1689
168 1690
169 2059
170 1717
171 1850
172 2025
173 1853
174 2071
175 1863
176 1806
177 1709
178 1681
179 1689
180 1477
181 1675
182 1650
183 1864
184 1745
185 1866
186 1917
187 1698
188 1773
189 1817
190 1881
191 1672
192 1592
193 1888
194 1862
195 1901
196 1913
197 1876
198 2063
199 1981
200 1988
201 1709
202 1685
203 1868
204 1958
205 2014
206 1692
207 1922
208 1694
209 1888
210 1977
211 1684
212 1799
213 2026
214 1867
215 1767
216 1691
217 2006
218 1762
219 1829
220 1835
221 2014
222 1866
223 1810
224 1995
225 1901
226 1643
227 2036
228 1568
229 1437
230 1677
231 1772
232 1893
233 1994
234 1627
235 1929
236 1690
237 1481
238 1747
239 2049
240 2247
241 1764
242 1856
243 1794
244 2000
245 2126
246 1770
247 1994
248 1865
249 1770
250 1751
251 1790
252 1661
253 1495
254 1860
255 1869
256 1742
257 1944
258 1904
259 1873
260 1535
261 1874
262 1602
263 1722
264 1632
265 1824
266 1674
267 1627
268 1722
269 2055
270 1861
271 1642
272 1894
273 1967
274 2266
275 1937
276 1706
277 1955
278 1745
279 1739
280 1840
281 1704
282 1762
283 1755
284 1885
285 1694
286 1986
287 1605
288 1910
289 1953
290 2048
291 1754
292 1460
293 2051
294 1767
295 1908
296 1478
297 1874
298 1546
299 1883
300 1817
301 2142
302 1991
303 1935
304 1896
305 1407
306 1889
307 1812
308 1636
309 1689
310 1604
311 2097
312 2074
313 1672
314 1803
315 1873
316 1679
317 1778
318 1540
319 1716
320 1729
321 1638
322 1859
323 1620
324 1740
325 2092
326 1734
327 1966
328 1766
329 1932
330 1914
331 1885
332 2015
333 1911
334 1781
335 1742
336 1843
337 1944
338 1798
339 2037
340 1740
341 1806
342 1527
343 1700
344 1943
345 1447
346 1600
347 1817
348 2055
349 1838
350 1976
351 1570
352 1431
353 1778
354 1917
355 1708
356 1963
357 1684
358 1908
359 1843
360 2261
361 1967
362 1871
363 2010
364 1928
365 1811
366 1822
367 1705
368 1911
369 1877
370 1943
371 1522
372 1758
373 1628
374 1971
375 1770
376 1862
377 1741
378 1798
379 1635
380 1641
381 1738
382 1978
383 1904
384 1827
385 1554
386 2077
387 1708
388 1852
389 1690
390 1552
391 1684
392 1804
393 1593
394 1870
395 1832
396 1750
397 1877
398 1821
399 1751
400 2106
401 1982
402 1853
403 1711
404 1823
405 1878
406 1877
407 2094
408 1944
409 1772
410 1645
411 1684
412 1799
413 1909
414 1800
415 1779
416 1801
417 1796
418 1760
419 1776
420 1905
421 1967
422 1876
423 1904
424 1709
425 1954
426 2104
427 1609
428 1824
429 1902
430 1884
431 1804
432 1820
433 1870
434 1940
435 1513
436 1743
437 2105
438 1803
439 1838
440 1894
441 1772
442 1940
443 1906
444 1913
445 1751
446 1832
447 1681
448 1620
449 1785
450 2063
451 1934
452 1985
453 1947
454 1851
455 1827
456 1993
457 1585
458 1672
459 1640
460 1884
461 1555
462 1861
463 2059
464 2195
465 1901
466 1950
467 1780
468 1565
469 1865
470 2124
471 1584
472 1925
473 1799
474 1741
475 1951
476 1638
477 1799
478 1949
479 1694
480 1909
481 2028
482 1434
483 1851
484 1951
485 1715
486 1838
487 1646
488 1584
489 1983
490 1831
491 2009
492 2130
493 1894
494 1964
495 1980
496 2108
497 1635
498 1891
499 1664
500 1847
501 1783
502 2054
503 1976
504 1652
505 1940
506 2032
507 1973
508 1694
509 2025
510 1849
511 1963
512 1972
513 1879
514 1912
515 2070
516 1743
517 2022
518 2014
519 1905
520 1888
521 2025
522 1972
523 1778
524 1768
525 1742
526 1720
527 1660
528 2078
529 1858
530 2177
531 1843
532 1957
533 1641
534 1828
535 1849
536 2022
537 1703
538 2028
539 1774
540 1950
541 1966
542 1877
543 1790
544 1329
545 1844
546 1834
547 1792
548 1830
549 2126
550 1693
551 1701
552 1893
553 1949
554 1770
555 1768
556 1867
557 1806
558 1854
559 1829
560 1746
561 1837
562 1952
563 1695
564 1936
565 1770
566 1395
567 1594
568 1757
569 1882
570 1915
571 1793
572 1704
573 2012
574 2019
575 1526
576 1977
577 1750
578 1672
579 1701
580 1772
581 2114
582 1589
583 1541
584 1675
585 1747
586 1720
587 1780
588 1690
589 1895
590 1833
591 1850
592 1726
593 1798
594 1779
595 1832
596 1964
597 2120
598 1895
599 1870
600 1920
601 1977
602 2169
603 2061
604 1908
605 2041
606 1949
607 1677
608 1718
609 1736
610 1948
611 1976
612 2115
613 1883
614 1920
615 1904
616 1261
617 1795
618 1848
619 1672
620 1932
621 1808
622 1864
623 1919
624 1882
625 1707
626 1793
627 1730
628 1661
629 1944
630 1649
631 1949
632 2004
633 1700
634 1813
635 1700
636 1937
637 1900
638 1709
639 1835
640 1856
641 2040
642 1575
643 1902
644 1914
645 1608
646 1740
647 1573
648 1669
649 1734
650 1656
651 1525
652 1936
653 1712
654 1946
655 1900
656 2071
657 1899
658 1968
659 1870
660 2068
661 1655
662 1641
663 2124
664 1880
665 1822
666 1760
667 1755
668 1903
669 1851
670 1812
671 1973
672 1918
673 1848
674 1953
675 1953
676 1913
677 1697
678 1741
679 1924
680 1902
681 1935
682 1675
683 2011
684 1687
685 1833
686 1600
687 1757
688 1650
689 1533
690 1883
691 1687
692 1773
693 1877
694 1836
695 1569
696 1512
697 1721
698 1844
699 1741
700 1804
701 1916
702 1895
703 1879
704 2010
705 1860
706 2068
707 1849
708 1791
709 2097
710 1543
711 1787
712 1834
713 1856
714 1944
715 1850
716 1617
717 1782
718 2052
719 1964
720 1774
721 1613
722 1685
723 2092
724 1803
725 1785
726 1912
727 1797
728 1863
729 1889
730 1861
731 1772
732 2030
733 1830
734 1883
735 2030
736 1880
737 1797
738 1741
739 1900
740 1775
741 1878
742 1784
743 1819
744 1791
745 1929
746 1597
747 1739
748 1853
749 1904
750 1860
751 1607
752 1822
753 1941
754 1771
755 1862
756 1948
757 1724
758 1703
759 1687
760 1990
761 1842
762 1950
763 1687
764 1812
765 1759
766 1628
767 1859
768 2047
769 1908
770 1629
771 1811
772 1884
773 1229
774 1930
775 1693
776 1852
777 1799
778 1723
779 1714
780 1861
781 2109
782 2042
783 1561
784 1799
785 1743
786 1791
787 1756
788 1613
789 1876
790 2018
791 1958
792 1909
793 1340
794 1807
795 1869
796 1795
797 1962
798 1821
799 1698
800 1713
801 1736
802 2102
803 1707
804 1904
805 1844
806 1929
807 1602
808 2001
809 1638
810 1885
811 2009
812 1920
813 2063
814 1803
815 1815
816 1784
817 1643
818 1525
819 1767
820 1955
821 1538
822 1872
823 1907
824 1814
825 1918
826 2038
827 1531
828 1735
829 2088
830 1965
831 1739
832 1454
833 1908
834 1695
835 2081
836 1976
837 1854
838 1624
839 1833
840 1906
841 1727
842 1718
843 1362
844 1705
845 2173
846 2106
847 1629
848 1869
849 1858
850 1889
851 1902
852 1531
853 1700
854 1645
855 1562
856 1959
857 1937
858 1955
859 1838
860 1950
861 1590
862 1596
863 1748
864 1551
865 1835
866 1876
867 1916
868 1811
869 1705
870 1704
871 1725
872 2053
873 1727
874 1824
875 1916
876 1966
877 1770
878 1562
879 1616
880 2086
881 1757
882 1820
883 1884
884 1813
885 2009
886 1946
887 2029
888 1882
889 1928
890 2005
891 1698
892 1912
893 1729
894 1709
895 1915
896 1801
897 1830
898 1937
899 1504
900 2139
901 1753
902 1820
903 1975
904 1670
905 2028
906 1783
907 1689
908 1624
909 1910
910 1916
911 1763
912 1912
913 1652
914 1751
915 1931
916 1931
917 1696
918 1608
919 1877
920 1717
921 1856
922 2226
923 1714
924 1769
925 1965
926 1641
927 1450
928 1688
929 1911
930 1682
931 1729
932 2025
933 2002
934 1393
935 1594
936 1805
937 1806
938 1963
939 1734
940 1638
941 1586
942 1907
943 1766
944 1787
945 1886
946 1700
947 1862
948 1770
949 2057
950 1775
951 1649
952 2037
953 2053
954 1769
955 1735
956 1809
957 1662
958 1588
959 1754
960 1790
961 1522
962 1589
963 1953
964 1810
965 1790
966 1415
967 1701
968 1753
969 1805
970 1637
971 1806
972 2000
973 1736
974 1815
975 1781
976 1613
977 1919
978 1912
979 1990
980 1902
981 1810
982 1772
983 1543
984 1599
985 1670
986 1856
987 1983
988 1896
989 1895
990 1973
991 1691
992 1863
993 1859
994 1806
995 1722
996 1600
997 2020
998 1828
999 1968
1000 2179
1001 1980
1002 1934
1003 1497
1004 1815
1005 1772
1006 1682
1007 2067
1008 2061
1009 1994
1010 1988
1011 2048
1012 1907
1013 1714
1014 1787
1015 2035
1016 1694
1017 1887
1018 1638
1019 1851
1020 1882
1021 2001
1022 1989
1023 2104
1024 1965
1025 2184
1026 1674
1027 2044
1028 1784
1029 1936
1030 1725
1031 1658
1032 1517
1033 1782
1034 2183
1035 1874
1036 1953
1037 1866
1038 1506
1039 1725
1040 1527
1041 2007
1042 1668
1043 1607
1044 1868
1045 2034
1046 1894
1047 1822
1048 1775
1049 1871
1050 2045
1051 1671
1052 2023
1053 2012
1054 1871
1055 1974
1056 1641
1057 1581
1058 1668
1059 1869
1060 1995
1061 1774
1062 2023
1063 1617
1064 1871
1065 1742
1066 1764
1067 1956
1068 1554
1069 1065
1070 1923
1071 1757
1072 1924
1073 2187
1074 1929
1075 1814
1076 1838
1077 1926
1078 1859
1079 1950
1080 2066
1081 1736
1082 1931
1083 1793
1084 1998
1085 1796
1086 1881
1087 1867
1088 1464
1089 1636
1090 1673
1091 1888
1092 1940
1093 1822
1094 1577
1095 1895
1096 1905
1097 1769
1098 1626
1099 1937
1100 1598
1101 1762
1102 1906
1103 1925
1104 1694
1105 1727
1106 1603
1107 1656
1108 1820
1109 1685
1110 1895
1111 1917
1112 1553
1113 1620
1114 1735
1115 1771
1116 1986
1117 1934
1118 1887
1119 2023
1120 1931
1121 1867
1122 1674
1123 1713
1124 1796
1125 1820
1126 1874
1127 1829
1128 1877
1129 2029
1130 2047
1131 1897
1132 1914
1133 1863
1134 1544
1135 1841
1136 1924
1137 2050
1138 2042
1139 1826
1140 1687
1141 1629
1142 1653
1143 1979
1144 1733
1145 1633
1146 1817
1147 1576
1148 1594
1149 1840
1150 1714
1151 2071
1152 1918
1153 1557
1154 1913
1155 1942
1156 1756
1157 2013
1158 1788
1159 1563
1160 1875
1161 1776
1162 1749
1163 1689
1164 1813
1165 1979
1166 1571
1167 1842
1168 1924
1169 1884
1170 1608
1171 1700
1172 1730
1173 1749
1174 1960
1175 1873
1176 1709
1177 1669
1178 1649
1179 1803
1180 1758
1181 1701
1182 1880
1183 1810
1184 1742
1185 1731
1186 2003
1187 1803
1188 1916
1189 1857
1190 1515
1191 1927
1192 1773
1193 1612
1194 1619
1195 1946
1196 1680
1197 1623
1198 1992
1199 1753
1200 1727
1201 1998
1202 1765
1203 1799
1204 2101
1205 2021
1206 1898
1207 1829
1208 2122
1209 1967
1210 1733
1211 1690
1212 1576
1213 1441
1214 1951
1215 1675
1216 1686
1217 2095
1218 1969
1219 1853
1220 1964
1221 1755
1222 1824
1223 1746
1224 2048
1225 1902
1226 1954
1227 2233
1228 1887
1229 1866
1230 2067
1231 1753
1232 2006
1233 2127
1234 1805
1235 1811
1236 2014
1237 1988
1238 1855
1239 1699
1240 1895
1241 1858
1242 1892
1243 1810
1244 1806
1245 1868
1246 1769
1247 1834
1248 1812
1249 1826
1250 2113
1251 1971
1252 1870
1253 1984
1254 1812
1255 1803
1256 1654
1257 1910
1258 1605
1259 1774
1260 1771
1261 1962
1262 2072
1263 2056
1264 2018
1265 2037
1266 2000
1267 1616
1268 1904
1269 1698
1270 1924
1271 1686
1272 1774
1273 1597
1274 1745
1275 1932
1276 2013
1277 1655
1278 1816
1279 1908
1280 1937
1281 1835
1282 1643
1283 1858
1284 1837
1285 1809
1286 1579
1287 1733
1288 1969
1289 1656
1290 1715
1291 1665
1292 1999
1293 1833
1294 1880
1295 1758
1296 2036
1297 2049
1298 2011
1299 1964
1300 1847
1301 1676
1302 2181
1303 1721
1304 1811
1305 2012
1306 1870
1307 1998
1308 2025
1309 1884
1310 1773
1311 2014
1312 1937
1313 1732
1314 1778
1315 1884
1316 2019
1317 1848
1318 1736
1319 1817
1320 1997
1321 1858
1322 1734
1323 2139
1324 1761
1325 2010
1326 1944
1327 1655
1328 1976
1329 1971
1330 1811
1331 2012
1332 1689
1333 1863
1334 2025
1335 2037
1336 1669
1337 1970
1338 1968
1339 2065
1340 1790
1341 1844
1342 1778
1343 1912
1344 1988
1345 1716
1346 1839
1347 1845
1348 1879
1349 1933
1350 1781
1351 1637
1352 1713
1353 1601
1354 1843
1355 1919
1356 1900
1357 2092
1358 1962
1359 1736
1360 1764
1361 1850
1362 2139
1363 1726
1364 1951
1365 1855
1366 1725
1367 1904
1368 1792
1369 1695
1370 1283
1371 2017
1372 1785
1373 1846
1374 1989
1375 1729
1376 1859
1377 1708
1378 1775
1379 1799
1380 1972
1381 2053
1382 1688
1383 1809
1384 1686
1385 1786
1386 1892
1387 1747
1388 1921
1389 2082
1390 2231
1391 1931
1392 1974
1393 1834
1394 1966
1395 1939
1396 2059
1397 1872
1398 1889
1399 1489
1400 1839
1401 2018
1402 1692
1403 1928
1404 1842
1405 1810
1406 1701
1407 1866
1408 2019
1409 2026
1410 1911
1411 1614
1412 1775
1413 1758
1414 2003
1415 1837
1416 2035
1417 2008
1418 2035
1419 1903
1420 2080
1421 1970
1422 1798
1423 1887
1424 1958
1425 1893
1426 1917
1427 1615
1428 1916
1429 1881
1430 1876
1431 1742
1432 1929
1433 2024
1434 1771
1435 2077
1436 1655
1437 1808
1438 1624
1439 1834
1440 1862
1441 1936
1442 1927
1443 1694
1444 1889
1445 2055
1446 1753
1447 1532
1448 1592
1449 1856
1450 1899
1451 1873
1452 1848
1453 1626
1454 1531
1455 1561
1456 1504
1457 1869
1458 1543
1459 1769
1460 1712
1461 1949
1462 1685
1463 1829
1464 1884
1465 1705
1466 1917
1467 1853
1468 1485
1469 2019
1470 1833
1471 1855
1472 1715
1473 2015
1474 1370
1475 1966
1476 1688
1477 1764
1478 1764
1479 1897
1480 1790
1481 1971
1482 1677
1483 1777
1484 1615
1485 2124
1486 1906
1487 1953
1488 1990
1489 1693
1490 2038
1491 1933
1492 1995
1493 2080
1494 2064
1495 1949
1496 1683
1497 1759
1498 1721
1499 1976
1500 2025
1501 1659
1502 1673
1503 1755
1504 1898
1505 1641
1506 1699
1507 2071
1508 1621
1509 1841
1510 1695
1511 1777
1512 1811
1513 1728
1514 1771
1515 1884
1516 2075
1517 2073
1518 1862
1519 2069
1520 2057
1521 2151
1522 1570
1523 1870
1524 1554
1525 2042
1526 2032
1527 1514
1528 1895
1529 1881
1530 1435
1531 1603
1532 1698
1533 2058
1534 1997
1535 1986
1536 1938
1537 1681
1538 1932
1539 1818
1540 1872
1541 1860
1542 1604
1543 1912
1544 1973
1545 1868
1546 1432
1547 1795
1548 1782
1549 1948
1550 2071
1551 1900
1552 1843
1553 1854
1554 1715
1555 1839
1556 1814
1557 1888
1558 1987
1559 2031
1560 1924
1561 1539
1562 1956
1563 1658
1564 1821
1565 2049
1566 1581
1567 1854
1568 1733
1569 1697
1570 1781
1571 2077
1572 1850
1573 1740
1574 2031
1575 1711
1576 1746
1577 1660
1578 2018
1579 1914
1580 1940
1581 1654
1582 1687
1583 1816
1584 1943
1585 1970
1586 1761
1587 1782
1588 1794
1589 2008
1590 1880
1591 1909
1592 1919
1593 1659
1594 1584
1595 1607
1596 1775
1597 1620
1598 1850
1599 1668
1600 1701
1601 1831
1602 1822
1603 1887
1604 2001
1605 1809
1606 1978
1607 2014
1608 1793
1609 1927
1610 1884
1611 2019
1612 1644
1613 1589
1614 1934
1615 1752
1616 1623
1617 1666
1618 1763
1619 1695
1620 2148
1621 1877
1622 1984
1623 1737
1624 1945
1625 1986
1626 1603
1627 2089
1628 1899
1629 1834
1630 2006
1631 1881
1632 1635
1633 1894
1634 2069
1635 1824
1636 1763
1637 2007
1638 1636
1639 1740
1640 1780
1641 1821
1642 1861
1643 1807
1644 1907
1645 1650
1646 1711
1647 2084
1648 1648
1649 1824
1650 1892
1651 1890
1652 1946
1653 1877
1654 1734
1655 1955
1656 2060
1657 1903
1658 1705
1659 1792
1660 1571
1661 1861
1662 2181
1663 1900
1664 1759
1665 1826
1666 1928
1667 1653
1668 1590
1669 1559
1670 1911
1671 1977
1672 1639
1673 2009
1674 1496
1675 1893
1676 1868
1677 1989
1678 1796
1679 1654
1680 1767
1681 1910
1682 1810
1683 1895
1684 2038
1685 2071
1686 1896
1687 1793
1688 1973
1689 1882
1690 1541
1691 1937
1692 2042
1693 1720
1694 2043
1695 1820
1696 1822
1697 1704
1698 1935
1699 1832
1700 1499
1701 1956
1702 1785
1703 1990
1704 1848
1705 1888
1706 1698
1707 1695
1708 2040
1709 1608
1710 1685
1711 1771
1712 1631
1713 1805
1714 1653
1715 1648
1716 1755
1717 1752
1718 1960
1719 2051
1720 1927
1721 1697
1722 1976
1723 1961
1724 1834
1725 2007
1726 1647
1727 1967
1728 2163
1729 1566
1730 1803
1731 1624
1732 1888
1733 2049
1734 1871
1735 1934
1736 1867
1737 1917
1738 1954
1739 1789
1740 1851
1741 1362
1742 1577
1743 1590
1744 1807
1745 1874
1746 1750
1747 1877
1748 1708
1749 1804
1750 1926
1751 1957
1752 1769
1753 1793
1754 1853
1755 1964
1756 1575
1757 1563
1758 1773
1759 2041
1760 1655
1761 1459
1762 1908
1763 1751
1764 1909
1765 1871
1766 1743
1767 1824
1768 1541
1769 1941
1770 2124
1771 1829
1772 1675
1773 1967
1774 1705
1775 1777
1776 1732
1777 1840
1778 1943
1779 1821
1780 2037
1781 1797
1782 2038
1783 1790
1784 2062
1785 1913
1786 1774
1787 1594
1788 1975
1789 1766
1790 1940
1791 1869
1792 2065
1793 1645
1794 2122
1795 2073
1796 1837
1797 1836
1798 2001
1799 1794
1800 1953
1801 1914
1802 1878
1803 1866
1804 1745
1805 1690
1806 1713
1807 2169
1808 1787
1809 1844
1810 1808
1811 1878
1812 1689
1813 1891
1814 1619
1815 1470
1816 2009
1817 1833
1818 1910
1819 1735
1820 1949
1821 1780
1822 1899
1823 1567
1824 1655
1825 1614
1826 1719
1827 1855
1828 1860
1829 1686
1830 1841
1831 1910
1832 1751
1833 2081
1834 1956
1835 1942
1836 1527
1837 1629
1838 1825
1839 1758
1840 1883
1841 1409
1842 1674
1843 1744
1844 1725
1845 1650
1846 1680
1847 2049
1848 1867
1849 1882
1850 1707
1851 1834
1852 1942
1853 1950
1854 1636
1855 1593
1856 1836
1857 1773
1858 1898
1859 1897
1860 1876
1861 1869
1862 1930
1863 2011
1864 1477
1865 1895
1866 1867
1867 1839
1868 1905
1869 1751
1870 1897
1871 2023
1872 1993
1873 1917
1874 1865
1875 1630
1876 1862
1877 1867
1878 2020
1879 1825
1880 1921
1881 1524
1882 1807
1883 1854
1884 1895
1885 1890
1886 1715
1887 1841
1888 1829
1889 1880
1890 1734
1891 2022
1892 1775
1893 1812
1894 1532
1895 1758
1896 1896
1897 1888
1898 1812
1899 1752
1900 1995
1901 1905
1902 1839
1903 1632
1904 1615
1905 1820
1906 1842
1907 1994
1908 2004
1909 1640
1910 1816
1911 1639
1912 1324
1913 1927
1914 1622
1915 1870
1916 1703
1917 1663
1918 1897
1919 1673
1920 2085
1921 2066
1922 2021
1923 2074
1924 1766
1925 1688
1926 1810
1927 1625
1928 1893
1929 1955
1930 1636
1931 1637
1932 1858
1933 1679
1934 1753
1935 1951
1936 1921
1937 1691
1938 1600
1939 1795
1940 1534
1941 2055
1942 1651
1943 1890
1944 2021
1945 1819
1946 1882
1947 1737
1948 1896
1949 2014
1950 1976
1951 1850
1952 1600
1953 1721
1954 1788
1955 1900
1956 1902
1957 1749
1958 1915
1959 1894
1960 2151
1961 2176
1962 1785
1963 1620
1964 2043
1965 1489
1966 1855
1967 1729
1968 1851
1969 2135
1970 1721
1971 1882
1972 1788
1973 1797
1974 1877
1975 1930
1976 1726
1977 1931
1978 1830
1979 1761
1980 1960
1981 1761
1982 1684
1983 1971
1984 1595
1985 1634
1986 1744
1987 1935
1988 1845
1989 1886
1990 1893
1991 1479
1992 1841
1993 1803
1994 1675
1995 1959
1996 1608
1997 1791
1998 1542
1999 1852
2000 1752
2001 1575
2002 1742
2003 1883
2004 1889
2005 1792
2006 1638
2007 1769
2008 1759
2009 1749
2010 1763
2011 1799
2012 2185
2013 1972
2014 1765
2015 1759
2016 2075
2017 1777
2018 1947
2019 1797
2020 2001
2021 2041
2022 1846
2023 1933
2024 1816
2025 1944
2026 2060
2027 1693
2028 1910
2029 2078
2030 1589
2031 2027
2032 2023
2033 1856
2034 2007
2035 2200
2036 1774
2037 1717
2038 1896
2039 1526
2040 1841
2041 1711
2042 1523
2043 1805
2044 1901
2045 1634
2046 1924
2047 1724
2048 1711
2049 1561
2050 1885
2051 1750
2052 1964
2053 1653
2054 1894
2055 2239
2056 1931
2057 1964
2058 1891
2059 1775
2060 1770
2061 2036
2062 1715
2063 1557
2064 1918
2065 1937
2066 1661
2067 1755
2068 1672
2069 1843
2070 1700
2071 1747
2072 1994
2073 2101
2074 1965
2075 1746
2076 1848
2077 1924
2078 1900
2079 1680
2080 1833
2081 1945
2082 1806
2083 1623
2084 1560
2085 1686
2086 1944
2087 1931
2088 1909
2089 1955
2090 2000
2091 1880
2092 1737
2093 1804
2094 1674
2095 1943
2096 1586
2097 1806
2098 1862
2099 1583
2100 1855
2101 1725
2102 1623
2103 1803
2104 1861
2105 2084
2106 1901
2107 1851
2108 1773
2109 1849
2110 1744
2111 1874
2112 1889
2113 2084
2114 1877
2115 1648
2116 1679
2117 1905
2118 1760
2119 1765
2120 1860
2121 2057
2122 1767
2123 1726
2124 1855
2125 1797
2126 1769
2127 1860
2128 2085
2129 2057
2130 1968
2131 1636
2132 1679
2133 2030
2134 1582
2135 1807
2136 1928
2137 1986
2138 1854
2139 1848
2140 1692
2141 1702
2142 1760
2143 1793
2144 1812
2145 1656
2146 1778
2147 1748
2148 1896
2149 1819
2150 1915
2151 1650
2152 1860
2153 1889
2154 2004
2155 2064
2156 1793
2157 1824
2158 1968
2159 1813
2160 1864
2161 1878
2162 1732
2163 1847
2164 1943
2165 1786
2166 1875
2167 2128
2168 1898
2169 1697
2170 1926
2171 2083
2172 2061
2173 1842
2174 1767
2175 2059
2176 2010
2177 1867
2178 2027
2179 2159
2180 1572
2181 2047
2182 1492
2183 1958
2184 1745
2185 1844
2186 2072
2187 1788
2188 1900
2189 1506
2190 1979
2191 2154
2192 1526
2193 1710
2194 1963
2195 1468
2196 1611
2197 1813
2198 1850
2199 1647
2200 2004
2201 1887
2202 1989
2203 2034
2204 1615
2205 1710
2206 1977
2207 1918
2208 1804
2209 1692
2210 1928
2211 1769
2212 1539
2213 2097
2214 1832
2215 1676
2216 1864
2217 1833
2218 1580
2219 1896
2220 1816
2221 2167
2222 1710
2223 2037
2224 1416
2225 1994
2226 1870
2227 1882
2228 1987
2229 1875
2230 1873
2231 1694
2232 1834
2233 1814
2234 1846
2235 1942
2236 1942
2237 2061
2238 1932
2239 2050
2240 1580
2241 2119
2242 1621
2243 1846
2244 1908
2245 2107
2246 1990
2247 1686
2248 1830
2249 1927
2250 2023
2251 1715
2252 2002
2253 1744
2254 1900
2255 1606
2256 1786
2257 1795
2258 1825
2259 1685
2260 2029
2261 2014
2262 1877
2263 1889
2264 1734
2265 1841
2266 1915
2267 1789
2268 1944
2269 1953
2270 1846
2271 2026
2272 1899
2273 1936
2274 1900
2275 1720
2276 1843
2277 1788
2278 1621
2279 1832
2280 1601
2281 1547
2282 1990
2283 1714
2284 1921
2285 1860
2286 1495
2287 1866
2288 1607
2289 1611
2290 1682
2291 1866
2292 2023
2293 1924
2294 1847
2295 1907
2296 1597
2297 1731
2298 1864
2299 1947
2300 1725
2301 1716
2302 1811
2303 1685
2304 1895
2305 1729
2306 1849
2307 2093
2308 1938
2309 1806
2310 1830
2311 1908
2312 1895
2313 1777
2314 2055
2315 1882
2316 1989
2317 1866
2318 1727
2319 1690
2320 1745
2321 2011
2322 1858
2323 1771
2324 1902
2325 2104
2326 1773
2327 1789
2328 1817
2329 1684
2330 1826
2331 1891
2332 1878
2333 1807
2334 1665
2335 1833
2336 1861
2337 1920
2338 1814
2339 1471
2340 2009
2341 1797
2342 1892
2343 1860
2344 1896
2345 2037
2346 2090
2347 1724
2348 1847
2349 1878
2350 1837
2351 1799
2352 1951
2353 1522
2354 1789
2355 1701
2356 1767
2357 1428
2358 1977
2359 1872
2360 2026
2361 1395
2362 1713
2363 1636
2364 2031
2365 1862
2366 1806
2367 1771
2368 1892
2369 1861
2370 1736
2371 1884
2372 1802
2373 1814
2374 1929
2375 1999
2376 1864
2377 1938
2378 1888
2379 2046
2380 1742
2381 1925
2382 1757
2383 1765
2384 2062
2385 1874
2386 1814
2387 1769
2388 1939
2389 1903
2390 1784
2391 2022
2392 1983
2393 1735
2394 2103
2395 1948
2396 1713
2397 1556
2398 1483
2399 1720
2400 1687
2401 1840
2402 1760
2403 1592
2404 1867
2405 1771
2406 1808
2407 1820
2408 2022
2409 1983
2410 1732
2411 1720
2412 2047
2413 1778
2414 1625
2415 1778
2416 1806
2417 1304
2418 2082
2419 2051
2420 1890
2421 1687
2422 2087
2423 2053
2424 1800
2425 1784
2426 1790
2427 1548
2428 1495
2429 1695
2430 1698
2431 1920
2432 1637
2433 1584
2434 1797
2435 1886
2436 1998
2437 1791
2438 1814
2439 1838
2440 1744
2441 1971
2442 2071
2443 1717
2444 1685
2445 1740
2446 1716
2447 1957
2448 1820
2449 1790
2450 1837
2451 1430
2452 1851
2453 1704
2454 1745
2455 1872
2456 1820
2457 1903
2458 1684
2459 1485
2460 2040
2461 1887
2462 1644
2463 2038
2464 1845
2465 1777
2466 1661
2467 1923
2468 2045
2469 1910
2470 1930
2471 1837
2472 1594
2473 1656
2474 1874
2475 1721
2476 1905
2477 1343
2478 2079
2479 1692
2480 2028
2481 1840
2482 1584
2483 1822
2484 1648
2485 1935
2486 1954
2487 1818
2488 1818
2489 2040
2490 1961
2491 1989
2492 1684
2493 1848
2494 1770
2495 1616
2496 2162
2497 1695
2498 1628
2499 1947
2500 1799
2501 2108
2502 2012
2503 1865
2504 2045
2505 1842
2506 1933
2507 1889
2508 1805
2509 1932
2510 2053
2511 1525
2512 1860
2513 1854
2514 1960
2515 1816
2516 2011
2517 1988
2518 1688
2519 1753
2520 1986
2521 1764
2522 1850
2523 1755
2524 1604
2525 1882
2526 1482
2527 1571
2528 1844
2529 1679
2530 2111
2531 1977
2532 2056
2533 1870
2534 1767
2535 1716
2536 1651
2537 1569
2538 1956
2539 2011
2540 2038
2541 1625
2542 1735
2543 2086
2544 1965
2545 1789
2546 1739
2547 1588
2548 1761
2549 1963
2550 1709
2551 1673
2552 1773
2553 1829
2554 1848
2555 2002
2556 2023
2557 1618
2558 1831
2559 1845
2560 1781
2561 1882
2562 1785
2563 1684
2564 2015
2565 1795
2566 1649
2567 1692
2568 1732
2569 1873
2570 1811
2571 1716
2572 1803
2573 1566
2574 1655
2575 2050
2576 1560
2577 1954
2578 1610
2579 1665
2580 1913
2581 1817
2582 1858
2583 1789
2584 1722
2585 1932
2586 1713
2587 1616
2588 1939
2589 1576
2590 1888
2591 1797
2592 1739
2593 1903
2594 1825
2595 1908
2596 1767
2597 1807
2598 1653
2599 1628
2600 1538
2601 1812
2602 1898
2603 1715
2604 1955
2605 1917
2606 1741
2607 1811
2608 1669
2609 1780
2610 1891
2611 1934
2612 1750
2613 1856
2614 1768
2615 1708
2616 1897
2617 1688
2618 1954
2619 1520
2620 1861
2621 1617
2622 2027
2623 1760
2624 1974
2625 1753
2626 1721
2627 1834
2628 1811
2629 1720
2630 1799
2631 1637
2632 1622
2633 1872
2634 1543
2635 2056
2636 1689
2637 1912
2638 2001
2639 2019
2640 1767
2641 1978
2642 1822
2643 1782
2644 1626
2645 1600
2646 1773
2647 2052
2648 1763
2649 1926
2650 1893
2651 1840
2652 1855
2653 1918
2654 1530
2655 1714
2656 2076
2657 1893
2658 1924
2659 1833
2660 1569
2661 1738
2662 1885
2663 1947
2664 1890
2665 1622
2666 1713
2667 1831
2668 2065
2669 1898
2670 1779
2671 1931
2672 1970
2673 1822
2674 1726
2675 1894
2676 1940
2677 1827
2678 2019
2679 1864
2680 1877
2681 1692
2682 1768
2683 2002
2684 1966
2685 1841
2686 1738
2687 1911
2688 1844
2689 1923
2690 2118
2691 1628
2692 1852
2693 1751
2694 1913
2695 1961
2696 1618
2697 1876
2698 1780
2699 1738
2700 1885
2701 2036
2702 1961
2703 1949
2704 1897
2705 2023
2706 2064
2707 1856
2708 1807
2709 1642
2710 1778
2711 2027
2712 1904
2713 1739
2714 1800
2715 1686
2716 1630
2717 1981
2718 1887
2719 1917
2720 1551
2721 1935
2722 1720
2723 1788
2724 1878
2725 1871
2726 1706
2727 1650
2728 1681
2729 1873
2730 1599
2731 1821
2732 1665
2733 1840
2734 1725
2735 1886
2736 1986
2737 1723
2738 1641
2739 1591
2740 1886
2741 2104
2742 1761
2743 1541
2744 1912
2745 1942
2746 1860
2747 1967
2748 1982
2749 1834
2750 1752
2751 2100
2752 1909
2753 1855
2754 1660
2755 1490
2756 1821
2757 1824
2758 1879
2759 1875
2760 1856
2761 1806
2762 1606
2763 1577
2764 1961
2765 1655
2766 1996
2767 1787
2768 1636
2769 1965
2770 1874
2771 1803
2772 1565
2773 1754
2774 1636
2775 1747
2776 1764
2777 1807
2778 1966
2779 1935
2780 1644
2781 2004
2782 2050
2783 2003
2784 1821
2785 1808
2786 1785
2787 1872
2788 1793
2789 1847
2790 1962
2791 1803
2792 1547
2793 2049
2794 1943
2795 1772
2796 1733
2797 1753
2798 1755
2799 1901
2800 2031
2801 1833
2802 1732
2803 1831
2804 1834
2805 1881
2806 1739
2807 2027
2808 1949
2809 1872
2810 1802
2811 2007
2812 1612
2813 1536
2814 2044
2815 1990
2816 1677
2817 1929
2818 1671
2819 1923
2820 1799
2821 1355
2822 1788
2823 1918
2824 2141
2825 1820
2826 1981
2827 1835
2828 1779
2829 2032
2830 1612
2831 1755
2832 1722
2833 1892
2834 1922
2835 1643
2836 1879
2837 1982
2838 1845
2839 1996
2840 1843
2841 1827
2842 1743
2843 1680
2844 1907
2845 1853
2846 1768
2847 1808
2848 2030
2849 1741
2850 2009
2851 1820
2852 1827
2853 2015
2854 1927
2855 1711
2856 1926
2857 1801
2858 1786
2859 1963
2860 1829
2861 1969
2862 1915
2863 1670
2864 1827
2865 1876
2866 1567
2867 1997
2868 2064
2869 1615
2870 1742
2871 1836
2872 1884
2873 1450
2874 2012
2875 1947
2876 2174
2877 1963
2878 1675
2879 2097
2880 1847
2881 1518
2882 1802
2883 1907
2884 1820
2885 1760
2886 1817
2887 1814
2888 1915
2889 1746
2890 1771
2891 1764
2892 1743
2893 1963
2894 1774
2895 1648
2896 1702
2897 1859
2898 1657
2899 1770
2900 1583
2901 1496
2902 1966
2903 1768
2904 1480
2905 1685
2906 1815
2907 2201
2908 1606
2909 1734
2910 1884
2911 1926
2912 1798
2913 1747
2914 1929
2915 1629
2916 2009
2917 2030
2918 1979
2919 1880
2920 1711
2921 1792
2922 1739
2923 1726
2924 1843
2925 1660
2926 1771
2927 1958
2928 1836
2929 1536
2930 2200
2931 1640
2932 1685
2933 1699
2934 1930
2935 1821
2936 1663
2937 1929
2938 1913
2939 1740
2940 1802
2941 1886
2942 1811
2943 1892
2944 2093
2945 1849
2946 1801
2947 1858
2948 1771
2949 1992
2950 1934
2951 1557
2952 1653
2953 1614
2954 1853
2955 2074
2956 1798
2957 1755
2958 1747
2959 1752
2960 1576
2961 1976
2962 1861
2963 1727
2964 1743
2965 1926
2966 1536
2967 1882
2968 1931
2969 1771
2970 2043
2971 1921
2972 1782
2973 1360
2974 1785
2975 1841
2976 1970
2977 1865
2978 1870
2979 1894
2980 2110
2981 1742
2982 1830
2983 1838
2984 1655
2985 1629
2986 1818
2987 1915
2988 1837
2989 2008
2990 1782
2991 1835
2992 1844
2993 2224
2994 1971
2995 1925
2996 1774
2997 1991
2998 2127
2999 1945
3000 2038
3001 1796
3002 1809
3003 2023
3004 1969
3005 1734
3006 2020
3007 1994
3008 1860
3009 1988
3010 1591
3011 1319
3012 1693
3013 1678
3014 1542
3015 1440
3016 1684
3017 1874
3018 1813
3019 2024
3020 2030
3021 1547
3022 2079
3023 1919
3024 1801
3025 1838
3026 1947
3027 1872
3028 1618
3029 1819
3030 1676
3031 1786
3032 1726
3033 2076
3034 1954
3035 1811
3036 1629
3037 1675
3038 1876
3039 1918
3040 1705
3041 2004
3042 1898
3043 1876
3044 1787
3045 2000
3046 1829
3047 2139
3048 2002
3049 1749
3050 1769
3051 1880
3052 1942
3053 1649
3054 1838
3055 1782
3056 2001
3057 1796
3058 2008
3059 1830
3060 1607
3061 1687
3062 1564
3063 1872
3064 1804
3065 1667
3066 1833
3067 1822
3068 2010
3069 1796
3070 1621
3071 1624
3072 1556
3073 1947
3074 1953
3075 1925
3076 1962
3077 1723
3078 1827
3079 2131
3080 1795
3081 1751
3082 1797
3083 1796
3084 1760
3085 2045
3086 1793
3087 1653
3088 1594
3089 1765
3090 1840
3091 1722
3092 1782
3093 1813
3094 2099
3095 1847
3096 1744
3097 1680
3098 1641
3099 1844
3100 2259
3101 1861
3102 1867
3103 1693
3104 1803
3105 2063
3106 1598
3107 1817
3108 1898
3109 1845
3110 1787
3111 1643
3112 1709
3113 1824
3114 1603
3115 1627
3116 1867
3117 1710
3118 1721
3119 1792
3120 1714
3121 1656
3122 1929
3123 1870
3124 1897
3125 1872
3126 1936
3127 2089
3128 1891
3129 1500
3130 1991
3131 1897
3132 1657
3133 1857
3134 1907
3135 2052
3136 1713
3137 1694
3138 1938
3139 1932
3140 1955
3141 2084
3142 1575
3143 1738
3144 1891
3145 1591
3146 1618
3147 1547
3148 1755
3149 2047
3150 1977
3151 2028
3152 1590
3153 1713
3154 2116
3155 1674
3156 1511
3157 1922
3158 1776
3159 1744
3160 1680
3161 1887
3162 1807
3163 1860
3164 1900
3165 1777
3166 1957
3167 2037
3168 1759
3169 1898
3170 1713
3171 2018
3172 2079
3173 1586
3174 1618
3175 1816
3176 1745
3177 1780
3178 1698
3179 1847
3180 1926
3181 1836
3182 1392
3183 2061
3184 1909
3185 2097
3186 1626
3187 1800
3188 1895
3189 1971
3190 1933
3191 1643
3192 1927
3193 1819
3194 1955
3195 1545
3196 1809
3197 1853
3198 1707
3199 1732
3200 1782
3201 1816
3202 1936
3203 2105
3204 1905
3205 2100
3206 1879
3207 1918
3208 1991
3209 2167
3210 1948
3211 2040
3212 1613
3213 1583
3214 1844
3215 1821
3216 2177
3217 1656
3218 1587
3219 1673
3220 1763
3221 2054
3222 2089
3223 1962
3224 1861
3225 1916
3226 1796
3227 1887
3228 1831
3229 1518
3230 1496
3231 1765
3232 1754
3233 1836
3234 1759
3235 1884
3236 1757
3237 1719
3238 1686
3239 1722
3240 1670
3241 2110
3242 1988
3243 1826
3244 1862
3245 2086
3246 1792
3247 1906
3248 2074
3249 2072
3250 1805
3251 2145
3252 1769
3253 1919
3254 2011
3255 1651
3256 1886
3257 1983
3258 1778
3259 1933
3260 1977
3261 1832
3262 2055
3263 1822
3264 2014
3265 1599
3266 1730
3267 2084
3268 2016
3269 1817
3270 1569
3271 1719
3272 1742
3273 1589
3274 1542
3275 2009
3276 1778
3277 1699
3278 1971
3279 1852
3280 2025
3281 1854
3282 1927
3283 1916
3284 1845
3285 1952
3286 1792
3287 1776
3288 1717
3289 1888
3290 1698
3291 1957
3292 1724
3293 1956
3294 1665
3295 2050
3296 1848
3297 1898
3298 1824
3299 1629
3300 1876
3301 1653
3302 1844
3303 1845
3304 1884
3305 1770
3306 1720
3307 1929
3308 1819
3309 1814
3310 1848
3311 1791
3312 1753
3313 1862
3314 1799
3315 2163
3316 1499
3317 1875
3318 2058
3319 1707
3320 1538
3321 1756
3322 1731
3323 1793
3324 1579
3325 1692
3326 1759
3327 1708
3328 1565
3329 2064
3330 1628
3331 1925
3332 1554
3333 1850
3334 1467
3335 1918
3336 1742
3337 1976
3338 1699
3339 1974
3340 1979
3341 1857
3342 1795
3343 1708
3344 1868
3345 1971
3346 1457
3347 1782
3348 2167
3349 2011
3350 1981
3351 1936
3352 1817
3353 1455
3354 1695
3355 1956
3356 1681
3357 1653
3358 2012
3359 1895
3360 1922
3361 1697
3362 1609
3363 1769
3364 1618
3365 1845
3366 2012
3367 1903
3368 2008
3369 1952
3370 1825
3371 1763
3372 1765
3373 1684
3374 1881
3375 1944
3376 1819
3377 1919
3378 1799
3379 2023
3380 2014
3381 1827
3382 1589
3383 2032
3384 1813
3385 1943
3386 1626
3387 1829
3388 1709
3389 1612
3390 1817
3391 1748
3392 1952
3393 1829
3394 1987
3395 2095
3396 1700
3397 1772
3398 1875
3399 1836
3400 1754
3401 2267
3402 2009
3403 1550
3404 1467
3405 1793
3406 1807
3407 1824
3408 1705
3409 1782
3410 1482
3411 2126
3412 1834
3413 1951
3414 2197
3415 1877
3416 1917
3417 1662
3418 2023
3419 2088
3420 1743
3421 1925
3422 1999
3423 1841
3424 1820
3425 1684
3426 2113
3427 1715
3428 1736
3429 1995
3430 1681
3431 1834
3432 1914
3433 1608
3434 1778
3435 2033
3436 2003
3437 1876
3438 1864
3439 1660
3440 1921
3441 1755
3442 1695
3443 1865
3444 1713
3445 1681
3446 1859
3447 1724
3448 2114
3449 1543
3450 1694
3451 2015
3452 2181
3453 1746
3454 1890
3455 1804
3456 1774
3457 1930
3458 1969
3459 1973
3460 1972
3461 1547
3462 1859
3463 1833
3464 1685
3465 2101
3466 1994
3467 1734
3468 1930
3469 1903
3470 1405
3471 1696
3472 1847
3473 1887
3474 1693
3475 1871
3476 2045
3477 2022
3478 1661
3479 1629
3480 1885
3481 1847
3482 1686
3483 1630
3484 1829
3485 1856
3486 2004
3487 1889
3488 1626
3489 1848
3490 1583
3491 1379
3492 1959
3493 1382
3494 1669
3495 1810
3496 1935
3497 1824
3498 1735
3499 1865
3500 1817
3501 1841
3502 1867
3503 1731
3504 1562
3505 1804
3506 2013
3507 1815
3508 1977
3509 2027
3510 1978
3511 1770
3512 1888
3513 1794
3514 1813
3515 1681
3516 1879
3517 1676
3518 1807
3519 1760
3520 1804
3521 1918
3522 1874
3523 1893
3524 1822
3525 1553
3526 1910
3527 1940
3528 1803
3529 1631
3530 1920
3531 1451
3532 1314
3533 1371
3534 1597
3535 1463
3536 1713
3537 2017
3538 1757
3539 1881
3540 1844
3541 1852
3542 1883
3543 1811
3544 1708
3545 1783
3546 1892
3547 1757
3548 1823
3549 1748
3550 1845
3551 1447
3552 1810
3553 1772
3554 1884
3555 1995
3556 1848
3557 1623
3558 1830
3559 1907
3560 1759
3561 1789
3562 1814
3563 1954
3564 1957
3565 1743
3566 1824
3567 1809
3568 2024
3569 1688
3570 2080
3571 1731
3572 1741
3573 1928
3574 1833
3575 1974
3576 1910
3577 1671
3578 1910
3579 1845
3580 1986
3581 1528
3582 1931
3583 1933
3584 1756
3585 2071
3586 1985
3587 1985
3588 1756
3589 1557
3590 1862
3591 2028
3592 1824
3593 1926
3594 2060
3595 1910
3596 1880
3597 1893
3598 1968
3599 1967
3600 1636
3601 2042
3602 1767
3603 1806
3604 1740
3605 1708
3606 1849
3607 1779
3608 2061
3609 1787
3610 1866
3611 1738
3612 1740
3613 1663
3614 1783
3615 1677
3616 1989
3617 1996
3618 1882
3619 1824
3620 1857
3621 1891
3622 1862
3623 2005
3624 1444
3625 1629
3626 1740
3627 1890
3628 1782
3629 1796
3630 1752
3631 2067
3632 1877
3633 1628
3634 1728
3635 1928
3636 1893
3637 1852
3638 1744
3639 2034
3640 2016
3641 1928
3642 1692
3643 1681
3644 1934
3645 1989
3646 1945
3647 1768
3648 1528
3649 1780
3650 1860
3651 2038
3652 1976
3653 1522
3654 1765
3655 1924
3656 1871
3657 1793
3658 1820
3659 1806
3660 1632
3661 1707
3662 1651
3663 1936
3664 1893
3665 2038
3666 1838
3667 1946
3668 1782
3669 1638
3670 1681
3671 1882
3672 1952
3673 1753
3674 1801
3675 1890
3676 1644
3677 1972
3678 1588
3679 1436
3680 1784
3681 2215
3682 1687
3683 1798
3684 1714
3685 1763
3686 1927
3687 1514
3688 1750
3689 1961
3690 1943
3691 1926
3692 1666
3693 2031
3694 1641
3695 1836
3696 1743
3697 1918
3698 2122
3699 1725
3700 1977
3701 1963
3702 2035
3703 2045
3704 1779
3705 1705
3706 1736
3707 1745
3708 1913
3709 2018
3710 1813
3711 2021
3712 1771
3713 1798
3714 1528
3715 1521
3716 1607
3717 1773
3718 2053
3719 1749
3720 1815
3721 2066
3722 1783
3723 1813
3724 1789
3725 2034
3726 1788
3727 1716
3728 2013
3729 1794
3730 1806
3731 1920
3732 1829
3733 1610
3734 2030
3735 1722
3736 1784
3737 1568
3738 1866
3739 1686
3740 1841
3741 2027
3742 2078
3743 1908
3744 1516
3745 1769
3746 1591
3747 1704
3748 1783
3749 1775
3750 1944
3751 1926
3752 1661
3753 1786
3754 1921
3755 1961
3756 1961
3757 1622
3758 1828
3759 1807
3760 1790
3761 2080
3762 2076
3763 1525
3764 1997
3765 1887
3766 1687
3767 1941
3768 1792
3769 1939
3770 1901
3771 1460
3772 2133
3773 1865
3774 1850
3775 1621
3776 1671
3777 1838
3778 1923
3779 1813
3780 1745
3781 1930
3782 1981
3783 2012
3784 1863
3785 1853
3786 1823
3787 1810
3788 2115
3789 1993
3790 1871
3791 2220
3792 1768
3793 1779
3794 1933
3795 1917
3796 1756
3797 1819
3798 1883
3799 1769
3800 1659
3801 1788
3802 1800
3803 2164
3804 1805
3805 2095
3806 1880
3807 1953
3808 1852
3809 1777
3810 1966
3811 1981
3812 1613
3813 1640
3814 1584
3815 1646
3816 1874
3817 1706
3818 1864
3819 1749
3820 1612
3821 1736
3822 1900
3823 1761
3824 1731
3825 1905
3826 1932
3827 1854
3828 1977
3829 1947
3830 1749
3831 1978
3832 1650
3833 1795
3834 1764
3835 1867
3836 1914
3837 1911
3838 1826
3839 1962
3840 1833
3841 1901
3842 1623
3843 1754
3844 2073
3845 2108
3846 2155
3847 1967
3848 2074
3849 1850
3850 1721
3851 2036
3852 1918
3853 1642
3854 1742
3855 1681
3856 1761
3857 1829
3858 1681
3859 1624
3860 1742
3861 1882
3862 1819
3863 1641
3864 1598
3865 1657
3866 1897
3867 1476
3868 1981
3869 1949
3870 1803
3871 1905
3872 1864
3873 1710
3874 1720
3875 1713
3876 1884
3877 1992
3878 1564
3879 1931
3880 2040
3881 1823
3882 1941
3883 2105
3884 1704
3885 1253
3886 1799
3887 1890
3888 2213
3889 1589
3890 1436
3891 1965
3892 1951
3893 1698
3894 1868
3895 2039
3896 1900
3897 2059
3898 1690
3899 1987
3900 1797
3901 2059
3902 1932
3903 1971
3904 1910
3905 1794
3906 1535
3907 1848
3908 2000
3909 2021
3910 1532
3911 1764
3912 1586
3913 2084
3914 1946
3915 1862
3916 2034
3917 2059
3918 1736
3919 1988
3920 1757
3921 1919
3922 1832
3923 1537
3924 1870
3925 1591
3926 2078
3927 2024
3928 1783
3929 1973
3930 2088
3931 2007
3932 1964
3933 2071
3934 2030
3935 1884
3936 1756
3937 1862
3938 1760
3939 1938
3940 1865
3941 1895
3942 1970
3943 1840
3944 1761
3945 1621
3946 1863
3947 1736
3948 1613
3949 1962
3950 1743
3951 1925
3952 2105
3953 1922
3954 1614
3955 1903
3956 1960
3957 1713
3958 1627
3959 2231
3960 1747
3961 1565
3962 2234
3963 1968
3964 1737
3965 1847
3966 2065
3967 2082
3968 1760
3969 2044
3970 1770
3971 1936
3972 1823
3973 1853
3974 1753
3975 1574
3976 1566
3977 1367
3978 1791
3979 1860
3980 1783
3981 1919
3982 1847
3983 2112
3984 1697
3985 1876
3986 1607
3987 1496
3988 1554
3989 1975
3990 1834
3991 1807
3992 1408
3993 2099
3994 1949
3995 1936
3996 1833
3997 1729
3998 1730
3999 1785
4000 1743
4001 2092
4002 1946
4003 1909
4004 1973
4005 1848
4006 1827
4007 1893
4008 1853
4009 1841
4010 1856
4011 1741
4012 1897
4013 1896
4014 1763
4015 1749
4016 1721
4017 1874
4018 1860
4019 1545
4020 1861
4021 1983
4022 1570
4023 1936
4024 2007
4025 1802
4026 1999
4027 1799
4028 2064
4029 2008
4030 1791
4031 1979
4032 1889
4033 1459
4034 2102
4035 1825
4036 2112
4037 1723
4038 1833
4039 1794
4040 1986
4041 1728
4042 1900
4043 1999
4044 1770
4045 1968
4046 1754
4047 1711
4048 1745
4049 2071
4050 1873
4051 1878
4052 1702
4053 1877
4054 1922
4055 1824
4056 1629
4057 2012
4058 1941
4059 1624
4060 2162
4061 1945
4062 1907
4063 2000
4064 1853
4065 2153
4066 1747
4067 1930
4068 1710
4069 1892
4070 1830
4071 1733
4072 1953
4073 2039
4074 1638
4075 1965
4076 1892
4077 1722
4078 1827
4079 1468
4080 1833
4081 1644
4082 1778
4083 1783
4084 1936
4085 1634
4086 1854
4087 1908
4088 2003
4089 1901
4090 1926
4091 1897
4092 1851
4093 1852
4094 1676
4095 1735
4096 1819
4097 1759
4098 1914
4099 1876
4100 1901
4101 1747
4102 2035
4103 1610
4104 1658
4105 1851
4106 1867
4107 1744
4108 1666
4109 1942
4110 1816
4111 2076
4112 1714
4113 1901
4114 1696
4115 1885
4116 1977
4117 1880
4118 1920
4119 1948
4120 1816
4121 1799
4122 2056
4123 1874
4124 1736
4125 1727
4126 1848
4127 1921
4128 2130
4129 1728
4130 1937
4131 2020
4132 1883
4133 1767
4134 1885
4135 1894
4136 1593
4137 1776
4138 1800
4139 1947
4140 1895
4141 1946
4142 1767
4143 1810
4144 1767
4145 1981
4146 1961
4147 1761
4148 2008
4149 1915
4150 1875
4151 1881
4152 1718
4153 2059
4154 1853
4155 1810
4156 2011
4157 2029
4158 2012
4159 1934
4160 1763
4161 1754
4162 1771
4163 1934
4164 1647
4165 1753
4166 1632
4167 1805
4168 2037
4169 1736
4170 1750
4171 1775
4172 2048
4173 2184
4174 1786
4175 1524
4176 1610
4177 1772
4178 2064
4179 1735
4180 1654
4181 1842
4182 1827
4183 1732
4184 1731
4185 1586
4186 1593
4187 1519
4188 1535
4189 1379
4190 1958
4191 1969
4192 1595
4193 1849
4194 1883
4195 1996
4196 1850
4197 2057
4198 1738
4199 1706
4200 1870
4201 1636
4202 1871
4203 1834
4204 1357
4205 1874
4206 1789
4207 1916
4208 2031
4209 1895
4210 1779
4211 1642
4212 1852
4213 2015
4214 1716
4215 1863
4216 1923
4217 1773
4218 1573
4219 1586
4220 1730
4221 1763
4222 1468
4223 2010
4224 1895
4225 2042
4226 1791
4227 1865
4228 1810
4229 1927
4230 1691
4231 1609
4232 1925
4233 1643
4234 1783
4235 1799
4236 1897
4237 2037
4238 1763
4239 1663
4240 1815
4241 1656
4242 1851
4243 1750
4244 2026
4245 1786
4246 1846
4247 1794
4248 1784
4249 1616
4250 1549
4251 1729
4252 1571
4253 2033
4254 1652
4255 1561
4256 2045
4257 1802
4258 1871
4259 2082
4260 1826
4261 1689
4262 1703
4263 1770
4264 1855
4265 1930
4266 1884
4267 1767
4268 1940
4269 2104
4270 2089
4271 2044
4272 1859
4273 1581
4274 1910
4275 2063
4276 1462
4277 1899
4278 1688
4279 1768
4280 1938
4281 1978
4282 1940
4283 1682
4284 1642
4285 1997
4286 2097
4287 2036
4288 1903
4289 1967
4290 1898
4291 1940
4292 2057
4293 1600
4294 1701
4295 1957
4296 1599
4297 1837
4298 2051
4299 1984
4300 1926
4301 1832
4302 1962
4303 1917
4304 1906
4305 1849
4306 1454
4307 1648
4308 1795
4309 1754
4310 1597
4311 1825
4312 2130
4313 1637
4314 1789
4315 1904
4316 1915
4317 1965
4318 1719
4319 1950
4320 1978
4321 1630
4322 1443
4323 1782
4324 2057
4325 1769
4326 1550
4327 1631
4328 1910
4329 1713
4330 1933
4331 1420
4332 1599
4333 2049
4334 2099
4335 1728
4336 1870
4337 1654
4338 1686
4339 1452
4340 1660
4341 1735
4342 1811
4343 1798
4344 1877
4345 1832
4346 1774
4347 1857
4348 1892
4349 1762
4350 1738
4351 1870
4352 1381
4353 1752
4354 1903
4355 1616
4356 1680
4357 1884
4358 1625
4359 2066
4360 1888
4361 1679
4362 2116
4363 2094
4364 1843
4365 1865
4366 1870
4367 1881
4368 2000
4369 1878
4370 1675
4371 2013
4372 1989
4373 1860
4374 1705
4375 1863
4376 2062
4377 1780
4378 1641
4379 2119
4380 1722
4381 1849
4382 1932
4383 1683
4384 1761
4385 1953
4386 1853
4387 2079
4388 1836
4389 2085
4390 1861
4391 1784
4392 1745
4393 1901
4394 1793
4395 1902
4396 1755
4397 2000
4398 1688
4399 2108
4400 1656
4401 1835
4402 1559
4403 1672
4404 2043
4405 1989
4406 1820
4407 1654
4408 1913
4409 1953
4410 1974
4411 1969
4412 2155
4413 2071
4414 1686
4415 1837
4416 1881
4417 1902
4418 1785
4419 1798
4420 1813
4421 2041
4422 1859
4423 1857
4424 1625
4425 1787
4426 1919
4427 1591
4428 1738
4429 1685
4430 1903
4431 2157
4432 1888
4433 1746
4434 1969
4435 1699
4436 1493
4437 1929
4438 1994
4439 1854
4440 1725
4441 1854
4442 1946
4443 2008
4444 1941
4445 1801
4446 1975
4447 1934
4448 2220
4449 2029
4450 1974
4451 1653
4452 1834
4453 1805
4454 1735
4455 1795
4456 1787
4457 1906
4458 1847
4459 2068
4460 1972
4461 1954
4462 1909
4463 1710
4464 2140
4465 1731
4466 1961
4467 1831
4468 1885
4469 1701
4470 2136
4471 1677
4472 1620
4473 1781
4474 1672
4475 1665
4476 1821
4477 1712
4478 1640
4479 1717
4480 1910
4481 1759
4482 1850
4483 2046
4484 1874
4485 1944
4486 1943
4487 1587
4488 1936
4489 1973
4490 2156
4491 1586
4492 1749
4493 1816
4494 2044
4495 1490
4496 1795
4497 1949
4498 1577
4499 1750
4500 1662
4501 1720
4502 1878
4503 2005
4504 1453
4505 1633
4506 1899
4507 1922
4508 1707
4509 1686
4510 1929
4511 1978
4512 1693
4513 1958
4514 1990
4515 1880
4516 1771
4517 1869
4518 2210
4519 2130
4520 1699
4521 1854
4522 1568
4523 1472
4524 1753
4525 1834
4526 1912
4527 1620
4528 1959
4529 1699
4530 1987
4531 2032
4532 1827
4533 1860
4534 1697
4535 1889
4536 1907
4537 1873
4538 1721
4539 1902
4540 1641
4541 1763
4542 1915
4543 1866
4544 1953
4545 1835
4546 1937
4547 1742
4548 1844
4549 1666
4550 1896
4551 1916
4552 1467
4553 2022
4554 1690
4555 1660
4556 1799
4557 1692
4558 1719
4559 1593
4560 1639
4561 1784
4562 1715
4563 1762
4564 1860
4565 1603
4566 2190
4567 1701
4568 2115
4569 1958
4570 1514
4571 1841
4572 1894
4573 1658
4574 1812
4575 1766
4576 1945
4577 1899
4578 1850
4579 1877
4580 1913
4581 1910
4582 1732
4583 1880
4584 1807
4585 2108
4586 1813
4587 1854
4588 1781
4589 1865
4590 1826
4591 1914
4592 1545
4593 1583
4594 1801
4595 1423
4596 1480
4597 1649
4598 1789
4599 1774
4600 1812
4601 1753
4602 1777
4603 1591
4604 2036
4605 1952
4606 1842
4607 1730
4608 1754
4609 1878
4610 1496
4611 1594
4612 1819
4613 1918
4614 1859
4615 1920
4616 2105
4617 1815
4618 1995
4619 1433
4620 1931
4621 1626
4622 2137
4623 1888
4624 1798
4625 2010
4626 1743
4627 1781
4628 1765
4629 1485
4630 1736
4631 1754
4632 1860
4633 1659
4634 1784
4635 1621
4636 1844
4637 1830
4638 1899
4639 1798
4640 2008
4641 1600
4642 1894
4643 1708
4644 1800
4645 1951
4646 1943
4647 1742
4648 1950
4649 1827
4650 1868
4651 1826
4652 1811
4653 1740
4654 1845
4655 1829
4656 1877
4657 1557
4658 1905
4659 1722
4660 1789
4661 1751
4662 1838
4663 1786
4664 1618
4665 1637
4666 1635
4667 1668
4668 1949
4669 1878
4670 1803
4671 1804
4672 2129
4673 1745
4674 1449
4675 1268
4676 1506
4677 2069
4678 1797
4679 2030
4680 2076
4681 1570
4682 1849
4683 1870
4684 1910
4685 1760
4686 1946
4687 1914
4688 1740
4689 1749
4690 1614
4691 2007
4692 1869
4693 1871
4694 1793
4695 2093
4696 1637
4697 1792
4698 1762
4699 2059
4700 1795
4701 1768
4702 1924
4703 2030
4704 2109
4705 2038
4706 1704
4707 2007
4708 2025
4709 1990
4710 1914
4711 1614
4712 1492
4713 1764
4714 1883
4715 1632
4716 1968
4717 1837
4718 1589
4719 1628
4720 1916
4721 1942
4722 1882
4723 1728
4724 1946
4725 1671
4726 1795
4727 2065
4728 1946
4729 1994
4730 2069
4731 1887
4732 1944
4733 1876
4734 1794
4735 1888
4736 1676
4737 1852
4738 1760
4739 1847
4740 2067
4741 1999
4742 1827
4743 1728
4744 1843
4745 1819
4746 1864
4747 1698
4748 1832
4749 1735
4750 1983
4751 1828
4752 1461
4753 1948
4754 1905
4755 1684
4756 1809
4757 1566
4758 1832
4759 1840
4760 1929
4761 1761
4762 1971
4763 1740
4764 1660
4765 1858
4766 1855
4767 1965
4768 2059
4769 1978
4770 1939
4771 1727
4772 2008
4773 1782
4774 2111
4775 2018
4776 1786
4777 1649
4778 1686
4779 1879
4780 1941
4781 1942
4782 1801
4783 1910
4784 1899
4785 1875
4786 1835
4787 1818
4788 1938
4789 1923
4790 2035
4791 1879
4792 1572
4793 2031
4794 1973
4795 1652
4796 1906
4797 1870
4798 1789
4799 2046
4800 1948
4801 1569
4802 1498
4803 2091
4804 1756
4805 2175
4806 1720
4807 1838
4808 2197
4809 1870
4810 1874
4811 1532
4812 1910
4813 1781
4814 2143
4815 1911
4816 1527
4817 1780
4818 1809
4819 1961
4820 1797
4821 1680
4822 1694
4823 1908
4824 1740
4825 1791
4826 1906
4827 1953
4828 1903
4829 1847
4830 1949
4831 1780
4832 1639
4833 1791
4834 1938
4835 1818
4836 2054
4837 1939
4838 1960
4839 1966
4840 1775
4841 2005
4842 1615
4843 1709
4844 1846
4845 1454
4846 1879
4847 1833
4848 1641
4849 1637
4850 1887
4851 1683
4852 1716
4853 1884
4854 1807
4855 1729
4856 1742
4857 1775
4858 1919
4859 1751
4860 1874
4861 1779
4862 2165
4863 1811
4864 1692
4865 1859
4866 1792
4867 1836
4868 1483
4869 1713
4870 1962
4871 1680
4872 1545
4873 1968
4874 1969
4875 2161
4876 1754
4877 1682
4878 1787
4879 1670
4880 1782
4881 1777
4882 1976
4883 1996
4884 1799
4885 1917
4886 1959
4887 1933
4888 1995
4889 1942
4890 1857
4891 1832
4892 1975
4893 1858
4894 1872
4895 1599
4896 1926
4897 1882
4898 1977
4899 1963
4900 1965
4901 1861
4902 1798
4903 1945
4904 1858
4905 1735
4906 1996
4907 1989
4908 1941
4909 1922
4910 1866
4911 2026
4912 1928
4913 1723
4914 2015
4915 1643
4916 1818
4917 1960
4918 1606
4919 1972
4920 1929
4921 1819
4922 1960
4923 1574
4924 1533
4925 1706
4926 1767
4927 1795
4928 1628
4929 1930
4930 1767
4931 1957
4932 1614
4933 1975
4934 1905
4935 1613
4936 1725
4937 2085
4938 2032
4939 1663
4940 1896
4941 1815
4942 1879
4943 1778
4944 1934
4945 1877
4946 1905
4947 1830
4948 1667
4949 1999
4950 2019
4951 1924
4952 2204
4953 1963
4954 1857
4955 1989
4956 1624
4957 1854
4958 1643
4959 1492
4960 1822
4961 1819
4962 1910
4963 1859
4964 1996
4965 2029
4966 1896
4967 1895
4968 2034
4969 1758
4970 1831
4971 1896
4972 1868
4973 1696
4974 1959
4975 1847
4976 1915
4977 1899
4978 1706
4979 1734
4980 1805
4981 1695
4982 1879
4983 1807
4984 1502
4985 1568
4986 1800
4987 1904
4988 1794
4989 1763
4990 2064
4991 1817
4992 1846
4993 1865
4994 2007
4995 1836
4996 1732
4997 1688
4998 1786
4999 1691
5000 1742
5001 1952
5002 1801
5003 1543
5004 1695
5005 1858
5006 1796
5007 2041
5008 1726
5009 1717
5010 1806
5011 1858
5012 2038
5013 1663
5014 1638
5015 1888
5016 1913
5017 1896
5018 1999
5019 2017
5020 1861
5021 1703
5022 1833
5023 1880
5024 1722
5025 2064
5026 2202
5027 1788
5028 1922
5029 1586
5030 2006
5031 1600
5032 1856
5033 1886
5034 1592
5035 2045
5036 2049
5037 1657
5038 1892
5039 1788
5040 1545
5041 1878
5042 1801
5043 1734
5044 1878
5045 1621
5046 1702
5047 1709
5048 1955
5049 1590
5050 1641
5051 1998
5052 1817
5053 1767
5054 1878
5055 1802
5056 1547
5057 2248
5058 1884
5059 1713
5060 1766
5061 1852
5062 1645
5063 2025
5064 2067
5065 1996
5066 1881
5067 1571
5068 1589
5069 1541
5070 1756
5071 1794
5072 1837
5073 1997
5074 1864
5075 1805
5076 1774
5077 1874
5078 1834
5079 1979
5080 1925
5081 1880
5082 1803
5083 1700
5084 1966
5085 1598
5086 1538
5087 1771
5088 1900
5089 1747
5090 1929
5091 1599
5092 2078
5093 1743
5094 1852
5095 1671
5096 1732
5097 2086
5098 1633
5099 1855
5100 1936
5101 1851
5102 1840
5103 1596
5104 1806
5105 1706
5106 2122
5107 1905
5108 1676
5109 1805
5110 1734
5111 1743
5112 1959
5113 1795
5114 2152
5115 1858
5116 1687
5117 1772
5118 1801
5119 1881
5120 1766
5121 1716
5122 2128
5123 1830
5124 1688
5125 1513
5126 1796
5127 1732
5128 2069
5129 1798
5130 1972
5131 1706
5132 1843
5133 1641
5134 1679
5135 1703
5136 1800
5137 1997
5138 1811
5139 1550
5140 1962
5141 1954
5142 1947
5143 1698
5144 1922
5145 1934
5146 1710
5147 1834
5148 1911
5149 1755
5150 1821
5151 1732
5152 1768
5153 1978
5154 1772
5155 1783
5156 1794
5157 1837
5158 1608
5159 1747
5160 1881
5161 1941
5162 1725
5163 2269
5164 1864
5165 1997
5166 1712
5167 1683
5168 1960
5169 1783
5170 1979
5171 2089
5172 1885
5173 1902
5174 1644
5175 1942
5176 1853
5177 1951
5178 1896
5179 1784
5180 1560
5181 1737
5182 1727
5183 1899
5184 1817
5185 2091
5186 1641
5187 1644
5188 1828
5189 1755
5190 1930
5191 1828
5192 2217
5193 2050
5194 1596
5195 1772
5196 1821
5197 2026
5198 1745
5199 1858
5200 1889
5201 1873
5202 1718
5203 1764
5204 1709
5205 1977
5206 1768
5207 1529
5208 1569
5209 1947
5210 1859
5211 1885
5212 1907
5213 1695
5214 2179
5215 2012
5216 1770
5217 1935
5218 1667
5219 1954
5220 1918
5221 1987
5222 1949
5223 2006
5224 1690
5225 1856
5226 1850
5227 1895
5228 1919
5229 1915
5230 2022
5231 1666
5232 1612
5233 1937
5234 1885
5235 2154
5236 1759
5237 1839
5238 1932
5239 2108
5240 1765
5241 2019
5242 1622
5243 1676
5244 1706
5245 1517
5246 1793
5247 1787
5248 1733
5249 1646
5250 1885
5251 1929
5252 2075
5253 2005
5254 1854
5255 1939
5256 2001
5257 1922
5258 1743
5259 1640
5260 1970
5261 1759
5262 1557
5263 1732
5264 1640
5265 1879
5266 2079
5267 1877
5268 1770
5269 1787
5270 1887
5271 1841
5272 2007
5273 1829
5274 1918
5275 1861
5276 1970
5277 1478
5278 1839
5279 1576
5280 2021
5281 1821
5282 1973
5283 1720
5284 1687
5285 1986
5286 1776
5287 1896
5288 1667
5289 1795
5290 1854
5291 1835
5292 1751
5293 1453
5294 1936
5295 1848
5296 1873
5297 2011
5298 1727
5299 2046
5300 1548
5301 1743
5302 1960
5303 1641
5304 1931
5305 1879
5306 2081
5307 1988
5308 2020
5309 1984
5310 1810
5311 1961
5312 1996
5313 1894
5314 1867
5315 2043
5316 1906
5317 1932
5318 1792
5319 1796
5320 1999
5321 1873
5322 2120
5323 1665
5324 1841
5325 1749
5326 2012
5327 1678
5328 1705
5329 1729
5330 1982
5331 1576
5332 1775
5333 1792
5334 1729
5335 1978
5336 1963
5337 1382
5338 1726
5339 2020
5340 1813
5341 1827
5342 1740
5343 1854
5344 1917
5345 1877
5346 2037
5347 1756
5348 2006
5349 1652
5350 1931
5351 1845
5352 2126
5353 1699
5354 1925
5355 1648
5356 1523
5357 1824
5358 1859
5359 1543
5360 1466
5361 1836
5362 1861
5363 1905
5364 2042
5365 1816
5366 1904
5367 1721
5368 1279
5369 1953
5370 1835
5371 1701
5372 1825
5373 1906
5374 1906
5375 1789
5376 1645
5377 1804
5378 1934
5379 1436
5380 1750
5381 2081
5382 1703
5383 2031
5384 1860
5385 1902
5386 1776
5387 1805
5388 1924
5389 1630
5390 1792
5391 1949
5392 1656
5393 1882
5394 1583
5395 1831
5396 1859
5397 1832
5398 1674
5399 1555
5400 1657
5401 1750
5402 1769
5403 1724
5404 2004
5405 1863
5406 1728
5407 1876
5408 2138
5409 1684
5410 1891
5411 1784
5412 1885
5413 1874
5414 1854
5415 1865
5416 2008
5417 1817
5418 2104
5419 1969
5420 1843
5421 1658
5422 2154
5423 1814
5424 1974
5425 2037
5426 1747
5427 2000
5428 1918
5429 2007
5430 1820
5431 1899
5432 1641
5433 1628
5434 1857
5435 1758
5436 1954
5437 1839
5438 1762
5439 1532
5440 1616
5441 1770
5442 1778
5443 1859
5444 1984
5445 1967
5446 1930
5447 1929
5448 1743
5449 1717
5450 1731
5451 1922
5452 1498
5453 1551
5454 1896
5455 1842
5456 1879
5457 1683
5458 1905
5459 1904
5460 1641
5461 1819
5462 1953
5463 1973
5464 1824
5465 1760
5466 1928
5467 1535
5468 1819
5469 1922
5470 1812
5471 1882
5472 1838
5473 1892
5474 1705
5475 1886
5476 1806
5477 1882
5478 1908
5479 1849
5480 1990
5481 1687
5482 1931
5483 1990
5484 1872
5485 2045
5486 2197
5487 1739
5488 1785
5489 1920
5490 2031
5491 1909
5492 1955
5493 1865
5494 1833
5495 1927
5496 1929
5497 1921
5498 1583
5499 1869
5500 1822
5501 1979
5502 1571
5503 1866
5504 1737
5505 1983
5506 1809
5507 1834
5508 1620
5509 1651
5510 1745
5511 1693
5512 1982
5513 1768
5514 1773
5515 1841
5516 1363
5517 1891
5518 1651
5519 1718
5520 1894
5521 1585
5522 1912
5523 1820
5524 1943
5525 1892
5526 1504
5527 1902
5528 1841
5529 2016
5530 1955
5531 1953
5532 1671
5533 1843
5534 1959
5535 1823
5536 1868
5537 2063
5538 1939
5539 1472
5540 1709
5541 1731
5542 1557
5543 1855
5544 1764
5545 1734
5546 1706
5547 1805
5548 1997
5549 1671
5550 2003
5551 1766
5552 1696
5553 2130
5554 1262
5555 1832
5556 1619
5557 2042
5558 1906
5559 1966
5560 1965
5561 1762
5562 2019
5563 1945
5564 1402
5565 1485
5566 1835
5567 1882
5568 2006
5569 1712
5570 1712
5571 1846
5572 1765
5573 1941
5574 1789
5575 1983
5576 2050
5577 1460
5578 1773
5579 1961
5580 1755
5581 1911
5582 1779
5583 1782
5584 2013
5585 1946
5586 1838
5587 2015
5588 1941
5589 1698
5590 1949
5591 1877
5592 1910
5593 1937
5594 1647
5595 2075
5596 1807
5597 2068
5598 1909
5599 1938
5600 2196
5601 1899
5602 1683
5603 1576
5604 1774
5605 1754
5606 1891
5607 1904
5608 1784
5609 1733
5610 2011
5611 1778
5612 1861
5613 1721
5614 2000
5615 1923
5616 2022
5617 1766
5618 1954
5619 2086
5620 1701
5621 1849
5622 1736
5623 2011
5624 2030
5625 1948
5626 1999
5627 1809
5628 1947
5629 1502
5630 1688
5631 1585
5632 1806
5633 1688
5634 1650
5635 1684
5636 1992
5637 2055
5638 1777
5639 2032
5640 2055
5641 1925
5642 1936
5643 1490
5644 1943
5645 1945
5646 2064
5647 2057
5648 1860
5649 1957
5650 2262
5651 1878
5652 1948
5653 2040
5654 2081
5655 1856
5656 1665
5657 1900
5658 1792
5659 1664
5660 1817
5661 1982
5662 1491
5663 1770
5664 1571
5665 1732
5666 1811
5667 1757
5668 1773
5669 1908
5670 1789
5671 1709
5672 1930
5673 1690
5674 2039
5675 1906
5676 1809
5677 2073
5678 1666
5679 1791
5680 1887
5681 1875
5682 1746
5683 2046
5684 2042
5685 1997
5686 1560
5687 1975
5688 1650
5689 1368
5690 1699
5691 1695
5692 2027
5693 1887
5694 1961
5695 1519
5696 1698
5697 1791
5698 1736
5699 1999
5700 2041
5701 1806
5702 1843
5703 1623
5704 1869
5705 1711
5706 1870
5707 1675
5708 1964
5709 1715
5710 1713
5711 2022
5712 1687
5713 1999
5714 1738
5715 1939
5716 1973
5717 1849
5718 1997
5719 1778
5720 1725
5721 1667
5722 1864
5723 1778
5724 1922
5725 1891
5726 1786
5727 1577
5728 1765
5729 1795
5730 1896
5731 1921
5732 2006
5733 2003
5734 1708
5735 1832
5736 1712
5737 2155
5738 1871
5739 1787
5740 1925
5741 2245
5742 1988
5743 1873
5744 1870
5745 2014
5746 2000
5747 1789
5748 1452
5749 1643
5750 1768
5751 1346
5752 1751
5753 1557
5754 1736
5755 1813
5756 1954
5757 1677
5758 1947
5759 1908
5760 1929
5761 1628
5762 1805
5763 1715
5764 1999
5765 1845
5766 1829
5767 1860
5768 1688
5769 1849
5770 2049
5771 2067
5772 1796
5773 1885
5774 2079
5775 1685
5776 1698
5777 1704
5778 1881
5779 1898
5780 1644
5781 1613
5782 1689
5783 2209
5784 1693
5785 1750
5786 1774
5787 1652
5788 1971
5789 1739
5790 1685
5791 1826
5792 1944
5793 1867
5794 1791
5795 1488
5796 1910
5797 1882
5798 1645
5799 1957
5800 1656
5801 1879
5802 1751
5803 1789
5804 1871
5805 1634
5806 1738
5807 1848
5808 1945
5809 2018
5810 1946
5811 1576
5812 1759
5813 1891
5814 2049
5815 1856
5816 2032
5817 1658
5818 1611
5819 2064
5820 1971
5821 2023
5822 1738
5823 1994
5824 1771
5825 2006
5826 1722
5827 1627
5828 1738
5829 2082
5830 1741
5831 1945
5832 1601
5833 1666
5834 1832
5835 2207
5836 1804
5837 1813
5838 1868
5839 1655
5840 1803
5841 1981
5842 1497
5843 1950
5844 1783
5845 1837
5846 1941
5847 1756
5848 2146
5849 1655
5850 1859
5851 1763
5852 1977
5853 1729
5854 1767
5855 2088
5856 1934
5857 1998
5858 1924
5859 1888
5860 1994
5861 1521
5862 1825
5863 1730
5864 1888
5865 1998
5866 1755
5867 1894
5868 1641
5869 1998
5870 1690
5871 1886
5872 1698
5873 1723
5874 1817
5875 1430
5876 1443
5877 1971
5878 1870
5879 1888
5880 1608
5881 1749
5882 1905
5883 1672
5884 1707
5885 2073
5886 1818
5887 1959
5888 1989
5889 1947
5890 1703
5891 1888
5892 1916
5893 1790
5894 1833
5895 1945
5896 1892
5897 1913
5898 1908
5899 1734
5900 1583
5901 2087
5902 1895
5903 1743
5904 1770
5905 1848
5906 1846
5907 2021
5908 1854
5909 1823
5910 1852
5911 1746
5912 1697
5913 1884
5914 1681
5915 1499
5916 1817
5917 1983
5918 1566
5919 1710
5920 1869
5921 2026
5922 1538
5923 1754
5924 1738
5925 1910
5926 1693
5927 2077
5928 1755
5929 1876
5930 1793
5931 1905
5932 1818
5933 1970
5934 1729
5935 1733
5936 1919
5937 1978
5938 1737
5939 1954
5940 1959
5941 1615
5942 1642
5943 1838
5944 1910
5945 1563
5946 1737
5947 1939
5948 1892
5949 1783
5950 1727
5951 1787
5952 1790
5953 1867
5954 1740
5955 1771
5956 1605
5957 1965
5958 1920
5959 2013
5960 1979
5961 1941
5962 2129
5963 1946
5964 1810
5965 2045
5966 1799
5967 1898
5968 1739
5969 1721
5970 1803
5971 1873
5972 2067
5973 1725
5974 1938
5975 1853
5976 1690
5977 1721
5978 1874
5979 1901
5980 1935
5981 1777
5982 2064
5983 2038
5984 1881
5985 1927
5986 1809
5987 1852
5988 1734
5989 1438
5990 1831
5991 1952
5992 1784
5993 1663
5994 1979
5995 1792
5996 1805
5997 1627
5998 1952
5999 1833
6000 1769
6001 1881
6002 2076
6003 1903
6004 1999
6005 1980
6006 1890
6007 1952
6008 1552
6009 1527
6010 1778
6011 1840
6012 2108
6013 2065
6014 1818
6015 1917
6016 1860
6017 1486
6018 1645
6019 2101
6020 1858
6021 2060
6022 1655
6023 1943
6024 2035
6025 2043
6026 1687
6027 1795
6028 1816
6029 2007
6030 1733
6031 1667
6032 1911
6033 1799
6034 1741
6035 1869
6036 1862
6037 1959
6038 1595
6039 1811
6040 1926
6041 1743
6042 1802
6043 1815
6044 1932
6045 1625
6046 1924
6047 1768
6048 1482
6049 1792
6050 1913
6051 1980
6052 2040
6053 1764
6054 1856
6055 1796
6056 1775
6057 1718
6058 1754
6059 1928
6060 1692
6061 1689
6062 1666
6063 1687
6064 1686
6065 1775
6066 1932
6067 1682
6068 1807
6069 1703
6070 1997
6071 1918
6072 1775
6073 1714
6074 1876
6075 1738
6076 1942
6077 1980
6078 1654
6079 2020
6080 1916
6081 1924
6082 2020
6083 2064
6084 1949
6085 1891
6086 2067
6087 1687
6088 1731
6089 1811
6090 1639
6091 1841
6092 1942
6093 1646
6094 1921
6095 1818
6096 1772
6097 1928
6098 1985
6099 1809
6100 1603
6101 1805
6102 1703
6103 1889
6104 1863
6105 1929
6106 1728
6107 1910
6108 1756
6109 1731
6110 1900
6111 2054
6112 2031
6113 1752
6114 1933
6115 1896
6116 1482
6117 1663
6118 1513
6119 2012
6120 1845
6121 1726
6122 1637
6123 1970
6124 2162
6125 2062
6126 2138
6127 1917
6128 1946
6129 1932
6130 1661
6131 1726
6132 1980
6133 1873
6134 1938
6135 1889
6136 1856
6137 1935
6138 1904
6139 1810
6140 1861
6141 1974
6142 1772
6143 1537
6144 1644
6145 1715
6146 1964
6147 1821
6148 1709
6149 1690
6150 1674
6151 1932
6152 2093
6153 1936
6154 1957
6155 2063
6156 1708
6157 1649
6158 1887
6159 1942
6160 1592
6161 1644
6162 1924
6163 1833
6164 1830
6165 1644
6166 1854
6167 1615
6168 1782
6169 1797
6170 1767
6171 1588
6172 2087
6173 1939
6174 1854
6175 2078
6176 1616
6177 1737
6178 1946
6179 1864
6180 1833
6181 1931
6182 1949
6183 1657
6184 2142
6185 1776
6186 2081
6187 1696
6188 1649
6189 1794
6190 1961
6191 1677
6192 1938
6193 1888
6194 1901
6195 1946
6196 2029
6197 1833
6198 1950
6199 1709
6200 2127
6201 1691
6202 2005
6203 1989
6204 1587
6205 1744
6206 1706
6207 1908
6208 1624
6209 1653
6210 2058
6211 1808
6212 1616
6213 1847
6214 1936
6215 1986
6216 2021
6217 1783
6218 1853
6219 1807
6220 2102
6221 2032
6222 1771
6223 1908
6224 1944
6225 1893
6226 1743
6227 1876
6228 1880
6229 1870
6230 1770
6231 1597
6232 1752
6233 1529
6234 1937
6235 2134
6236 2061
6237 1908
6238 1696
6239 1827
6240 1485
6241 2090
6242 1735
6243 1992
6244 1509
6245 1933
6246 1796
6247 1714
6248 1694
6249 1884
6250 1822
6251 1884
6252 1797
6253 1749
6254 1991
6255 2138
6256 2045
6257 1738
6258 1675
6259 1924
6260 1976
6261 1947
6262 1970
6263 1851
6264 1904
6265 2060
6266 1992
6267 1673
6268 1818
6269 1785
6270 1914
6271 1605
6272 1837
6273 1980
6274 1757
6275 2013
6276 1846
6277 1815
6278 1894
6279 1858
6280 1571
6281 1889
6282 2045
6283 1850
6284 1727
6285 1646
6286 1842
6287 1900
6288 1806
6289 1494
6290 1777
6291 1669
6292 2154
6293 1706
6294 2161
6295 1859
6296 1872
6297 1998
6298 1932
6299 1746
6300 1701
6301 1822
6302 1929
6303 1615
6304 1418
6305 1901
6306 1680
6307 1721
6308 1948
6309 2005
6310 1878
6311 1939
6312 1881
6313 2040
6314 1676
6315 1886
6316 1820
6317 1847
6318 1965
6319 2052
6320 1842
6321 1587
6322 1989
6323 1974
6324 1753
6325 1689
6326 1887
6327 1692
6328 1979
6329 1862
6330 1998
6331 1791
6332 1765
6333 2029
6334 1957
6335 1887
6336 1808
6337 1884
6338 1857
6339 1868
6340 2017
6341 1830
6342 1680
6343 1757
6344 1561
6345 1580
6346 1813
6347 1699
6348 1840
6349 1786
6350 1773
6351 1912
6352 2030
6353 1974
6354 1742
6355 1976
6356 2000
6357 1676
6358 1802
6359 1725
6360 1946
6361 1821
6362 1839
6363 1743
6364 2067
6365 1876
6366 2040
6367 1824
6368 1891
6369 1889
6370 1920
6371 1885
6372 2048
6373 1804
6374 1776
6375 2032
6376 1861
6377 1777
6378 1896
6379 2014
6380 1919
6381 1820
6382 2027
6383 1856
6384 1948
6385 1742
6386 1759
6387 1958
6388 1880
6389 2066
6390 1837
6391 1571
6392 1990
6393 2101
6394 1798
6395 1857
6396 1758
6397 1966
6398 1878
6399 1785
6400 1828
6401 1803
6402 1741
6403 1865
6404 1642
6405 1865
6406 1850
6407 2113
6408 1937
6409 1898
6410 1886
6411 1749
6412 2003
6413 1675
6414 1863
6415 1860
6416 2040
6417 1918
6418 1843
6419 1887
6420 1850
6421 1849
6422 2112
6423 1922
6424 1656
6425 1811
6426 2063
6427 1870
6428 1731
6429 1486
6430 1766
6431 1928
6432 1954
6433 1630
6434 1789
6435 1964
6436 1897
6437 1836
6438 2035
6439 1773
6440 1844
6441 2033
6442 1736
6443 1946
6444 1784
6445 1713
6446 2119
6447 2123
6448 1719
6449 1428
6450 1829
6451 1937
6452 1616
6453 1773
6454 1917
6455 1905
6456 1925
6457 1948
6458 1980
6459 1750
6460 2021
6461 1937
6462 1870
6463 1818
6464 1758
6465 2146
6466 1795
6467 1465
6468 1977
6469 1963
6470 1548
6471 1878
6472 2229
6473 2029
6474 1888
6475 1841
6476 1516
6477 1752
6478 1570
6479 1695
6480 2049
6481 1957
6482 1834
6483 1552
6484 1603
6485 1772
6486 1968
6487 1773
6488 1739
6489 1821
6490 1675
6491 1653
6492 1337
6493 1859
6494 1856
6495 1763
6496 2025
6497 1602
6498 2020
6499 1833
6500 1901
6501 1716
6502 1611
6503 1881
6504 1666
6505 1856
6506 1992
6507 1842
6508 2158
6509 1896
6510 1977
6511 1969
6512 1785
6513 2024
6514 1947
6515 1935
6516 2007
6517 1485
6518 1650
6519 1851
6520 1846
6521 1872
6522 2115
6523 1685
6524 1765
6525 1850
6526 1726
6527 1858
6528 2153
6529 2016
6530 1448
6531 1857
6532 1641
6533 1688
6534 1812
6535 1711
6536 1983
6537 1896
6538 1848
6539 1912
6540 1852
6541 1696
6542 1843
6543 1924
6544 1735
6545 1662
6546 1895
6547 1732
6548 1917
6549 1763
6550 1876
6551 1903
6552 2056
6553 1732
6554 1806
6555 1940
6556 1801
6557 1575
6558 1816
6559 1834
6560 1603
6561 1951
6562 1719
6563 1640
6564 1972
6565 1815
6566 1544
6567 1747
6568 1885
6569 1751
6570 1654
6571 1922
6572 1692
6573 1835
6574 1658
6575 1997
6576 1743
6577 1961
6578 1923
6579 1871
6580 1467
6581 1678
6582 1669
6583 1865
6584 1878
6585 1645
6586 2034
6587 1788
6588 1890
6589 1723
6590 2056
6591 1853
6592 2220
6593 1873
6594 1892
6595 2033
6596 1767
6597 1914
6598 1818
6599 1742
6600 1802
6601 1866
6602 2062
6603 1527
6604 2083
6605 1947
6606 1737
6607 2051
6608 1674
6609 1743
6610 1858
6611 1946
6612 2019
6613 1538
6614 2008
6615 1589
6616 1749
6617 1890
6618 1975
6619 1934
6620 1710
6621 2057
6622 1812
6623 1804
6624 2100
6625 1627
6626 1738
6627 1871
6628 1855
6629 2023
6630 1983
6631 1786
6632 1734
6633 1972
6634 1636
6635 1909
6636 1693
6637 1907
6638 1598
6639 1885
6640 1866
6641 1818
6642 1872
6643 1852
6644 1444
6645 1919
6646 1799
6647 1916
6648 1891
6649 1896
6650 1532
6651 2013
6652 1524
6653 1523
6654 1931
6655 1866
6656 1942
6657 1812
6658 1807
6659 1859
6660 1824
6661 1812
6662 1822
6663 2008
6664 1815
6665 1886
6666 2003
6667 2054
6668 1495
6669 1943
6670 1734
6671 1706
6672 1746
6673 1628
6674 1861
6675 1679
6676 1637
6677 1559
6678 1650
6679 1715
6680 1877
6681 1719
6682 2014
6683 1675
6684 1860
6685 1909
6686 1842
6687 1843
6688 1889
6689 1909
6690 1822
6691 1875
6692 2037
6693 1748
6694 1697
6695 2100
6696 1827
6697 1957
6698 1742
6699 1752
6700 1912
6701 1908
6702 1299
6703 1912
6704 1588
6705 1907
6706 1759
6707 1989
6708 1824
6709 1919
6710 1702
6711 1527
6712 1794
6713 1695
6714 1668
6715 1886
6716 2048
6717 1845
6718 1840
6719 1967
6720 1707
6721 1795
6722 1594
6723 2020
6724 1748
6725 1835
6726 1836
6727 1995
6728 1713
6729 2056
6730 1801
6731 1944
6732 1983
6733 1860
6734 1895
6735 2014
6736 1735
6737 1752
6738 1783
6739 1996
6740 2135
6741 2152
6742 1763
6743 2068
6744 1951
6745 2019
6746 1858
6747 1585
6748 1791
6749 1825
6750 1842
6751 1734
6752 1748
6753 1683
6754 1812
6755 1693
6756 1745
6757 1318
6758 1783
6759 1779
6760 1721
6761 1892
6762 1773
6763 1985
6764 1719
6765 1897
6766 1808
6767 1996
6768 1842
6769 1991
6770 1935
6771 1698
6772 2141
6773 1943
6774 1964
6775 1826
6776 2130
6777 1883
6778 1895
6779 2021
6780 2209
6781 1747
6782 1539
6783 1793
6784 1910
6785 1743
6786 1495
6787 1789
6788 2057
6789 1717
6790 1946
6791 1908
6792 1668
6793 1693
6794 1693
6795 1572
6796 1798
6797 2042
6798 1822
6799 1883
6800 1913
6801 1779
6802 1848
6803 1985
6804 1678
6805 1855
6806 1838
6807 1388
6808 1981
6809 1666
6810 1678
6811 1706
6812 1686
6813 1878
6814 2006
6815 1909
6816 2056
6817 1817
6818 1918
6819 1743
6820 1959
6821 1702
6822 1550
6823 1644
6824 1761
6825 1958
6826 1820
6827 1652
6828 1753
6829 1774
6830 1907
6831 1874
6832 1678
6833 2220
6834 1644
6835 2087
6836 1750
6837 1469
6838 1765
6839 1910
6840 1854
6841 2042
6842 1986
6843 1783
6844 2055
6845 1550
6846 1872
6847 1513
6848 1853
6849 1806
6850 1673
6851 1567
6852 1735
6853 1701
6854 1877
6855 1914
6856 2080
6857 1993
6858 1945
6859 1936
6860 1759
6861 1680
6862 1952
6863 1903
6864 1876
6865 1812
6866 1955
6867 1656
6868 1706
6869 1813
6870 1948
6871 1345
6872 1898
6873 2067
6874 1621
6875 1751
6876 1891
6877 1732
6878 1581
6879 1980
6880 1917
6881 1965
6882 1865
6883 2024
6884 1749
6885 1719
6886 1872
6887 1769
6888 1832
6889 1826
6890 1630
6891 1665
6892 1803
6893 1719
6894 1963
6895 1824
6896 1873
6897 1754
6898 1750
6899 1632
6900 1794
6901 1667
6902 2033
6903 1715
6904 1791
6905 2080
6906 1924
6907 2179
6908 1671
6909 2124
6910 1701
6911 1687
6912 1990
6913 1800
6914 1848
6915 1896
6916 1722
6917 1937
6918 1680
6919 1990
6920 1929
6921 1863
6922 1959
6923 1735
6924 1951
6925 1785
6926 1987
6927 1599
6928 1824
6929 1827
6930 1940
6931 2067
6932 1782
6933 2010
6934 1966
6935 1502
6936 1690
6937 1874
6938 1581
6939 1684
6940 1914
6941 1574
6942 1659
6943 1822
6944 1635
6945 1806
6946 1799
6947 1889
6948 1981
6949 1860
6950 1756
6951 1968
6952 1766
6953 2069
6954 1931
6955 1777
6956 1790
6957 1752
6958 1755
6959 1704
6960 1764
6961 1774
6962 1353
6963 1784
6964 1777
6965 1675
6966 1844
6967 1829
6968 1865
6969 1620
6970 1658
6971 1858
6972 1855
6973 1945
6974 1829
6975 1840
6976 1756
6977 1629
6978 1796
6979 1859
6980 1830
6981 1994
6982 1958
6983 1876
6984 1991
6985 1787
6986 1651
6987 1829
6988 2008
6989 1854
6990 1888
6991 1927
6992 1913
6993 2019
6994 1818
6995 1799
6996 1747
6997 1976
6998 1567
6999 1871
7000 2033
7001 1698
7002 1886
7003 1907
7004 1841
7005 1958
7006 1817
7007 1521
7008 1726
7009 1963
7010 1718
7011 1876
7012 1991
7013 1855
7014 1755
7015 1952
7016 1937
7017 1820
7018 1838
7019 1695
7020 1828
7021 1997
7022 1919
7023 1939
7024 1700
7025 2014
7026 1683
7027 1402
7028 2038
7029 2086
7030 1830
7031 1614
7032 1852
7033 1821
7034 1681
7035 1786
7036 1925
7037 1920
7038 1969
7039 1864
7040 2004
7041 1885
7042 1680
7043 2008
7044 1848
7045 1910
7046 1794
7047 2153
7048 1846
7049 2012
7050 1939
7051 2005
7052 1520
7053 1865
7054 1818
7055 1848
7056 2008
7057 1852
7058 1841
7059 2028
7060 1666
7061 1344
7062 1700
7063 1873
7064 2077
7065 1871
7066 1852
7067 1704
7068 1752
7069 2130
7070 1835
7071 1978
7072 1868
7073 2042
7074 1804
7075 1884
7076 1719
7077 1803
7078 1987
7079 1758
7080 1763
7081 1730
7082 1972
7083 1733
7084 1845
7085 2063
7086 1858
7087 1916
7088 1892
7089 1772
7090 1995
7091 2146
7092 1805
7093 1891
7094 1749
7095 1642
7096 1564
7097 1826
7098 1745
7099 1496
7100 1793
7101 1967
7102 1856
7103 1973
7104 1734
7105 1820
7106 1612
7107 1731
7108 1919
7109 1971
7110 1784
7111 1973
7112 1859
7113 1790
7114 1928
7115 1820
7116 1817
7117 1774
7118 1870
7119 1623
7120 1925
7121 1840
7122 1880
7123 1812
7124 1987
7125 1853
7126 1812
7127 1962
7128 1950
7129 1832
7130 1683
7131 1975
7132 1425
7133 1981
7134 2114
7135 1947
7136 1789
7137 1899
7138 1849
7139 1833
7140 1824
7141 1581
7142 1765
7143 1778
7144 1694
7145 1597
7146 1890
7147 1801
7148 1876
7149 1663
7150 1994
7151 2136
7152 1760
7153 1667
7154 1698
7155 1881
7156 1622
7157 1871
7158 1887
7159 1954
7160 1835
7161 1795
7162 2110
7163 1838
7164 1962
7165 1889
7166 2191
7167 1747
7168 1855
7169 1758
7170 1750
7171 1635
7172 1997
7173 1699
7174 1702
7175 1780
7176 1793
7177 1807
7178 1795
7179 1907
7180 1513
7181 2025
7182 1805
7183 1905
7184 1925
7185 2014
7186 1907
7187 2017
7188 1870
7189 2001
7190 1879
7191 2056
7192 1734
7193 1597
7194 1678
7195 2038
7196 1728
7197 1856
7198 1733
7199 1651
7200 1596
7201 1521
7202 1905
7203 1809
7204 1941
7205 1939
7206 1874
7207 1833
7208 1969
7209 2189
7210 1806
7211 1999
7212 1639
7213 1650
7214 1677
7215 1597
7216 1883
7217 1879
7218 1843
7219 2172
7220 1817
7221 1961
7222 1935
7223 1854
7224 1407
7225 1913
7226 2076
7227 1759
7228 1981
7229 1923
7230 1665
7231 2026
7232 1942
7233 1853
7234 1869
7235 1858
7236 1710
7237 1988
7238 2199
7239 1827
7240 1997
7241 1826
7242 1928
7243 1850
7244 1967
7245 1772
7246 1994
7247 1941
7248 1674
7249 1672
7250 1936
7251 1857
7252 1865
7253 1725
7254 1957
7255 1871
7256 1879
7257 1985
7258 1925
7259 1907
7260 1600
7261 1660
7262 1546
7263 1839
7264 1552
7265 1759
7266 1875
7267 1877
7268 1739
7269 1598
7270 1696
7271 1830
7272 1911
7273 1823
7274 1984
7275 1457
7276 1686
7277 2061
7278 1929
7279 1920
7280 1888
7281 1833
7282 1813
7283 1918
7284 1782
7285 1886
7286 2020
7287 1653
7288 1685
7289 1807
7290 1981
7291 1801
7292 1515
7293 1476
7294 1983
7295 2030
7296 2191
7297 1570
7298 1875
7299 1906
7300 2029
7301 2061
7302 1742
7303 1693
7304 1970
7305 2038
7306 1913
7307 1879
7308 1653
7309 1839
7310 1600
7311 1753
7312 2027
7313 1702
7314 1982
7315 2090
7316 2041
7317 1565
7318 1629
7319 1801
7320 1527
7321 2049
7322 1888
7323 1960
7324 1892
7325 1659
7326 1684
7327 1791
7328 1951
7329 1644
7330 1921
7331 1754
7332 1952
7333 1608
7334 1890
7335 1973
7336 1636
7337 1981
7338 1955
7339 1561
7340 1746
7341 1746
7342 1915
7343 1756
7344 1674
7345 2075
7346 1881
7347 1897
7348 1846
7349 1701
7350 2149
7351 2135
7352 1856
7353 2172
7354 1914
7355 1920
7356 2187
7357 1901
7358 1786
7359 1914
7360 1696
7361 1546
7362 1802
7363 1637
7364 1710
7365 2023
7366 1898
7367 1747
7368 1823
7369 2023
7370 1569
7371 1693
7372 1831
7373 1773
7374 1996
7375 1764
7376 1777
7377 1712
7378 1847
7379 1881
7380 1777
7381 2073
7382 1805
7383 1826
7384 1744
7385 2037
7386 1740
7387 1604
7388 1852
7389 1680
7390 1911
7391 1878
7392 1999
7393 1835
7394 1895
7395 1913
7396 1809
7397 1737
7398 1969
7399 1797
7400 2074
7401 1614
7402 2010
7403 2012
7404 1803
7405 1847
7406 1686
7407 2043
7408 1819
7409 2026
7410 1631
7411 1770
7412 1742
7413 2086
7414 1834
7415 1835
7416 1861
7417 1969
7418 1696
7419 1971
7420 1754
7421 1915
7422 1914
7423 1681
7424 1810
7425 2093
7426 1944
7427 2179
7428 1849
7429 2044
7430 1827
7431 1809
7432 1900
7433 1854
7434 2066
7435 1736
7436 1777
7437 1869
7438 1674
7439 1633
7440 1846
7441 1770
7442 1933
7443 1571
7444 2105
7445 1821
7446 1946
7447 1990
7448 1614
7449 2023
7450 1805
7451 1778
7452 1703
7453 1889
7454 1961
7455 1901
7456 1912
7457 1828
7458 1860
7459 1911
7460 1818
7461 1670
7462 2095
7463 1731
7464 1847
7465 1720
7466 1907
7467 1773
7468 1700
7469 2028
7470 2105
7471 1815
7472 1835
7473 2152
7474 1666
7475 1689
7476 2023
7477 1813
7478 1563
7479 1567
7480 1528
7481 1795
7482 1682
7483 1636
7484 1825
7485 2175
7486 1911
7487 1990
7488 2009
7489 1950
7490 1621
7491 1782
7492 1768
7493 1635
7494 1642
7495 1812
7496 1717
7497 1926
7498 1734
7499 1844
7500 2047
7501 1827
7502 1510
7503 1879
7504 2054
7505 1769
7506 1866
7507 1795
7508 1880
7509 1824
7510 1993
7511 1784
7512 2085
7513 1647
7514 1819
7515 1775
7516 1910
7517 1859
7518 1500
7519 1976
7520 1818
7521 1731
7522 1961
7523 1939
7524 1863
7525 1621
7526 1692
7527 1673
7528 1677
7529 2196
7530 1490
7531 1901
7532 2221
7533 1698
7534 1617
7535 2027
7536 1804
7537 1810
7538 1799
7539 1862
7540 1710
7541 1566
7542 1911
7543 1979
7544 1702
7545 1643
7546 1835
7547 1889
7548 1812
7549 1690
7550 1773
7551 1893
7552 1551
7553 1837
7554 1748
7555 1919
7556 1626
7557 2060
7558 1894
7559 1901
7560 2088
7561 1697
7562 1420
7563 1678
7564 1952
7565 1755
7566 1363
7567 1636
7568 1897
7569 2064
7570 1782
7571 1677
7572 1575
7573 1901
7574 1963
7575 1839
7576 1861
7577 1937
7578 1801
7579 1708
7580 1836
7581 1697
7582 1914
7583 1910
7584 1700
7585 1532
7586 2067
7587 1955
7588 2012
7589 1472
7590 2010
7591 1882
7592 1772
7593 1811
7594 1891
7595 1839
7596 1922
7597 1681
7598 1867
7599 1982
7600 1872
7601 1998
7602 1867
7603 1919
7604 1747
7605 1499
7606 1877
7607 1689
7608 1772
7609 1972
7610 1755
7611 1830
7612 1719
7613 1775
7614 1881
7615 2000
7616 1946
7617 1726
7618 1969
7619 1870
7620 1635
7621 1880
7622 1520
7623 1563
7624 1843
7625 1998
7626 1902
7627 1530
7628 1757
7629 2100
7630 1869
7631 2099
7632 1724
7633 1941
7634 1920
7635 1931
7636 1662
7637 1611
7638 2176
7639 1747
7640 1977
7641 1868
7642 2156
7643 1488
7644 1767
7645 1932
7646 1878
7647 2211
7648 1776
7649 1537
7650 1643
7651 2009
7652 1689
7653 1915
7654 1754
7655 1773
7656 1999
7657 1608
7658 1738
7659 1982
7660 1862
7661 1801
7662 2047
7663 1851
7664 1601
7665 1760
7666 1991
7667 1695
7668 1673
7669 2102
7670 2050
7671 1927
7672 1755
7673 1663
7674 1640
7675 1385
7676 1603
7677 1688
7678 1767
7679 1933
7680 1588
7681 1901
7682 1833
7683 1821
7684 1938
7685 1867
7686 1679
7687 2049
7688 1673
7689 1770
7690 1947
7691 2026
7692 1978
7693 1962
7694 1965
7695 2185
7696 1912
7697 2201
7698 1866
7699 1696
7700 1822
7701 1898
7702 1670
7703 1935
7704 1877
7705 2005
7706 1725
7707 1815
7708 1825
7709 1847
7710 1794
7711 1637
7712 1531
7713 2041
7714 1813
7715 1484
7716 1812
7717 1927
7718 1982
7719 2020
7720 2032
7721 1562
7722 1828
7723 1731
7724 1830
7725 1735
7726 1816
7727 1930
7728 1410
7729 1852
7730 1834
7731 1688
7732 1906
7733 2012
7734 1718
7735 1804
7736 1613
7737 1939
7738 1854
7739 2100
7740 1718
7741 1726
7742 1777
7743 1612
7744 1806
7745 1900
7746 1643
7747 1696
7748 1897
7749 2066
7750 1810
7751 1867
7752 1722
7753 1762
7754 1950
7755 1839
7756 2179
7757 1820
7758 1746
7759 1872
7760 1746
7761 1666
7762 2058
7763 1858
7764 1828
7765 1799
7766 2113
7767 1645
7768 1977
7769 2020
7770 1943
7771 1939
7772 1777
7773 1895
7774 1828
7775 2032
7776 1584
7777 1950
7778 1619
7779 1702
7780 1873
7781 1615
7782 1832
7783 1803
7784 1818
7785 2118
7786 1755
7787 1696
7788 1883
7789 1923
7790 1717
7791 1926
7792 1929
7793 1734
7794 1563
7795 1687
7796 1943
7797 1424
7798 1577
7799 1614
7800 1911
7801 1741
7802 1607
7803 1864
7804 1565
7805 2002
7806 1770
7807 1660
7808 1714
7809 1768
7810 1585
7811 1703
7812 1990
7813 1979
7814 1716
7815 1967
7816 1749
7817 1744
7818 1794
7819 1924
7820 1338
7821 1456
7822 1672
7823 1884
7824 1803
7825 1809
7826 1850
7827 1707
7828 1803
7829 1855
7830 1931
7831 1928
7832 1935
7833 1792
7834 1692
7835 1954
7836 1845
7837 1803
7838 1877
7839 1777
7840 1938
7841 1767
7842 1597
7843 1586
7844 1582
7845 1978
7846 1886
7847 2062
7848 1621
7849 1771
7850 2074
7851 1840
7852 1828
7853 1972
7854 1677
7855 1608
7856 1738
7857 1598
7858 2049
7859 1667
7860 1868
7861 1979
7862 1613
7863 1630
7864 1722
7865 1832
7866 2010
7867 1799
7868 1665
7869 1594
7870 2059
7871 1557
7872 1759
7873 1774
7874 1675
7875 1889
7876 1908
7877 1862
7878 2004
7879 1714
7880 1800
7881 1881
7882 1796
7883 1818
7884 1725
7885 1724
7886 1980
7887 1710
7888 1616
7889 1996
7890 1840
7891 1998
7892 1895
7893 1488
7894 1575
7895 1572
7896 1429
7897 2142
7898 1857
7899 1597
7900 1675
7901 1880
7902 1974
7903 1420
7904 1945
7905 1874
7906 1450
7907 1687
7908 2016
7909 1619
7910 1976
7911 1608
7912 1950
7913 2158
7914 1898
7915 1776
7916 1901
7917 1951
7918 1791
7919 1690
7920 1882
7921 1363
7922 1583
7923 1851
7924 1776
7925 2084
7926 1667
7927 1767
7928 1794
7929 2071
7930 1720
7931 1611
7932 1655
7933 1788
7934 1876
7935 1841
7936 1798
7937 1929
7938 1771
7939 1806
7940 1722
7941 1997
7942 1720
7943 2003
7944 2037
7945 1996
7946 1705
7947 1877
7948 1862
7949 1534
7950 2046
7951 2155
7952 1889
7953 1825
7954 1824
7955 1982
7956 1847
7957 1745
7958 1792
7959 1749
7960 1859
7961 1768
7962 1550
7963 2078
7964 1917
7965 2004
7966 2035
7967 1688
7968 1805
7969 1638
7970 1648
7971 2100
7972 1951
7973 1946
7974 1934
7975 1808
7976 1974
7977 1655
7978 1863
7979 1967
7980 1893
7981 1585
7982 1848
7983 1700
7984 1665
7985 1911
7986 1944
7987 1581
7988 1657
7989 1656
7990 1823
7991 1889
7992 1627
7993 1835
7994 1641
7995 1817
7996 1701
7997 1709
7998 1851
7999 1677
8000 1741
8001 1829
8002 1759
8003 1885
8004 1828
8005 1907
8006 2029
8007 1689
8008 1650
8009 2008
8010 1941
8011 1663
8012 1791
8013 1979
8014 1551
8015 1834
8016 2126
8017 1753
8018 1961
8019 1770
8020 1666
8021 1684
8022 1807
8023 1804
8024 1657
8025 2092
8026 1652
8027 1956
8028 1973
8029 1947
8030 1681
8031 1880
8032 1744
8033 1983
8034 1768
8035 1960
8036 1869
8037 1888
8038 1798
8039 2143
8040 2073
8041 1826
8042 2045
8043 1750
8044 1828
8045 1961
8046 1848
8047 2114
8048 1984
8049 1885
8050 1672
8051 1672
8052 1744
8053 1914
8054 1598
8055 1832
8056 1903
8057 1763
8058 1897
8059 1694
8060 1661
8061 2021
8062 1684
8063 1525
8064 1862
8065 2043
8066 1735
8067 2015
8068 1873
8069 1947
8070 1613
8071 2077
8072 1876
8073 1984
8074 1837
8075 1828
8076 2016
8077 1823
8078 1825
8079 1663
8080 1690
8081 1794
8082 1725
8083 1828
8084 1961
8085 1952
8086 1922
8087 1561
8088 1681
8089 1982
8090 1964
8091 1590
8092 1898
8093 2100
8094 1662
8095 1856
8096 1869
8097 1833
8098 2037
8099 1765
8100 1954
8101 1790
8102 1889
8103 1877
8104 1926
8105 1702
8106 1910
8107 1976
8108 1709
8109 1617
8110 2074
8111 1846
8112 2130
8113 1948
8114 1533
8115 1980
8116 1662
8117 1613
8118 1659
8119 1822
8120 1859
8121 2028
8122 2042
8123 1692
8124 1807
8125 1702
8126 1867
8127 2102
8128 1815
8129 1860
8130 1957
8131 1933
8132 1694
8133 1988
8134 1444
8135 1781
8136 2023
8137 1773
8138 2217
8139 1958
8140 1759
8141 1875
8142 2052
8143 1658
8144 1627
8145 1817
8146 1719
8147 1789
8148 1720
8149 1954
8150 1740
8151 1713
8152 1783
8153 1693
8154 1826
8155 1861
8156 1638
8157 1874
8158 1775
8159 1888
8160 1854
8161 1834
8162 1563
8163 1932
8164 1345
8165 1747
8166 1704
8167 2013
8168 1671
8169 1702
8170 1990
8171 1934
8172 1821
8173 1933
8174 1726
8175 1947
8176 1812
8177 1558
8178 1986
8179 1770
8180 2000
8181 1883
8182 1706
8183 1801
8184 1775
8185 2004
8186 1708
8187 1755
8188 1801
8189 1989
8190 1946
8191 1924
8192 1859
8193 1654
8194 1895
8195 1982
8196 1797
8197 1823
8198 1966
8199 1656
8200 2001
8201 2045
8202 2028
8203 2068
8204 1931
8205 1861
8206 1982
8207 1589
8208 1787
8209 1979
8210 1459
8211 1592
8212 1463
8213 1835
8214 1779
8215 1976
8216 1754
8217 1737
8218 1789
8219 1692
8220 1670
8221 1804
8222 1795
8223 1953
8224 1870
8225 2034
8226 1563
8227 1807
8228 2058
8229 1790
8230 1920
8231 1800
8232 1831
8233 1996
8234 1593
8235 2126
8236 2136
8237 1917
8238 1902
8239 1897
8240 1856
8241 1552
8242 1848
8243 2204
8244 1698
8245 1565
8246 1815
8247 1528
8248 2107
8249 1825
8250 1477
8251 2097
8252 2032
8253 2065
8254 1946
8255 1563
8256 1740
8257 1915
8258 2290
8259 1742
8260 2154
8261 1700
8262 1638
8263 1501
8264 1866
8265 1971
8266 1994
8267 2005
8268 1868
8269 1889
8270 1758
8271 1790
8272 1739
8273 1771
8274 1910
8275 2024
8276 2057
8277 1996
8278 1887
8279 1430
8280 1951
8281 2100
8282 1710
8283 1882
8284 2000
8285 1968
8286 1529
8287 1904
8288 1947
8289 1934
8290 1548
8291 1864
8292 1916
8293 1642
8294 1698
8295 1874
8296 1743
8297 1951
8298 1871
8299 1786
8300 1851
8301 1992
8302 1639
8303 1866
8304 1736
8305 1786
8306 1951
8307 1927
8308 1948
8309 1852
8310 1899
8311 1825
8312 1928
8313 1707
8314 2196
8315 1654
8316 1714
8317 1849
8318 1718
8319 2042
8320 1763
8321 1905
8322 1776
8323 1954
8324 2030
8325 2008
8326 1701
8327 1745
8328 1507
8329 1786
8330 1916
8331 1797
8332 1555
8333 1735
8334 1776
8335 1901
8336 1847
8337 2036
8338 1612
8339 1741
8340 1668
8341 1773
8342 1637
8343 1717
8344 1928
8345 1825
8346 1812
8347 1727
8348 1701
8349 1889
8350 1768
8351 1611
8352 1632
8353 2083
8354 1834
8355 1788
8356 2046
8357 1808
8358 1565
8359 1782
8360 1833
8361 2093
8362 1817
8363 1558
8364 2056
8365 1878
8366 1803
8367 1738
8368 1832
8369 1510
8370 1711
8371 2027
8372 1875
8373 1769
8374 1767
8375 1793
8376 1961
8377 1946
8378 1744
8379 2005
8380 1552
8381 2081
8382 1893
8383 1862
8384 1706
8385 1974
8386 1888
8387 1862
8388 1661
8389 1946
8390 1867
8391 1789
8392 1977
8393 1918
8394 1831
8395 1810
8396 1487
8397 2070
8398 1959
8399 1786
8400 1687
8401 1898
8402 1984
8403 1842
8404 1872
8405 2209
8406 2127
8407 2134
8408 1533
8409 1636
8410 2029
8411 1869
8412 1900
8413 1812
8414 1792
8415 1750
8416 1787
8417 1760
8418 1769
8419 1994
8420 1565
8421 1870
8422 1737
8423 2012
8424 1664
8425 1762
8426 1731
8427 1903
8428 1805
8429 1721
8430 1900
8431 1721
8432 1700
8433 1984
8434 1853
8435 1725
8436 1746
8437 1921
8438 1671
8439 1643
8440 1519
8441 1403
8442 1651
8443 1808
8444 2043
8445 1757
8446 1840
8447 2173
8448 1855
8449 1759
8450 1577
8451 1583
8452 1734
8453 1808
8454 1690
8455 2053
8456 1856
8457 1636
8458 2020
8459 1594
8460 1804
8461 1594
8462 1974
8463 1915
8464 1803
8465 1597
8466 1792
8467 1830
8468 1730
8469 1596
8470 1717
8471 1703
8472 1739
8473 1930
8474 2086
8475 1930
8476 1759
8477 2024
8478 1556
8479 1635
8480 2231
8481 1701
8482 2047
8483 1946
8484 1378
8485 1541
8486 1722
8487 1490
8488 1889
8489 1758
8490 2038
8491 1960
8492 2052
8493 1688
8494 2113
8495 1679
8496 1627
8497 1973
8498 2132
8499 1935
8500 1962
8501 2233
8502 1934
8503 2131
8504 1816
8505 1915
8506 1811
8507 1784
8508 2032
8509 1887
8510 1744
8511 1904
8512 2003
8513 1656
8514 1727
8515 2071
8516 1825
8517 1721
8518 1917
8519 1779
8520 1972
8521 1688
8522 1636
8523 2128
8524 1732
8525 1547
8526 1751
8527 2152
8528 1791
8529 1837
8530 1759
8531 1875
8532 1794
8533 1706
8534 2024
8535 1870
8536 2002
8537 1977
8538 1759
8539 1915
8540 1796
8541 1884
8542 1825
8543 1723
8544 1842
8545 1733
8546 1533
8547 1743
8548 1957
8549 1919
8550 1827
8551 1823
8552 1565
8553 1932
8554 1575
8555 1897
8556 1897
8557 1781
8558 1895
8559 1881
8560 1754
8561 1709
8562 1974
8563 1532
8564 1943
8565 1760
8566 1884
8567 1816
8568 1619
8569 2030
8570 1795
8571 2044
8572 2104
8573 1836
8574 1972
8575 1972
8576 1936
8577 1712
8578 1741
8579 1756
8580 2070
8581 2137
8582 1935
8583 1703
8584 1720
8585 2049
8586 1878
8587 2066
8588 1934
8589 1785
8590 1730
8591 1848
8592 1734
8593 1830
8594 1710
8595 1809
8596 1659
8597 1836
8598 1675
8599 1923
8600 1927
8601 1978
8602 1593
8603 1994
8604 1786
8605 1989
8606 1892
8607 2011
8608 1785
8609 1777
8610 2116
8611 1948
8612 1900
8613 1630
8614 1507
8615 2043
8616 1880
8617 1881
8618 1945
8619 1929
8620 1427
8621 1563
8622 1487
8623 1838
8624 1799
8625 1913
8626 1858
8627 1931
8628 1806
8629 2065
8630 2001
8631 1663
8632 2110
8633 1704
8634 1667
8635 2030
8636 1916
8637 1701
8638 2101
8639 1701
8640 1629
8641 1986
8642 1997
8643 1636
8644 1649
8645 1751
8646 2062
8647 1530
8648 1997
8649 1591
8650 2066
8651 1705
8652 2001
8653 1903
8654 1569
8655 2076
8656 1901
8657 1971
8658 2083
8659 1920
8660 1762
8661 1318
8662 1580
8663 1894
8664 2055
8665 1939
8666 1918
8667 1768
8668 1801
8669 2036
8670 1742
8671 1886
8672 2004
8673 1690
8674 1937
8675 1795
8676 1889
8677 1770
8678 1846
8679 2140
8680 1939
8681 1726
8682 2062
8683 1902
8684 1675
8685 1917
8686 2034
8687 1862
8688 1837
8689 1854
8690 1789
8691 1447
8692 1816
8693 1617
8694 1795
8695 1792
8696 1840
8697 1624
8698 1853
8699 1686
8700 1916
8701 1944
8702 1898
8703 1966
8704 1941
8705 1739
8706 1724
8707 1771
8708 1953
8709 1875
8710 1806
8711 1685
8712 1731
8713 2071
8714 2052
8715 1957
8716 1858
8717 1686
8718 1626
8719 1502
8720 1733
8721 1815
8722 2217
8723 1688
8724 1594
8725 1943
8726 1948
8727 1882
8728 1873
8729 1737
8730 1765
8731 1833
8732 1863
8733 1606
8734 1815
8735 1790
8736 1850
8737 1663
8738 2217
8739 1612
8740 1688
8741 1809
8742 1856
8743 1708
8744 2148
8745 1931
8746 2184
8747 1767
8748 1841
8749 1767
8750 1862
8751 1904
8752 1783
8753 1874
8754 1815
8755 1782
8756 1641
8757 1783
8758 1811
8759 2094
8760 1930
8761 1774
8762 1626
8763 2001
8764 1887
8765 2030
8766 1696
8767 1813
8768 1994
8769 1760
8770 2007
8771 1899
8772 1489
8773 1864
8774 1630
8775 1882
8776 1863
8777 1824
8778 1825
8779 2065
8780 1751
8781 1918
8782 1952
8783 1955
8784 1860
8785 1726
8786 1951
8787 1967
8788 1449
8789 1816
8790 1931
8791 1976
8792 1806
8793 1403
8794 1636
8795 1841
8796 1803
8797 2030
8798 1890
8799 1881
8800 2119
8801 1646
8802 1867
8803 1703
8804 1467
8805 1556
8806 1801
8807 1655
8808 1909
8809 1721
8810 2007
8811 1973
8812 1773
8813 1562
8814 1998
8815 1732
8816 1808
8817 1711
8818 1728
8819 2051
8820 1953
8821 1681
8822 1966
8823 2002
8824 1902
8825 1762
8826 1571
8827 1889
8828 1802
8829 1971
8830 1825
8831 1887
8832 1793
8833 1673
8834 2125
8835 1720
8836 1856
8837 1803
8838 1932
8839 1632
8840 1737
8841 1800
8842 1849
8843 2096
8844 2004
8845 1685
8846 1591
8847 1616
8848 1896
8849 1999
8850 1681
8851 1710
8852 2041
8853 2020
8854 1852
8855 1515
8856 1756
8857 1863
8858 2029
8859 1928
8860 1889
8861 1865
8862 1923
8863 2166
8864 1996
8865 1844
8866 1846
8867 1758
8868 1796
8869 1806
8870 1802
8871 1645
8872 1969
8873 2014
8874 2005
8875 1806
8876 1911
8877 1873
8878 1818
8879 1895
8880 1915
8881 1789
8882 1949
8883 1862
8884 1638
8885 1955
8886 1856
8887 1788
8888 1923
8889 1652
8890 1504
8891 1588
8892 1794
8893 1902
8894 1708
8895 1850
8896 1821
8897 1780
8898 1720
8899 1844
8900 1630
8901 1761
8902 1742
8903 1814
8904 1617
8905 1858
8906 1750
8907 1790
8908 1669
8909 1915
8910 1830
8911 1737
8912 1775
8913 1868
8914 1554
8915 1901
8916 1798
8917 1948
8918 2032
8919 1511
8920 1865
8921 1637
8922 1749
8923 1605
8924 1746
8925 1811
8926 1877
8927 1823
8928 2153
8929 1926
8930 1754
8931 1852
8932 1917
8933 1464
8934 1846
8935 1681
8936 1775
8937 1877
8938 1855
8939 1713
8940 1739
8941 1841
8942 1900
8943 1687
8944 1785
8945 1871
8946 1894
8947 2083
8948 1708
8949 1845
8950 1864
8951 1998
8952 1627
8953 1720
8954 1804
8955 1747
8956 1851
8957 1764
8958 1984
8959 1636
8960 1904
8961 1795
8962 1986
8963 1801
8964 1912
8965 1680
8966 1876
8967 1756
8968 2050
8969 2081
8970 2139
8971 1882
8972 1675
8973 1820
8974 1869
8975 1840
8976 1906
8977 1777
8978 2061
8979 1782
8980 1786
8981 1962
8982 2053
8983 1727
8984 1720
8985 1637
8986 1674
8987 1744
8988 1738
8989 1937
8990 1745
8991 1887
8992 1550
8993 1731
8994 1730
8995 1860
8996 2019
8997 1882
8998 1779
8999 1894
9000 1602
9001 1990
9002 1663
9003 1715
9004 1866
9005 1982
9006 1695
9007 1859
9008 1741
9009 1659
9010 1987
9011 1821
9012 1703
9013 1733
9014 1814
9015 1815
9016 1791
9017 2163
9018 1786
9019 1806
9020 1832
9021 1835
9022 1428
9023 2082
9024 1915
9025 1815
9026 1854
9027 1740
9028 1896
9029 1833
9030 1776
9031 2025
9032 1955
9033 1868
9034 1871
9035 2144
9036 1473
9037 1610
9038 1741
9039 1900
9040 1672
9041 2036
9042 1975
9043 1868
9044 1842
9045 2134
9046 1724
9047 1705
9048 1393
9049 1995
9050 1770
9051 1802
9052 2018
9053 1686
9054 2031
9055 1792
9056 1920
9057 2050
9058 2112
9059 1938
9060 1772
9061 2014
9062 1617
9063 2007
9064 1605
9065 1985
9066 1771
9067 1490
9068 2104
9069 1927
9070 1425
9071 1474
9072 1642
9073 1765
9074 1511
9075 1952
9076 1493
9077 1870
9078 1862
9079 1867
9080 2131
9081 1749
9082 1774
9083 1768
9084 1948
9085 1856
9086 1636
9087 1889
9088 2133
9089 1764
9090 1789
9091 1799
9092 1632
9093 1783
9094 1978
9095 1579
9096 1523
9097 1810
9098 1817
9099 1888
9100 1970
9101 1800
9102 1652
9103 1924
9104 2141
9105 1890
9106 2017
9107 1377
9108 1522
9109 2047
9110 1895
9111 1682
9112 2173
9113 1809
9114 1754
9115 1848
9116 1718
9117 1935
9118 1859
9119 2039
9120 1562
9121 1903
9122 1671
9123 1772
9124 1918
9125 1597
9126 1871
9127 1935
9128 1741
9129 2025
9130 1884
9131 1916
9132 2079
9133 1654
9134 1792
9135 1776
9136 1628
9137 1589
9138 1902
9139 1892
9140 1971
9141 1832
9142 1741
9143 1582
9144 1982
9145 1748
9146 1886
9147 1936
9148 1990
9149 1770
9150 1796
9151 1906
9152 1974
9153 1569
9154 1666
9155 1886
9156 1714
9157 1750
9158 1489
9159 1536
9160 1918
9161 1746
9162 1831
9163 2015
9164 2040
9165 1828
9166 1827
9167 1885
9168 1472
9169 1471
9170 1703
9171 1833
9172 1768
9173 1852
9174 1758
9175 1957
9176 1785
9177 2217
9178 1626
9179 1684
9180 1707
9181 1730
9182 1646
9183 2077
9184 2008
9185 1853
9186 1514
9187 1510
9188 1833
9189 2001
9190 1820
9191 1984
9192 1753
9193 2074
9194 1932
9195 1904
9196 1782
9197 2048
9198 1921
9199 1967
9200 1795
9201 1883
9202 1859
9203 1725
9204 1812
9205 2109
9206 1768
9207 1843
9208 1901
9209 1908
9210 1903
9211 1726
9212 1836
9213 1660
9214 1725
9215 1839
9216 1716
9217 1682
9218 1827
9219 1687
9220 1847
9221 1764
9222 1951
9223 1928
9224 1644
9225 2135
9226 2080
9227 1960
9228 1901
9229 1800
9230 1960
9231 1840
9232 1737
9233 1620
9234 1798
9235 1939
9236 1796
9237 1863
9238 1590
9239 2006
9240 1745
9241 1966
9242 1826
9243 1756
9244 1854
9245 1587
9246 1751
9247 1707
9248 1711
9249 1969
9250 2182
9251 1881
9252 1862
9253 1992
9254 1694
9255 1812
9256 1597
9257 1700
9258 1876
9259 1797
9260 1764
9261 1932
9262 1864
9263 1907
9264 1955
9265 1904
9266 1669
9267 1440
9268 2194
9269 1683
9270 2068
9271 2002
9272 1829
9273 1653
9274 1800
9275 1685
9276 1876
9277 1924
9278 1727
9279 1831
9280 1735
9281 1877
9282 1908
9283 1799
9284 2008
9285 1742
9286 1856
9287 1782
9288 1765
9289 1883
9290 1736
9291 1910
9292 1630
9293 1749
9294 1985
9295 1676
9296 2085
9297 1849
9298 1679
9299 1723
9300 2005
9301 1915
9302 1776
9303 1968
9304 1842
9305 1908
9306 1903
9307 1824
9308 2104
9309 2023
9310 1789
9311 2017
9312 2081
9313 1912
9314 2045
9315 1858
9316 1838
9317 1782
9318 1763
9319 1804
9320 1862
9321 1628
9322 1744
9323 1843
9324 1873
9325 2004
9326 1743
9327 1812
9328 1772
9329 2114
9330 1854
9331 1606
9332 2021
9333 1735
9334 1841
9335 2011
9336 2016
9337 1961
9338 1358
9339 1793
9340 1711
9341 1918
9342 2121
9343 1739
9344 1632
9345 2003
9346 1586
9347 1844
9348 1809
9349 1758
9350 2113
9351 1857
9352 1832
9353 1888
9354 1818
9355 1897
9356 1895
9357 1777
9358 1720
9359 1894
9360 1730
9361 1739
9362 1926
9363 1667
9364 1864
9365 1747
9366 1632
9367 1928
9368 1833
9369 1960
9370 1543
9371 1598
9372 1877
9373 2094
9374 2043
9375 1911
9376 1791
9377 1715
9378 1801
9379 1960
9380 1986
9381 1756
9382 1928
9383 1660
9384 1940
9385 1882
9386 1882
9387 1816
9388 1896
9389 1734
9390 1921
9391 1541
9392 1897
9393 1800
9394 1860
9395 1508
9396 1824
9397 1943
9398 1844
9399 1866
9400 2002
9401 1619
9402 2030
9403 1843
9404 1960
9405 2042
9406 1848
9407 2018
9408 1745
9409 1719
9410 1629
9411 1873
9412 1937
9413 1785
9414 1952
9415 1769
9416 1848
9417 1995
9418 1932
9419 1787
9420 1648
9421 1855
9422 1476
9423 1641
9424 1996
9425 1937
9426 1792
9427 1848
9428 1637
9429 1624
9430 1648
9431 1800
9432 1857
9433 1977
9434 1872
9435 1995
9436 1805
9437 1930
9438 1995
9439 1929
9440 1762
9441 1649
9442 1882
9443 1906
9444 1682
9445 1909
9446 2024
9447 1740
9448 1846
9449 1869
9450 1764
9451 2033
9452 1867
9453 1763
9454 1806
9455 1957
9456 1935
9457 1871
9458 1915
9459 1817
9460 1840
9461 1782
9462 1846
9463 1813
9464 1389
9465 1874
9466 2009
9467 1965
9468 1717
9469 2001
9470 1980
9471 1971
9472 1599
9473 2094
9474 1750
9475 1791
9476 1662
9477 1475
9478 1778
9479 1726
9480 1725
9481 1935
9482 1679
9483 1507
9484 2003
9485 1759
9486 1934
9487 1724
9488 1955
9489 1740
9490 1864
9491 1756
9492 1883
9493 1798
9494 1656
9495 1769
9496 1997
9497 1940
9498 1760
9499 1916
9500 1926
9501 1741
9502 1779
9503 2036
9504 1954
9505 1829
9506 1719
9507 1499
9508 1999
9509 1847
9510 2107
9511 1929
9512 1929
9513 1996
9514 1583
9515 2009
9516 1905
9517 1834
9518 1861
9519 1846
9520 1841
9521 1782
9522 1644
9523 1617
9524 1921
9525 1741
9526 1671
9527 1948
9528 1554
9529 1829
9530 1439
9531 1717
9532 1864
9533 1987
9534 2027
9535 2024
9536 1735
9537 1762
9538 2041
9539 1784
9540 1761
9541 2161
9542 1971
9543 1959
9544 1881
9545 1660
9546 1833
9547 2108
9548 1586
9549 1964
9550 2060
9551 1866
9552 1794
9553 1464
9554 1702
9555 1872
9556 1637
9557 2032
9558 2001
9559 2127
9560 1732
9561 1790
9562 1844
9563 1860
9564 1773
9565 1757
9566 1491
9567 1868
9568 1866
9569 1938
9570 2037
9571 1850
9572 1966
9573 1999
9574 1579
9575 1697
9576 1736
9577 1849
9578 1463
9579 1810
9580 1753
9581 1862
9582 1611
9583 1815
9584 2012
9585 1876
9586 1940
9587 1921
9588 1766
9589 1963
9590 1757
9591 1771
9592 1862
9593 1858
9594 1845
9595 1725
9596 1779
9597 1921
9598 1952
9599 1739
9600 1669
9601 1790
9602 1784
9603 1978
9604 1782
9605 1891
9606 1835
9607 1909
9608 1765
9609 2128
9610 1942
9611 1794
9612 2114
9613 1584
9614 1588
9615 1940
9616 1719
9617 1809
9618 1788
9619 1839
9620 1894
9621 1936
9622 2048
9623 1835
9624 2092
9625 1658
9626 2023
9627 1785
9628 2036
9629 1795
9630 1865
9631 1487
9632 1989
9633 1876
9634 1744
9635 1818
9636 1834
9637 1712
9638 1884
9639 1854
9640 1856
9641 1855
9642 1800
9643 1755
9644 1643
9645 2050
9646 2145
9647 1604
9648 2130
9649 1860
9650 1867
9651 1776
9652 2096
9653 1890
9654 1932
9655 1756
9656 2000
9657 1899
9658 1970
9659 1975
9660 1596
9661 1712
9662 1887
9663 1719
9664 1780
9665 1813
9666 1935
9667 1860
9668 1767
9669 1644
9670 2157
9671 1904
9672 1581
9673 1763
9674 2093
9675 1641
9676 1992
9677 1952
9678 1824
9679 2040
9680 2117
9681 1655
9682 1880
9683 1525
9684 1670
9685 1926
9686 1732
9687 1807
9688 2056
9689 2006
9690 1880
9691 1900
9692 1740
9693 1971
9694 1660
9695 1888
9696 1664
9697 2007
9698 1886
9699 1909
9700 1737
9701 1648
9702 1851
9703 1863
9704 1846
9705 2091
9706 1918
9707 1785
9708 1945
9709 2140
9710 1810
9711 1861
9712 1842
9713 1999
9714 1548
9715 1852
9716 1719
9717 1762
9718 2105
9719 1910
9720 1947
9721 1641
9722 1612
9723 1764
9724 1800
9725 1757
9726 1937
9727 1785
9728 1941
9729 1890
9730 1869
9731 1573
9732 1555
9733 1963
9734 2037
9735 1866
9736 1831
9737 1874
9738 2043
9739 1821
9740 1654
9741 1779
9742 1504
9743 1928
9744 1691
9745 1728
9746 1531
9747 1691
9748 1645
9749 1945
9750 1922
9751 2005
9752 1981
9753 2005
9754 1818
9755 1985
9756 1946
9757 1667
9758 1829
9759 1797
9760 1728
9761 1715
9762 1815
9763 1673
9764 2189
9765 1493
9766 2085
9767 1660
9768 1826
9769 1758
9770 1782
9771 1973
9772 1583
9773 1816
9774 1855
9775 1858
9776 1813
9777 1861
9778 1682
9779 1821
9780 1852
9781 1834
9782 1862
9783 1722
9784 2088
9785 1698
9786 1738
9787 1899
9788 1878
9789 1896
9790 1854
9791 1835
9792 1674
9793 1873
9794 1695
9795 1695
9796 1843
9797 1437
9798 1897
9799 1901
9800 1586
9801 1802
9802 1738
9803 1994
9804 1930
9805 1697
9806 1837
9807 1623
9808 1875
9809 1838
9810 1967
9811 1955
9812 1990
9813 2009
9814 1891
9815 1611
9816 1970
9817 1846
9818 1787
9819 1868
9820 1816
9821 1613
9822 1856
9823 2021
9824 1714
9825 1956
9826 1963
9827 1752
9828 1601
9829 1909
9830 1757
9831 1468
9832 1815
9833 1962
9834 1970
9835 1843
9836 1654
9837 1922
9838 1837
9839 1501
9840 1965
9841 1719
9842 1642
9843 1650
9844 1551
9845 1957
9846 1679
9847 1516
9848 1972
9849 1596
9850 1747
9851 1819
9852 1810
9853 2251
9854 1966
9855 1873
9856 1680
9857 1756
9858 1572
9859 1734
9860 1955
9861 1974
9862 1482
9863 1634
9864 1196
9865 1641
9866 1683
9867 1796
9868 1778
9869 1896
9870 2028
9871 1976
9872 1944
9873 1944
9874 1734
9875 1778
9876 1984
9877 1948
9878 1759
9879 1592
9880 1716
9881 1612
9882 1436
9883 1684
9884 1985
9885 2054
9886 1848
9887 1601
9888 1934
9889 1702
9890 1982
9891 2021
9892 1839
9893 2042
9894 1795
9895 1817
9896 1805
9897 2056
9898 2114
9899 1935
9900 1734
9901 1653
9902 1981
9903 1761
9904 1701
9905 1713
9906 1883
9907 1922
9908 1764
9909 1723
9910 1766
9911 1793
9912 1821
9913 1879
9914 1726
9915 1658
9916 1815
9917 1948
9918 2048
9919 2000
9920 2075
9921 1943
9922 1898
9923 1776
9924 1831
9925 2073
9926 1720
9927 1798
9928 1707
9929 1787
9930 1786
9931 2110
9932 1828
9933 2105
9934 1531
9935 2079
9936 1767
9937 1690
9938 1639
9939 1490
9940 1448
9941 1640
9942 1843
9943 1721
9944 1882
9945 1795
9946 1892
9947 1866
9948 1714
9949 1888
9950 1802
9951 1975
9952 1969
9953 1833
9954 1977
9955 1733
9956 1659
9957 1933
9958 1887
9959 1914
9960 1616
9961 1833
9962 2066
9963 2009
9964 1963
9965 1924
9966 1936
9967 1674
9968 1525
9969 1845
9970 1724
9971 1958
9972 1688
9973 2126
9974 1812
9975 1616
9976 1946
9977 1831
9978 1855
9979 1771
9980 1892
9981 1773
9982 1613
9983 1814
9984 1692
9985 1638
9986 1578
9987 1741
9988 1649
9989 1910
9990 2050
9991 1874
9992 1978
9993 1826
9994 1793
9995 1957
9996 1804
9997 1505
9998 1771
9999 2041
10000 1859
