1 1888
2 1819
3 1987
4 1678
5 1829
6 2107
7 1934
8 1827
9 1827
10 1849
11 1338
12 1802
13 1668
14 1675
15 1596
16 1646
17 2038
18 1734
19 1796
20 1956
21 2006
22 1866
23 1794
24 1766
25 1762
26 2099
27 1828
28 1794
29 1934
30 1667
31 1864
32 2058
33 1758
34 1868
35 1790
36 1740
37 1639
38 1805
39 1730
40 1724
41 1800
42 1812
43 1737
44 1592
45 1994
46 1672
47 1955
48 1804
49 1678
50 2126
51 1860
52 1928
53 1958
54 1907
55 1763
56 1818
57 1934
58 1589
59 1869
60 1994
61 1815
62 1616
63 1892
64 2041
65 1877
66 2146
67 1756
68 1692
69 1827
70 1854
71 1965
72 1845
73 1678
74 1763
75 1769
76 1826
77 1860
78 1901
79 1876
80 1819
81 1806
82 1713
83 1611
84 1403
85 1527
86 1886
87 2070
88 1936
89 1907
90 1978
91 1515
92 1933
93 2039
94 1864
95 1829
96 1947
97 1801
98 1728
99 1757
100 2064
101 1907
102 1696
103 1762
104 2039
105 1906
106 1902
107 1628
108 1892
109 1758
110 1711
111 1710
112 1933
113 1815
114 1811
115 1446
116 1797
117 1914
118 1893
119 1572
120 1936
121 1751
122 1958
123 2046
124 1947
125 1948
126 1898
127 2023
128 1732
129 1841
130 2039
131 1864
132 2148
133 1791
134 1984
135 1762
136 1857
137 1913
138 1605
139 1963
140 1813
141 2040
142 1980
143 1991
144 2001
145 1863
146 1688
147 1667
148 1806
149 1988
150 1731
151 1695
152 2050
153 2010
154 2083
155 1807
156 1902
157 1875
158 1684
159 1721
160 1535
161 2094
162 1994
163 1994
164 1863
165 2119
166 1961
167 1503
168 1891
169 1974
170 1783
171 1853
172 1832
173 1923
174 2097
175 2070
176 1889
177 2018
178 1723
179 1567
180 2067
181 1732
182 1908
183 1948
184 1799
185 2001
186 2005
187 1784
188 1999
189 1625
190 1738
191 1988
192 1858
193 1835
194 2092
195 1625
196 1881
197 1375
198 1886
199 1784
200 1373
201 1942
202 1749
203 1989
204 1876
205 1638
206 1721
207 1649
208 1752
209 1875
210 1553
211 2005
212 1780
213 1684
214 1803
215 1907
216 1936
217 1730
218 1841
219 1791
220 1990
221 1893
222 1644
223 1963
224 1898
225 1391
226 1598
227 1613
228 1965
229 2027
230 1905
231 1916
232 1827
233 1666
234 1989
235 1912
236 1783
237 2057
238 2001
239 1807
240 2093
241 1744
242 2035
243 1926
244 1694
245 1552
246 1681
247 1943
248 1594
249 2007
250 1871
251 1795
252 1698
253 1572
254 1880
255 2063
256 1916
257 1635
258 1776
259 1815
260 1948
261 2067
262 1742
263 1781
264 1770
265 1623
266 1564
267 1876
268 1981
269 1712
270 1950
271 1852
272 1853
273 1884
274 1923
275 1964
276 2059
277 1826
278 1790
279 1474
280 1980
281 1641
282 1865
283 1747
284 2087
285 1952
286 1897
287 1871
288 1986
289 1946
290 1920
291 1775
292 1881
293 1686
294 1711
295 1921
296 1736
297 1458
298 1816
299 1983
300 1691
301 1894
302 2159
303 1804
304 1801
305 1278
306 1819
307 2186
308 1904
309 1566
310 1927
311 2007
312 1908
313 1667
314 1392
315 1897
316 1803
317 2019
318 1596
319 1949
320 1798
321 1846
322 1819
323 2179
324 1581
325 1987
326 1931
327 1991
328 1748
329 2102
330 1617
331 1560
332 1919
333 2081
334 1713
335 1896
336 1624
337 1881
338 1874
339 2000
340 2111
341 1698
342 1937
343 1632
344 1757
345 1721
346 1762
347 1530
348 1643
349 1734
350 1866
351 1867
352 1913
353 1784
354 1861
355 1976
356 1860
357 1905
358 1566
359 1832
360 1945
361 1647
362 1825
363 1926
364 2095
365 2069
366 1884
367 1702
368 1911
369 1578
370 1691
371 2069
372 1904
373 1740
374 1963
375 2105
376 1534
377 1562
378 1997
379 1588
380 1954
381 2001
382 1796
383 1494
384 1372
385 1859
386 1816
387 1736
388 1855
389 1848
390 1804
391 2033
392 1778
393 1748
394 2044
395 1876
396 1784
397 1900
398 1709
399 1654
400 1834
401 1911
402 1979
403 1833
404 1985
405 2087
406 1939
407 1761
408 1667
409 1950
410 1748
411 1824
412 1766
413 1785
414 1954
415 2039
416 1935
417 1971
418 1672
419 1720
420 1651
421 1751
422 1725
423 1644
424 1824
425 1836
426 1999
427 1592
428 1666
429 1767
430 1910
431 1764
432 1668
433 1931
434 1754
435 1923
436 2006
437 2067
438 1929
439 2062
440 1699
441 1785
442 1883
443 1743
444 1721
445 2004
446 1630
447 1938
448 1790
449 1841
450 1907
451 1793
452 1667
453 1759
454 1928
455 1633
456 1793
457 1693
458 1706
459 1958
460 1669
461 2050
462 1545
463 1907
464 1899
465 1870
466 1877
467 2020
468 1749
469 1709
470 1651
471 1662
472 1797
473 1926
474 1596
475 1917
476 1961
477 1738
478 1817
479 1856
480 1653
481 1761
482 1696
483 1890
484 1720
485 1872
486 1646
487 1876
488 1952
489 1742
490 1752
491 1935
492 1523
493 1974
494 1933
495 1638
496 1926
497 1814
498 1747
499 1927
500 1917
501 1789
502 1926
503 1754
504 1447
505 1809
506 1714
507 1696
508 1761
509 1602
510 1827
511 1838
512 2014
513 1812
514 1890
515 1720
516 1551
517 2076
518 1816
519 1722
520 1842
521 1892
522 1727
523 1879
524 1745
525 1879
526 1927
527 1943
528 1852
529 1853
530 1679
531 1886
532 1758
533 1980
534 1787
535 1608
536 1870
537 1922
538 1795
539 1702
540 1602
541 1713
542 1682
543 1784
544 1969
545 1608
546 1824
547 1765
548 1851
549 1862
550 1872
551 1835
552 1518
553 1861
554 1784
555 2041
556 1868
557 1791
558 1758
559 1855
560 1675
561 1748
562 1704
563 1491
564 1837
565 1876
566 1994
567 1913
568 1476
569 1944
570 1648
571 1844
572 1949
573 1615
574 1297
575 1600
576 1633
577 2000
578 1810
579 1893
580 1884
581 2016
582 1839
583 1891
584 2035
585 1854
586 1751
587 1642
588 1778
589 1920
590 1633
591 1746
592 1920
593 1786
594 1861
595 1884
596 1896
597 2015
598 1671
599 1812
600 1897
601 1955
602 2089
603 1799
604 1922
605 2239
606 2084
607 1634
608 1627
609 1997
610 1800
611 1895
612 1444
613 1764
614 1730
615 1896
616 2022
617 1735
618 2045
619 1623
620 1876
621 2039
622 1877
623 1896
624 1653
625 1524
626 1636
627 1857
628 1871
629 1983
630 1821
631 2021
632 1835
633 1812
634 1970
635 1719
636 2026
637 1755
638 1771
639 2074
640 1695
641 1843
642 1576
643 1967
644 1693
645 1853
646 1825
647 1802
648 1939
649 1752
650 2144
651 1999
652 1778
653 1906
654 1934
655 1745
656 2000
657 1664
658 1913
659 2114
660 1899
661 1334
662 1571
663 1820
664 1597
665 1842
666 1819
667 1960
668 1832
669 1889
670 1753
671 1965
672 1891
673 1746
674 1937
675 1936
676 1606
677 1857
678 1888
679 2015
680 1733
681 1817
682 1854
683 1518
684 1790
685 1781
686 1859
687 1647
688 1777
689 1826
690 1950
691 1873
692 1611
693 1967
694 1509
695 2021
696 1946
697 1761
698 1643
699 1690
700 1842
701 2026
702 1916
703 1731
704 1574
705 1682
706 1761
707 1709
708 1568
709 1736
710 1927
711 1999
712 1650
713 1939
714 1843
715 1490
716 1746
717 1856
718 2008
719 1722
720 1727
721 1803
722 2222
723 1872
724 1952
725 1750
726 2026
727 2156
728 2020
729 1600
730 2068
731 1676
732 1850
733 1619
734 1858
735 2036
736 1660
737 2018
738 1968
739 2187
740 1964
741 1891
742 2126
743 1920
744 1850
745 1838
746 1791
747 1874
748 1950
749 1900
750 1582
751 1698
752 2098
753 1774
754 1734
755 1911
756 2012
757 1980
758 2136
759 1765
760 1607
761 1828
762 1952
763 2011
764 2037
765 1701
766 1997
767 1840
768 1972
769 2166
770 1704
771 1803
772 1935
773 2074
774 1898
775 1996
776 1913
777 1867
778 2053
779 1631
780 1568
781 1695
782 1650
783 1991
784 1869
785 1544
786 1712
787 2001
788 1993
789 1618
790 2089
791 1668
792 1498
793 1546
794 2038
795 2004
796 1752
797 1837
798 2032
799 1848
800 1882
801 1954
802 1729
803 1756
804 1838
805 1724
806 1622
807 1662
808 1676
809 1894
810 1916
811 1744
812 1836
813 1819
814 1956
815 1745
816 1724
817 1970
818 1808
819 2109
820 2103
821 1539
822 1512
823 1967
824 1813
825 1563
826 1829
827 1803
828 1693
829 1477
830 1558
831 1781
832 1723
833 1793
834 1660
835 1866
836 2008
837 1889
838 1630
839 1920
840 1935
841 1889
842 1871
843 1741
844 1931
845 1994
846 1767
847 1632
848 1513
849 1564
850 1612
851 1885
852 2112
853 2196
854 1762
855 1821
856 1930
857 1746
858 1821
859 1844
860 1787
861 1834
862 2040
863 1790
864 1533
865 1540
866 1546
867 1821
868 1886
869 2016
870 1744
871 1732
872 2010
873 1835
874 1649
875 1744
876 1989
877 1661
878 1888
879 2091
880 2030
881 1712
882 1923
883 1735
884 1891
885 1894
886 1788
887 1677
888 1860
889 2047
890 2039
891 1850
892 1874
893 1687
894 1950
895 1983
896 2064
897 1568
898 1978
899 1597
900 1739
901 1739
902 1529
903 1829
904 1888
905 1833
906 1640
907 1684
908 1915
909 1705
910 2038
911 1674
912 2063
913 1723
914 1766
915 2100
916 1943
917 1966
918 1896
919 1706
920 1758
921 2018
922 1927
923 1795
924 1671
925 1844
926 1882
927 1776
928 1830
929 1774
930 1897
931 2012
932 1934
933 2032
934 2016
935 1866
936 1789
937 1748
938 1833
939 2025
940 1898
941 1777
942 1866
943 1748
944 1899
945 1817
946 1961
947 1592
948 1695
949 1943
950 1780
951 1693
952 1751
953 1721
954 1877
955 1954
956 1871
957 2059
958 1969
959 1980
960 1870
961 2010
962 1781
963 1756
964 1961
965 1843
966 1792
967 1768
968 1764
969 2012
970 1696
971 2092
972 1847
973 1727
974 1742
975 1816
976 1778
977 2046
978 1757
979 1770
980 1774
981 1858
982 2000
983 1773
984 1992
985 1748
986 1707
987 1921
988 1631
989 1593
990 1963
991 1863
992 1793
993 1585
994 1993
995 1808
996 1697
997 1913
998 1793
999 1738
1000 1890
1001 1733
1002 1507
1003 1870
1004 1870
1005 1731
1006 1833
1007 1828
1008 1938
1009 1768
1010 2018
1011 1823
1012 1807
1013 1829
1014 1813
1015 1942
1016 1863
1017 1817
1018 1796
1019 1582
1020 1972
1021 1921
1022 1782
1023 1960
1024 1917
1025 1945
1026 1856
1027 1891
1028 1943
1029 1894
1030 1750
1031 1751
1032 1928
1033 1547
1034 1832
1035 1720
1036 2085
1037 1752
1038 1874
1039 1788
1040 1675
1041 2024
1042 1520
1043 1826
1044 1830
1045 1894
1046 2137
1047 1945
1048 2017
1049 2014
1050 1995
1051 1765
1052 2109
1053 1687
1054 1968
1055 1462
1056 1977
1057 1853
1058 1671
1059 1711
1060 1919
1061 1748
1062 1720
1063 1714
1064 1957
1065 1672
1066 1959
1067 1684
1068 1924
1069 1951
1070 1869
1071 1779
1072 1850
1073 1829
1074 1908
1075 1751
1076 1943
1077 1707
1078 1822
1079 1960
1080 1609
1081 1822
1082 2021
1083 1864
1084 2111
1085 1674
1086 1616
1087 1751
1088 1845
1089 1818
1090 1995
1091 1977
1092 2155
1093 1975
1094 1651
1095 1835
1096 1843
1097 1526
1098 1855
1099 1743
1100 1899
1101 1929
1102 1872
1103 1669
1104 1778
1105 1817
1106 1768
1107 1971
1108 1884
1109 1865
1110 1808
1111 1769
1112 2038
1113 1692
1114 2006
1115 1953
1116 1653
1117 1637
1118 2093
1119 1753
1120 2037
1121 1709
1122 1938
1123 2237
1124 1813
1125 2031
1126 1643
1127 1632
1128 1798
1129 1839
1130 1849
1131 1906
1132 1936
1133 1702
1134 1846
1135 1970
1136 1868
1137 1813
1138 1686
1139 1729
1140 1868
1141 1739
1142 1944
1143 1984
1144 2016
1145 1803
1146 1787
1147 1742
1148 1773
1149 1910
1150 2118
1151 1742
1152 1768
1153 2057
1154 1904
1155 1928
1156 1963
1157 1557
1158 1754
1159 1990
1160 2036
1161 1763
1162 1648
1163 1693
1164 1857
1165 1914
1166 1789
1167 1842
1168 2038
1169 2066
1170 1802
1171 1870
1172 1722
1173 1755
1174 1657
1175 1809
1176 1752
1177 1611
1178 1721
1179 2066
1180 1798
1181 1781
1182 1790
1183 1733
1184 1748
1185 1806
1186 1912
1187 1795
1188 2033
1189 1722
1190 1939
1191 1841
1192 1736
1193 1885
1194 1853
1195 1786
1196 1808
1197 1663
1198 1515
1199 1785
1200 1653
1201 1571
1202 2048
1203 1903
1204 1839
1205 1908
1206 2171
1207 1795
1208 1845
1209 1741
1210 1807
1211 1851
1212 1980
1213 1827
1214 2028
1215 1919
1216 1376
1217 1719
1218 2153
1219 1892
1220 1716
1221 1947
1222 1640
1223 1817
1224 1682
1225 1690
1226 1970
1227 1787
1228 1999
1229 1750
1230 1986
1231 1682
1232 1622
1233 2246
1234 1927
1235 1708
1236 1522
1237 1859
1238 2039
1239 1861
1240 1962
1241 1943
1242 1928
1243 1673
1244 1840
1245 1820
1246 2041
1247 1852
1248 2163
1249 1883
1250 1672
1251 1548
1252 1915
1253 1839
1254 1842
1255 1750
1256 1757
1257 1823
1258 1722
1259 1982
1260 2023
1261 1711
1262 1931
1263 1573
1264 1933
1265 1863
1266 1814
1267 1900
1268 1882
1269 2017
1270 1961
1271 1942
1272 1908
1273 1929
1274 1833
1275 1488
1276 1978
1277 1729
1278 1675
1279 1657
1280 1953
1281 1905
1282 1835
1283 1748
1284 2001
1285 1884
1286 1724
1287 1574
1288 1828
1289 1858
1290 1562
1291 1972
1292 1503
1293 1928
1294 1929
1295 1710
1296 2001
1297 1812
1298 1907
1299 1810
1300 1711
1301 1588
1302 1908
1303 1813
1304 1739
1305 1717
1306 1577
1307 1803
1308 1781
1309 2091
1310 1842
1311 1689
1312 1788
1313 1703
1314 2070
1315 1813
1316 1510
1317 1708
1318 1861
1319 1903
1320 1572
1321 1789
1322 1843
1323 1767
1324 1473
1325 1957
1326 1956
1327 1733
1328 1840
1329 1864
1330 1860
1331 1929
1332 1691
1333 1793
1334 1746
1335 2217
1336 2007
1337 1742
1338 1911
1339 1924
1340 2069
1341 2124
1342 1997
1343 1853
1344 1520
1345 1871
1346 1737
1347 1775
1348 1565
1349 1807
1350 1680
1351 1589
1352 1931
1353 2094
1354 1634
1355 1989
1356 1966
1357 1807
1358 1906
1359 1889
1360 1999
1361 1512
1362 1898
1363 1779
1364 1856
1365 1902
1366 1840
1367 1698
1368 1603
1369 1526
1370 1673
1371 1680
1372 1924
1373 1801
1374 1751
1375 2069
1376 1971
1377 1899
1378 1809
1379 1729
1380 1860
1381 1751
1382 1779
1383 1828
1384 1737
1385 1778
1386 1823
1387 1664
1388 1757
1389 1832
1390 2098
1391 1860
1392 1719
1393 1797
1394 1667
1395 1976
1396 1808
1397 1618
1398 1918
1399 1504
1400 1846
1401 1993
1402 1863
1403 1805
1404 1740
1405 1832
1406 1973
1407 1790
1408 1820
1409 1844
1410 1760
1411 1932
1412 1750
1413 1788
1414 1979
1415 1786
1416 1873
1417 1936
1418 1893
1419 1631
1420 1987
1421 2059
1422 1985
1423 1971
1424 1800
1425 2093
1426 1900
1427 1905
1428 1778
1429 1792
1430 1942
1431 1932
1432 1517
1433 1936
1434 1727
1435 1525
1436 1627
1437 1670
1438 1851
1439 2025
1440 1795
1441 1878
1442 2102
1443 1708
1444 1857
1445 1757
1446 2073
1447 1821
1448 1851
1449 1658
1450 1904
1451 2051
1452 1905
1453 1756
1454 1655
1455 1835
1456 1660
1457 1836
1458 1673
1459 1771
1460 1851
1461 1991
1462 1928
1463 1848
1464 1872
1465 1741
1466 1972
1467 1994
1468 1839
1469 1782
1470 1860
1471 1847
1472 1667
1473 1997
1474 1789
1475 1891
1476 1922
1477 1800
1478 2120
1479 2007
1480 1932
1481 1813
1482 1871
1483 1689
1484 1998
1485 1745
1486 2017
1487 1781
1488 1928
1489 1951
1490 1747
1491 1884
1492 1952
1493 1936
1494 1721
1495 1968
1496 1751
1497 1957
1498 2028
1499 1709
1500 1945
1501 1675
1502 1942
1503 1937
1504 1853
1505 1678
1506 1767
1507 1564
1508 1916
1509 1343
1510 1667
1511 1784
1512 1860
1513 1996
1514 1613
1515 1936
1516 1923
1517 1936
1518 1895
1519 2024
1520 1911
1521 1827
1522 1715
1523 1866
1524 1959
1525 2036
1526 2020
1527 1686
1528 1924
1529 1690
1530 1914
1531 1667
1532 1699
1533 1917
1534 1954
1535 1801
1536 1464
1537 1789
1538 1822
1539 1855
1540 1976
1541 1761
1542 1877
1543 1863
1544 1931
1545 1793
1546 1929
1547 1761
1548 1684
1549 1808
1550 1946
1551 1654
1552 1866
1553 1994
1554 1730
1555 1700
1556 1945
1557 1523
1558 1645
1559 1823
1560 1786
1561 1826
1562 1925
1563 1759
1564 1964
1565 1547
1566 1778
1567 1828
1568 1694
1569 1914
1570 1574
1571 1897
1572 2041
1573 1730
1574 1979
1575 1898
1576 1655
1577 1927
1578 1549
1579 1626
1580 1325
1581 1961
1582 1774
1583 1937
1584 2025
1585 1885
1586 2159
1587 1903
1588 1571
1589 1666
1590 1926
1591 2044
1592 1688
1593 1962
1594 1539
1595 1954
1596 2044
1597 1948
1598 1955
1599 1800
1600 1789
1601 1841
1602 1677
1603 1711
1604 2016
1605 1639
1606 1803
1607 1792
1608 1991
1609 1595
1610 1746
1611 1741
1612 1711
1613 1970
1614 1596
1615 1808
1616 2113
1617 1723
1618 1764
1619 2009
1620 1967
1621 1768
1622 1590
1623 2020
1624 1909
1625 2235
1626 1856
1627 1737
1628 1721
1629 1798
1630 2075
1631 1507
1632 1561
1633 1739
1634 1892
1635 1977
1636 1833
1637 1802
1638 1791
1639 1639
1640 1916
1641 1780
1642 1662
1643 1923
1644 1872
1645 1678
1646 1661
1647 1838
1648 1905
1649 1733
1650 1856
1651 1532
1652 1442
1653 1923
1654 1969
1655 1750
1656 1283
1657 1753
1658 1779
1659 1762
1660 1994
1661 1804
1662 1840
1663 1876
1664 1778
1665 1964
1666 2011
1667 1766
1668 1907
1669 1618
1670 1547
1671 1813
1672 1517
1673 1473
1674 1629
1675 1767
1676 1871
1677 1742
1678 1883
1679 1752
1680 1892
1681 2029
1682 1837
1683 1670
1684 1988
1685 1692
1686 1740
1687 1913
1688 1902
1689 1792
1690 1847
1691 1844
1692 1806
1693 1759
1694 2090
1695 2038
1696 2197
1697 1979
1698 1560
1699 1748
1700 1877
1701 2055
1702 1989
1703 2029
1704 1771
1705 1881
1706 1851
1707 1560
1708 1780
1709 1911
1710 2008
1711 1761
1712 1784
1713 1584
1714 1658
1715 2135
1716 1607
1717 2040
1718 1953
1719 1633
1720 1781
1721 1775
1722 1891
1723 1603
1724 1911
1725 1688
1726 1757
1727 1703
1728 1751
1729 1550
1730 1908
1731 1851
1732 1815
1733 1855
1734 1639
1735 1901
1736 1811
1737 1596
1738 1879
1739 1668
1740 1939
1741 1700
1742 2161
1743 1799
1744 1831
1745 1781
1746 1650
1747 1826
1748 1780
1749 1637
1750 1804
1751 1755
1752 1848
1753 1891
1754 1708
1755 1843
1756 1392
1757 1955
1758 1712
1759 2123
1760 1748
1761 1829
1762 1979
1763 1526
1764 1715
1765 1558
1766 1979
1767 1704
1768 1829
1769 1760
1770 1565
1771 1585
1772 1929
1773 2007
1774 1961
1775 1647
1776 2075
1777 1970
1778 1861
1779 1658
1780 1476
1781 1687
1782 1421
1783 1877
1784 1930
1785 2131
1786 1713
1787 2011
1788 1901
1789 2092
1790 1755
1791 1933
1792 1961
1793 1666
1794 2005
1795 1473
1796 1953
1797 1794
1798 1434
1799 1674
1800 1765
1801 1672
1802 1875
1803 1786
1804 1936
1805 1842
1806 1984
1807 1793
1808 1659
1809 1630
1810 1860
1811 1953
1812 1580
1813 1710
1814 1736
1815 1680
1816 1902
1817 2057
1818 1864
1819 1792
1820 1781
1821 1728
1822 2039
1823 1939
1824 1728
1825 1798
1826 1941
1827 1909
1828 1971
1829 1788
1830 1561
1831 1811
1832 1833
1833 1676
1834 1820
1835 1607
1836 1689
1837 1684
1838 2185
1839 1831
1840 1856
1841 1981
1842 1747
1843 1840
1844 1754
1845 1586
1846 2104
1847 1472
1848 1917
1849 1855
1850 1914
1851 1717
1852 1899
1853 1781
1854 1825
1855 1840
1856 1909
1857 2124
1858 1878
1859 1886
1860 1589
1861 1809
1862 1957
1863 1875
1864 1842
1865 2053
1866 1930
1867 1941
1868 1954
1869 1945
1870 1983
1871 1685
1872 1858
1873 1992
1874 1949
1875 1810
1876 1846
1877 2109
1878 1858
1879 1674
1880 1776
1881 1875
1882 1826
1883 1718
1884 1864
1885 1632
1886 1969
1887 1778
1888 2028
1889 1937
1890 1772
1891 1790
1892 1676
1893 1616
1894 1479
1895 1743
1896 1814
1897 1563
1898 1852
1899 1629
1900 1664
1901 1935
1902 1750
1903 1412
1904 1752
1905 1648
1906 1914
1907 1912
1908 1737
1909 1697
1910 1637
1911 1730
1912 1662
1913 1908
1914 1688
1915 1802
1916 1801
1917 1907
1918 1796
1919 1919
1920 1669
1921 1820
1922 1876
1923 2078
1924 1585
1925 2035
1926 1938
1927 1695
1928 2108
1929 1772
1930 1772
1931 1742
1932 1955
1933 1955
1934 1945
1935 1859
1936 1897
1937 2155
1938 1766
1939 1781
1940 1796
1941 1808
1942 2000
1943 1873
1944 1695
1945 2121
1946 1911
1947 1956
1948 1747
1949 1837
1950 1480
1951 1781
1952 1946
1953 1704
1954 1645
1955 1904
1956 1939
1957 1654
1958 1814
1959 1994
1960 1909
1961 1967
1962 1759
1963 1770
1964 2060
1965 1554
1966 2152
1967 1910
1968 1899
1969 1960
1970 1765
1971 1974
1972 1824
1973 2109
1974 1775
1975 1948
1976 1924
1977 1470
1978 1783
1979 1542
1980 1826
1981 2070
1982 1893
1983 1875
1984 1820
1985 1687
1986 1811
1987 1881
1988 1911
1989 2162
1990 1734
1991 2030
1992 1787
1993 1598
1994 1892
1995 2020
1996 1936
1997 1952
1998 1703
1999 1774
2000 1904
2001 1930
2002 1594
2003 1827
2004 1754
2005 1641
2006 1851
2007 1844
2008 1845
2009 1792
2010 1722
2011 1984
2012 1693
2013 1852
2014 1612
2015 1865
2016 1925
2017 1651
2018 1740
2019 2000
2020 1931
2021 2051
2022 1688
2023 1979
2024 1872
2025 1803
2026 1999
2027 1931
2028 1829
2029 1769
2030 1790
2031 1757
2032 1871
2033 1434
2034 1781
2035 1913
2036 1432
2037 1816
2038 1851
2039 2063
2040 1742
2041 1862
2042 2093
2043 1510
2044 1497
2045 1825
2046 1949
2047 1888
2048 2049
2049 1884
2050 1872
2051 1925
2052 1875
2053 1991
2054 1698
2055 1818
2056 1670
2057 1758
2058 1793
2059 1616
2060 1732
2061 1953
2062 1908
2063 1810
2064 1396
2065 1824
2066 1822
2067 1515
2068 1866
2069 1693
2070 1997
2071 1615
2072 1738
2073 1916
2074 1586
2075 1953
2076 1987
2077 1845
2078 1861
2079 1926
2080 1928
2081 1897
2082 1910
2083 1820
2084 1795
2085 1914
2086 1949
2087 1861
2088 1658
2089 1826
2090 1950
2091 1572
2092 1896
2093 1848
2094 1856
2095 1796
2096 1848
2097 1700
2098 1823
2099 1997
2100 1689
2101 1884
2102 1706
2103 2117
2104 1803
2105 1915
2106 1956
2107 1921
2108 1846
2109 1552
2110 1771
2111 1819
2112 1837
2113 1746
2114 1841
2115 1778
2116 1698
2117 1675
2118 1811
2119 1634
2120 1820
2121 1818
2122 1847
2123 1851
2124 1952
2125 1960
2126 2035
2127 1710
2128 1743
2129 1743
2130 1558
2131 2004
2132 2043
2133 1920
2134 1894
2135 1788
2136 1772
2137 1847
2138 1930
2139 1998
2140 1946
2141 1834
2142 1634
2143 1905
2144 2121
2145 1932
2146 1771
2147 1772
2148 1901
2149 1734
2150 1532
2151 1683
2152 1693
2153 1978
2154 1790
2155 1740
2156 1940
2157 1915
2158 1758
2159 1697
2160 1789
2161 1656
2162 1855
2163 1618
2164 1707
2165 2094
2166 2146
2167 1917
2168 1979
2169 2005
2170 1937
2171 1986
2172 1893
2173 1842
2174 2026
2175 1759
2176 1777
2177 1886
2178 2102
2179 2029
2180 2022
2181 1538
2182 1930
2183 1902
2184 1469
2185 1964
2186 1567
2187 1838
2188 1877
2189 1893
2190 1654
2191 1516
2192 1937
2193 1960
2194 1671
2195 1679
2196 1636
2197 1479
2198 1902
2199 2131
2200 1921
2201 1953
2202 1706
2203 1655
2204 1973
2205 1815
2206 2100
2207 2063
2208 1762
2209 1818
2210 1827
2211 1730
2212 2163
2213 1777
2214 1706
2215 1837
2216 1837
2217 1777
2218 1847
2219 1827
2220 1892
2221 1932
2222 1803
2223 1831
2224 1927
2225 1833
2226 1618
2227 1671
2228 1968
2229 1821
2230 1923
2231 1633
2232 1972
2233 1742
2234 1909
2235 1994
2236 1568
2237 1593
2238 1546
2239 1676
2240 1852
2241 1890
2242 1690
2243 1783
2244 1753
2245 1856
2246 1718
2247 1739
2248 1967
2249 1975
2250 1899
2251 1906
2252 1964
2253 1891
2254 1660
2255 1781
2256 1847
2257 1752
2258 1694
2259 1845
2260 1704
2261 1608
2262 1530
2263 1605
2264 2022
2265 1689
2266 1936
2267 1376
2268 1782
2269 1727
2270 1862
2271 1859
2272 1564
2273 1441
2274 1843
2275 1857
2276 1733
2277 1906
2278 2058
2279 1434
2280 1750
2281 1897
2282 1852
2283 1851
2284 1924
2285 1897
2286 1821
2287 1641
2288 1777
2289 1733
2290 1836
2291 1812
2292 1723
2293 2052
2294 1748
2295 1660
2296 1914
2297 1951
2298 1658
2299 1758
2300 2098
2301 1864
2302 1644
2303 1479
2304 1930
2305 1966
2306 1714
2307 1878
2308 1859
2309 1927
2310 1783
2311 1865
2312 1525
2313 1955
2314 1671
2315 1632
2316 1839
2317 1841
2318 1727
2319 1905
2320 1786
2321 1713
2322 1764
2323 1802
2324 1963
2325 1947
2326 1857
2327 1679
2328 2025
2329 1977
2330 1530
2331 1932
2332 1864
2333 1811
2334 1766
2335 1824
2336 1805
2337 1768
2338 1515
2339 1984
2340 1901
2341 1949
2342 1896
2343 1852
2344 1863
2345 2083
2346 1913
2347 2158
2348 1876
2349 1900
2350 1745
2351 2002
2352 1729
2353 1664
2354 1940
2355 1892
2356 1745
2357 1840
2358 1959
2359 2035
2360 1896
2361 1632
2362 1960
2363 1898
2364 1757
2365 2037
2366 1804
2367 1848
2368 1811
2369 1533
2370 1774
2371 1915
2372 1857
2373 1739
2374 1675
2375 1783
2376 1505
2377 1637
2378 1609
2379 1516
2380 2135
2381 1852
2382 1641
2383 1959
2384 1564
2385 1811
2386 2057
2387 1835
2388 1843
2389 1923
2390 1912
2391 1807
2392 1889
2393 1889
2394 1817
2395 1760
2396 1757
2397 1683
2398 1842
2399 1644
2400 1705
2401 1787
2402 1828
2403 1787
2404 1720
2405 1738
2406 2019
2407 1762
2408 2024
2409 1686
2410 1724
2411 1653
2412 1743
2413 1711
2414 1992
2415 1979
2416 2022
2417 1760
2418 1620
2419 1783
2420 1774
2421 1833
2422 1762
2423 1531
2424 2030
2425 2155
2426 2041
2427 2050
2428 1812
2429 1605
2430 1437
2431 1905
2432 1862
2433 1984
2434 1826
2435 2034
2436 1709
2437 2037
2438 1829
2439 1816
2440 1962
2441 1538
2442 1633
2443 2081
2444 1915
2445 1846
2446 1514
2447 2069
2448 2249
2449 1838
2450 1770
2451 1942
2452 1813
2453 1792
2454 2013
2455 1938
2456 1697
2457 1740
2458 1701
2459 1659
2460 1707
2461 1910
2462 1910
2463 1978
2464 2019
2465 1944
2466 1886
2467 1815
2468 1757
2469 1374
2470 1906
2471 1996
2472 2100
2473 1627
2474 1909
2475 1621
2476 1859
2477 1918
2478 1688
2479 1776
2480 1907
2481 1965
2482 1829
2483 1984
2484 2067
2485 2088
2486 1872
2487 1706
2488 1583
2489 1969
2490 1983
2491 1628
2492 1927
2493 1599
2494 1924
2495 1891
2496 1894
2497 1859
2498 1687
2499 1615
2500 1534
2501 1626
2502 1831
2503 1883
2504 2055
2505 1903
2506 1737
2507 1815
2508 1690
2509 1741
2510 2017
2511 1699
2512 1865
2513 1764
2514 1807
2515 1694
2516 1805
2517 1900
2518 1874
2519 1776
2520 1797
2521 1949
2522 1792
2523 1778
2524 1856
2525 2111
2526 2042
2527 1841
2528 1641
2529 1731
2530 1898
2531 1822
2532 1770
2533 1985
2534 1961
2535 2149
2536 1482
2537 1789
2538 2035
2539 1940
2540 1749
2541 1562
2542 1516
2543 1527
2544 1910
2545 1863
2546 1787
2547 1867
2548 2036
2549 1872
2550 1668
2551 1856
2552 1732
2553 2080
2554 1987
2555 1661
2556 1823
2557 1820
2558 1562
2559 1691
2560 1888
2561 2016
2562 1914
2563 1854
2564 1780
2565 1991
2566 1901
2567 1927
2568 1566
2569 1685
2570 1944
2571 1741
2572 1811
2573 2028
2574 1930
2575 1735
2576 1677
2577 2029
2578 2067
2579 1814
2580 1810
2581 1845
2582 1881
2583 1730
2584 2086
2585 1824
2586 1925
2587 1917
2588 1793
2589 1476
2590 1785
2591 1647
2592 1669
2593 1814
2594 1982
2595 1530
2596 1573
2597 1938
2598 1710
2599 1808
2600 1926
2601 1521
2602 1755
2603 1587
2604 1991
2605 2002
2606 1767
2607 1849
2608 2091
2609 1586
2610 1734
2611 1704
2612 1569
2613 1673
2614 1841
2615 1924
2616 2140
2617 1745
2618 1944
2619 1739
2620 1866
2621 1907
2622 1675
2623 1806
2624 1805
2625 1925
2626 1864
2627 1730
2628 1872
2629 1927
2630 1578
2631 1880
2632 1644
2633 1552
2634 1858
2635 1737
2636 1861
2637 1578
2638 1705
2639 1728
2640 1669
2641 2027
2642 1984
2643 1827
2644 1801
2645 1976
2646 1497
2647 1903
2648 1903
2649 1766
2650 1884
2651 1740
2652 1712
2653 1764
2654 1878
2655 1921
2656 1553
2657 1912
2658 1528
2659 1940
2660 1572
2661 2042
2662 1799
2663 1683
2664 1891
2665 1653
2666 1955
2667 1843
2668 1726
2669 1781
2670 1737
2671 1545
2672 1596
2673 1797
2674 1830
2675 1896
2676 1621
2677 1714
2678 1933
2679 1748
2680 1671
2681 1727
2682 1785
2683 1865
2684 2057
2685 1906
2686 1704
2687 1902
2688 1914
2689 1705
2690 1572
2691 1727
2692 1430
2693 2063
2694 1796
2695 1991
2696 1787
2697 2028
2698 2096
2699 1728
2700 1936
2701 1779
2702 1826
2703 1823
2704 1908
2705 1724
2706 2303
2707 1762
2708 1873
2709 1810
2710 1775
2711 1621
2712 1695
2713 1638
2714 1714
2715 1787
2716 1623
2717 1946
2718 1836
2719 1850
2720 2000
2721 1684
2722 1862
2723 1910
2724 1917
2725 1639
2726 1681
2727 1550
2728 1672
2729 1664
2730 1988
2731 2021
2732 1594
2733 1748
2734 1759
2735 1607
2736 1660
2737 1783
2738 1840
2739 1748
2740 1743
2741 1810
2742 1872
2743 2043
2744 1775
2745 1781
2746 1693
2747 1795
2748 1767
2749 1635
2750 1495
2751 1851
2752 1975
2753 2018
2754 1942
2755 1834
2756 1696
2757 1688
2758 1883
2759 1914
2760 1752
2761 1975
2762 1792
2763 1697
2764 1887
2765 2028
2766 1772
2767 1845
2768 1884
2769 1964
2770 1665
2771 1771
2772 1681
2773 1679
2774 1775
2775 1785
2776 1887
2777 1518
2778 1829
2779 1671
2780 1649
2781 1605
2782 1808
2783 1705
2784 1536
2785 1934
2786 2025
2787 1839
2788 1687
2789 2042
2790 2060
2791 2132
2792 1679
2793 1846
2794 1649
2795 1335
2796 1732
2797 1760
2798 1806
2799 1760
2800 2033
2801 1916
2802 1864
2803 1781
2804 1871
2805 1529
2806 1700
2807 1699
2808 2107
2809 1651
2810 1743
2811 1937
2812 1859
2813 1353
2814 1783
2815 1984
2816 1762
2817 1831
2818 1901
2819 2002
2820 1895
2821 1913
2822 1883
2823 2019
2824 2063
2825 1617
2826 1988
2827 1891
2828 1873
2829 1954
2830 1932
2831 1820
2832 1977
2833 1758
2834 1764
2835 1702
2836 1701
2837 1901
2838 1727
2839 1794
2840 1605
2841 2108
2842 2000
2843 1687
2844 1883
2845 1727
2846 2036
2847 1856
2848 1723
2849 1858
2850 1921
2851 1791
2852 1819
2853 1764
2854 2081
2855 1705
2856 1993
2857 1973
2858 1769
2859 1819
2860 1781
2861 1741
2862 1872
2863 1468
2864 1515
2865 1906
2866 1960
2867 1791
2868 1871
2869 2104
2870 1898
2871 1682
2872 1759
2873 1732
2874 1586
2875 1611
2876 2049
2877 1694
2878 1823
2879 1731
2880 1875
2881 2084
2882 1471
2883 1918
2884 2053
2885 1766
2886 1805
2887 2095
2888 1704
2889 1684
2890 1815
2891 1882
2892 1757
2893 1837
2894 1691
2895 1910
2896 1818
2897 1858
2898 1674
2899 1506
2900 1969
2901 1862
2902 1988
2903 1724
2904 1825
2905 1891
2906 1680
2907 1603
2908 1830
2909 1885
2910 2090
2911 1900
2912 1608
2913 1718
2914 2192
2915 1786
2916 1881
2917 1905
2918 1901
2919 1858
2920 1991
2921 1867
2922 1947
2923 1852
2924 1923
2925 1793
2926 1784
2927 1957
2928 1799
2929 1775
2930 1881
2931 1886
2932 1800
2933 1605
2934 1937
2935 1864
2936 1682
2937 1826
2938 1749
2939 1550
2940 1564
2941 1832
2942 2014
2943 1976
2944 1902
2945 1835
2946 1739
2947 1857
2948 1904
2949 2045
2950 1918
2951 1719
2952 1762
2953 1634
2954 1863
2955 1468
2956 1532
2957 1329
2958 1997
2959 1600
2960 2010
2961 1771
2962 2149
2963 1938
2964 1836
2965 1849
2966 1798
2967 1928
2968 1986
2969 1805
2970 1922
2971 1876
2972 1700
2973 1852
2974 2008
2975 1735
2976 1827
2977 1655
2978 2011
2979 1789
2980 1909
2981 1469
2982 1673
2983 2008
2984 1553
2985 1912
2986 1899
2987 1866
2988 1850
2989 2100
2990 1948
2991 1814
2992 1659
2993 1725
2994 1653
2995 1897
2996 1752
2997 1820
2998 1532
2999 1846
3000 1883
3001 1970
3002 1773
3003 2055
3004 1934
3005 1737
3006 1707
3007 1514
3008 1886
3009 1778
3010 1815
3011 1858
3012 1642
3013 1846
3014 1926
3015 1943
3016 1926
3017 2001
3018 1882
3019 1942
3020 1993
3021 1446
3022 1981
3023 1749
3024 1524
3025 1900
3026 1678
3027 1831
3028 2063
3029 1667
3030 1894
3031 1443
3032 1949
3033 1702
3034 1809
3035 1840
3036 1877
3037 1782
3038 1792
3039 1758
3040 1802
3041 1372
3042 1949
3043 1904
3044 1893
3045 1990
3046 1779
3047 1633
3048 1803
3049 1764
3050 1669
3051 1610
3052 1651
3053 2020
3054 1783
3055 1868
3056 1527
3057 1663
3058 1841
3059 1918
3060 1626
3061 1875
3062 1866
3063 2000
3064 1903
3065 1841
3066 1952
3067 1907
3068 1695
3069 2130
3070 1969
3071 1840
3072 1727
3073 1771
3074 1719
3075 1967
3076 1795
3077 1802
3078 1649
3079 1989
3080 1712
3081 1868
3082 1884
3083 1739
3084 1751
3085 1779
3086 1639
3087 1893
3088 1815
3089 1863
3090 1930
3091 1674
3092 1827
3093 1886
3094 1983
3095 1901
3096 2031
3097 1889
3098 1775
3099 1778
3100 1957
3101 1489
3102 1641
3103 1869
3104 1695
3105 1753
3106 1804
3107 1776
3108 1395
3109 1520
3110 1982
3111 1816
3112 1610
3113 2061
3114 1873
3115 1907
3116 1928
3117 1892
3118 2142
3119 2105
3120 1456
3121 1751
3122 1705
3123 1901
3124 1836
3125 1790
3126 1850
3127 1926
3128 2139
3129 1673
3130 1875
3131 1648
3132 1827
3133 1631
3134 1920
3135 1814
3136 1861
3137 2044
3138 1907
3139 1990
3140 1723
3141 1913
3142 1946
3143 1963
3144 1683
3145 1999
3146 1713
3147 1748
3148 1751
3149 1747
3150 1562
3151 1668
3152 1758
3153 1974
3154 2090
3155 1730
3156 1827
3157 1864
3158 1805
3159 1944
3160 1247
3161 1709
3162 1524
3163 1915
3164 1844
3165 1951
3166 1858
3167 1798
3168 1921
3169 1796
3170 1831
3171 1430
3172 1918
3173 1701
3174 1933
3175 2016
3176 2103
3177 1913
3178 1593
3179 1788
3180 1821
3181 1816
3182 2006
3183 1814
3184 1847
3185 1727
3186 1688
3187 1777
3188 2078
3189 1596
3190 1812
3191 1617
3192 2117
3193 1435
3194 1895
3195 1859
3196 1682
3197 1404
3198 1642
3199 1827
3200 1855
3201 1769
3202 1924
3203 1989
3204 1572
3205 1619
3206 1793
3207 1661
3208 1810
3209 2013
3210 2010
3211 1726
3212 2124
3213 1673
3214 1431
3215 1468
3216 1681
3217 1751
3218 1879
3219 1969
3220 1738
3221 2077
3222 1834
3223 1797
3224 2029
3225 1657
3226 1692
3227 1873
3228 1725
3229 1971
3230 1707
3231 1751
3232 1885
3233 1774
3234 1819
3235 1742
3236 2040
3237 1668
3238 1906
3239 1968
3240 1943
3241 1983
3242 1885
3243 2069
3244 1923
3245 1978
3246 1763
3247 1667
3248 1398
3249 1773
3250 1634
3251 2123
3252 1627
3253 2056
3254 1977
3255 2021
3256 1933
3257 1816
3258 1717
3259 1697
3260 1826
3261 1960
3262 1754
3263 1951
3264 1929
3265 1756
3266 2025
3267 2118
3268 1717
3269 1870
3270 1837
3271 1734
3272 1666
3273 1685
3274 1846
3275 1621
3276 1647
3277 1715
3278 1398
3279 1647
3280 1672
3281 1703
3282 1842
3283 1555
3284 1901
3285 1616
3286 1893
3287 1807
3288 1950
3289 1806
3290 1850
3291 2022
3292 1803
3293 1844
3294 2050
3295 1922
3296 1832
3297 1894
3298 1808
3299 1886
3300 1831
3301 2009
3302 2066
3303 1867
3304 2019
3305 1914
3306 1841
3307 1830
3308 2118
3309 1677
3310 1757
3311 1673
3312 1913
3313 1743
3314 2077
3315 1768
3316 1889
3317 1874
3318 1917
3319 1795
3320 2074
3321 1919
3322 1833
3323 2180
3324 1512
3325 1849
3326 1504
3327 1958
3328 1930
3329 1672
3330 1911
3331 1857
3332 1862
3333 1879
3334 1709
3335 1813
3336 1755
3337 1909
3338 2001
3339 1951
3340 1639
3341 1705
3342 1553
3343 1836
3344 2063
3345 1769
3346 1766
3347 1906
3348 1577
3349 1846
3350 1706
3351 1841
3352 2020
3353 2087
3354 1687
3355 2084
3356 1915
3357 1783
3358 1955
3359 2072
3360 2068
3361 1872
3362 1725
3363 1708
3364 1886
3365 1758
3366 1860
3367 1942
3368 1692
3369 1978
3370 1752
3371 1615
3372 1999
3373 1724
3374 1705
3375 1701
3376 1916
3377 1855
3378 1781
3379 2219
3380 1973
3381 1914
3382 1742
3383 1969
3384 1929
3385 1871
3386 1952
3387 1944
3388 1863
3389 1664
3390 1859
3391 1999
3392 1560
3393 1849
3394 1907
3395 1728
3396 1989
3397 1955
3398 1765
3399 1785
3400 1493
3401 1568
3402 1856
3403 1984
3404 1943
3405 1910
3406 1972
3407 1406
3408 1780
3409 2154
3410 1821
3411 2113
3412 1863
3413 1964
3414 2005
3415 1990
3416 1857
3417 1561
3418 1918
3419 1642
3420 1929
3421 1905
3422 1676
3423 1822
3424 2021
3425 2032
3426 1674
3427 1777
3428 1739
3429 1706
3430 1823
3431 1900
3432 1911
3433 1877
3434 1671
3435 1696
3436 1992
3437 1717
3438 1800
3439 1826
3440 1932
3441 1954
3442 1587
3443 1709
3444 1876
3445 1467
3446 1908
3447 1794
3448 1792
3449 1889
3450 1388
3451 1870
3452 1937
3453 1842
3454 1516
3455 1439
3456 1981
3457 1716
3458 1938
3459 1982
3460 1707
3461 1881
3462 1907
3463 1720
3464 1653
3465 1815
3466 1490
3467 2032
3468 1681
3469 1824
3470 1718
3471 1824
3472 1758
3473 1546
3474 1709
3475 1501
3476 1917
3477 2064
3478 2303
3479 1826
3480 2027
3481 1484
3482 2006
3483 1810
3484 1923
3485 2152
3486 1831
3487 2042
3488 1825
3489 1788
3490 1727
3491 1639
3492 1675
3493 1932
3494 2084
3495 1795
3496 1915
3497 1725
3498 1769
3499 1702
3500 1893
3501 1826
3502 1847
3503 1454
3504 1585
3505 1914
3506 1889
3507 1842
3508 1512
3509 1875
3510 1935
3511 2035
3512 1839
3513 1776
3514 1828
3515 1708
3516 1890
3517 2062
3518 1727
3519 1818
3520 1701
3521 1766
3522 1891
3523 1956
3524 1803
3525 1674
3526 1835
3527 1885
3528 1540
3529 1902
3530 1737
3531 1859
3532 1953
3533 1836
3534 1865
3535 1990
3536 1989
3537 1909
3538 1849
3539 1470
3540 1801
3541 1827
3542 1755
3543 1887
3544 1860
3545 1920
3546 1618
3547 1940
3548 1712
3549 2114
3550 1655
3551 1704
3552 2012
3553 1697
3554 1841
3555 1699
3556 1759
3557 1784
3558 1897
3559 1876
3560 1842
3561 1826
3562 1764
3563 1629
3564 1537
3565 1938
3566 1945
3567 1909
3568 1810
3569 1820
3570 1712
3571 1904
3572 1780
3573 1807
3574 2053
3575 1958
3576 1533
3577 1865
3578 1729
3579 1729
3580 1977
3581 1909
3582 1660
3583 1650
3584 1859
3585 2151
3586 1957
3587 2065
3588 1877
3589 1899
3590 1799
3591 1801
3592 1736
3593 1577
3594 1753
3595 1783
3596 1746
3597 1902
3598 1843
3599 1556
3600 1767
3601 1610
3602 1655
3603 1875
3604 1364
3605 1691
3606 1579
3607 1602
3608 1779
3609 1817
3610 1950
3611 1778
3612 2073
3613 1880
3614 1851
3615 1852
3616 1970
3617 1648
3618 1808
3619 1765
3620 1824
3621 1999
3622 1990
3623 1745
3624 1794
3625 1731
3626 1556
3627 1923
3628 1887
3629 1914
3630 1956
3631 1963
3632 2027
3633 1773
3634 1678
3635 1839
3636 1921
3637 1864
3638 1610
3639 1812
3640 1599
3641 2084
3642 1882
3643 1741
3644 1706
3645 1702
3646 1928
3647 1990
3648 1961
3649 1750
3650 1931
3651 1817
3652 1907
3653 1816
3654 1505
3655 1409
3656 1619
3657 2045
3658 1910
3659 1817
3660 2007
3661 1755
3662 1928
3663 1907
3664 1678
3665 1914
3666 1980
3667 1624
3668 1839
3669 1789
3670 2079
3671 2027
3672 1820
3673 2028
3674 1754
3675 1848
3676 1688
3677 1853
3678 1910
3679 1973
3680 1862
3681 1860
3682 1990
3683 2014
3684 1746
3685 1656
3686 1950
3687 1620
3688 1730
3689 1732
3690 1801
3691 1677
3692 2199
3693 1847
3694 1611
3695 1631
3696 1891
3697 1763
3698 1849
3699 1719
3700 1771
3701 1785
3702 1692
3703 1601
3704 2054
3705 1792
3706 1506
3707 1576
3708 1723
3709 1981
3710 2071
3711 1474
3712 1906
3713 1530
3714 2079
3715 1669
3716 1866
3717 2006
3718 1720
3719 1909
3720 1869
3721 1792
3722 1976
3723 1553
3724 1924
3725 1794
3726 1821
3727 1895
3728 1515
3729 1636
3730 1830
3731 1604
3732 1499
3733 1712
3734 1835
3735 1870
3736 1826
3737 2113
3738 1610
3739 1721
3740 1577
3741 1783
3742 2097
3743 1612
3744 1839
3745 1613
3746 2121
3747 1912
3748 1985
3749 1911
3750 2073
3751 1826
3752 1719
3753 1800
3754 1853
3755 1458
3756 2095
3757 1734
3758 1874
3759 1843
3760 1969
3761 1923
3762 1648
3763 1811
3764 1808
3765 1778
3766 2094
3767 1563
3768 1549
3769 1908
3770 1268
3771 1892
3772 1853
3773 1616
3774 1973
3775 1956
3776 1817
3777 1890
3778 1972
3779 1721
3780 1993
3781 1847
3782 2007
3783 1816
3784 1725
3785 1821
3786 1579
3787 1694
3788 1986
3789 1870
3790 1758
3791 1577
3792 1588
3793 1809
3794 1745
3795 1694
3796 2055
3797 1930
3798 1934
3799 1961
3800 1464
3801 2021
3802 1621
3803 2000
3804 1863
3805 1776
3806 1677
3807 1811
3808 2017
3809 1696
3810 1887
3811 1962
3812 2031
3813 2028
3814 2045
3815 1773
3816 1956
3817 1734
3818 1951
3819 1872
3820 1672
3821 1910
3822 2059
3823 1806
3824 1862
3825 1941
3826 1689
3827 1878
3828 1910
3829 1851
3830 1857
3831 1835
3832 1861
3833 1610
3834 1878
3835 1984
3836 1525
3837 1671
3838 1646
3839 1808
3840 1897
3841 1830
3842 1744
3843 1501
3844 1461
3845 1830
3846 2024
3847 2052
3848 1631
3849 1853
3850 1820
3851 1885
3852 2046
3853 1795
3854 1761
3855 1836
3856 2073
3857 1874
3858 1973
3859 1518
3860 1521
3861 1394
3862 1741
3863 1928
3864 1914
3865 1908
3866 1899
3867 1944
3868 1747
3869 1818
3870 1806
3871 1709
3872 1842
3873 1731
3874 1674
3875 1994
3876 1691
3877 2089
3878 1728
3879 1779
3880 1884
3881 1721
3882 1824
3883 1750
3884 1850
3885 1866
3886 1830
3887 1567
3888 1488
3889 1835
3890 1635
3891 1647
3892 1774
3893 1682
3894 1975
3895 1829
3896 2113
3897 2200
3898 2070
3899 1590
3900 1796
3901 1469
3902 1668
3903 1915
3904 1701
3905 1895
3906 1901
3907 2070
3908 1750
3909 1824
3910 1767
3911 2046
3912 1723
3913 1859
3914 2021
3915 1809
3916 1887
3917 1737
3918 2193
3919 1962
3920 1755
3921 1697
3922 2027
3923 1918
3924 1712
3925 1626
3926 1845
3927 1675
3928 1975
3929 1564
3930 1933
3931 1868
3932 2036
3933 1764
3934 1809
3935 2035
3936 1729
3937 1775
3938 1868
3939 1853
3940 1728
3941 1905
3942 1971
3943 2153
3944 1846
3945 1566
3946 1485
3947 2287
3948 1875
3949 1513
3950 1714
3951 1857
3952 1542
3953 1938
3954 1876
3955 1805
3956 1811
3957 1919
3958 1953
3959 1671
3960 1798
3961 1704
3962 1810
3963 1786
3964 2059
3965 1809
3966 1827
3967 1728
3968 1867
3969 1837
3970 1972
3971 2021
3972 1886
3973 2055
3974 1911
3975 1930
3976 2002
3977 1692
3978 1972
3979 2090
3980 1974
3981 1662
3982 1947
3983 2075
3984 1845
3985 1803
3986 1390
3987 1962
3988 1859
3989 1922
3990 2010
3991 1846
3992 1852
3993 1700
3994 1895
3995 1856
3996 1845
3997 1885
3998 1833
3999 1809
4000 1744
4001 1872
4002 1912
4003 1584
4004 1624
4005 1917
4006 1686
4007 1852
4008 1966
4009 1977
4010 2056
4011 1629
4012 2042
4013 1666
4014 2094
4015 2041
4016 1586
4017 1821
4018 1448
4019 1767
4020 1819
4021 1695
4022 2178
4023 1779
4024 1946
4025 1711
4026 1809
4027 2042
4028 1897
4029 1800
4030 1922
4031 1815
4032 1729
4033 1689
4034 1753
4035 1593
4036 1666
4037 1772
4038 1715
4039 1754
4040 1955
4041 1364
4042 1636
4043 1915
4044 1930
4045 2043
4046 1536
4047 1790
4048 1576
4049 1798
4050 1530
4051 1777
4052 1794
4053 2043
4054 2191
4055 1626
4056 1883
4057 1649
4058 1994
4059 1865
4060 1962
4061 2030
4062 2031
4063 1974
4064 1489
4065 1643
4066 2043
4067 1984
4068 1928
4069 1957
4070 1691
4071 1942
4072 1825
4073 1764
4074 1891
4075 1771
4076 1534
4077 1709
4078 1875
4079 1697
4080 1803
4081 1839
4082 1992
4083 1882
4084 1757
4085 2048
4086 1631
4087 1692
4088 1944
4089 1642
4090 1803
4091 2034
4092 1933
4093 1841
4094 1847
4095 1857
4096 1627
4097 2183
4098 1841
4099 2083
4100 1868
4101 1867
4102 1891
4103 1967
4104 1764
4105 1988
4106 1791
4107 1541
4108 1651
4109 1544
4110 1705
4111 1701
4112 1707
4113 1930
4114 1646
4115 1738
4116 1716
4117 1785
4118 1772
4119 1986
4120 1727
4121 1953
4122 1710
4123 1858
4124 1857
4125 1875
4126 1787
4127 1789
4128 1892
4129 1976
4130 1598
4131 2046
4132 2089
4133 2079
4134 1727
4135 1576
4136 1551
4137 1613
4138 1854
4139 1959
4140 1864
4141 1966
4142 1942
4143 1866
4144 1832
4145 2031
4146 1731
4147 1868
4148 1893
4149 1619
4150 1652
4151 1751
4152 2092
4153 1702
4154 1746
4155 1722
4156 1675
4157 1962
4158 1801
4159 1978
4160 2129
4161 1824
4162 1761
4163 1995
4164 2014
4165 1924
4166 1936
4167 1752
4168 1803
4169 1894
4170 1884
4171 1753
4172 1838
4173 1813
4174 1779
4175 2069
4176 1778
4177 1979
4178 1778
4179 1769
4180 1776
4181 1917
4182 1617
4183 1906
4184 1960
4185 1777
4186 1783
4187 1826
4188 1925
4189 1993
4190 1827
4191 1722
4192 1613
4193 1933
4194 1813
4195 1991
4196 1939
4197 1602
4198 1672
4199 1924
4200 1830
4201 1990
4202 1427
4203 1865
4204 1986
4205 1766
4206 1601
4207 1783
4208 1778
4209 1786
4210 1938
4211 2138
4212 1783
4213 1931
4214 2063
4215 2029
4216 1997
4217 1770
4218 1840
4219 2023
4220 1855
4221 1758
4222 1615
4223 1944
4224 1980
4225 1937
4226 2138
4227 1758
4228 2058
4229 1838
4230 1881
4231 1808
4232 1939
4233 1668
4234 1813
4235 1990
4236 1951
4237 1878
4238 2013
4239 1786
4240 1906
4241 1912
4242 1902
4243 1752
4244 1826
4245 1945
4246 1809
4247 1856
4248 1846
4249 1634
4250 2074
4251 1930
4252 1929
4253 1838
4254 1967
4255 1612
4256 1897
4257 1722
4258 1703
4259 1920
4260 1940
4261 1978
4262 1739
4263 1587
4264 1625
4265 1986
4266 1844
4267 1835
4268 1880
4269 1874
4270 2127
4271 1701
4272 1585
4273 1879
4274 1808
4275 1805
4276 2004
4277 1863
4278 1520
4279 1926
4280 2104
4281 1876
4282 1659
4283 1715
4284 2073
4285 1903
4286 1865
4287 1626
4288 1868
4289 1779
4290 1771
4291 1852
4292 1865
4293 1582
4294 1751
4295 1644
4296 1895
4297 2033
4298 1832
4299 1739
4300 1795
4301 1957
4302 1788
4303 1883
4304 1692
4305 1832
4306 2012
4307 1893
4308 1744
4309 1642
4310 2029
4311 1892
4312 2026
4313 1951
4314 1735
4315 1746
4316 2002
4317 1828
4318 1934
4319 1517
4320 2048
4321 1996
4322 1772
4323 2007
4324 1985
4325 1780
4326 1746
4327 1949
4328 1881
4329 2009
4330 1756
4331 1855
4332 1860
4333 1869
4334 1835
4335 1701
4336 1814
4337 1921
4338 2101
4339 2051
4340 1679
4341 1946
4342 1904
4343 2058
4344 1656
4345 1917
4346 1784
4347 1886
4348 1961
4349 1802
4350 1830
4351 1747
4352 1858
4353 1707
4354 1850
4355 1978
4356 1724
4357 1920
4358 1638
4359 2044
4360 1855
4361 1983
4362 1729
4363 2116
4364 1745
4365 1816
4366 2217
4367 1786
4368 1640
4369 1815
4370 1843
4371 1670
4372 1719
4373 1788
4374 1912
4375 1699
4376 1833
4377 1898
4378 1971
4379 1848
4380 1572
4381 1887
4382 1786
4383 1664
4384 1899
4385 1870
4386 1918
4387 1934
4388 1537
4389 1948
4390 1587
4391 1751
4392 1773
4393 1806
4394 1796
4395 1803
4396 1935
4397 1791
4398 1973
4399 1931
4400 1958
4401 1988
4402 1775
4403 1707
4404 2006
4405 2058
4406 2038
4407 1924
4408 1720
4409 2051
4410 1938
4411 1955
4412 1952
4413 2162
4414 1880
4415 1696
4416 2076
4417 1933
4418 1918
4419 1851
4420 1755
4421 1980
4422 1849
4423 1707
4424 1821
4425 1733
4426 1827
4427 1743
4428 2046
4429 1986
4430 1900
4431 1672
4432 1845
4433 1752
4434 1885
4435 1617
4436 1960
4437 1563
4438 2041
4439 1970
4440 1681
4441 2062
4442 1605
4443 1901
4444 1923
4445 1720
4446 1951
4447 1788
4448 1823
4449 1800
4450 1725
4451 1625
4452 1553
4453 2107
4454 1673
4455 1794
4456 1637
4457 1774
4458 1783
4459 1750
4460 2066
4461 1750
4462 1717
4463 1890
4464 1632
4465 1698
4466 1954
4467 1906
4468 2111
4469 1681
4470 1966
4471 1976
4472 1737
4473 1778
4474 1625
4475 1580
4476 1826
4477 1993
4478 1504
4479 1956
4480 2129
4481 1803
4482 1767
4483 1954
4484 1670
4485 1798
4486 1929
4487 1902
4488 1537
4489 1642
4490 1846
4491 1848
4492 1645
4493 1553
4494 1834
4495 1722
4496 1845
4497 2085
4498 1763
4499 1879
4500 1974
4501 1591
4502 1794
4503 1877
4504 1933
4505 1633
4506 1815
4507 1674
4508 2004
4509 1723
4510 1391
4511 1903
4512 1446
4513 1665
4514 1788
4515 1743
4516 1957
4517 1739
4518 1794
4519 1999
4520 1895
4521 1696
4522 1845
4523 1362
4524 1920
4525 2084
4526 1868
4527 1600
4528 1848
4529 1644
4530 1757
4531 2040
4532 1863
4533 2108
4534 1863
4535 2065
4536 1973
4537 1733
4538 1787
4539 1812
4540 1837
4541 1652
4542 1862
4543 1933
4544 1632
4545 1738
4546 1798
4547 1923
4548 1910
4549 1940
4550 1863
4551 1893
4552 1853
4553 1891
4554 1876
4555 1447
4556 1853
4557 1849
4558 1756
4559 1611
4560 1841
4561 2006
4562 1580
4563 1950
4564 1882
4565 1662
4566 1555
4567 1760
4568 1534
4569 1693
4570 1955
4571 1899
4572 1987
4573 1628
4574 1917
4575 1565
4576 1846
4577 1741
4578 1923
4579 2092
4580 2018
4581 2209
4582 2086
4583 1748
4584 1426
4585 1967
4586 2050
4587 1776
4588 1895
4589 1713
4590 1704
4591 1865
4592 1906
4593 1642
4594 2003
4595 1683
4596 1938
4597 1600
4598 1811
4599 1946
4600 1776
4601 1750
4602 1761
4603 1785
4604 1800
4605 1945
4606 1965
4607 1649
4608 1554
4609 1907
4610 1949
4611 1907
4612 1749
4613 1983
4614 1768
4615 1930
4616 1792
4617 1744
4618 1762
4619 1628
4620 1775
4621 1756
4622 1984
4623 1762
4624 1959
4625 2009
4626 1644
4627 2081
4628 1692
4629 2026
4630 1884
4631 1655
4632 1843
4633 1870
4634 1696
4635 1798
4636 1914
4637 2002
4638 1899
4639 1978
4640 1931
4641 1750
4642 1556
4643 1847
4644 1780
4645 1768
4646 1920
4647 1758
4648 1792
4649 1883
4650 1771
4651 1990
4652 1534
4653 1628
4654 1819
4655 1780
4656 1857
4657 1835
4658 1861
4659 1745
4660 1559
4661 2036
4662 2046
4663 1763
4664 1729
4665 1718
4666 1785
4667 1970
4668 1640
4669 1667
4670 1774
4671 1793
4672 1902
4673 1801
4674 1853
4675 1727
4676 1927
4677 1688
4678 1854
4679 1907
4680 1988
4681 1508
4682 1797
4683 1758
4684 1772
4685 1750
4686 1705
4687 1990
4688 1821
4689 1738
4690 1742
4691 1906
4692 1767
4693 1567
4694 1816
4695 1916
4696 2086
4697 1888
4698 1331
4699 2004
4700 1905
4701 1682
4702 1425
4703 1887
4704 1896
4705 1750
4706 1926
4707 2089
4708 1659
4709 1549
4710 1666
4711 1756
4712 1762
4713 1821
4714 1869
4715 1825
4716 1854
4717 1960
4718 1771
4719 1960
4720 1906
4721 1852
4722 1927
4723 1863
4724 1956
4725 1941
4726 1920
4727 1658
4728 1826
4729 1724
4730 1921
4731 1435
4732 1695
4733 1794
4734 1990
4735 1791
4736 1571
4737 1811
4738 1799
4739 1762
4740 1772
4741 1418
4742 1519
4743 1960
4744 1976
4745 1840
4746 1750
4747 1813
4748 1917
4749 1949
4750 1880
4751 1875
4752 1847
4753 1666
4754 1718
4755 1696
4756 2072
4757 1746
4758 2130
4759 1913
4760 1995
4761 1711
4762 1833
4763 1815
4764 1889
4765 1895
4766 1776
4767 1891
4768 1940
4769 2123
4770 1691
4771 1955
4772 1766
4773 1640
4774 2034
4775 1897
4776 2069
4777 1903
4778 1628
4779 1986
4780 2021
4781 1835
4782 1698
4783 1988
4784 1737
4785 1711
4786 1913
4787 1721
4788 1875
4789 1592
4790 1972
4791 1784
4792 1926
4793 1859
4794 1718
4795 1975
4796 1915
4797 1740
4798 1888
4799 1793
4800 1693
4801 1854
4802 1819
4803 1643
4804 1912
4805 1820
4806 1631
4807 1896
4808 1902
4809 1668
4810 1961
4811 1891
4812 1854
4813 2167
4814 1576
4815 1763
4816 1857
4817 2107
4818 1875
4819 1687
4820 1759
4821 1933
4822 1652
4823 1724
4824 1786
4825 1943
4826 1981
4827 1716
4828 2010
4829 1769
4830 1739
4831 1830
4832 1977
4833 2127
4834 1945
4835 2011
4836 1823
4837 2053
4838 2038
4839 1675
4840 1671
4841 2097
4842 1841
4843 1950
4844 1826
4845 1679
4846 1864
4847 1834
4848 1945
4849 1981
4850 1591
4851 1648
4852 1952
4853 1992
4854 1771
4855 1781
4856 1862
4857 2211
4858 2170
4859 1946
4860 1797
4861 1921
4862 1953
4863 1942
4864 1865
4865 1929
4866 1991
4867 2003
4868 1877
4869 1861
4870 1945
4871 1897
4872 1560
4873 1808
4874 2072
4875 1806
4876 1710
4877 1787
4878 1936
4879 1456
4880 1785
4881 1812
4882 1969
4883 1732
4884 1717
4885 1946
4886 1874
4887 1941
4888 1965
4889 2049
4890 1728
4891 1520
4892 1714
4893 1793
4894 1797
4895 1923
4896 2219
4897 1816
4898 1916
4899 1561
4900 1741
4901 1891
4902 2041
4903 1872
4904 1821
4905 1912
4906 2185
4907 1824
4908 1571
4909 1765
4910 1892
4911 1837
4912 2034
4913 1938
4914 1848
4915 1559
4916 1701
4917 1875
4918 1775
4919 1410
4920 1483
4921 1571
4922 1919
4923 1802
4924 1844
4925 1781
4926 1835
4927 1688
4928 1934
4929 1746
4930 2097
4931 1792
4932 1552
4933 1804
4934 1907
4935 1853
4936 1731
4937 1551
4938 1880
4939 2035
4940 1586
4941 1888
4942 1781
4943 1737
4944 1362
4945 1857
4946 1559
4947 1889
4948 1706
4949 1899
4950 2098
4951 1791
4952 1853
4953 1757
4954 1991
4955 2013
4956 1829
4957 1973
4958 1785
4959 1985
4960 1799
4961 1904
4962 1758
4963 2017
4964 1901
4965 1648
4966 1843
4967 2006
4968 1857
4969 1964
4970 1740
4971 1941
4972 1808
4973 1772
4974 1755
4975 1820
4976 1684
4977 2051
4978 1894
4979 1797
4980 2001
4981 1769
4982 2048
4983 1871
4984 1889
4985 1837
4986 1462
4987 1660
4988 1801
4989 1687
4990 1807
4991 1708
4992 1871
4993 1603
4994 1935
4995 1873
4996 1928
4997 1773
4998 1613
4999 1737
5000 1873
5001 1801
5002 1876
5003 1831
5004 1645
5005 1515
5006 1927
5007 2071
5008 2013
5009 1807
5010 1927
5011 1783
5012 2044
5013 2020
5014 1700
5015 1838
5016 1945
5017 1763
5018 1637
5019 1928
5020 1791
5021 1978
5022 2077
5023 1720
5024 1625
5025 1948
5026 1871
5027 1753
5028 1680
5029 1652
5030 1800
5031 2139
5032 1614
5033 1875
5034 1879
5035 1898
5036 1435
5037 1789
5038 1832
5039 2097
5040 1987
5041 1930
5042 1710
5043 1965
5044 1790
5045 1940
5046 1504
5047 1531
5048 1653
5049 1392
5050 1817
5051 1707
5052 1606
5053 1879
5054 1610
5055 1849
5056 1837
5057 1826
5058 1865
5059 1816
5060 1915
5061 1913
5062 1773
5063 1683
5064 1925
5065 1836
5066 1954
5067 1742
5068 1817
5069 1762
5070 1668
5071 1961
5072 1518
5073 1767
5074 1718
5075 1662
5076 1970
5077 1955
5078 2082
5079 1998
5080 1864
5081 1733
5082 1752
5083 1853
5084 1773
5085 1823
5086 1814
5087 1575
5088 1788
5089 1726
5090 1920
5091 1835
5092 1787
5093 1807
5094 1580
5095 1859
5096 1725
5097 1478
5098 1757
5099 1720
5100 1984
5101 1771
5102 1783
5103 1723
5104 1977
5105 1791
5106 1695
5107 1816
5108 2066
5109 1822
5110 2114
5111 1958
5112 1782
5113 1930
5114 1891
5115 1632
5116 1843
5117 1822
5118 1755
5119 1804
5120 1556
5121 1872
5122 1698
5123 1877
5124 1825
5125 1687
5126 1741
5127 1722
5128 1848
5129 1935
5130 1609
5131 1699
5132 1796
5133 1804
5134 1926
5135 1991
5136 1912
5137 1716
5138 1925
5139 1613
5140 1766
5141 1943
5142 1790
5143 1944
5144 1761
5145 1813
5146 1814
5147 1859
5148 1611
5149 1722
5150 2027
5151 1844
5152 1930
5153 1621
5154 1885
5155 1426
5156 2127
5157 1840
5158 1654
5159 1907
5160 2071
5161 1833
5162 1782
5163 1573
5164 1618
5165 1908
5166 1778
5167 1915
5168 1593
5169 2000
5170 1806
5171 1915
5172 2038
5173 1977
5174 1912
5175 1724
5176 1727
5177 1707
5178 1969
5179 1852
5180 1518
5181 1790
5182 1474
5183 1804
5184 2034
5185 1967
5186 1841
5187 1924
5188 1686
5189 1924
5190 1778
5191 1849
5192 2001
5193 1806
5194 1885
5195 1556
5196 1649
5197 1857
5198 1762
5199 1732
5200 1735
5201 1919
5202 1785
5203 1507
5204 1748
5205 1992
5206 1847
5207 1769
5208 1876
5209 1824
5210 2049
5211 1767
5212 1682
5213 1882
5214 1586
5215 1923
5216 1762
5217 1301
5218 1692
5219 1494
5220 2077
5221 2087
5222 2068
5223 1677
5224 1954
5225 1890
5226 1690
5227 1720
5228 1838
5229 1794
5230 1891
5231 1804
5232 2109
5233 1748
5234 1889
5235 1678
5236 1634
5237 1716
5238 2074
5239 1622
5240 1838
5241 1814
5242 1975
5243 1871
5244 1817
5245 1778
5246 1692
5247 1929
5248 1900
5249 1920
5250 1960
5251 1657
5252 1850
5253 1854
5254 1786
5255 1658
5256 1870
5257 1677
5258 1910
5259 1838
5260 1685
5261 1551
5262 1941
5263 1987
5264 1909
5265 1867
5266 1751
5267 1975
5268 1879
5269 1853
5270 1767
5271 1762
5272 1901
5273 1857
5274 1959
5275 1741
5276 2029
5277 1551
5278 1800
5279 1847
5280 1622
5281 1947
5282 1882
5283 1728
5284 1752
5285 1607
5286 1986
5287 1761
5288 1970
5289 1758
5290 1996
5291 1853
5292 1632
5293 1972
5294 1887
5295 1840
5296 1892
5297 1558
5298 1798
5299 2013
5300 1983
5301 1911
5302 1831
5303 1794
5304 1926
5305 1605
5306 1873
5307 1940
5308 1916
5309 1804
5310 1716
5311 1852
5312 1728
5313 2124
5314 2066
5315 1755
5316 1777
5317 1965
5318 1791
5319 1603
5320 1669
5321 1832
5322 1730
5323 1969
5324 1988
5325 1958
5326 1916
5327 1775
5328 2074
5329 1777
5330 1852
5331 1874
5332 1823
5333 2069
5334 1811
5335 1595
5336 2101
5337 1554
5338 2139
5339 1857
5340 1968
5341 2089
5342 1713
5343 1755
5344 1595
5345 1743
5346 1839
5347 1701
5348 1876
5349 1852
5350 2079
5351 1652
5352 2160
5353 1795
5354 1937
5355 1623
5356 1734
5357 1824
5358 2025
5359 1650
5360 1925
5361 1991
5362 1710
5363 1852
5364 1769
5365 2020
5366 1849
5367 1659
5368 1899
5369 1768
5370 1889
5371 1677
5372 1909
5373 2094
5374 1995
5375 1623
5376 2049
5377 1857
5378 1691
5379 2108
5380 1692
5381 1628
5382 1979
5383 1897
5384 1926
5385 1825
5386 1830
5387 1798
5388 1990
5389 1827
5390 1825
5391 2041
5392 1904
5393 1532
5394 1868
5395 1836
5396 1895
5397 1700
5398 1692
5399 1763
5400 1895
5401 2152
5402 2193
5403 1743
5404 1966
5405 1989
5406 1923
5407 1940
5408 1860
5409 1935
5410 1846
5411 1796
5412 1889
5413 1651
5414 1950
5415 1894
5416 1872
5417 2060
5418 1754
5419 2153
5420 2029
5421 1954
5422 1724
5423 1960
5424 1734
5425 1780
5426 1862
5427 1604
5428 1792
5429 1935
5430 1858
5431 1840
5432 2056
5433 1911
5434 1581
5435 2042
5436 1840
5437 1978
5438 1898
5439 1839
5440 1734
5441 1686
5442 1890
5443 2106
5444 1818
5445 1850
5446 1853
5447 2064
5448 1912
5449 1783
5450 1876
5451 1611
5452 1672
5453 1899
5454 1824
5455 1932
5456 1818
5457 1742
5458 1623
5459 1649
5460 1662
5461 1965
5462 1557
5463 1994
5464 1878
5465 1978
5466 1852
5467 2052
5468 1846
5469 1695
5470 1932
5471 1611
5472 1963
5473 1767
5474 1621
5475 1764
5476 1717
5477 1774
5478 1834
5479 1954
5480 1924
5481 2020
5482 1750
5483 1983
5484 1822
5485 1466
5486 2100
5487 1760
5488 2014
5489 1811
5490 1947
5491 2053
5492 1733
5493 2020
5494 1804
5495 2018
5496 1765
5497 1775
5498 2058
5499 2119
5500 2007
5501 1977
5502 2109
5503 1575
5504 1947
5505 1616
5506 2039
5507 1741
5508 1779
5509 1812
5510 1931
5511 1836
5512 1790
5513 1667
5514 1863
5515 1842
5516 1968
5517 1604
5518 1820
5519 1897
5520 1951
5521 1373
5522 1853
5523 1792
5524 2121
5525 2097
5526 1755
5527 1751
5528 1936
5529 1811
5530 1805
5531 2043
5532 1577
5533 1790
5534 1850
5535 1687
5536 1720
5537 1762
5538 2064
5539 1990
5540 2004
5541 1903
5542 2047
5543 1741
5544 1558
5545 2063
5546 1795
5547 1447
5548 1683
5549 1727
5550 2020
5551 1927
5552 2093
5553 1944
5554 1852
5555 1822
5556 1771
5557 1744
5558 1989
5559 1763
5560 1842
5561 1604
5562 2045
5563 1853
5564 1625
5565 1714
5566 1798
5567 1605
5568 1554
5569 1666
5570 2044
5571 2045
5572 1804
5573 1971
5574 1849
5575 1992
5576 1622
5577 2051
5578 1952
5579 1743
5580 1905
5581 1607
5582 1974
5583 1984
5584 2124
5585 2120
5586 1876
5587 1596
5588 1807
5589 2019
5590 1821
5591 1968
5592 1756
5593 1896
5594 1729
5595 1756
5596 1995
5597 1724
5598 1851
5599 2094
5600 1535
5601 1676
5602 1757
5603 2053
5604 1899
5605 1837
5606 1809
5607 1722
5608 1697
5609 2001
5610 1714
5611 1808
5612 1989
5613 2196
5614 1686
5615 1689
5616 1905
5617 1995
5618 1840
5619 1647
5620 1975
5621 1973
5622 1937
5623 1768
5624 1820
5625 1802
5626 1436
5627 1654
5628 1838
5629 1832
5630 1609
5631 1705
5632 1814
5633 1897
5634 1852
5635 1953
5636 2059
5637 1866
5638 1953
5639 1595
5640 1982
5641 1823
5642 1416
5643 1378
5644 1531
5645 2025
5646 1884
5647 1907
5648 1809
5649 2108
5650 1962
5651 1935
5652 1592
5653 1951
5654 2054
5655 2052
5656 1678
5657 1785
5658 1694
5659 1650
5660 1649
5661 1964
5662 2000
5663 1649
5664 1919
5665 1646
5666 1810
5667 1526
5668 1743
5669 1817
5670 1900
5671 1712
5672 1948
5673 1767
5674 1233
5675 1584
5676 2009
5677 2010
5678 1641
5679 1922
5680 1561
5681 1681
5682 1598
5683 1635
5684 1818
5685 1901
5686 1845
5687 1760
5688 1756
5689 1782
5690 2043
5691 1694
5692 1786
5693 1827
5694 1866
5695 2058
5696 1661
5697 1916
5698 2096
5699 1816
5700 1559
5701 1794
5702 1663
5703 1789
5704 1834
5705 1952
5706 1939
5707 1918
5708 2045
5709 1798
5710 2016
5711 1600
5712 2083
5713 1412
5714 2116
5715 1960
5716 2097
5717 1785
5718 1842
5719 1851
5720 1743
5721 1842
5722 1641
5723 1921
5724 2000
5725 1915
5726 1617
5727 1617
5728 1980
5729 1563
5730 1679
5731 1872
5732 1632
5733 1901
5734 1776
5735 1815
5736 1961
5737 1621
5738 1727
5739 2101
5740 1590
5741 1818
5742 1620
5743 1567
5744 1796
5745 1958
5746 1779
5747 1813
5748 1955
5749 1823
5750 1882
5751 1678
5752 1820
5753 1820
5754 1940
5755 1960
5756 1925
5757 2035
5758 1617
5759 1780
5760 1884
5761 1674
5762 1828
5763 2019
5764 1876
5765 1944
5766 1662
5767 1557
5768 2116
5769 1682
5770 1781
5771 1744
5772 1801
5773 1925
5774 1910
5775 2119
5776 1793
5777 1931
5778 2032
5779 1719
5780 1965
5781 1823
5782 1668
5783 1864
5784 1831
5785 1800
5786 1692
5787 1966
5788 1958
5789 2063
5790 1581
5791 1523
5792 1920
5793 1573
5794 1872
5795 1769
5796 1922
5797 1695
5798 1901
5799 1761
5800 1966
5801 1820
5802 1779
5803 1850
5804 1959
5805 1811
5806 1880
5807 1897
5808 2003
5809 1558
5810 1817
5811 1082
5812 2189
5813 1860
5814 1710
5815 1932
5816 1864
5817 1815
5818 2087
5819 1921
5820 1701
5821 1982
5822 1737
5823 1544
5824 1888
5825 1819
5826 1966
5827 2178
5828 1822
5829 1422
5830 1828
5831 1754
5832 1871
5833 1736
5834 1915
5835 1805
5836 1904
5837 1976
5838 1972
5839 1787
5840 1918
5841 1677
5842 1792
5843 1799
5844 1702
5845 2023
5846 1810
5847 1885
5848 1894
5849 1790
5850 1775
5851 1695
5852 1664
5853 1663
5854 1718
5855 1719
5856 1639
5857 1704
5858 1830
5859 1782
5860 1808
5861 1827
5862 1685
5863 1746
5864 2051
5865 1743
5866 1744
5867 1688
5868 1832
5869 1611
5870 1641
5871 2013
5872 1833
5873 1762
5874 1722
5875 1751
5876 1464
5877 1560
5878 1801
5879 1677
5880 1659
5881 2025
5882 1788
5883 2107
5884 1664
5885 1735
5886 1919
5887 1607
5888 1902
5889 1910
5890 1609
5891 1983
5892 1975
5893 1931
5894 1946
5895 1716
5896 1903
5897 2180
5898 2065
5899 1775
5900 1852
5901 1594
5902 1716
5903 1853
5904 1887
5905 1770
5906 1857
5907 1773
5908 1814
5909 1835
5910 1909
5911 2084
5912 1832
5913 1609
5914 1503
5915 1928
5916 1658
5917 1819
5918 2036
5919 1822
5920 1937
5921 1797
5922 1564
5923 1914
5924 2021
5925 1529
5926 1804
5927 1521
5928 1845
5929 1780
5930 1709
5931 1904
5932 1919
5933 1916
5934 1892
5935 1933
5936 1816
5937 2050
5938 1860
5939 1917
5940 1952
5941 1672
5942 1726
5943 1918
5944 1896
5945 1980
5946 1968
5947 2010
5948 1597
5949 1802
5950 1760
5951 1468
5952 1583
5953 1986
5954 1715
5955 1686
5956 1741
5957 2009
5958 1327
5959 1713
5960 1566
5961 1644
5962 2094
5963 1878
5964 1478
5965 2057
5966 1799
5967 1659
5968 1573
5969 1976
5970 2073
5971 1935
5972 1880
5973 1785
5974 1686
5975 1422
5976 1772
5977 1945
5978 1959
5979 2022
5980 1804
5981 1802
5982 1718
5983 1781
5984 1909
5985 1717
5986 1704
5987 1618
5988 1641
5989 1801
5990 2137
5991 1896
5992 1651
5993 1747
5994 1667
5995 1835
5996 1882
5997 2093
5998 1723
5999 1900
6000 2046
6001 1862
6002 1706
6003 1637
6004 1870
6005 2010
6006 1444
6007 1705
6008 1810
6009 1963
6010 2043
6011 1827
6012 1908
6013 1727
6014 1612
6015 1493
6016 1842
6017 2098
6018 1772
6019 1731
6020 1853
6021 2059
6022 1956
6023 2087
6024 1877
6025 2062
6026 1902
6027 1450
6028 1742
6029 1829
6030 1932
6031 1769
6032 1561
6033 1859
6034 1797
6035 1846
6036 1644
6037 1886
6038 1683
6039 1617
6040 1906
6041 1687
6042 1958
6043 1697
6044 2053
6045 1853
6046 1774
6047 1879
6048 2149
6049 1655
6050 1746
6051 1712
6052 1928
6053 1602
6054 1978
6055 1476
6056 1868
6057 1952
6058 1970
6059 1886
6060 1850
6061 1813
6062 1884
6063 1826
6064 1824
6065 1521
6066 1816
6067 1880
6068 1990
6069 1452
6070 2172
6071 1933
6072 1992
6073 1532
6074 1908
6075 1821
6076 1496
6077 1816
6078 1946
6079 1775
6080 1771
6081 1764
6082 1774
6083 1915
6084 1570
6085 1810
6086 1847
6087 1588
6088 1977
6089 1945
6090 1687
6091 1602
6092 1734
6093 2017
6094 1888
6095 1806
6096 2121
6097 1781
6098 1792
6099 1886
6100 1924
6101 1683
6102 1734
6103 1824
6104 1843
6105 1682
6106 1675
6107 1913
6108 1658
6109 2016
6110 1723
6111 1981
6112 1791
6113 2085
6114 1821
6115 1991
6116 1760
6117 1934
6118 1954
6119 1868
6120 1831
6121 1656
6122 1642
6123 1617
6124 1787
6125 1813
6126 1271
6127 1817
6128 1740
6129 1864
6130 1850
6131 2083
6132 1818
6133 1940
6134 1755
6135 1364
6136 1628
6137 1964
6138 2116
6139 1941
6140 1768
6141 1690
6142 1892
6143 1691
6144 1846
6145 1802
6146 1926
6147 1814
6148 2073
6149 1872
6150 1699
6151 1560
6152 1954
6153 1625
6154 1704
6155 1704
6156 1710
6157 1981
6158 1844
6159 1823
6160 1887
6161 1846
6162 1990
6163 1806
6164 1887
6165 2103
6166 1673
6167 1576
6168 1835
6169 1762
6170 1702
6171 1985
6172 1643
6173 1200
6174 1875
6175 1657
6176 1786
6177 1944
6178 2032
6179 1851
6180 1812
6181 1499
6182 1690
6183 1475
6184 1919
6185 1887
6186 1662
6187 2001
6188 1832
6189 2082
6190 2008
6191 1702
6192 1598
6193 1857
6194 1711
6195 1719
6196 2020
6197 1828
6198 1818
6199 1547
6200 1779
6201 1512
6202 1847
6203 1942
6204 1917
6205 1869
6206 1764
6207 1909
6208 2018
6209 1715
6210 1657
6211 1955
6212 1967
6213 1849
6214 1937
6215 1865
6216 1797
6217 1785
6218 1697
6219 2132
6220 1812
6221 1727
6222 1718
6223 1947
6224 1981
6225 1808
6226 2011
6227 1717
6228 1702
6229 1836
6230 1607
6231 1580
6232 1904
6233 1686
6234 1973
6235 1860
6236 1703
6237 1854
6238 1901
6239 1892
6240 1750
6241 2115
6242 1838
6243 1866
6244 1997
6245 1792
6246 1639
6247 1822
6248 1736
6249 2039
6250 1758
6251 1686
6252 1733
6253 1945
6254 1860
6255 2023
6256 2002
6257 1517
6258 1807
6259 1820
6260 1986
6261 2072
6262 1751
6263 2004
6264 2346
6265 1744
6266 2223
6267 1955
6268 1637
6269 1921
6270 1389
6271 1770
6272 1748
6273 1877
6274 1869
6275 1947
6276 1812
6277 1737
6278 1813
6279 1932
6280 1815
6281 2132
6282 1919
6283 1692
6284 1880
6285 1995
6286 1892
6287 1605
6288 1627
6289 1683
6290 1913
6291 1828
6292 1868
6293 1797
6294 1874
6295 1748
6296 1929
6297 1864
6298 1984
6299 1978
6300 2011
6301 1761
6302 1756
6303 2019
6304 1959
6305 1967
6306 1877
6307 1620
6308 1381
6309 1887
6310 1875
6311 1854
6312 1721
6313 1931
6314 1698
6315 1376
6316 1837
6317 1775
6318 1613
6319 1532
6320 1839
6321 1807
6322 1852
6323 1886
6324 1758
6325 1967
6326 1903
6327 1603
6328 1635
6329 1975
6330 1795
6331 2017
6332 2003
6333 2068
6334 1810
6335 1739
6336 1619
6337 1781
6338 1749
6339 1922
6340 1854
6341 1925
6342 1779
6343 1853
6344 2028
6345 1822
6346 1915
6347 1790
6348 1772
6349 1817
6350 1791
6351 2120
6352 1788
6353 1748
6354 2037
6355 1738
6356 2109
6357 1839
6358 1738
6359 1647
6360 1937
6361 1547
6362 2016
6363 1771
6364 1732
6365 1693
6366 2047
6367 1715
6368 1839
6369 1769
6370 2133
6371 1697
6372 1825
6373 1922
6374 1811
6375 1867
6376 1721
6377 2090
6378 1583
6379 1825
6380 1766
6381 1530
6382 1749
6383 1854
6384 2100
6385 1903
6386 1698
6387 1909
6388 1801
6389 1892
6390 1703
6391 1539
6392 2162
6393 1664
6394 1959
6395 1704
6396 1770
6397 1845
6398 1883
6399 2006
6400 1615
6401 1818
6402 1983
6403 1613
6404 1826
6405 1808
6406 1699
6407 1736
6408 1808
6409 1827
6410 1801
6411 1875
6412 1611
6413 2061
6414 2115
6415 1963
6416 1693
6417 1776
6418 1472
6419 1672
6420 1909
6421 1910
6422 1761
6423 1312
6424 1820
6425 1722
6426 1369
6427 1868
6428 1990
6429 2014
6430 1899
6431 1757
6432 1932
6433 1634
6434 1857
6435 2006
6436 1953
6437 1792
6438 1747
6439 1836
6440 1898
6441 1586
6442 1789
6443 1810
6444 1635
6445 1773
6446 1940
6447 1471
6448 1743
6449 2098
6450 1800
6451 2095
6452 1748
6453 1850
6454 1833
6455 1699
6456 1793
6457 1731
6458 1633
6459 2027
6460 2071
6461 1798
6462 1983
6463 1984
6464 1746
6465 1903
6466 1865
6467 1852
6468 1641
6469 1454
6470 1963
6471 1754
6472 1692
6473 1969
6474 1950
6475 1898
6476 2103
6477 1853
6478 1729
6479 1761
6480 2016
6481 1822
6482 1791
6483 2068
6484 1541
6485 1815
6486 1859
6487 1842
6488 1875
6489 1926
6490 1646
6491 1746
6492 1689
6493 1700
6494 2020
6495 1871
6496 1884
6497 1851
6498 1902
6499 1954
6500 1815
6501 1700
6502 1885
6503 1861
6504 1940
6505 1867
6506 2010
6507 1644
6508 1729
6509 2042
6510 1787
6511 1804
6512 1439
6513 1725
6514 2005
6515 1932
6516 1830
6517 1373
6518 2006
6519 1822
6520 2084
6521 1786
6522 1718
6523 2146
6524 1692
6525 1968
6526 1740
6527 1951
6528 1461
6529 1771
6530 1821
6531 1936
6532 1889
6533 1653
6534 1912
6535 1776
6536 1897
6537 2133
6538 2104
6539 1639
6540 1531
6541 1856
6542 1672
6543 2039
6544 1851
6545 1789
6546 1897
6547 1481
6548 1668
6549 1756
6550 1648
6551 1801
6552 1887
6553 1910
6554 1805
6555 1612
6556 1728
6557 1815
6558 1793
6559 1906
6560 1764
6561 1866
6562 1863
6563 1693
6564 2034
6565 2096
6566 1897
6567 1916
6568 1855
6569 1787
6570 1847
6571 1971
6572 1699
6573 1687
6574 1480
6575 1958
6576 1776
6577 1828
6578 1751
6579 1874
6580 2016
6581 1761
6582 2101
6583 1811
6584 1865
6585 1799
6586 1701
6587 1729
6588 1800
6589 1740
6590 1751
6591 1917
6592 1573
6593 2014
6594 1814
6595 1957
6596 1824
6597 1758
6598 1778
6599 2001
6600 1791
6601 1533
6602 1636
6603 1789
6604 1900
6605 1716
6606 1866
6607 1813
6608 2090
6609 2018
6610 2077
6611 1861
6612 1750
6613 1806
6614 2016
6615 1750
6616 1551
6617 2116
6618 1766
6619 2120
6620 1868
6621 1720
6622 1841
6623 1702
6624 2026
6625 2045
6626 2052
6627 1909
6628 1922
6629 1639
6630 2140
6631 1956
6632 1742
6633 1926
6634 1861
6635 1726
6636 1835
6637 1708
6638 1928
6639 1950
6640 2088
6641 1814
6642 1617
6643 1888
6644 1643
6645 2090
6646 1614
6647 1933
6648 1871
6649 1812
6650 1732
6651 1172
6652 1519
6653 1615
6654 1739
6655 1903
6656 1842
6657 1755
6658 1795
6659 2002
6660 1865
6661 1847
6662 2123
6663 1812
6664 1944
6665 1803
6666 1719
6667 1602
6668 1887
6669 1704
6670 1934
6671 1993
6672 1779
6673 1825
6674 1767
6675 1584
6676 1725
6677 1825
6678 1996
6679 2001
6680 1825
6681 2045
6682 1814
6683 2187
6684 2111
6685 1737
6686 1710
6687 1685
6688 1748
6689 1965
6690 1641
6691 1907
6692 1725
6693 1966
6694 1941
6695 1952
6696 1652
6697 2024
6698 1859
6699 1798
6700 1815
6701 1855
6702 1760
6703 1682
6704 1777
6705 1746
6706 1697
6707 1745
6708 2103
6709 2025
6710 1884
6711 1855
6712 1869
6713 1695
6714 1491
6715 1827
6716 1913
6717 1927
6718 2023
6719 1753
6720 1497
6721 1812
6722 1664
6723 1815
6724 1648
6725 1787
6726 1663
6727 1647
6728 1572
6729 1667
6730 1834
6731 1937
6732 1791
6733 1825
6734 1772
6735 1913
6736 1857
6737 1804
6738 1950
6739 1937
6740 1810
6741 1915
6742 1952
6743 1775
6744 1482
6745 2054
6746 1721
6747 1898
6748 1808
6749 1866
6750 1693
6751 1698
6752 1737
6753 1952
6754 2074
6755 1467
6756 2063
6757 1705
6758 1933
6759 1632
6760 1781
6761 1849
6762 1848
6763 1846
6764 1775
6765 1959
6766 1770
6767 1851
6768 1809
6769 1739
6770 1956
6771 1962
6772 1561
6773 1971
6774 1840
6775 1747
6776 1835
6777 1987
6778 2031
6779 1714
6780 1796
6781 1772
6782 1920
6783 1750
6784 1657
6785 1999
6786 1960
6787 1881
6788 1818
6789 1838
6790 1853
6791 1864
6792 1929
6793 1704
6794 1531
6795 1354
6796 1942
6797 1853
6798 1709
6799 1775
6800 1557
6801 1783
6802 1796
6803 1810
6804 1976
6805 1689
6806 1916
6807 1858
6808 1988
6809 1906
6810 1799
6811 1927
6812 1770
6813 2016
6814 1423
6815 1724
6816 1975
6817 1949
6818 2195
6819 1828
6820 1379
6821 1771
6822 1979
6823 2025
6824 1904
6825 1684
6826 1898
6827 1772
6828 1617
6829 1754
6830 1766
6831 1932
6832 2146
6833 1927
6834 1947
6835 1734
6836 1551
6837 1754
6838 1879
6839 1749
6840 1907
6841 2208
6842 1964
6843 2006
6844 1897
6845 1632
6846 1865
6847 1766
6848 2023
6849 1943
6850 1936
6851 1858
6852 2023
6853 1765
6854 1813
6855 1957
6856 1744
6857 1848
6858 1528
6859 1693
6860 1702
6861 1893
6862 1765
6863 1830
6864 1786
6865 1802
6866 2013
6867 1636
6868 1953
6869 1491
6870 1957
6871 1869
6872 1602
6873 1791
6874 1838
6875 1772
6876 1959
6877 1818
6878 2025
6879 1719
6880 1849
6881 1662
6882 1676
6883 1992
6884 2083
6885 1861
6886 1789
6887 1886
6888 1654
6889 1928
6890 1986
6891 1795
6892 1766
6893 2071
6894 1955
6895 1940
6896 1939
6897 2070
6898 1836
6899 1855
6900 1880
6901 1657
6902 2057
6903 1887
6904 1900
6905 1977
6906 1651
6907 1741
6908 1831
6909 1792
6910 1677
6911 2183
6912 2126
6913 2001
6914 1871
6915 1530
6916 1685
6917 1879
6918 1438
6919 1844
6920 1754
6921 2008
6922 1792
6923 1703
6924 1475
6925 1762
6926 1651
6927 1621
6928 1801
6929 2092
6930 1761
6931 1751
6932 1849
6933 2041
6934 1794
6935 1938
6936 1695
6937 1696
6938 1981
6939 1675
6940 1991
6941 2118
6942 1651
6943 1968
6944 1701
6945 1980
6946 1963
6947 2058
6948 1799
6949 1572
6950 1978
6951 1921
6952 1840
6953 1909
6954 1911
6955 1982
6956 1941
6957 1667
6958 1641
6959 1902
6960 1984
6961 1948
6962 1954
6963 1723
6964 2003
6965 1893
6966 1987
6967 1468
6968 1782
6969 1864
6970 1843
6971 1953
6972 1774
6973 1846
6974 1803
6975 1759
6976 1653
6977 1742
6978 1799
6979 2020
6980 2031
6981 1699
6982 2020
6983 1769
6984 1977
6985 1951
6986 1849
6987 1890
6988 1694
6989 1618
6990 1981
6991 2010
6992 1864
6993 2103
6994 1731
6995 1856
6996 1562
6997 1970
6998 1872
6999 1891
7000 1860
7001 1702
7002 2126
7003 1977
7004 1726
7005 1555
7006 1701
7007 1769
7008 2030
7009 1979
7010 1644
7011 2012
7012 1632
7013 1843
7014 1892
7015 1686
7016 1725
7017 1668
7018 1953
7019 1732
7020 2073
7021 1934
7022 1850
7023 1773
7024 2113
7025 1688
7026 2013
7027 1824
7028 1936
7029 1873
7030 1935
7031 1910
7032 1659
7033 1984
7034 1678
7035 1814
7036 2097
7037 1951
7038 1935
7039 1876
7040 1577
7041 1917
7042 1931
7043 1756
7044 1665
7045 1858
7046 1492
7047 1784
7048 1916
7049 2035
7050 1794
7051 1786
7052 1856
7053 1664
7054 1375
7055 1784
7056 1831
7057 1748
7058 1863
7059 1912
7060 1784
7061 1686
7062 1631
7063 1863
7064 1700
7065 1644
7066 2017
7067 1760
7068 1888
7069 1969
7070 1860
7071 1454
7072 1846
7073 1773
7074 1760
7075 1782
7076 1745
7077 1335
7078 1934
7079 1931
7080 2170
7081 1993
7082 1744
7083 1935
7084 1785
7085 1702
7086 1721
7087 1814
7088 1612
7089 1750
7090 1880
7091 1871
7092 1835
7093 1622
7094 1943
7095 2168
7096 1694
7097 2093
7098 1444
7099 1920
7100 1903
7101 1816
7102 2099
7103 1939
7104 1817
7105 1760
7106 1819
7107 1815
7108 1964
7109 1901
7110 2018
7111 1684
7112 1855
7113 1804
7114 1969
7115 1865
7116 1829
7117 1711
7118 1570
7119 1948
7120 1564
7121 1813
7122 1751
7123 1909
7124 1933
7125 1595
7126 1798
7127 1936
7128 1867
7129 1834
7130 1847
7131 1946
7132 1677
7133 2034
7134 1718
7135 1790
7136 1521
7137 1446
7138 1686
7139 1926
7140 1332
7141 1955
7142 1781
7143 1890
7144 1982
7145 2042
7146 1857
7147 1913
7148 1570
7149 1923
7150 1982
7151 1814
7152 1811
7153 1762
7154 2002
7155 1824
7156 1600
7157 1963
7158 1783
7159 1813
7160 1937
7161 1984
7162 1613
7163 1612
7164 1761
7165 1646
7166 1661
7167 1958
7168 1917
7169 1823
7170 1960
7171 1888
7172 1821
7173 1749
7174 1772
7175 2070
7176 1728
7177 1844
7178 1457
7179 1815
7180 1885
7181 1655
7182 1749
7183 1634
7184 1844
7185 1822
7186 1809
7187 1917
7188 1727
7189 1748
7190 1672
7191 1677
7192 1806
7193 1876
7194 1598
7195 1753
7196 1873
7197 1691
7198 1988
7199 1993
7200 1789
7201 1591
7202 1854
7203 2023
7204 1934
7205 1824
7206 1848
7207 1768
7208 1695
7209 1853
7210 1695
7211 1751
7212 2000
7213 1627
7214 1882
7215 2081
7216 1906
7217 2137
7218 1818
7219 1755
7220 1748
7221 1888
7222 1877
7223 1978
7224 2000
7225 1810
7226 1871
7227 1760
7228 1806
7229 1849
7230 1828
7231 1709
7232 2125
7233 1973
7234 1721
7235 1794
7236 2045
7237 1983
7238 1808
7239 1934
7240 1932
7241 2023
7242 1738
7243 1814
7244 1645
7245 2046
7246 1671
7247 1987
7248 1797
7249 1284
7250 1902
7251 1528
7252 2045
7253 1810
7254 2011
7255 2108
7256 2082
7257 1996
7258 1603
7259 1905
7260 1817
7261 1398
7262 1696
7263 1909
7264 1936
7265 1813
7266 2002
7267 1712
7268 1647
7269 1700
7270 1932
7271 1829
7272 1612
7273 1522
7274 1974
7275 1722
7276 1865
7277 1731
7278 1862
7279 1916
7280 1773
7281 1843
7282 1933
7283 1626
7284 1544
7285 1525
7286 1717
7287 1888
7288 1761
7289 1771
7290 1982
7291 1705
7292 1892
7293 1739
7294 1967
7295 1809
7296 1701
7297 1892
7298 1899
7299 1918
7300 1829
7301 1500
7302 1771
7303 1894
7304 1996
7305 1916
7306 1819
7307 1744
7308 2000
7309 1911
7310 1749
7311 1984
7312 2136
7313 1494
7314 1827
7315 1920
7316 1967
7317 1954
7318 1635
7319 1596
7320 2100
7321 1898
7322 1815
7323 1837
7324 1619
7325 1857
7326 1764
7327 1627
7328 1626
7329 1663
7330 1665
7331 2011
7332 1817
7333 1889
7334 1580
7335 1759
7336 1944
7337 2119
7338 1790
7339 1994
7340 1746
7341 2012
7342 1926
7343 1776
7344 1718
7345 1731
7346 2008
7347 1944
7348 1921
7349 1783
7350 1851
7351 1423
7352 1667
7353 1735
7354 1728
7355 1929
7356 1756
7357 1653
7358 1826
7359 2089
7360 1919
7361 2000
7362 1847
7363 2019
7364 1789
7365 1938
7366 1715
7367 1815
7368 1980
7369 1738
7370 1286
7371 1590
7372 1749
7373 1917
7374 1826
7375 2032
7376 1914
7377 1753
7378 1796
7379 1973
7380 1612
7381 1932
7382 1835
7383 1687
7384 1665
7385 1707
7386 1920
7387 1971
7388 1892
7389 1708
7390 1970
7391 1956
7392 1947
7393 1690
7394 1932
7395 2029
7396 1922
7397 1842
7398 1992
7399 2109
7400 2083
7401 1575
7402 1930
7403 1714
7404 1794
7405 2084
7406 1829
7407 1591
7408 1784
7409 1698
7410 1803
7411 1830
7412 1750
7413 1683
7414 1534
7415 1967
7416 1904
7417 1629
7418 1589
7419 1669
7420 1867
7421 1779
7422 1828
7423 1647
7424 1904
7425 1510
7426 1560
7427 1712
7428 1727
7429 1862
7430 1986
7431 1799
7432 1995
7433 1710
7434 1757
7435 1934
7436 1961
7437 1846
7438 1758
7439 1927
7440 1922
7441 1499
7442 1775
7443 1650
7444 1830
7445 1843
7446 1956
7447 2097
7448 2157
7449 2107
7450 1977
7451 1986
7452 1955
7453 1923
7454 2015
7455 1884
7456 1934
7457 1657
7458 1873
7459 1993
7460 1801
7461 1948
7462 2039
7463 1764
7464 1721
7465 1717
7466 1867
7467 1882
7468 1901
7469 1799
7470 2092
7471 2030
7472 1885
7473 1685
7474 1787
7475 1899
7476 1844
7477 1917
7478 1776
7479 1827
7480 1852
7481 1933
7482 1797
7483 1965
7484 2046
7485 1699
7486 1881
7487 1883
7488 1565
7489 1819
7490 1873
7491 1494
7492 1784
7493 1941
7494 1811
7495 1787
7496 1662
7497 2019
7498 1865
7499 1823
7500 1767
7501 1556
7502 1703
7503 1758
7504 2069
7505 1865
7506 1711
7507 1711
7508 1921
7509 2036
7510 1876
7511 1799
7512 1864
7513 1713
7514 1918
7515 1767
7516 1622
7517 1568
7518 1957
7519 2166
7520 1775
7521 1747
7522 1860
7523 1923
7524 1660
7525 1837
7526 1973
7527 2147
7528 1641
7529 1787
7530 2037
7531 1638
7532 1984
7533 1891
7534 1740
7535 1781
7536 2049
7537 2011
7538 1825
7539 1951
7540 1537
7541 1891
7542 1730
7543 1635
7544 1315
7545 1632
7546 1970
7547 1802
7548 1738
7549 1997
7550 1865
7551 1785
7552 1843
7553 1843
7554 1691
7555 2010
7556 2008
7557 1734
7558 1609
7559 1663
7560 1723
7561 1710
7562 1903
7563 1956
7564 1868
7565 1706
7566 1806
7567 1875
7568 1805
7569 1659
7570 1951
7571 1926
7572 1813
7573 1671
7574 1753
7575 1669
7576 1689
7577 2049
7578 1651
7579 1863
7580 1805
7581 1678
7582 1818
7583 2030
7584 1674
7585 1676
7586 1942
7587 1970
7588 1728
7589 1813
7590 1890
7591 1604
7592 1957
7593 2215
7594 1893
7595 1798
7596 1699
7597 1707
7598 2002
7599 1945
7600 1768
7601 1801
7602 1904
7603 1694
7604 1817
7605 1366
7606 1602
7607 1651
7608 2022
7609 1642
7610 1939
7611 2073
7612 1942
7613 2080
7614 1983
7615 1414
7616 1527
7617 1905
7618 1956
7619 1764
7620 1710
7621 1949
7622 1843
7623 1824
7624 1640
7625 1789
7626 1891
7627 1751
7628 2012
7629 1730
7630 1811
7631 1952
7632 1771
7633 1636
7634 1844
7635 1815
7636 1730
7637 1825
7638 1744
7639 1982
7640 1772
7641 1739
7642 1956
7643 2023
7644 2019
7645 1979
7646 1907
7647 2009
7648 1974
7649 1928
7650 1816
7651 1792
7652 1764
7653 1797
7654 1847
7655 2205
7656 1699
7657 1799
7658 1588
7659 1955
7660 1818
7661 1879
7662 1730
7663 1923
7664 1949
7665 1772
7666 2073
7667 1993
7668 1980
7669 1655
7670 1824
7671 1816
7672 1628
7673 2179
7674 1680
7675 1774
7676 1689
7677 1968
7678 1847
7679 1851
7680 1920
7681 1897
7682 2110
7683 1599
7684 1655
7685 2056
7686 1766
7687 1821
7688 1693
7689 1436
7690 1984
7691 1906
7692 1940
7693 1718
7694 2086
7695 1346
7696 1929
7697 1767
7698 1689
7699 1912
7700 1597
7701 1818
7702 1796
7703 1734
7704 1778
7705 1844
7706 1700
7707 1534
7708 2121
7709 1603
7710 1578
7711 1768
7712 1877
7713 1525
7714 1929
7715 1867
7716 1724
7717 1607
7718 1774
7719 1941
7720 1994
7721 1821
7722 1799
7723 1859
7724 1686
7725 1883
7726 1851
7727 1641
7728 2003
7729 1875
7730 1785
7731 1950
7732 1847
7733 1895
7734 1882
7735 1729
7736 1788
7737 1883
7738 2086
7739 1759
7740 1846
7741 1742
7742 1913
7743 1678
7744 1965
7745 1725
7746 1908
7747 1647
7748 1958
7749 1805
7750 1825
7751 1999
7752 1658
7753 1620
7754 1963
7755 1992
7756 1862
7757 1674
7758 1849
7759 2121
7760 1702
7761 2137
7762 1978
7763 1930
7764 1662
7765 1642
7766 2050
7767 1926
7768 2087
7769 1697
7770 1905
7771 1643
7772 1989
7773 1739
7774 1921
7775 1693
7776 1960
7777 1745
7778 2070
7779 1897
7780 1855
7781 2097
7782 2065
7783 1610
7784 1767
7785 1937
7786 1802
7787 1726
7788 1953
7789 1890
7790 1885
7791 1818
7792 1945
7793 2009
7794 1851
7795 1835
7796 1590
7797 1926
7798 1779
7799 1916
7800 1807
7801 2014
7802 1917
7803 1837
7804 2000
7805 1858
7806 1724
7807 1601
7808 1762
7809 1804
7810 1947
7811 1785
7812 1699
7813 1971
7814 2097
7815 1863
7816 1751
7817 1791
7818 1897
7819 1781
7820 1916
7821 1898
7822 1887
7823 1759
7824 1628
7825 1963
7826 1401
7827 1805
7828 1915
7829 1524
7830 1909
7831 1584
7832 1612
7833 1779
7834 1638
7835 2011
7836 1656
7837 1382
7838 1705
7839 2061
7840 1996
7841 2049
7842 2063
7843 1930
7844 1844
7845 1916
7846 1756
7847 1856
7848 1748
7849 1713
7850 1319
7851 1805
7852 1891
7853 2056
7854 1580
7855 1798
7856 1807
7857 1640
7858 1480
7859 1941
7860 2064
7861 1797
7862 1691
7863 1764
7864 2022
7865 1889
7866 1849
7867 1873
7868 1735
7869 1841
7870 1850
7871 1725
7872 1709
7873 1950
7874 1934
7875 1739
7876 1683
7877 1715
7878 2039
7879 1846
7880 1656
7881 1911
7882 1656
7883 1909
7884 1993
7885 2043
7886 1672
7887 1695
7888 1778
7889 1573
7890 1713
7891 1617
7892 1577
7893 1535
7894 1642
7895 1894
7896 2033
7897 1807
7898 1906
7899 1989
7900 1947
7901 1670
7902 1718
7903 1662
7904 1727
7905 1776
7906 1876
7907 1814
7908 1835
7909 1859
7910 1958
7911 1931
7912 1963
7913 1930
7914 1932
7915 1829
7916 1571
7917 2050
7918 2043
7919 1655
7920 1761
7921 1825
7922 1689
7923 1931
7924 1752
7925 1989
7926 1615
7927 2009
7928 2100
7929 1743
7930 2052
7931 1719
7932 1602
7933 1777
7934 1384
7935 1930
7936 1865
7937 1809
7938 2089
7939 1807
7940 1566
7941 1438
7942 1667
7943 1593
7944 1960
7945 1685
7946 1860
7947 1600
7948 1567
7949 1937
7950 1713
7951 1885
7952 1787
7953 1769
7954 1510
7955 1904
7956 1507
7957 1868
7958 2034
7959 1517
7960 1921
7961 1704
7962 1862
7963 2024
7964 1819
7965 1876
7966 1655
7967 1905
7968 1668
7969 2041
7970 1834
7971 2187
7972 1745
7973 2021
7974 1745
7975 1688
7976 1783
7977 1763
7978 1876
7979 2038
7980 1839
7981 1660
7982 1683
7983 1929
7984 1987
7985 2184
7986 2107
7987 2006
7988 1636
7989 1758
7990 1955
7991 1977
7992 1815
7993 2153
7994 1828
7995 2001
7996 1879
7997 1536
7998 1818
7999 2041
8000 1921
8001 1955
8002 1642
8003 1901
8004 1813
8005 1906
8006 1876
8007 1800
8008 1911
8009 1774
8010 1517
8011 1998
8012 1942
8013 1885
8014 1815
8015 1514
8016 1826
8017 1839
8018 1759
8019 1780
8020 1940
8021 1915
8022 1906
8023 1846
8024 1803
8025 1870
8026 1667
8027 1850
8028 1948
8029 1820
8030 1686
8031 2000
8032 1959
8033 1689
8034 1900
8035 1837
8036 1779
8037 1765
8038 1814
8039 1531
8040 1875
8041 1609
8042 1914
8043 1745
8044 2061
8045 2061
8046 1850
8047 1907
8048 2031
8049 1892
8050 2007
8051 1783
8052 1529
8053 1716
8054 1782
8055 1820
8056 1750
8057 1808
8058 1958
8059 1747
8060 1741
8061 1811
8062 2048
8063 1547
8064 1625
8065 1758
8066 1880
8067 1972
8068 1996
8069 1650
8070 1484
8071 1820
8072 1688
8073 1633
8074 2187
8075 1928
8076 2022
8077 1838
8078 1808
8079 2081
8080 1314
8081 1571
8082 1913
8083 1974
8084 1779
8085 1828
8086 1989
8087 1840
8088 1895
8089 2040
8090 1861
8091 1805
8092 1853
8093 1622
8094 1941
8095 1812
8096 1714
8097 1916
8098 1713
8099 1836
8100 1975
8101 1866
8102 2106
8103 1865
8104 1937
8105 1685
8106 1695
8107 1968
8108 1798
8109 1345
8110 1759
8111 2055
8112 2054
8113 1677
8114 2032
8115 1820
8116 1592
8117 1925
8118 1751
8119 1952
8120 1919
8121 1898
8122 1683
8123 1862
8124 1838
8125 1817
8126 1918
8127 1819
8128 1584
8129 1543
8130 2052
8131 1807
8132 1741
8133 1872
8134 2010
8135 1863
8136 1820
8137 1800
8138 1479
8139 1682
8140 1891
8141 1886
8142 1918
8143 1607
8144 1764
8145 1731
8146 1903
8147 1843
8148 1906
8149 2129
8150 1733
8151 1891
8152 1989
8153 1635
8154 1914
8155 1923
8156 1968
8157 1966
8158 1656
8159 1749
8160 1765
8161 1816
8162 1838
8163 1592
8164 1895
8165 1859
8166 1612
8167 1927
8168 1844
8169 1800
8170 1844
8171 1868
8172 1701
8173 1671
8174 1728
8175 1758
8176 1898
8177 1692
8178 1717
8179 1809
8180 1669
8181 1784
8182 1749
8183 1731
8184 1896
8185 1807
8186 1594
8187 1679
8188 2037
8189 1777
8190 1740
8191 1657
8192 1822
8193 1653
8194 1666
8195 1859
8196 1773
8197 1867
8198 1736
8199 1828
8200 1553
8201 1993
8202 2095
8203 1502
8204 1833
8205 1718
8206 1707
8207 1644
8208 2026
8209 1775
8210 2169
8211 1817
8212 1953
8213 1782
8214 1889
8215 1948
8216 1726
8217 1682
8218 1456
8219 1546
8220 1809
8221 1804
8222 2010
8223 1991
8224 1689
8225 1638
8226 1875
8227 1820
8228 1744
8229 1943
8230 1529
8231 1773
8232 1584
8233 1673
8234 1769
8235 1754
8236 1880
8237 2025
8238 1650
8239 1965
8240 1744
8241 1826
8242 1859
8243 2121
8244 1967
8245 1800
8246 1722
8247 1785
8248 1795
8249 1775
8250 1872
8251 1925
8252 1736
8253 1972
8254 2007
8255 1771
8256 1732
8257 1927
8258 1922
8259 2084
8260 1691
8261 1484
8262 1862
8263 2128
8264 1893
8265 1990
8266 1744
8267 1702
8268 1734
8269 1821
8270 1868
8271 1840
8272 2016
8273 1905
8274 1909
8275 2107
8276 1931
8277 1921
8278 1843
8279 1877
8280 1756
8281 1803
8282 1743
8283 2081
8284 1574
8285 1846
8286 1671
8287 1800
8288 1635
8289 1753
8290 1584
8291 1896
8292 2036
8293 2061
8294 1872
8295 2060
8296 1852
8297 1854
8298 1793
8299 2120
8300 2138
8301 1966
8302 1969
8303 1504
8304 1671
8305 1843
8306 1954
8307 1860
8308 1675
8309 1878
8310 1840
8311 1841
8312 1628
8313 1788
8314 2026
8315 1773
8316 1887
8317 1726
8318 1796
8319 1973
8320 1834
8321 1751
8322 1744
8323 1948
8324 1728
8325 1755
8326 1925
8327 1454
8328 2015
8329 2126
8330 1756
8331 1361
8332 1864
8333 1973
8334 1811
8335 1833
8336 1675
8337 1748
8338 1768
8339 1934
8340 1933
8341 1609
8342 1664
8343 2042
8344 1662
8345 2019
8346 1519
8347 1717
8348 1493
8349 1796
8350 1902
8351 1947
8352 1995
8353 1892
8354 1869
8355 1923
8356 1923
8357 2022
8358 1737
8359 1856
8360 1827
8361 1625
8362 1919
8363 1602
8364 1655
8365 1983
8366 1872
8367 1990
8368 1841
8369 1945
8370 1472
8371 1621
8372 1739
8373 1967
8374 1811
8375 1950
8376 2040
8377 1743
8378 1887
8379 1796
8380 1603
8381 1446
8382 1516
8383 1973
8384 1912
8385 1748
8386 2076
8387 2015
8388 2088
8389 1919
8390 1824
8391 1889
8392 1864
8393 1970
8394 1441
8395 1622
8396 1831
8397 1904
8398 1752
8399 2000
8400 1836
8401 1958
8402 1959
8403 2123
8404 2088
8405 1879
8406 2007
8407 1518
8408 1782
8409 1774
8410 1895
8411 2042
8412 1927
8413 1940
8414 1606
8415 2093
8416 1520
8417 2076
8418 1829
8419 2163
8420 1706
8421 1820
8422 1585
8423 1947
8424 1748
8425 1822
8426 1920
8427 1913
8428 2026
8429 1492
8430 1901
8431 1892
8432 1894
8433 2123
8434 1706
8435 1787
8436 1500
8437 1922
8438 1716
8439 1708
8440 2019
8441 1725
8442 1856
8443 1390
8444 1583
8445 2033
8446 1802
8447 1849
8448 2099
8449 1873
8450 1776
8451 1909
8452 1906
8453 1741
8454 1790
8455 1579
8456 1836
8457 1751
8458 1682
8459 1832
8460 1767
8461 1567
8462 1694
8463 1932
8464 1777
8465 1976
8466 1672
8467 1806
8468 1778
8469 1769
8470 2155
8471 1614
8472 1906
8473 1810
8474 1675
8475 1906
8476 1952
8477 1992
8478 1771
8479 1561
8480 1722
8481 1912
8482 1950
8483 2050
8484 1909
8485 1947
8486 1922
8487 1825
8488 1521
8489 1690
8490 1591
8491 1843
8492 2000
8493 1830
8494 1857
8495 2020
8496 1816
8497 1873
8498 1749
8499 1664
8500 1572
8501 1743
8502 1939
8503 1886
8504 2051
8505 1679
8506 1473
8507 1565
8508 1672
8509 1691
8510 1830
8511 1979
8512 1937
8513 1781
8514 1835
8515 1797
8516 1803
8517 2008
8518 2082
8519 2049
8520 1871
8521 1807
8522 1726
8523 1558
8524 1530
8525 1798
8526 1746
8527 1958
8528 2052
8529 1653
8530 1775
8531 2041
8532 2105
8533 1751
8534 1964
8535 2026
8536 1714
8537 1730
8538 1801
8539 1944
8540 1867
8541 1900
8542 1582
8543 1826
8544 1934
8545 1475
8546 1872
8547 1922
8548 1698
8549 2028
8550 1905
8551 1994
8552 1776
8553 2012
8554 1871
8555 1890
8556 1902
8557 1741
8558 1864
8559 1917
8560 1966
8561 1930
8562 2108
8563 1694
8564 2010
8565 2067
8566 1882
8567 1783
8568 1999
8569 1931
8570 1864
8571 1892
8572 1834
8573 1652
8574 1664
8575 2046
8576 1936
8577 2002
8578 1703
8579 2086
8580 1819
8581 1837
8582 1967
8583 1754
8584 1794
8585 1970
8586 1763
8587 1725
8588 1780
8589 1751
8590 1692
8591 1828
8592 1673
8593 1782
8594 1652
8595 1953
8596 1962
8597 1769
8598 1822
8599 2006
8600 2020
8601 1712
8602 1643
8603 1647
8604 1827
8605 1770
8606 1888
8607 1757
8608 1840
8609 1688
8610 1930
8611 1983
8612 1764
8613 1880
8614 2095
8615 1530
8616 1899
8617 1906
8618 1951
8619 2105
8620 1678
8621 1714
8622 1905
8623 2005
8624 1996
8625 1525
8626 1637
8627 1879
8628 1715
8629 1811
8630 1558
8631 1791
8632 1756
8633 1834
8634 1749
8635 1816
8636 1708
8637 1731
8638 1689
8639 1958
8640 1798
8641 1800
8642 1866
8643 1602
8644 1959
8645 1716
8646 1983
8647 2191
8648 1787
8649 1612
8650 1753
8651 2113
8652 1930
8653 1851
8654 2158
8655 1966
8656 1882
8657 1776
8658 2017
8659 1617
8660 1797
8661 1945
8662 1794
8663 1827
8664 1951
8665 1800
8666 1843
8667 1928
8668 1820
8669 1903
8670 1861
8671 1807
8672 1945
8673 1762
8674 1766
8675 1736
8676 1928
8677 1893
8678 1945
8679 1810
8680 1984
8681 1779
8682 1909
8683 1687
8684 1728
8685 1996
8686 2085
8687 1826
8688 1817
8689 1756
8690 1720
8691 1928
8692 1690
8693 1960
8694 1468
8695 1874
8696 2036
8697 1988
8698 1782
8699 1777
8700 1621
8701 1819
8702 1971
8703 2001
8704 1739
8705 2042
8706 1712
8707 1619
8708 1794
8709 1870
8710 1855
8711 1899
8712 1893
8713 1580
8714 1858
8715 1620
8716 1690
8717 1805
8718 1846
8719 1849
8720 1852
8721 1649
8722 1773
8723 1974
8724 2100
8725 1467
8726 1818
8727 1607
8728 1893
8729 1921
8730 1890
8731 2067
8732 2075
8733 2047
8734 1565
8735 1836
8736 1949
8737 1788
8738 1658
8739 1582
8740 1728
8741 1772
8742 1965
8743 1483
8744 2097
8745 1682
8746 1471
8747 1696
8748 1923
8749 1928
8750 1871
8751 2044
8752 1793
8753 1614
8754 1846
8755 1891
8756 1877
8757 1933
8758 1733
8759 1962
8760 1906
8761 1964
8762 1563
8763 1712
8764 1780
8765 1719
8766 1837
8767 1609
8768 1953
8769 1666
8770 1892
8771 1898
8772 1751
8773 1739
8774 1658
8775 1958
8776 1825
8777 1644
8778 1830
8779 1956
8780 2167
8781 1867
8782 1818
8783 1561
8784 1662
8785 1760
8786 1857
8787 1885
8788 1943
8789 1772
8790 1802
8791 2002
8792 1903
8793 1711
8794 1848
8795 1862
8796 1553
8797 1657
8798 1686
8799 1900
8800 1899
8801 1529
8802 1993
8803 1989
8804 2042
8805 1768
8806 1797
8807 1660
8808 1413
8809 1729
8810 1788
8811 1883
8812 1742
8813 1775
8814 1785
8815 2093
8816 2013
8817 1615
8818 1847
8819 1728
8820 1692
8821 1467
8822 1735
8823 1703
8824 1898
8825 2038
8826 1660
8827 1494
8828 1734
8829 1890
8830 1881
8831 1753
8832 1692
8833 1692
8834 2163
8835 1926
8836 1776
8837 1612
8838 1897
8839 1892
8840 2073
8841 1666
8842 1755
8843 1829
8844 1806
8845 1780
8846 1941
8847 1556
8848 2091
8849 1950
8850 2027
8851 1895
8852 1657
8853 2012
8854 1799
8855 1853
8856 1798
8857 1876
8858 1871
8859 1822
8860 1519
8861 1880
8862 1790
8863 1841
8864 1915
8865 1882
8866 1834
8867 1899
8868 1778
8869 2025
8870 1604
8871 1618
8872 1721
8873 1906
8874 1924
8875 2042
8876 1844
8877 1959
8878 1898
8879 1926
8880 2054
8881 1862
8882 1741
8883 1630
8884 1646
8885 1654
8886 1811
8887 1733
8888 2150
8889 2023
8890 1882
8891 1644
8892 1844
8893 1840
8894 1973
8895 1675
8896 1598
8897 1798
8898 1991
8899 1539
8900 1822
8901 1831
8902 1805
8903 1592
8904 1722
8905 1983
8906 1649
8907 1823
8908 1924
8909 1965
8910 1988
8911 1702
8912 1711
8913 1802
8914 1848
8915 1842
8916 1711
8917 2089
8918 1757
8919 2021
8920 1510
8921 1502
8922 2047
8923 1596
8924 1721
8925 2016
8926 2124
8927 1874
8928 2093
8929 1573
8930 1821
8931 1634
8932 2012
8933 2143
8934 1863
8935 1964
8936 1544
8937 1617
8938 1864
8939 1512
8940 1685
8941 1901
8942 1967
8943 1792
8944 1718
8945 1807
8946 1819
8947 1640
8948 1861
8949 1896
8950 1958
8951 1633
8952 1538
8953 1682
8954 1941
8955 1945
8956 1796
8957 1864
8958 1850
8959 1970
8960 1656
8961 1637
8962 1723
8963 1885
8964 1551
8965 1668
8966 1839
8967 1868
8968 1861
8969 1798
8970 1712
8971 1426
8972 1647
8973 1818
8974 1721
8975 1648
8976 1878
8977 1849
8978 1627
8979 1840
8980 1615
8981 1886
8982 1189
8983 1533
8984 1670
8985 1759
8986 1909
8987 1925
8988 1880
8989 1880
8990 1881
8991 1760
8992 1972
8993 1625
8994 1866
8995 1886
8996 1930
8997 1911
8998 1831
8999 2020
9000 1935
9001 1799
9002 1660
9003 1746
9004 1628
9005 1926
9006 2090
9007 1765
9008 1665
9009 1715
9010 1869
9011 1456
9012 1750
9013 1917
9014 1612
9015 1914
9016 1780
9017 1505
9018 1599
9019 1876
9020 1830
9021 1584
9022 1505
9023 1861
9024 1835
9025 2025
9026 2069
9027 2009
9028 1990
9029 1838
9030 1723
9031 1879
9032 1898
9033 1848
9034 1812
9035 1879
9036 1766
9037 1914
9038 1981
9039 1777
9040 1728
9041 1747
9042 1824
9043 1550
9044 1841
9045 2006
9046 1815
9047 1986
9048 1776
9049 1899
9050 2081
9051 2014
9052 1925
9053 1669
9054 1968
9055 1746
9056 1812
9057 1769
9058 1918
9059 1765
9060 1922
9061 1839
9062 1943
9063 1669
9064 1811
9065 1675
9066 1896
9067 2037
9068 1929
9069 1671
9070 2111
9071 1792
9072 1825
9073 1917
9074 1741
9075 1922
9076 2042
9077 1677
9078 1622
9079 1709
9080 1652
9081 1729
9082 1566
9083 1820
9084 1952
9085 1644
9086 1395
9087 1880
9088 1810
9089 1655
9090 1892
9091 2058
9092 2031
9093 2055
9094 1869
9095 1868
9096 1799
9097 1943
9098 1946
9099 1701
9100 1866
9101 1871
9102 2081
9103 1768
9104 1669
9105 1722
9106 1941
9107 1782
9108 1838
9109 1817
9110 2008
9111 1747
9112 1819
9113 1965
9114 1752
9115 1711
9116 1876
9117 1694
9118 1866
9119 1553
9120 1473
9121 1548
9122 2006
9123 1685
9124 1937
9125 1773
9126 1827
9127 2047
9128 1667
9129 1900
9130 1765
9131 1731
9132 1456
9133 1974
9134 1979
9135 1835
9136 1866
9137 1793
9138 1955
9139 1421
9140 1758
9141 1815
9142 1866
9143 1548
9144 2065
9145 1929
9146 1829
9147 1711
9148 1578
9149 1994
9150 1829
9151 1627
9152 1979
9153 1765
9154 1721
9155 1831
9156 1766
9157 1849
9158 1755
9159 1839
9160 1717
9161 1677
9162 1803
9163 1745
9164 1801
9165 2034
9166 1902
9167 1794
9168 1648
9169 1658
9170 1877
9171 1689
9172 1835
9173 1891
9174 1652
9175 1630
9176 1814
9177 1978
9178 1671
9179 1742
9180 2083
9181 1798
9182 1909
9183 1629
9184 1625
9185 1787
9186 1682
9187 1869
9188 1922
9189 1803
9190 2129
9191 1974
9192 1874
9193 1925
9194 1727
9195 1956
9196 1980
9197 1665
9198 1732
9199 1746
9200 1550
9201 1470
9202 1898
9203 1756
9204 1667
9205 1982
9206 1809
9207 1784
9208 1739
9209 1634
9210 1628
9211 1643
9212 1873
9213 2125
9214 1946
9215 1741
9216 1934
9217 1822
9218 1234
9219 1814
9220 1767
9221 1906
9222 1515
9223 2172
9224 1676
9225 1897
9226 2033
9227 1870
9228 1673
9229 1948
9230 1635
9231 1853
9232 1935
9233 2084
9234 1794
9235 1683
9236 1738
9237 1904
9238 1785
9239 1758
9240 1769
9241 1635
9242 1774
9243 1694
9244 1835
9245 1717
9246 1868
9247 2108
9248 1957
9249 1838
9250 1693
9251 1830
9252 1746
9253 1682
9254 2065
9255 1943
9256 1923
9257 1866
9258 2024
9259 1726
9260 1878
9261 1660
9262 1989
9263 1746
9264 1638
9265 2030
9266 1800
9267 1550
9268 1786
9269 2143
9270 1663
9271 2033
9272 1677
9273 1770
9274 1692
9275 1653
9276 2022
9277 1810
9278 1961
9279 1853
9280 1544
9281 1711
9282 1616
9283 1917
9284 1893
9285 1542
9286 1801
9287 1995
9288 1852
9289 1896
9290 1781
9291 1969
9292 1800
9293 1912
9294 1697
9295 1778
9296 1858
9297 1852
9298 1614
9299 1813
9300 1670
9301 1750
9302 1980
9303 1977
9304 1685
9305 1802
9306 1812
9307 1735
9308 1665
9309 1920
9310 1637
9311 2048
9312 1807
9313 1860
9314 1882
9315 1579
9316 2126
9317 1774
9318 2030
9319 1833
9320 1894
9321 1805
9322 1915
9323 1600
9324 1776
9325 1871
9326 2199
9327 1898
9328 1981
9329 1878
9330 1982
9331 1812
9332 2088
9333 1655
9334 1491
9335 1835
9336 1963
9337 1618
9338 1877
9339 1525
9340 1651
9341 1873
9342 1993
9343 1947
9344 1840
9345 1977
9346 1677
9347 1980
9348 1933
9349 1474
9350 2068
9351 2094
9352 1784
9353 1827
9354 1544
9355 1973
9356 1820
9357 1976
9358 1775
9359 1841
9360 1747
9361 1991
9362 1996
9363 1673
9364 1882
9365 1795
9366 1839
9367 1796
9368 1427
9369 1712
9370 1989
9371 1875
9372 1925
9373 1645
9374 1761
9375 1647
9376 2158
9377 1720
9378 1981
9379 1544
9380 1503
9381 1568
9382 1953
9383 1783
9384 1797
9385 1680
9386 1646
9387 2002
9388 1870
9389 2009
9390 1452
9391 2009
9392 1824
9393 1958
9394 1918
9395 1768
9396 1879
9397 1966
9398 2033
9399 1811
9400 1742
9401 1902
9402 1847
9403 1866
9404 1822
9405 1956
9406 1887
9407 2012
9408 1929
9409 1732
9410 1959
9411 1873
9412 1751
9413 1967
9414 1810
9415 1610
9416 1591
9417 1664
9418 1766
9419 1736
9420 2026
9421 1933
9422 1668
9423 1797
9424 1547
9425 1579
9426 1808
9427 1813
9428 2058
9429 1837
9430 1990
9431 1996
9432 1980
9433 2083
9434 1571
9435 1975
9436 1413
9437 1880
9438 1912
9439 1919
9440 2013
9441 1907
9442 1738
9443 1678
9444 1885
9445 1697
9446 1868
9447 1771
9448 1962
9449 1784
9450 1756
9451 1927
9452 2058
9453 1751
9454 1835
9455 1425
9456 1712
9457 1810
9458 1688
9459 1668
9460 1696
9461 1951
9462 1999
9463 1935
9464 1868
9465 1783
9466 1951
9467 1680
9468 1688
9469 1853
9470 1868
9471 1816
9472 1928
9473 1756
9474 1928
9475 1692
9476 1870
9477 1899
9478 1967
9479 1729
9480 2069
9481 1867
9482 2020
9483 1855
9484 1882
9485 1801
9486 1824
9487 1672
9488 1829
9489 1572
9490 1614
9491 2036
9492 1690
9493 1884
9494 1779
9495 1990
9496 1732
9497 1690
9498 1716
9499 1876
9500 1878
9501 1617
9502 1937
9503 1724
9504 1742
9505 1803
9506 1688
9507 1908
9508 1873
9509 1747
9510 1963
9511 1838
9512 1898
9513 1811
9514 1821
9515 1761
9516 2064
9517 1872
9518 1691
9519 1718
9520 1732
9521 1691
9522 1990
9523 1736
9524 2114
9525 2102
9526 1716
9527 1864
9528 1700
9529 1987
9530 1973
9531 1968
9532 1799
9533 1836
9534 1629
9535 1843
9536 1875
9537 1567
9538 1900
9539 1803
9540 1945
9541 1872
9542 1585
9543 1694
9544 1647
9545 1874
9546 1800
9547 1923
9548 1665
9549 1905
9550 1781
9551 2094
9552 1728
9553 1932
9554 1707
9555 1806
9556 1821
9557 1955
9558 1884
9559 1796
9560 1783
9561 1844
9562 1797
9563 1700
9564 2026
9565 1821
9566 1798
9567 1762
9568 2033
9569 1891
9570 1833
9571 1712
9572 1933
9573 1209
9574 1862
9575 1917
9576 1761
9577 2185
9578 1753
9579 1951
9580 1876
9581 1458
9582 1788
9583 1808
9584 1681
9585 1739
9586 2021
9587 1853
9588 1796
9589 1901
9590 1879
9591 1918
9592 1864
9593 1739
9594 2095
9595 1782
9596 1844
9597 1743
9598 1770
9599 1757
9600 1805
9601 1913
9602 1836
9603 1585
9604 1816
9605 1747
9606 1635
9607 1583
9608 1757
9609 1660
9610 1717
9611 1847
9612 1938
9613 2012
9614 1887
9615 1893
9616 1736
9617 1909
9618 2165
9619 1828
9620 1539
9621 1734
9622 1900
9623 1757
9624 1729
9625 1902
9626 1769
9627 1816
9628 1875
9629 1999
9630 1928
9631 1743
9632 1667
9633 2044
9634 1926
9635 1779
9636 1953
9637 1792
9638 1777
9639 1713
9640 1864
9641 1574
9642 1855
9643 1998
9644 1693
9645 1771
9646 1924
9647 1825
9648 1816
9649 1258
9650 1959
9651 2021
9652 1949
9653 1837
9654 1810
9655 1977
9656 1912
9657 1545
9658 1993
9659 2069
9660 1644
9661 1678
9662 1770
9663 1708
9664 1891
9665 1849
9666 1554
9667 1845
9668 1931
9669 1824
9670 1906
9671 1688
9672 1975
9673 1843
9674 1946
9675 1935
9676 2012
9677 1993
9678 2013
9679 1846
9680 1878
9681 1914
9682 2059
9683 1760
9684 1808
9685 1671
9686 1833
9687 1775
9688 1953
9689 1598
9690 1746
9691 1841
9692 1690
9693 1756
9694 1654
9695 1726
9696 1845
9697 1665
9698 1888
9699 1915
9700 1859
9701 1443
9702 1785
9703 1941
9704 1886
9705 1676
9706 1889
9707 1822
9708 1801
9709 1824
9710 1952
9711 1942
9712 1889
9713 1740
9714 1941
9715 1641
9716 1714
9717 1793
9718 2051
9719 1836
9720 1833
9721 2005
9722 1626
9723 1771
9724 1666
9725 1796
9726 1895
9727 1858
9728 1869
9729 1914
9730 1557
9731 1720
9732 1777
9733 1825
9734 1895
9735 1886
9736 1776
9737 1840
9738 1883
9739 1660
9740 1944
9741 1716
9742 1902
9743 1893
9744 1701
9745 1705
9746 1854
9747 1508
9748 1303
9749 1876
9750 1674
9751 1582
9752 1549
9753 1885
9754 1741
9755 1891
9756 1836
9757 1746
9758 1999
9759 1779
9760 2166
9761 1866
9762 1989
9763 1746
9764 1646
9765 1710
9766 1881
9767 1588
9768 1898
9769 2174
9770 1671
9771 1919
9772 1840
9773 1591
9774 1853
9775 1950
9776 2141
9777 1670
9778 1759
9779 1919
9780 2055
9781 1707
9782 2022
9783 1907
9784 2108
9785 1781
9786 2041
9787 1844
9788 2014
9789 1967
9790 1567
9791 1889
9792 1819
9793 1968
9794 1861
9795 1747
9796 1646
9797 2070
9798 1631
9799 1913
9800 1632
9801 1797
9802 1946
9803 1700
9804 1932
9805 1834
9806 2002
9807 1780
9808 1881
9809 1977
9810 1810
9811 1711
9812 1839
9813 1601
9814 2201
9815 2077
9816 2044
9817 1582
9818 1714
9819 1898
9820 1625
9821 1965
9822 2007
9823 2052
9824 1836
9825 1859
9826 1808
9827 1931
9828 1925
9829 1618
9830 1718
9831 1947
9832 1810
9833 1928
9834 2068
9835 1829
9836 1711
9837 2155
9838 2010
9839 1782
9840 1915
9841 1841
9842 1853
9843 2041
9844 2115
9845 1638
9846 1769
9847 1815
9848 1733
9849 1828
9850 1759
9851 1746
9852 1934
9853 1679
9854 1849
9855 1707
9856 1860
9857 2200
9858 1853
9859 1535
9860 1637
9861 1764
9862 1924
9863 1939
9864 1550
9865 1943
9866 1878
9867 1695
9868 1870
9869 1769
9870 1506
9871 1630
9872 1626
9873 1976
9874 1850
9875 1944
9876 2012
9877 2009
9878 1762
9879 1670
9880 1700
9881 1821
9882 1914
9883 1899
9884 1498
9885 1749
9886 1946
9887 2215
9888 1872
9889 1626
9890 1492
9891 1789
9892 2199
9893 1502
9894 1920
9895 1662
9896 1752
9897 1997
9898 1813
9899 1704
9900 1647
9901 1924
9902 1787
9903 1655
9904 2044
9905 1708
9906 1742
9907 1730
9908 2304
9909 2004
9910 1959
9911 1903
9912 1966
9913 1850
9914 1764
9915 1874
9916 1980
9917 1517
9918 1743
9919 1834
9920 1909
9921 1983
9922 2003
9923 1907
9924 1707
9925 1943
9926 1555
9927 1436
9928 1925
9929 1934
9930 1750
9931 2028
9932 1726
9933 2001
9934 1758
9935 1803
9936 1576
9937 1527
9938 1605
9939 1731
9940 1876
9941 1778
9942 1986
9943 2046
9944 1700
9945 1725
9946 1980
9947 1922
9948 1888
9949 2116
9950 1630
9951 2231
9952 1815
9953 1717
9954 1804
9955 2026
9956 1478
9957 1874
9958 1449
9959 1466
9960 2088
9961 1804
9962 1918
9963 1837
9964 1829
9965 1902
9966 1937
9967 1741
9968 1783
9969 1510
9970 1851
9971 1958
9972 1902
9973 1990
9974 2020
9975 1754
9976 1952
9977 2120
9978 1974
9979 1906
9980 1790
9981 1760
9982 1425
9983 1684
9984 1976
9985 1800
9986 1709
9987 1782
9988 1803
9989 1796
9990 1527
9991 1850
9992 1735
9993 1717
9994 1708
9995 1864
9996 2098
9997 1387
9998 1844
9999 1873
10000 1853
